11-clientserver@lab22.cpt.haw-hamburg.de<0.22058.0>-C-1-5: Start: 12.04 13:31:41,034|.
11-clientserver@lab22.cpt.haw-hamburg.de<0.22058.0>-C-1-5: 622te_Nachricht. C Out: 12.04 13:31:41,034|(622) gesendet
11-clientserver@lab22.cpt.haw-hamburg.de<0.22058.0>-C-1-5: 688te_Nachricht. C Out: 12.04 13:31:44,036|(688) gesendet
11-clientserver@lab22.cpt.haw-hamburg.de<0.22058.0>-C-1-5: 790te_Nachricht. C Out: 12.04 13:31:47,039|(790) gesendet
11-clientserver@lab22.cpt.haw-hamburg.de<0.22058.0>-C-1-5: 1077te_Nachricht. C Out: 12.04 13:31:50,040|(1077) gesendet
11-clientserver@lab22.cpt.haw-hamburg.de<0.22058.0>-C-1-5: 1177te_Nachricht. C Out: 12.04 13:31:53,042|(1177) gesendet
1231te_Nachricht um 12.04 13:31:56,044|- vergessen zu senden ******
Neues Sendeintervall: 2 Sekunden
Fehlernachricht fuer Nachrichtennummern 1157 bis 1166 ; C In: 12.04 13:31:58,047|
'clientNode@lab26.cpt.haw-hamburg.de'-<0.9109.0>-C-3-06:1167te Nachricht.C Out:12.04 13:31:55,890| 12.04 13:31:55,890| ; C In: 12.04 13:31:58,048|
'clientNode@lab26.cpt.haw-hamburg.de'-<0.9123.0>-C-3-06:1168te Nachricht.C Out:12.04 13:31:54,891| 12.04 13:31:54,891| ; C In: 12.04 13:31:58,050|
'clientNode@lab26.cpt.haw-hamburg.de'-<0.9117.0>-C-3-06:1169te Nachricht.C Out:12.04 13:31:54,891| 12.04 13:31:54,892| ; C In: 12.04 13:31:58,053|
'clientNode@lab26.cpt.haw-hamburg.de'-<0.9115.0>-C-3-06:1170te Nachricht.C Out:12.04 13:31:55,892| 12.04 13:31:55,892| ; C In: 12.04 13:31:58,057|
'clientNode@lab26.cpt.haw-hamburg.de'-<0.9106.0>-C-3-06:1171te Nachricht.C Out:12.04 13:31:55,892| 12.04 13:31:55,893| ; C In: 12.04 13:31:58,062|
'clientNode@lab26.cpt.haw-hamburg.de'-<0.9126.0>-C-3-06:1172te Nachricht.C Out:12.04 13:31:54,892| 12.04 13:31:54,893| ; C In: 12.04 13:31:58,066|
'clientNode@lab26.cpt.haw-hamburg.de'-<0.9128.0>-C-3-06:1173te Nachricht.C Out:12.04 13:31:54,892| 12.04 13:31:54,893| ; C In: 12.04 13:31:58,071|
3-clientserver@lab22.cpt.haw-hamburg.de<0.22050.0>-C-1-5: 1174te_Nachricht. C Out: 12.04 13:31:53,041|(1174) 12.04 13:31:56,042| ; C In: 12.04 13:31:58,075|
0-clientserver@lab22.cpt.haw-hamburg.de<0.22046.0>-C-1-5: 1175te_Nachricht. C Out: 12.04 13:31:53,042|(1175) 12.04 13:31:56,043| ; C In: 12.04 13:31:58,080|
1-clientserver@lab22.cpt.haw-hamburg.de<0.22047.0>-C-1-5: 1176te_Nachricht. C Out: 12.04 13:31:53,042|(1176) 12.04 13:31:56,043| ; C In: 12.04 13:31:58,084|
11-clientserver@lab22.cpt.haw-hamburg.de<0.22058.0>-C-1-5: 1177te_Nachricht. C Out: 12.04 13:31:53,042|(1177) 12.04 13:31:56,044| ; C In: 12.04 13:31:58,088|
14-clientserver@lab22.cpt.haw-hamburg.de<0.22061.0>-C-1-5: 1178te_Nachricht. C Out: 12.04 13:31:53,043|(1178) 12.04 13:31:56,044| ; C In: 12.04 13:31:58,092|
16-clientserver@lab22.cpt.haw-hamburg.de<0.22063.0>-C-1-5: 1179te_Nachricht. C Out: 12.04 13:31:53,043|(1179) 12.04 13:31:56,045| ; C In: 12.04 13:31:58,096|
2-clientserver@lab22.cpt.haw-hamburg.de<0.22048.0>-C-1-5: 1180te_Nachricht. C Out: 12.04 13:31:53,043|(1180) 12.04 13:31:56,045| ; C In: 12.04 13:31:58,100|
4-clientserver@lab22.cpt.haw-hamburg.de<0.22051.0>-C-1-5: 1181te_Nachricht. C Out: 12.04 13:31:53,044|(1181) 12.04 13:31:56,046| ; C In: 12.04 13:31:58,104|
17-clientserver@lab22.cpt.haw-hamburg.de<0.22064.0>-C-1-5: 1182te_Nachricht. C Out: 12.04 13:31:53,044|(1182) 12.04 13:31:56,046| ; C In: 12.04 13:31:58,108|
6-clientserver@lab22.cpt.haw-hamburg.de<0.22053.0>-C-1-5: 1183te_Nachricht. C Out: 12.04 13:31:53,045|(1183) 12.04 13:31:56,047| ; C In: 12.04 13:31:58,119|
8-clientserver@lab22.cpt.haw-hamburg.de<0.22055.0>-C-1-5: 1184te_Nachricht. C Out: 12.04 13:31:53,046|(1184) 12.04 13:31:56,047| ; C In: 12.04 13:31:58,123|
5-clientserver@lab22.cpt.haw-hamburg.de<0.22052.0>-C-1-5: 1185te_Nachricht. C Out: 12.04 13:31:53,046|(1185) 12.04 13:31:56,048| ; C In: 12.04 13:31:58,127|
7-clientserver@lab22.cpt.haw-hamburg.de<0.22054.0>-C-1-5: 1186te_Nachricht. C Out: 12.04 13:31:53,046|(1186) 12.04 13:31:56,048| ; C In: 12.04 13:31:58,130|
10-clientserver@lab22.cpt.haw-hamburg.de<0.22057.0>-C-1-5: 1187te_Nachricht. C Out: 12.04 13:31:53,046|(1187) 12.04 13:31:56,048| ; C In: 12.04 13:31:58,134|
9-clientserver@lab22.cpt.haw-hamburg.de<0.22056.0>-C-1-5: 1188te_Nachricht. C Out: 12.04 13:31:53,047|(1188) 12.04 13:31:56,049| ; C In: 12.04 13:31:58,138|
12-clientserver@lab22.cpt.haw-hamburg.de<0.22059.0>-C-1-5: 1189te_Nachricht. C Out: 12.04 13:31:53,047|(1189) 12.04 13:31:56,049| ; C In: 12.04 13:31:58,141|
13-clientserver@lab22.cpt.haw-hamburg.de<0.22060.0>-C-1-5: 1190te_Nachricht. C Out: 12.04 13:31:53,048|(1190) 12.04 13:31:56,050| ; C In: 12.04 13:31:58,145|
18-clientserver@lab22.cpt.haw-hamburg.de<0.22065.0>-C-1-5: 1191te_Nachricht. C Out: 12.04 13:31:53,048|(1191) 12.04 13:31:56,050| ; C In: 12.04 13:31:58,149|
15-clientserver@lab22.cpt.haw-hamburg.de<0.22062.0>-C-1-5: 1192te_Nachricht. C Out: 12.04 13:31:53,048|(1192) 12.04 13:31:56,050| ; C In: 12.04 13:31:58,153|
19-clientserver@lab22.cpt.haw-hamburg.de<0.22066.0>-C-1-5: 1193te_Nachricht. C Out: 12.04 13:31:53,048|(1193) 12.04 13:31:56,051| ; C In: 12.04 13:31:58,156|
'clientNode2@lab26.cpt.haw-hamburg.de'-<0.384.0>-C-3-06:1194te Nachricht.C Out:12.04 13:31:56,730| 12.04 13:31:56,731| ; C In: 12.04 13:31:58,160|
'clientNode2@lab26.cpt.haw-hamburg.de'-<0.379.0>-C-3-06:1195te Nachricht.C Out:12.04 13:31:56,732| 12.04 13:31:56,733| ; C In: 12.04 13:31:58,164|
'clientNode2@lab26.cpt.haw-hamburg.de'-<0.370.0>-C-3-06:1196te Nachricht.C Out:12.04 13:31:56,732| 12.04 13:31:56,733| ; C In: 12.04 13:31:58,168|
'clientNode2@lab26.cpt.haw-hamburg.de'-<0.395.0>-C-3-06:1197te Nachricht.C Out:12.04 13:31:56,733| 12.04 13:31:56,734| ; C In: 12.04 13:31:58,172|
5-profB@lab31.cpt.haw-hamburg.de-<0.13167.0>-KLC: 1198te_Nachricht. C Out: 12.04 13:31:57,814| 12.04 13:31:57,815| ; C In: 12.04 13:31:58,176|
0-profB@lab31.cpt.haw-hamburg.de-<0.13162.0>-KLC: 1199te_Nachricht. C Out: 12.04 13:31:57,814| 12.04 13:31:57,816| ; C In: 12.04 13:31:58,179|
7-profB@lab31.cpt.haw-hamburg.de-<0.13169.0>-KLC: 1200te_Nachricht. C Out: 12.04 13:31:57,815| 12.04 13:31:57,816| ; C In: 12.04 13:31:58,183|
4-profB@lab31.cpt.haw-hamburg.de-<0.13166.0>-KLC: 1201te_Nachricht. C Out: 12.04 13:31:57,815| 12.04 13:31:57,817| ; C In: 12.04 13:31:58,187|
9-profB@lab31.cpt.haw-hamburg.de-<0.13171.0>-KLC: 1202te_Nachricht. C Out: 12.04 13:31:57,816| 12.04 13:31:57,817| ; C In: 12.04 13:31:58,191|
1-profB@lab31.cpt.haw-hamburg.de-<0.13163.0>-KLC: 1203te_Nachricht. C Out: 12.04 13:31:57,816| 12.04 13:31:57,818| ; C In: 12.04 13:31:58,195|
2-profB@lab31.cpt.haw-hamburg.de-<0.13164.0>-KLC: 1204te_Nachricht. C Out: 12.04 13:31:57,817| 12.04 13:31:57,818| ; C In: 12.04 13:31:58,199|
3-profB@lab31.cpt.haw-hamburg.de-<0.13165.0>-KLC: 1205te_Nachricht. C Out: 12.04 13:31:57,817| 12.04 13:31:57,819| ; C In: 12.04 13:31:58,202|
6-profB@lab31.cpt.haw-hamburg.de-<0.13168.0>-KLC: 1206te_Nachricht. C Out: 12.04 13:31:57,818| 12.04 13:31:57,819| ; C In: 12.04 13:31:58,206|
8-profB@lab31.cpt.haw-hamburg.de-<0.13170.0>-KLC: 1207te_Nachricht. C Out: 12.04 13:31:57,818| 12.04 13:31:57,820| ; C In: 12.04 13:31:58,209|
..getmessages..Done...
11-clientserver@lab22.cpt.haw-hamburg.de<0.22058.0>-C-1-5: 1335te_Nachricht. C Out: 12.04 13:31:58,212|(1335) gesendet
11-clientserver@lab22.cpt.haw-hamburg.de<0.22058.0>-C-1-5: 1392te_Nachricht. C Out: 12.04 13:32:00,213|(1392) gesendet
11-clientserver@lab22.cpt.haw-hamburg.de<0.22058.0>-C-1-5: 1477te_Nachricht. C Out: 12.04 13:32:02,214|(1477) gesendet
11-clientserver@lab22.cpt.haw-hamburg.de<0.22058.0>-C-1-5: 1641te_Nachricht. C Out: 12.04 13:32:04,216|(1641) gesendet
11-clientserver@lab22.cpt.haw-hamburg.de<0.22058.0>-C-1-5: 1805te_Nachricht. C Out: 12.04 13:32:06,225|(1805) gesendet
1866te_Nachricht um 12.04 13:32:08,227|- vergessen zu senden ******
Neues Sendeintervall: 3 Sekunden
17-clientserver@lab22.cpt.haw-hamburg.de<0.22064.0>-C-1-5: 1775te_Nachricht. C Out: 12.04 13:32:05,146|(1775) 12.04 13:32:09,647| ; C In: 12.04 13:32:11,230|
8-clientserver@lab22.cpt.haw-hamburg.de<0.22055.0>-C-1-5: 1776te_Nachricht. C Out: 12.04 13:32:05,146|(1776) 12.04 13:32:09,647| ; C In: 12.04 13:32:11,231|
6-clientserver@lab22.cpt.haw-hamburg.de<0.22053.0>-C-1-5: 1777te_Nachricht. C Out: 12.04 13:32:05,147|(1777) 12.04 13:32:09,648| ; C In: 12.04 13:32:11,232|
9-clientserver@lab22.cpt.haw-hamburg.de<0.22056.0>-C-1-5: 1778te_Nachricht. C Out: 12.04 13:32:05,147|(1778) 12.04 13:32:09,649| ; C In: 12.04 13:32:11,234|
Fehlernachricht fuer Nachrichtennummern 1779 bis 1779 ; C In: 12.04 13:32:11,235|
'clientNode2@lab26.cpt.haw-hamburg.de'-<0.384.0>-C-3-06:1780te Nachricht.C Out:12.04 13:32:09,751| 12.04 13:32:09,752| ; C In: 12.04 13:32:11,237|
'clientNode@lab26.cpt.haw-hamburg.de'-<0.9128.0>-C-3-06:1781te Nachricht.C Out:12.04 13:32:08,946| 12.04 13:32:08,946| ; C In: 12.04 13:32:11,239|
Fehlernachricht fuer Nachrichtennummern 1782 bis 1837 ; C In: 12.04 13:32:11,241|
'clientNode2@lab26.cpt.haw-hamburg.de'-<0.387.0>-C-3-06:1838te Nachricht.C Out:12.04 13:32:08,777| 12.04 13:32:08,778| ; C In: 12.04 13:32:11,243|
'clientNode2@lab26.cpt.haw-hamburg.de'-<0.376.0>-C-3-06:1839te Nachricht.C Out:12.04 13:32:08,778| 12.04 13:32:08,779| ; C In: 12.04 13:32:11,245|
'clientNode2@lab26.cpt.haw-hamburg.de'-<0.373.0>-C-3-06:1840te Nachricht.C Out:12.04 13:32:08,778| 12.04 13:32:08,779| ; C In: 12.04 13:32:11,247|
'clientNode2@lab26.cpt.haw-hamburg.de'-<0.395.0>-C-3-06:1841te Nachricht.C Out:12.04 13:32:09,800| 12.04 13:32:09,801| ; C In: 12.04 13:32:11,249|
'clientNode2@lab26.cpt.haw-hamburg.de'-<0.379.0>-C-3-06:1842te Nachricht.C Out:12.04 13:32:08,801| 12.04 13:32:08,802| ; C In: 12.04 13:32:11,250|
'clientNode2@lab26.cpt.haw-hamburg.de'-<0.370.0>-C-3-06:1843te Nachricht.C Out:12.04 13:32:08,802| 12.04 13:32:08,803| ; C In: 12.04 13:32:11,252|
'clientNode@lab26.cpt.haw-hamburg.de'-<0.9123.0>-C-3-06:1844te Nachricht.C Out:12.04 13:32:08,945| 12.04 13:32:08,945| ; C In: 12.04 13:32:11,254|
'clientNode@lab26.cpt.haw-hamburg.de'-<0.9117.0>-C-3-06:1845te Nachricht.C Out:12.04 13:32:08,947| 12.04 13:32:08,947| ; C In: 12.04 13:32:11,256|
'clientNode@lab26.cpt.haw-hamburg.de'-<0.9126.0>-C-3-06:1846te Nachricht.C Out:12.04 13:32:08,947| 12.04 13:32:08,947| ; C In: 12.04 13:32:11,258|
Fehlernachricht fuer Nachrichtennummern 1847 bis 1849 ; C In: 12.04 13:32:11,259|
'clientNode@lab26.cpt.haw-hamburg.de'-<0.9109.0>-C-3-06:1850te Nachricht.C Out:12.04 13:32:09,929| 12.04 13:32:09,929| ; C In: 12.04 13:32:11,261|
Fehlernachricht fuer Nachrichtennummern 1851 bis 1851 ; C In: 12.04 13:32:11,263|
'clientNode@lab26.cpt.haw-hamburg.de'-<0.9106.0>-C-3-06:1852te Nachricht.C Out:12.04 13:32:09,930| 12.04 13:32:09,930| ; C In: 12.04 13:32:11,265|
Fehlernachricht fuer Nachrichtennummern 1853 bis 1875 ; C In: 12.04 13:32:11,267|
lab29-1-1: message_number_1876. Sent time: 12.04 13:32:08,450| 12.04 13:32:10,452| ; C In: 12.04 13:32:11,269|
lab29-1-1: message_number_1877. Sent time: 12.04 13:32:08,451| 12.04 13:32:10,452| ; C In: 12.04 13:32:11,271|
lab29-1-1: message_number_1878. Sent time: 12.04 13:32:08,451| 12.04 13:32:10,453| ; C In: 12.04 13:32:11,273|
lab29-1-1: message_number_1879. Sent time: 12.04 13:32:08,452| 12.04 13:32:10,453| ; C In: 12.04 13:32:11,274|
lab29-1-1: message_number_1880. Sent time: 12.04 13:32:08,452| 12.04 13:32:10,454| ; C In: 12.04 13:32:11,276|
lab29-1-1: message_number_1881. Sent time: 12.04 13:32:08,452| 12.04 13:32:10,454| ; C In: 12.04 13:32:11,278|
lab29-1-1: message_number_1882. Sent time: 12.04 13:32:08,453| 12.04 13:32:10,454| ; C In: 12.04 13:32:11,280|
lab29-1-1: message_number_1883. Sent time: 12.04 13:32:08,453| 12.04 13:32:10,455| ; C In: 12.04 13:32:11,281|
lab29-1-1: message_number_1884. Sent time: 12.04 13:32:08,453| 12.04 13:32:10,455| ; C In: 12.04 13:32:11,283|
lab29-1-1: message_number_1885. Sent time: 12.04 13:32:08,454| 12.04 13:32:10,456| ; C In: 12.04 13:32:11,285|
lab29-1-1: message_number_1886. Sent time: 12.04 13:32:08,454| 12.04 13:32:10,455| ; C In: 12.04 13:32:11,287|
lab29-1-1: message_number_1887. Sent time: 12.04 13:32:08,454| 12.04 13:32:10,457| ; C In: 12.04 13:32:11,289|
lab29-1-1: message_number_1888. Sent time: 12.04 13:32:08,455| 12.04 13:32:10,456| ; C In: 12.04 13:32:11,291|
lab29-1-1: message_number_1889. Sent time: 12.04 13:32:08,456| 12.04 13:32:10,457| ; C In: 12.04 13:32:11,293|
lab29-1-1: message_number_1890. Sent time: 12.04 13:32:08,455| 12.04 13:32:10,457| ; C In: 12.04 13:32:11,295|
lab29-1-1: message_number_1891. Sent time: 12.04 13:32:08,456| 12.04 13:32:10,458| ; C In: 12.04 13:32:11,297|
lab29-1-1: message_number_1892. Sent time: 12.04 13:32:08,456| 12.04 13:32:10,458| ; C In: 12.04 13:32:11,299|
lab29-1-1: message_number_1893. Sent time: 12.04 13:32:08,456| 12.04 13:32:10,458| ; C In: 12.04 13:32:11,301|
lab29-1-1: message_number_1894. Sent time: 12.04 13:32:08,457| 12.04 13:32:10,459| ; C In: 12.04 13:32:11,303|
lab29-1-1: message_number_1895. Sent time: 12.04 13:32:08,457| 12.04 13:32:10,459| ; C In: 12.04 13:32:11,304|
..getmessages..Done...
11-clientserver@lab22.cpt.haw-hamburg.de<0.22058.0>-C-1-5: 1971te_Nachricht. C Out: 12.04 13:32:11,306|(1971) gesendet
11-clientserver@lab22.cpt.haw-hamburg.de<0.22058.0>-C-1-5: 2059te_Nachricht. C Out: 12.04 13:32:14,308|(2059) gesendet
11-clientserver@lab22.cpt.haw-hamburg.de<0.22058.0>-C-1-5: 2173te_Nachricht. C Out: 12.04 13:32:17,309|(2173) gesendet
11-clientserver@lab22.cpt.haw-hamburg.de<0.22058.0>-C-1-5: 2252te_Nachricht. C Out: 12.04 13:32:20,311|(2252) gesendet
11-clientserver@lab22.cpt.haw-hamburg.de<0.22058.0>-C-1-5: 2344te_Nachricht. C Out: 12.04 13:32:23,312|(2344) gesendet
2626te_Nachricht um 12.04 13:32:26,314|- vergessen zu senden ******
Neues Sendeintervall: 4 Sekunden
16-clientserver@lab22.cpt.haw-hamburg.de<0.22063.0>-C-1-5: 2606te_Nachricht. C Out: 12.04 13:32:25,444|(2606) 12.04 13:32:27,695| ; C In: 12.04 13:32:30,815|
6-clientserver@lab22.cpt.haw-hamburg.de<0.22053.0>-C-1-5: 2607te_Nachricht. C Out: 12.04 13:32:25,445|(2607) 12.04 13:32:27,695| ; C In: 12.04 13:32:30,816|
9-clientserver@lab22.cpt.haw-hamburg.de<0.22056.0>-C-1-5: 2608te_Nachricht. C Out: 12.04 13:32:25,445|(2608) 12.04 13:32:27,697| ; C In: 12.04 13:32:30,817|
Fehlernachricht fuer Nachrichtennummern 2464 bis 2616 ; C In: 12.04 13:32:30,819|
'clientNode2@lab26.cpt.haw-hamburg.de'-<0.379.0>-C-3-06:2617te Nachricht.C Out:12.04 13:32:27,835| 12.04 13:32:27,836| ; C In: 12.04 13:32:30,820|
'clientNode2@lab26.cpt.haw-hamburg.de'-<0.395.0>-C-3-06:2618te Nachricht.C Out:12.04 13:32:28,846| 12.04 13:32:28,847| ; C In: 12.04 13:32:30,821|
'clientNode@lab26.cpt.haw-hamburg.de'-<0.9109.0>-C-3-06:2619te Nachricht.C Out:12.04 13:32:27,976| 12.04 13:32:27,976| ; C In: 12.04 13:32:30,823|
'clientNode@lab26.cpt.haw-hamburg.de'-<0.9106.0>-C-3-06:2620te Nachricht.C Out:12.04 13:32:27,977| 12.04 13:32:27,977| ; C In: 12.04 13:32:30,824|
'clientNode@lab26.cpt.haw-hamburg.de'-<0.9128.0>-C-3-06:2621te Nachricht.C Out:12.04 13:32:29,978| 12.04 13:32:29,978| ; C In: 12.04 13:32:30,825|
10-clientserver@lab22.cpt.haw-hamburg.de<0.22057.0>-C-1-5: 2622te_Nachricht. C Out: 12.04 13:32:26,309|(2622) 12.04 13:32:29,310| ; C In: 12.04 13:32:30,826|
No new messages ; C In: 12.04 13:32:30,827|
..getmessages..Done...
11-clientserver@lab22.cpt.haw-hamburg.de<0.22058.0>-C-1-5: 2757te_Nachricht. C Out: 12.04 13:32:30,828|(2757) gesendet
11-clientserver@lab22.cpt.haw-hamburg.de<0.22058.0>-C-1-5: 2854te_Nachricht. C Out: 12.04 13:32:35,330|(2854) gesendet
11-clientserver@lab22.cpt.haw-hamburg.de<0.22058.0>-C-1-5: 2953te_Nachricht. C Out: 12.04 13:32:39,831|(2953) gesendet
11-clientserver@lab22.cpt.haw-hamburg.de<0.22058.0>-C-1-5: 3055te_Nachricht. C Out: 12.04 13:32:44,332|(3055) gesendet
11-clientserver@lab22.cpt.haw-hamburg.de<0.22058.0>-C-1-5: 3179te_Nachricht. C Out: 12.04 13:32:48,833|(3179) gesendet
3321te_Nachricht um 12.04 13:32:53,334|- vergessen zu senden ******
Neues Sendeintervall: 6 Sekunden
lab29-1-1: message_number_3583. Sent time: 12.04 13:32:55,135| 12.04 13:32:57,141| ; C In: 12.04 13:33:00,085|
[lab28|0304]: 3592te Nachricht. C Out: 12.04 13:32:58,447| 12.04 13:32:58,449| ; C In: 12.04 13:33:00,088|
[lab28|0304]: 3598te Nachricht. C Out: 12.04 13:32:58,450| 12.04 13:32:58,451| ; C In: 12.04 13:33:00,090|
[lab28|0304]: 3599te Nachricht. C Out: 12.04 13:32:58,450| 12.04 13:32:58,452| ; C In: 12.04 13:33:00,091|
[lab28|0304]: 3600te Nachricht. C Out: 12.04 13:32:58,451| 12.04 13:32:58,453| ; C In: 12.04 13:33:00,092|
[lab28|0304]: 3601te Nachricht. C Out: 12.04 13:32:58,452| 12.04 13:32:58,453| ; C In: 12.04 13:33:00,093|
[lab28|0304]: 3602te Nachricht. C Out: 12.04 13:32:58,451| 12.04 13:32:58,452| ; C In: 12.04 13:33:00,093|
[lab28|0304]: 3603te Nachricht. C Out: 12.04 13:32:58,451| 12.04 13:32:58,453| ; C In: 12.04 13:33:00,094|
1-clientserver@lab22.cpt.haw-hamburg.de<0.22047.0>-C-1-5: 3604te_Nachricht. C Out: 12.04 13:32:55,606|(3604) 12.04 13:32:57,857| ; C In: 12.04 13:33:00,095|
15-clientserver@lab22.cpt.haw-hamburg.de<0.22062.0>-C-1-5: 3605te_Nachricht. C Out: 12.04 13:32:55,607|(3605) 12.04 13:32:57,858| ; C In: 12.04 13:33:00,096|
Fehlernachricht fuer Nachrichtennummern 3606 bis 3608 ; C In: 12.04 13:33:00,097|
'clientNode2@lab26.cpt.haw-hamburg.de'-<0.382.0>-C-3-06:3609te Nachricht.C Out:12.04 13:32:57,848| 12.04 13:32:57,849| ; C In: 12.04 13:33:00,097|
Fehlernachricht fuer Nachrichtennummern 3610 bis 3611 ; C In: 12.04 13:33:00,098|
'clientNode2@lab26.cpt.haw-hamburg.de'-<0.379.0>-C-3-06:3612te Nachricht.C Out:12.04 13:32:58,916| 12.04 13:32:58,917| ; C In: 12.04 13:33:00,099|
'clientNode2@lab26.cpt.haw-hamburg.de'-<0.370.0>-C-3-06:3613te Nachricht.C Out:12.04 13:32:57,916| 12.04 13:32:57,917| ; C In: 12.04 13:33:00,100|
Fehlernachricht fuer Nachrichtennummern 3614 bis 3614 ; C In: 12.04 13:33:00,100|
'clientNode@lab26.cpt.haw-hamburg.de'-<0.9126.0>-C-3-06:3615te Nachricht.C Out:12.04 13:32:59,100| 12.04 13:32:59,100| ; C In: 12.04 13:33:00,101|
10-clientserver@lab22.cpt.haw-hamburg.de<0.22057.0>-C-1-5: 3616te_Nachricht. C Out: 12.04 13:32:56,351|(3616) 12.04 13:32:59,352| ; C In: 12.04 13:33:00,102|
Fehlernachricht fuer Nachrichtennummern 3563 bis 3618 ; C In: 12.04 13:33:00,103|
7-clientserver@lab22.cpt.haw-hamburg.de<0.22054.0>-C-1-5: 3619te_Nachricht. C Out: 12.04 13:32:56,384|(3619) 12.04 13:32:58,385| ; C In: 12.04 13:33:00,103|
Fehlernachricht fuer Nachrichtennummern 3620 bis 3620 ; C In: 12.04 13:33:00,104|
13-clientserver@lab22.cpt.haw-hamburg.de<0.22060.0>-C-1-5: 3621te_Nachricht. C Out: 12.04 13:32:56,413|(3621) 12.04 13:32:58,414| ; C In: 12.04 13:33:00,105|
9-clientserver@lab22.cpt.haw-hamburg.de<0.22056.0>-C-1-5: 3622te_Nachricht. C Out: 12.04 13:32:56,757|(3622) 12.04 13:32:58,759| ; C In: 12.04 13:33:00,106|
'clientNode2@lab26.cpt.haw-hamburg.de'-<0.387.0>-C-3-06:3623te Nachricht.C Out:12.04 13:32:58,853| 12.04 13:32:58,854| ; C In: 12.04 13:33:00,107|
'clientNode2@lab26.cpt.haw-hamburg.de'-<0.373.0>-C-3-06:3624te Nachricht.C Out:12.04 13:32:58,854| 12.04 13:32:58,855| ; C In: 12.04 13:33:00,107|
'clientNode2@lab26.cpt.haw-hamburg.de'-<0.395.0>-C-3-06:3625te Nachricht.C Out:12.04 13:32:58,907| 12.04 13:32:58,908| ; C In: 12.04 13:33:00,108|
Fehlernachricht fuer Nachrichtennummern 3615 bis 3631 ; C In: 12.04 13:33:00,110|
'clientNode@lab26.cpt.haw-hamburg.de'-<0.9128.0>-C-3-06:3632te Nachricht.C Out:12.04 13:33:00,032| 12.04 13:33:00,032| ; C In: 12.04 13:33:00,110|
'clientNode@lab26.cpt.haw-hamburg.de'-<0.9123.0>-C-3-06:3633te Nachricht.C Out:12.04 13:33:00,076| 12.04 13:33:00,076| ; C In: 12.04 13:33:00,111|
7-profB@lab31.cpt.haw-hamburg.de-<0.13169.0>-KLC: 3634te_Nachricht. C Out: 12.04 13:33:00,084| 12.04 13:33:00,085| ; C In: 12.04 13:33:00,112|
5-profB@lab31.cpt.haw-hamburg.de-<0.13167.0>-KLC: 3635te_Nachricht. C Out: 12.04 13:33:00,084| 12.04 13:33:00,086| ; C In: 12.04 13:33:00,113|
2-profB@lab31.cpt.haw-hamburg.de-<0.13164.0>-KLC: 3636te_Nachricht. C Out: 12.04 13:33:00,084| 12.04 13:33:00,086| ; C In: 12.04 13:33:00,114|
0-profB@lab31.cpt.haw-hamburg.de-<0.13162.0>-KLC: 3637te_Nachricht. C Out: 12.04 13:33:00,084| 12.04 13:33:00,087| ; C In: 12.04 13:33:00,114|
9-profB@lab31.cpt.haw-hamburg.de-<0.13171.0>-KLC: 3638te_Nachricht. C Out: 12.04 13:33:00,085| 12.04 13:33:00,088| ; C In: 12.04 13:33:00,115|
6-profB@lab31.cpt.haw-hamburg.de-<0.13168.0>-KLC: 3639te_Nachricht. C Out: 12.04 13:33:00,085| 12.04 13:33:00,088| ; C In: 12.04 13:33:00,116|
4-profB@lab31.cpt.haw-hamburg.de-<0.13166.0>-KLC: 3640te_Nachricht. C Out: 12.04 13:33:00,085| 12.04 13:33:00,088| ; C In: 12.04 13:33:00,117|
1-profB@lab31.cpt.haw-hamburg.de-<0.13163.0>-KLC: 3641te_Nachricht. C Out: 12.04 13:33:00,086| 12.04 13:33:00,089| ; C In: 12.04 13:33:00,117|
3-profB@lab31.cpt.haw-hamburg.de-<0.13165.0>-KLC: 3642te_Nachricht. C Out: 12.04 13:33:00,086| 12.04 13:33:00,089| ; C In: 12.04 13:33:00,118|
8-profB@lab31.cpt.haw-hamburg.de-<0.13170.0>-KLC: 3643te_Nachricht. C Out: 12.04 13:33:00,086| 12.04 13:33:00,089| ; C In: 12.04 13:33:00,119|
..getmessages..Done...
11-clientserver@lab22.cpt.haw-hamburg.de<0.22058.0>-C-1-5: 3781te_Nachricht. C Out: 12.04 13:33:00,119|(3781) gesendet
11-clientserver@lab22.cpt.haw-hamburg.de<0.22058.0>-C-1-5: 4021te_Nachricht. C Out: 12.04 13:33:06,871|(4021) gesendet
11-clientserver@lab22.cpt.haw-hamburg.de<0.22058.0>-C-1-5: 4496te_Nachricht. C Out: 12.04 13:33:13,622|(4496) gesendet
11-clientserver@lab22.cpt.haw-hamburg.de<0.22058.0>-C-1-5: 4756te_Nachricht. C Out: 12.04 13:33:20,374|(4756) gesendet
11-clientserver@lab22.cpt.haw-hamburg.de<0.22058.0>-C-1-5: 4965te_Nachricht. C Out: 12.04 13:33:27,126|(4965) gesendet
5066te_Nachricht um 12.04 13:33:33,878|- vergessen zu senden ******
Neues Sendeintervall: 10 Sekunden
11-clientserver@lab22.cpt.haw-hamburg.de<0.22058.0>-C-1-5: Lebenszeit um. Wird beendet.
