14-clientserver@lab22.cpt.haw-hamburg.de<0.22061.0>-C-1-5: Start: 12.04 13:31:41,034|.
14-clientserver@lab22.cpt.haw-hamburg.de<0.22061.0>-C-1-5: 625te_Nachricht. C Out: 12.04 13:31:41,034|(625) gesendet
14-clientserver@lab22.cpt.haw-hamburg.de<0.22061.0>-C-1-5: 690te_Nachricht. C Out: 12.04 13:31:44,037|(690) gesendet
14-clientserver@lab22.cpt.haw-hamburg.de<0.22061.0>-C-1-5: 791te_Nachricht. C Out: 12.04 13:31:47,039|(791) gesendet
14-clientserver@lab22.cpt.haw-hamburg.de<0.22061.0>-C-1-5: 1078te_Nachricht. C Out: 12.04 13:31:50,041|(1078) gesendet
14-clientserver@lab22.cpt.haw-hamburg.de<0.22061.0>-C-1-5: 1178te_Nachricht. C Out: 12.04 13:31:53,043|(1178) gesendet
1232te_Nachricht um 12.04 13:31:56,045|- vergessen zu senden ******
Neues Sendeintervall: 4 Sekunden
'clientNode2@lab26.cpt.haw-hamburg.de'-<0.384.0>-C-3-06:1294te Nachricht.C Out:12.04 13:31:59,732| 12.04 13:31:59,733| ; C In: 12.04 13:32:00,546|
'clientNode2@lab26.cpt.haw-hamburg.de'-<0.379.0>-C-3-06:1295te Nachricht.C Out:12.04 13:31:58,733| 12.04 13:31:58,734| ; C In: 12.04 13:32:00,547|
'clientNode2@lab26.cpt.haw-hamburg.de'-<0.370.0>-C-3-06:1296te Nachricht.C Out:12.04 13:31:58,734| 12.04 13:31:58,735| ; C In: 12.04 13:32:00,548|
'clientNode2@lab26.cpt.haw-hamburg.de'-<0.395.0>-C-3-06:1297te Nachricht.C Out:12.04 13:31:58,734| 12.04 13:31:58,735| ; C In: 12.04 13:32:00,550|
'clientNode@lab26.cpt.haw-hamburg.de'-<0.9123.0>-C-3-06:1298te Nachricht.C Out:12.04 13:31:58,895| 12.04 13:31:58,895| ; C In: 12.04 13:32:00,552|
'clientNode@lab26.cpt.haw-hamburg.de'-<0.9117.0>-C-3-06:1299te Nachricht.C Out:12.04 13:31:58,895| 12.04 13:31:58,895| ; C In: 12.04 13:32:00,555|
'clientNode@lab26.cpt.haw-hamburg.de'-<0.9126.0>-C-3-06:1300te Nachricht.C Out:12.04 13:31:58,896| 12.04 13:31:58,896| ; C In: 12.04 13:32:00,558|
'clientNode@lab26.cpt.haw-hamburg.de'-<0.9128.0>-C-3-06:1301te Nachricht.C Out:12.04 13:31:58,896| 12.04 13:31:58,896| ; C In: 12.04 13:32:00,560|
Fehlernachricht fuer Nachrichtennummern 1302 bis 1311 ; C In: 12.04 13:32:00,563|
lab29-1-1: message_number_1312. Sent time: 12.04 13:31:58,108| 12.04 13:32:00,109| ; C In: 12.04 13:32:00,565|
lab29-1-1: message_number_1313. Sent time: 12.04 13:31:58,110| 12.04 13:32:00,111| ; C In: 12.04 13:32:00,568|
lab29-1-1: message_number_1314. Sent time: 12.04 13:31:58,109| 12.04 13:32:00,111| ; C In: 12.04 13:32:00,570|
lab29-1-1: message_number_1315. Sent time: 12.04 13:31:58,110| 12.04 13:32:00,111| ; C In: 12.04 13:32:00,573|
lab29-1-1: message_number_1316. Sent time: 12.04 13:31:58,110| 12.04 13:32:00,112| ; C In: 12.04 13:32:00,575|
lab29-1-1: message_number_1317. Sent time: 12.04 13:31:58,110| 12.04 13:32:00,112| ; C In: 12.04 13:32:00,578|
lab29-1-1: message_number_1318. Sent time: 12.04 13:31:58,112| 12.04 13:32:00,113| ; C In: 12.04 13:32:00,580|
lab29-1-1: message_number_1319. Sent time: 12.04 13:31:58,112| 12.04 13:32:00,114| ; C In: 12.04 13:32:00,582|
lab29-1-1: message_number_1320. Sent time: 12.04 13:31:58,113| 12.04 13:32:00,114| ; C In: 12.04 13:32:00,585|
lab29-1-1: message_number_1321. Sent time: 12.04 13:31:58,113| 12.04 13:32:00,115| ; C In: 12.04 13:32:00,587|
lab29-1-1: message_number_1322. Sent time: 12.04 13:31:58,114| 12.04 13:32:00,116| ; C In: 12.04 13:32:00,590|
lab29-1-1: message_number_1323. Sent time: 12.04 13:31:58,115| 12.04 13:32:00,116| ; C In: 12.04 13:32:00,592|
lab29-1-1: message_number_1324. Sent time: 12.04 13:31:58,115| 12.04 13:32:00,117| ; C In: 12.04 13:32:00,594|
lab29-1-1: message_number_1325. Sent time: 12.04 13:31:58,116| 12.04 13:32:00,117| ; C In: 12.04 13:32:00,597|
lab29-1-1: message_number_1326. Sent time: 12.04 13:31:58,116| 12.04 13:32:00,118| ; C In: 12.04 13:32:00,599|
lab29-1-1: message_number_1327. Sent time: 12.04 13:31:58,116| 12.04 13:32:00,118| ; C In: 12.04 13:32:00,601|
lab29-1-1: message_number_1328. Sent time: 12.04 13:31:58,117| 12.04 13:32:00,119| ; C In: 12.04 13:32:00,603|
lab29-1-1: message_number_1329. Sent time: 12.04 13:31:58,118| 12.04 13:32:00,119| ; C In: 12.04 13:32:00,605|
lab29-1-1: message_number_1330. Sent time: 12.04 13:31:58,118| 12.04 13:32:00,120| ; C In: 12.04 13:32:00,608|
lab29-1-1: message_number_1331. Sent time: 12.04 13:31:58,118| 12.04 13:32:00,120| ; C In: 12.04 13:32:00,610|
3-clientserver@lab22.cpt.haw-hamburg.de<0.22050.0>-C-1-5: 1332te_Nachricht. C Out: 12.04 13:31:58,209|(1332) 12.04 13:32:00,210| ; C In: 12.04 13:32:00,612|
0-clientserver@lab22.cpt.haw-hamburg.de<0.22046.0>-C-1-5: 1333te_Nachricht. C Out: 12.04 13:31:58,209|(1333) 12.04 13:32:00,211| ; C In: 12.04 13:32:00,615|
1-clientserver@lab22.cpt.haw-hamburg.de<0.22047.0>-C-1-5: 1334te_Nachricht. C Out: 12.04 13:31:58,210|(1334) 12.04 13:32:00,211| ; C In: 12.04 13:32:00,617|
11-clientserver@lab22.cpt.haw-hamburg.de<0.22058.0>-C-1-5: 1335te_Nachricht. C Out: 12.04 13:31:58,212|(1335) 12.04 13:32:00,213| ; C In: 12.04 13:32:00,619|
4-clientserver@lab22.cpt.haw-hamburg.de<0.22051.0>-C-1-5: 1336te_Nachricht. C Out: 12.04 13:31:58,214|(1336) 12.04 13:32:00,216| ; C In: 12.04 13:32:00,621|
5-clientserver@lab22.cpt.haw-hamburg.de<0.22052.0>-C-1-5: 1337te_Nachricht. C Out: 12.04 13:31:58,217|(1337) 12.04 13:32:00,218| ; C In: 12.04 13:32:00,624|
7-clientserver@lab22.cpt.haw-hamburg.de<0.22054.0>-C-1-5: 1338te_Nachricht. C Out: 12.04 13:31:58,217|(1338) 12.04 13:32:00,218| ; C In: 12.04 13:32:00,626|
10-clientserver@lab22.cpt.haw-hamburg.de<0.22057.0>-C-1-5: 1339te_Nachricht. C Out: 12.04 13:31:58,217|(1339) 12.04 13:32:00,219| ; C In: 12.04 13:32:00,628|
12-clientserver@lab22.cpt.haw-hamburg.de<0.22059.0>-C-1-5: 1340te_Nachricht. C Out: 12.04 13:31:58,217|(1340) 12.04 13:32:00,219| ; C In: 12.04 13:32:00,630|
13-clientserver@lab22.cpt.haw-hamburg.de<0.22060.0>-C-1-5: 1341te_Nachricht. C Out: 12.04 13:31:58,217|(1341) 12.04 13:32:00,220| ; C In: 12.04 13:32:00,632|
18-clientserver@lab22.cpt.haw-hamburg.de<0.22065.0>-C-1-5: 1342te_Nachricht. C Out: 12.04 13:31:58,217|(1342) 12.04 13:32:00,220| ; C In: 12.04 13:32:00,635|
15-clientserver@lab22.cpt.haw-hamburg.de<0.22062.0>-C-1-5: 1343te_Nachricht. C Out: 12.04 13:31:58,217|(1343) 12.04 13:32:00,220| ; C In: 12.04 13:32:00,637|
19-clientserver@lab22.cpt.haw-hamburg.de<0.22066.0>-C-1-5: 1344te_Nachricht. C Out: 12.04 13:31:58,218|(1344) 12.04 13:32:00,221| ; C In: 12.04 13:32:00,639|
..getmessages..Done...
14-clientserver@lab22.cpt.haw-hamburg.de<0.22061.0>-C-1-5: 1402te_Nachricht. C Out: 12.04 13:32:00,641|(1402) gesendet
14-clientserver@lab22.cpt.haw-hamburg.de<0.22061.0>-C-1-5: 1772te_Nachricht. C Out: 12.04 13:32:05,143|(1772) gesendet
14-clientserver@lab22.cpt.haw-hamburg.de<0.22061.0>-C-1-5: 1918te_Nachricht. C Out: 12.04 13:32:09,644|(1918) gesendet
14-clientserver@lab22.cpt.haw-hamburg.de<0.22061.0>-C-1-5: 2043te_Nachricht. C Out: 12.04 13:32:14,145|(2043) gesendet
14-clientserver@lab22.cpt.haw-hamburg.de<0.22061.0>-C-1-5: 2211te_Nachricht. C Out: 12.04 13:32:18,648|(2211) gesendet
2333te_Nachricht um 12.04 13:32:23,150|- vergessen zu senden ******
Neues Sendeintervall: 2 Sekunden
2-profA@lab31.cpt.haw-hamburg.de-<0.11488.0>-KLC: 2265te_Nachricht. C Out: 12.04 13:32:24,519| 12.04 13:32:24,521| ; C In: 12.04 13:32:25,401|
Fehlernachricht fuer Nachrichtennummern 2266 bis 2286 ; C In: 12.04 13:32:25,402|
'clientNode2@lab26.cpt.haw-hamburg.de'-<0.376.0>-C-3-06:2287te Nachricht.C Out:12.04 13:32:23,807| 12.04 13:32:23,808| ; C In: 12.04 13:32:25,402|
Fehlernachricht fuer Nachrichtennummern 2288 bis 2288 ; C In: 12.04 13:32:25,403|
'clientNode2@lab26.cpt.haw-hamburg.de'-<0.370.0>-C-3-06:2289te Nachricht.C Out:12.04 13:32:22,837| 12.04 13:32:22,838| ; C In: 12.04 13:32:25,404|
Fehlernachricht fuer Nachrichtennummern 2290 bis 2292 ; C In: 12.04 13:32:25,405|
'clientNode@lab26.cpt.haw-hamburg.de'-<0.9117.0>-C-3-06:2293te Nachricht.C Out:12.04 13:32:22,989| 12.04 13:32:22,989| ; C In: 12.04 13:32:25,406|
'clientNode@lab26.cpt.haw-hamburg.de'-<0.9126.0>-C-3-06:2294te Nachricht.C Out:12.04 13:32:22,990| 12.04 13:32:22,990| ; C In: 12.04 13:32:25,407|
Fehlernachricht fuer Nachrichtennummern 2221 bis 2295 ; C In: 12.04 13:32:25,409|
'clientNode2@lab26.cpt.haw-hamburg.de'-<0.395.0>-C-3-06:2296te Nachricht.C Out:12.04 13:32:23,827| 12.04 13:32:23,828| ; C In: 12.04 13:32:25,409|
'clientNode@lab26.cpt.haw-hamburg.de'-<0.9109.0>-C-3-06:2297te Nachricht.C Out:12.04 13:32:23,971| 12.04 13:32:23,974| ; C In: 12.04 13:32:25,411|
'clientNode@lab26.cpt.haw-hamburg.de'-<0.9106.0>-C-3-06:2298te Nachricht.C Out:12.04 13:32:23,971| 12.04 13:32:23,974| ; C In: 12.04 13:32:25,412|
Fehlernachricht fuer Nachrichtennummern 2299 bis 2299 ; C In: 12.04 13:32:25,413|
'clientNode@lab26.cpt.haw-hamburg.de'-<0.9123.0>-C-3-06:2300te Nachricht.C Out:12.04 13:32:24,988| 12.04 13:32:24,988| ; C In: 12.04 13:32:25,414|
5-clientserver@lab22.cpt.haw-hamburg.de<0.22052.0>-C-1-5: 2301te_Nachricht. C Out: 12.04 13:32:22,343|(2301) 12.04 13:32:24,344| ; C In: 12.04 13:32:25,416|
12-clientserver@lab22.cpt.haw-hamburg.de<0.22059.0>-C-1-5: 2302te_Nachricht. C Out: 12.04 13:32:22,349|(2302) 12.04 13:32:24,350| ; C In: 12.04 13:32:25,417|
13-clientserver@lab22.cpt.haw-hamburg.de<0.22060.0>-C-1-5: 2303te_Nachricht. C Out: 12.04 13:32:22,350|(2303) 12.04 13:32:24,351| ; C In: 12.04 13:32:25,418|
19-clientserver@lab22.cpt.haw-hamburg.de<0.22066.0>-C-1-5: 2304te_Nachricht. C Out: 12.04 13:32:22,350|(2304) 12.04 13:32:24,351| ; C In: 12.04 13:32:25,419|
lab29-1-1: message_number_2305. Sent time: 12.04 13:32:22,604| 12.04 13:32:24,608| ; C In: 12.04 13:32:25,421|
lab29-1-1: message_number_2306. Sent time: 12.04 13:32:22,604| 12.04 13:32:24,609| ; C In: 12.04 13:32:25,421|
lab29-1-1: message_number_2307. Sent time: 12.04 13:32:22,605| 12.04 13:32:24,610| ; C In: 12.04 13:32:25,423|
lab29-1-1: message_number_2308. Sent time: 12.04 13:32:22,607| 12.04 13:32:24,610| ; C In: 12.04 13:32:25,424|
lab29-1-1: message_number_2309. Sent time: 12.04 13:32:22,607| 12.04 13:32:24,611| ; C In: 12.04 13:32:25,425|
lab29-1-1: message_number_2310. Sent time: 12.04 13:32:22,607| 12.04 13:32:24,612| ; C In: 12.04 13:32:25,427|
lab29-1-1: message_number_2311. Sent time: 12.04 13:32:22,607| 12.04 13:32:24,613| ; C In: 12.04 13:32:25,427|
lab29-1-1: message_number_2312. Sent time: 12.04 13:32:22,608| 12.04 13:32:24,614| ; C In: 12.04 13:32:25,429|
lab29-1-1: message_number_2313. Sent time: 12.04 13:32:22,608| 12.04 13:32:24,613| ; C In: 12.04 13:32:25,430|
lab29-1-1: message_number_2314. Sent time: 12.04 13:32:22,609| 12.04 13:32:24,614| ; C In: 12.04 13:32:25,431|
lab29-1-1: message_number_2315. Sent time: 12.04 13:32:22,609| 12.04 13:32:24,616| ; C In: 12.04 13:32:25,432|
lab29-1-1: message_number_2316. Sent time: 12.04 13:32:22,610| 12.04 13:32:24,615| ; C In: 12.04 13:32:25,433|
lab29-1-1: message_number_2317. Sent time: 12.04 13:32:22,610| 12.04 13:32:24,615| ; C In: 12.04 13:32:25,434|
lab29-1-1: message_number_2318. Sent time: 12.04 13:32:22,610| 12.04 13:32:24,616| ; C In: 12.04 13:32:25,435|
lab29-1-1: message_number_2319. Sent time: 12.04 13:32:22,611| 12.04 13:32:24,617| ; C In: 12.04 13:32:25,436|
lab29-1-1: message_number_2320. Sent time: 12.04 13:32:22,612| 12.04 13:32:24,617| ; C In: 12.04 13:32:25,437|
lab29-1-1: message_number_2321. Sent time: 12.04 13:32:22,612| 12.04 13:32:24,617| ; C In: 12.04 13:32:25,438|
lab29-1-1: message_number_2322. Sent time: 12.04 13:32:22,613| 12.04 13:32:24,618| ; C In: 12.04 13:32:25,439|
lab29-1-1: message_number_2323. Sent time: 12.04 13:32:22,613| 12.04 13:32:24,619| ; C In: 12.04 13:32:25,440|
lab29-1-1: message_number_2324. Sent time: 12.04 13:32:22,613| 12.04 13:32:24,619| ; C In: 12.04 13:32:25,442|
..getmessages..Done...
14-clientserver@lab22.cpt.haw-hamburg.de<0.22061.0>-C-1-5: 2605te_Nachricht. C Out: 12.04 13:32:25,442|(2605) gesendet
14-clientserver@lab22.cpt.haw-hamburg.de<0.22061.0>-C-1-5: 2682te_Nachricht. C Out: 12.04 13:32:27,694|(2682) gesendet
14-clientserver@lab22.cpt.haw-hamburg.de<0.22061.0>-C-1-5: 2712te_Nachricht. C Out: 12.04 13:32:29,946|(2712) gesendet
14-clientserver@lab22.cpt.haw-hamburg.de<0.22061.0>-C-1-5: 2789te_Nachricht. C Out: 12.04 13:32:32,198|(2789) gesendet
14-clientserver@lab22.cpt.haw-hamburg.de<0.22061.0>-C-1-5: 2823te_Nachricht. C Out: 12.04 13:32:34,449|(2823) gesendet
2897te_Nachricht um 12.04 13:32:36,701|- vergessen zu senden ******
Neues Sendeintervall: 3 Sekunden
'clientNode@lab26.cpt.haw-hamburg.de'-<0.9109.0>-C-3-06:2817te Nachricht.C Out:12.04 13:32:36,009| 12.04 13:32:36,009| ; C In: 12.04 13:32:40,077|
'clientNode@lab26.cpt.haw-hamburg.de'-<0.9106.0>-C-3-06:2818te Nachricht.C Out:12.04 13:32:36,009| 12.04 13:32:36,010| ; C In: 12.04 13:32:40,079|
'clientNode@lab26.cpt.haw-hamburg.de'-<0.9123.0>-C-3-06:2819te Nachricht.C Out:12.04 13:32:36,015| 12.04 13:32:36,015| ; C In: 12.04 13:32:40,080|
4-clientserver@lab22.cpt.haw-hamburg.de<0.22051.0>-C-1-5: 2820te_Nachricht. C Out: 12.04 13:32:34,340|(2820) 12.04 13:32:36,343| ; C In: 12.04 13:32:40,081|
7-clientserver@lab22.cpt.haw-hamburg.de<0.22054.0>-C-1-5: 2821te_Nachricht. C Out: 12.04 13:32:34,341|(2821) 12.04 13:32:36,343| ; C In: 12.04 13:32:40,082|
19-clientserver@lab22.cpt.haw-hamburg.de<0.22066.0>-C-1-5: 2822te_Nachricht. C Out: 12.04 13:32:34,363|(2822) 12.04 13:32:36,365| ; C In: 12.04 13:32:40,083|
14-clientserver@lab22.cpt.haw-hamburg.de<0.22061.0>-C-1-5: 2823te_Nachricht. C Out: 12.04 13:32:34,449|(2823) 12.04 13:32:36,701| ; C In: 12.04 13:32:40,084|
16-clientserver@lab22.cpt.haw-hamburg.de<0.22063.0>-C-1-5: 2824te_Nachricht. C Out: 12.04 13:32:34,450|(2824) 12.04 13:32:36,701| ; C In: 12.04 13:32:40,086|
6-clientserver@lab22.cpt.haw-hamburg.de<0.22053.0>-C-1-5: 2825te_Nachricht. C Out: 12.04 13:32:34,450|(2825) 12.04 13:32:36,702| ; C In: 12.04 13:32:40,087|
9-clientserver@lab22.cpt.haw-hamburg.de<0.22056.0>-C-1-5: 2826te_Nachricht. C Out: 12.04 13:32:34,451|(2826) 12.04 13:32:36,702| ; C In: 12.04 13:32:40,088|
lab29-1-1: message_number_2827. Sent time: 12.04 13:32:34,838| 12.04 13:32:38,840| ; C In: 12.04 13:32:40,089|
lab29-1-1: message_number_2828. Sent time: 12.04 13:32:34,838| 12.04 13:32:38,840| ; C In: 12.04 13:32:40,090|
lab29-1-1: message_number_2829. Sent time: 12.04 13:32:34,839| 12.04 13:32:38,841| ; C In: 12.04 13:32:40,091|
lab29-1-1: message_number_2830. Sent time: 12.04 13:32:34,840| 12.04 13:32:38,841| ; C In: 12.04 13:32:40,092|
lab29-1-1: message_number_2831. Sent time: 12.04 13:32:34,840| 12.04 13:32:38,842| ; C In: 12.04 13:32:40,094|
lab29-1-1: message_number_2832. Sent time: 12.04 13:32:34,842| 12.04 13:32:38,844| ; C In: 12.04 13:32:40,095|
lab29-1-1: message_number_2833. Sent time: 12.04 13:32:34,843| 12.04 13:32:38,845| ; C In: 12.04 13:32:40,096|
lab29-1-1: message_number_2834. Sent time: 12.04 13:32:34,844| 12.04 13:32:38,846| ; C In: 12.04 13:32:40,097|
lab29-1-1: message_number_2835. Sent time: 12.04 13:32:34,845| 12.04 13:32:38,846| ; C In: 12.04 13:32:40,098|
lab29-1-1: message_number_2836. Sent time: 12.04 13:32:34,845| 12.04 13:32:38,846| ; C In: 12.04 13:32:40,099|
lab29-1-1: message_number_2837. Sent time: 12.04 13:32:34,846| 12.04 13:32:38,848| ; C In: 12.04 13:32:40,100|
lab29-1-1: message_number_2838. Sent time: 12.04 13:32:34,847| 12.04 13:32:38,848| ; C In: 12.04 13:32:40,101|
lab29-1-1: message_number_2839. Sent time: 12.04 13:32:34,847| 12.04 13:32:38,849| ; C In: 12.04 13:32:40,102|
lab29-1-1: message_number_2840. Sent time: 12.04 13:32:34,847| 12.04 13:32:38,849| ; C In: 12.04 13:32:40,103|
lab29-1-1: message_number_2841. Sent time: 12.04 13:32:34,848| 12.04 13:32:38,850| ; C In: 12.04 13:32:40,104|
lab29-1-1: message_number_2842. Sent time: 12.04 13:32:34,848| 12.04 13:32:38,850| ; C In: 12.04 13:32:40,105|
lab29-1-1: message_number_2843. Sent time: 12.04 13:32:34,849| 12.04 13:32:38,850| ; C In: 12.04 13:32:40,106|
lab29-1-1: message_number_2844. Sent time: 12.04 13:32:34,849| 12.04 13:32:38,850| ; C In: 12.04 13:32:40,107|
lab29-1-1: message_number_2845. Sent time: 12.04 13:32:34,849| 12.04 13:32:38,851| ; C In: 12.04 13:32:40,108|
lab29-1-1: message_number_2846. Sent time: 12.04 13:32:34,850| 12.04 13:32:38,851| ; C In: 12.04 13:32:40,109|
'clientNode2@lab26.cpt.haw-hamburg.de'-<0.395.0>-C-3-06:2847te Nachricht.C Out:12.04 13:32:37,850| 12.04 13:32:37,851| ; C In: 12.04 13:32:40,110|
'clientNode@lab26.cpt.haw-hamburg.de'-<0.9126.0>-C-3-06:2848te Nachricht.C Out:12.04 13:32:37,045| 12.04 13:32:37,045| ; C In: 12.04 13:32:40,111|
10-clientserver@lab22.cpt.haw-hamburg.de<0.22057.0>-C-1-5: 2849te_Nachricht. C Out: 12.04 13:32:35,315|(2849) 12.04 13:32:38,318| ; C In: 12.04 13:32:40,112|
18-clientserver@lab22.cpt.haw-hamburg.de<0.22065.0>-C-1-5: 2850te_Nachricht. C Out: 12.04 13:32:35,324|(2850) 12.04 13:32:38,326| ; C In: 12.04 13:32:40,113|
3-clientserver@lab22.cpt.haw-hamburg.de<0.22050.0>-C-1-5: 2851te_Nachricht. C Out: 12.04 13:32:35,326|(2851) 12.04 13:32:39,827| ; C In: 12.04 13:32:40,114|
0-clientserver@lab22.cpt.haw-hamburg.de<0.22046.0>-C-1-5: 2852te_Nachricht. C Out: 12.04 13:32:35,328|(2852) 12.04 13:32:39,829| ; C In: 12.04 13:32:40,115|
1-clientserver@lab22.cpt.haw-hamburg.de<0.22047.0>-C-1-5: 2853te_Nachricht. C Out: 12.04 13:32:35,329|(2853) 12.04 13:32:39,830| ; C In: 12.04 13:32:40,116|
11-clientserver@lab22.cpt.haw-hamburg.de<0.22058.0>-C-1-5: 2854te_Nachricht. C Out: 12.04 13:32:35,330|(2854) 12.04 13:32:39,831| ; C In: 12.04 13:32:40,117|
15-clientserver@lab22.cpt.haw-hamburg.de<0.22062.0>-C-1-5: 2855te_Nachricht. C Out: 12.04 13:32:35,330|(2855) 12.04 13:32:39,831| ; C In: 12.04 13:32:40,118|
5-clientserver@lab22.cpt.haw-hamburg.de<0.22052.0>-C-1-5: 2856te_Nachricht. C Out: 12.04 13:32:35,385|(2856) 12.04 13:32:38,387| ; C In: 12.04 13:32:40,119|
12-clientserver@lab22.cpt.haw-hamburg.de<0.22059.0>-C-1-5: 2857te_Nachricht. C Out: 12.04 13:32:35,392|(2857) 12.04 13:32:38,393| ; C In: 12.04 13:32:40,120|
13-clientserver@lab22.cpt.haw-hamburg.de<0.22060.0>-C-1-5: 2858te_Nachricht. C Out: 12.04 13:32:35,392|(2858) 12.04 13:32:38,393| ; C In: 12.04 13:32:40,121|
..getmessages..Done...
14-clientserver@lab22.cpt.haw-hamburg.de<0.22061.0>-C-1-5: 2961te_Nachricht. C Out: 12.04 13:32:40,122|(2961) gesendet
14-clientserver@lab22.cpt.haw-hamburg.de<0.22061.0>-C-1-5: 3042te_Nachricht. C Out: 12.04 13:32:43,499|(3042) gesendet
14-clientserver@lab22.cpt.haw-hamburg.de<0.22061.0>-C-1-5: 3107te_Nachricht. C Out: 12.04 13:32:46,882|(3107) gesendet
14-clientserver@lab22.cpt.haw-hamburg.de<0.22061.0>-C-1-5: 3213te_Nachricht. C Out: 12.04 13:32:50,259|(3213) gesendet
14-clientserver@lab22.cpt.haw-hamburg.de<0.22061.0>-C-1-5: 3325te_Nachricht. C Out: 12.04 13:32:53,635|(3325) gesendet
3629te_Nachricht um 12.04 13:32:57,012|- vergessen zu senden ******
Neues Sendeintervall: 2 Sekunden
lab29-1-1: message_number_3564. Sent time: 12.04 13:32:55,128| 12.04 13:32:57,130| ; C In: 12.04 13:32:59,013|
lab29-1-1: message_number_3565. Sent time: 12.04 13:32:55,128| 12.04 13:32:57,130| ; C In: 12.04 13:32:59,013|
lab29-1-1: message_number_3566. Sent time: 12.04 13:32:55,129| 12.04 13:32:57,131| ; C In: 12.04 13:32:59,014|
lab29-1-1: message_number_3567. Sent time: 12.04 13:32:55,129| 12.04 13:32:57,131| ; C In: 12.04 13:32:59,015|
lab29-1-1: message_number_3568. Sent time: 12.04 13:32:55,129| 12.04 13:32:57,131| ; C In: 12.04 13:32:59,016|
lab29-1-1: message_number_3569. Sent time: 12.04 13:32:55,130| 12.04 13:32:57,132| ; C In: 12.04 13:32:59,017|
lab29-1-1: message_number_3570. Sent time: 12.04 13:32:55,130| 12.04 13:32:57,133| ; C In: 12.04 13:32:59,018|
lab29-1-1: message_number_3571. Sent time: 12.04 13:32:55,131| 12.04 13:32:57,133| ; C In: 12.04 13:32:59,019|
lab29-1-1: message_number_3572. Sent time: 12.04 13:32:55,131| 12.04 13:32:57,133| ; C In: 12.04 13:32:59,020|
lab29-1-1: message_number_3573. Sent time: 12.04 13:32:55,132| 12.04 13:32:57,135| ; C In: 12.04 13:32:59,021|
lab29-1-1: message_number_3574. Sent time: 12.04 13:32:55,132| 12.04 13:32:57,136| ; C In: 12.04 13:32:59,022|
lab29-1-1: message_number_3575. Sent time: 12.04 13:32:55,132| 12.04 13:32:57,136| ; C In: 12.04 13:32:59,022|
lab29-1-1: message_number_3576. Sent time: 12.04 13:32:55,132| 12.04 13:32:57,137| ; C In: 12.04 13:32:59,023|
lab29-1-1: message_number_3577. Sent time: 12.04 13:32:55,133| 12.04 13:32:57,137| ; C In: 12.04 13:32:59,024|
lab29-1-1: message_number_3578. Sent time: 12.04 13:32:55,133| 12.04 13:32:57,139| ; C In: 12.04 13:32:59,025|
lab29-1-1: message_number_3579. Sent time: 12.04 13:32:55,133| 12.04 13:32:57,139| ; C In: 12.04 13:32:59,026|
lab29-1-1: message_number_3580. Sent time: 12.04 13:32:55,134| 12.04 13:32:57,140| ; C In: 12.04 13:32:59,026|
lab29-1-1: message_number_3581. Sent time: 12.04 13:32:55,134| 12.04 13:32:57,141| ; C In: 12.04 13:32:59,027|
lab29-1-1: message_number_3582. Sent time: 12.04 13:32:55,135| 12.04 13:32:57,141| ; C In: 12.04 13:32:59,028|
lab29-1-1: message_number_3583. Sent time: 12.04 13:32:55,135| 12.04 13:32:57,141| ; C In: 12.04 13:32:59,029|
[lab28|0304]: 3584te Nachricht. C Out: 12.04 13:32:58,445| 12.04 13:32:58,447| ; C In: 12.04 13:32:59,030|
[lab28|0304]: 3585te Nachricht. C Out: 12.04 13:32:58,446| 12.04 13:32:58,447| ; C In: 12.04 13:32:59,030|
[lab28|0304]: 3586te Nachricht. C Out: 12.04 13:32:58,445| 12.04 13:32:58,447| ; C In: 12.04 13:32:59,031|
[lab28|0304]: 3587te Nachricht. C Out: 12.04 13:32:58,446| 12.04 13:32:58,448| ; C In: 12.04 13:32:59,032|
[lab28|0304]: 3588te Nachricht. C Out: 12.04 13:32:58,446| 12.04 13:32:58,448| ; C In: 12.04 13:32:59,033|
[lab28|0304]: 3589te Nachricht. C Out: 12.04 13:32:58,446| 12.04 13:32:58,448| ; C In: 12.04 13:32:59,034|
[lab28|0304]: 3590te Nachricht. C Out: 12.04 13:32:58,446| 12.04 13:32:58,448| ; C In: 12.04 13:32:59,034|
[lab28|0304]: 3591te Nachricht. C Out: 12.04 13:32:58,447| 12.04 13:32:58,449| ; C In: 12.04 13:32:59,036|
[lab28|0304]: 3592te Nachricht. C Out: 12.04 13:32:58,447| 12.04 13:32:58,449| ; C In: 12.04 13:32:59,037|
[lab28|0304]: 3593te Nachricht. C Out: 12.04 13:32:58,447| 12.04 13:32:58,449| ; C In: 12.04 13:32:59,038|
[lab28|0304]: 3594te Nachricht. C Out: 12.04 13:32:58,449| 12.04 13:32:58,451| ; C In: 12.04 13:32:59,038|
[lab28|0304]: 3595te Nachricht. C Out: 12.04 13:32:58,449| 12.04 13:32:58,450| ; C In: 12.04 13:32:59,039|
[lab28|0304]: 3596te Nachricht. C Out: 12.04 13:32:58,449| 12.04 13:32:58,450| ; C In: 12.04 13:32:59,040|
[lab28|0304]: 3597te Nachricht. C Out: 12.04 13:32:58,449| 12.04 13:32:58,451| ; C In: 12.04 13:32:59,041|
[lab28|0304]: 3598te Nachricht. C Out: 12.04 13:32:58,450| 12.04 13:32:58,451| ; C In: 12.04 13:32:59,042|
[lab28|0304]: 3599te Nachricht. C Out: 12.04 13:32:58,450| 12.04 13:32:58,452| ; C In: 12.04 13:32:59,043|
[lab28|0304]: 3600te Nachricht. C Out: 12.04 13:32:58,451| 12.04 13:32:58,453| ; C In: 12.04 13:32:59,043|
[lab28|0304]: 3601te Nachricht. C Out: 12.04 13:32:58,452| 12.04 13:32:58,453| ; C In: 12.04 13:32:59,044|
[lab28|0304]: 3602te Nachricht. C Out: 12.04 13:32:58,451| 12.04 13:32:58,452| ; C In: 12.04 13:32:59,045|
[lab28|0304]: 3603te Nachricht. C Out: 12.04 13:32:58,451| 12.04 13:32:58,453| ; C In: 12.04 13:32:59,046|
1-clientserver@lab22.cpt.haw-hamburg.de<0.22047.0>-C-1-5: 3604te_Nachricht. C Out: 12.04 13:32:55,606|(3604) 12.04 13:32:57,857| ; C In: 12.04 13:32:59,046|
15-clientserver@lab22.cpt.haw-hamburg.de<0.22062.0>-C-1-5: 3605te_Nachricht. C Out: 12.04 13:32:55,607|(3605) 12.04 13:32:57,858| ; C In: 12.04 13:32:59,047|
..getmessages..Done...
14-clientserver@lab22.cpt.haw-hamburg.de<0.22061.0>-C-1-5: 3734te_Nachricht. C Out: 12.04 13:32:59,048|(3734) gesendet
14-clientserver@lab22.cpt.haw-hamburg.de<0.22061.0>-C-1-5: 3809te_Nachricht. C Out: 12.04 13:33:01,049|(3809) gesendet
14-clientserver@lab22.cpt.haw-hamburg.de<0.22061.0>-C-1-5: 3870te_Nachricht. C Out: 12.04 13:33:03,051|(3870) gesendet
14-clientserver@lab22.cpt.haw-hamburg.de<0.22061.0>-C-1-5: 3958te_Nachricht. C Out: 12.04 13:33:05,053|(3958) gesendet
14-clientserver@lab22.cpt.haw-hamburg.de<0.22061.0>-C-1-5: 4026te_Nachricht. C Out: 12.04 13:33:07,054|(4026) gesendet
4133te_Nachricht um 12.04 13:33:09,056|- vergessen zu senden ******
Neues Sendeintervall: 2 Sekunden
14-clientserver@lab22.cpt.haw-hamburg.de<0.22061.0>-C-1-5: 4026te_Nachricht. C Out: 12.04 13:33:07,054|(4026) 12.04 13:33:09,056| ; C In: 12.04 13:33:11,057|
16-clientserver@lab22.cpt.haw-hamburg.de<0.22063.0>-C-1-5: 4027te_Nachricht. C Out: 12.04 13:33:07,055|(4027) 12.04 13:33:09,056| ; C In: 12.04 13:33:11,058|
6-clientserver@lab22.cpt.haw-hamburg.de<0.22053.0>-C-1-5: 4028te_Nachricht. C Out: 12.04 13:33:07,056|(4028) 12.04 13:33:09,056| ; C In: 12.04 13:33:11,058|
Fehlernachricht fuer Nachrichtennummern 4029 bis 4030 ; C In: 12.04 13:33:11,058|
'clientNode@lab26.cpt.haw-hamburg.de'-<0.9123.0>-C-3-06:4031te Nachricht.C Out:12.04 13:33:09,107| 12.04 13:33:09,110| ; C In: 12.04 13:33:11,059|
'clientNode@lab26.cpt.haw-hamburg.de'-<0.9109.0>-C-3-06:4032te Nachricht.C Out:12.04 13:33:09,117| 12.04 13:33:09,120| ; C In: 12.04 13:33:11,059|
Fehlernachricht fuer Nachrichtennummern 4033 bis 4072 ; C In: 12.04 13:33:11,060|
lab29-1-1: message_number_4073. Sent time: 12.04 13:33:07,647| 12.04 13:33:09,648| ; C In: 12.04 13:33:11,060|
lab29-1-1: message_number_4074. Sent time: 12.04 13:33:07,647| 12.04 13:33:09,649| ; C In: 12.04 13:33:11,060|
lab29-1-1: message_number_4075. Sent time: 12.04 13:33:07,648| 12.04 13:33:09,649| ; C In: 12.04 13:33:11,061|
lab29-1-1: message_number_4076. Sent time: 12.04 13:33:07,648| 12.04 13:33:09,649| ; C In: 12.04 13:33:11,061|
lab29-1-1: message_number_4077. Sent time: 12.04 13:33:07,648| 12.04 13:33:09,650| ; C In: 12.04 13:33:11,061|
lab29-1-1: message_number_4078. Sent time: 12.04 13:33:07,649| 12.04 13:33:09,650| ; C In: 12.04 13:33:11,062|
lab29-1-1: message_number_4079. Sent time: 12.04 13:33:07,649| 12.04 13:33:09,651| ; C In: 12.04 13:33:11,062|
lab29-1-1: message_number_4080. Sent time: 12.04 13:33:07,649| 12.04 13:33:09,652| ; C In: 12.04 13:33:11,063|
lab29-1-1: message_number_4081. Sent time: 12.04 13:33:07,649| 12.04 13:33:09,651| ; C In: 12.04 13:33:11,063|
lab29-1-1: message_number_4082. Sent time: 12.04 13:33:07,650| 12.04 13:33:09,652| ; C In: 12.04 13:33:11,063|
lab29-1-1: message_number_4083. Sent time: 12.04 13:33:07,650| 12.04 13:33:09,651| ; C In: 12.04 13:33:11,064|
lab29-1-1: message_number_4084. Sent time: 12.04 13:33:07,650| 12.04 13:33:09,652| ; C In: 12.04 13:33:11,064|
lab29-1-1: message_number_4085. Sent time: 12.04 13:33:07,650| 12.04 13:33:09,652| ; C In: 12.04 13:33:11,065|
lab29-1-1: message_number_4086. Sent time: 12.04 13:33:07,651| 12.04 13:33:09,653| ; C In: 12.04 13:33:11,065|
lab29-1-1: message_number_4087. Sent time: 12.04 13:33:07,651| 12.04 13:33:09,653| ; C In: 12.04 13:33:11,066|
lab29-1-1: message_number_4088. Sent time: 12.04 13:33:07,651| 12.04 13:33:09,653| ; C In: 12.04 13:33:11,066|
lab29-1-1: message_number_4089. Sent time: 12.04 13:33:07,651| 12.04 13:33:09,654| ; C In: 12.04 13:33:11,066|
lab29-1-1: message_number_4090. Sent time: 12.04 13:33:07,651| 12.04 13:33:09,654| ; C In: 12.04 13:33:11,067|
lab29-1-1: message_number_4091. Sent time: 12.04 13:33:07,652| 12.04 13:33:09,654| ; C In: 12.04 13:33:11,067|
lab29-1-1: message_number_4092. Sent time: 12.04 13:33:07,652| 12.04 13:33:09,655| ; C In: 12.04 13:33:11,068|
No new messages ; C In: 12.04 13:33:11,068|
..getmessages..Done...
14-clientserver@lab22.cpt.haw-hamburg.de<0.22061.0>-C-1-5: 4413te_Nachricht. C Out: 12.04 13:33:11,068|(4413) gesendet
14-clientserver@lab22.cpt.haw-hamburg.de<0.22061.0>-C-1-5: 4477te_Nachricht. C Out: 12.04 13:33:13,070|(4477) gesendet
14-clientserver@lab22.cpt.haw-hamburg.de<0.22061.0>-C-1-5: 4558te_Nachricht. C Out: 12.04 13:33:15,072|(4558) gesendet
14-clientserver@lab22.cpt.haw-hamburg.de<0.22061.0>-C-1-5: 4622te_Nachricht. C Out: 12.04 13:33:17,073|(4622) gesendet
14-clientserver@lab22.cpt.haw-hamburg.de<0.22061.0>-C-1-5: 4725te_Nachricht. C Out: 12.04 13:33:19,075|(4725) gesendet
4780te_Nachricht um 12.04 13:33:21,077|- vergessen zu senden ******
Neues Sendeintervall: 3 Sekunden
6-clientserver@lab22.cpt.haw-hamburg.de<0.22053.0>-C-1-5: 4714te_Nachricht. C Out: 12.04 13:33:18,086|(4714) 12.04 13:33:21,087| ; C In: 12.04 13:33:24,078|
Fehlernachricht fuer Nachrichtennummern 4715 bis 4715 ; C In: 12.04 13:33:24,078|
'clientNode@lab26.cpt.haw-hamburg.de'-<0.9117.0>-C-3-06:4716te Nachricht.C Out:12.04 13:33:20,096| 12.04 13:33:20,096| ; C In: 12.04 13:33:24,079|
4-clientserver@lab22.cpt.haw-hamburg.de<0.22051.0>-C-1-5: 4717te_Nachricht. C Out: 12.04 13:33:18,419|(4717) 12.04 13:33:20,420| ; C In: 12.04 13:33:24,079|
19-clientserver@lab22.cpt.haw-hamburg.de<0.22066.0>-C-1-5: 4718te_Nachricht. C Out: 12.04 13:33:18,434|(4718) 12.04 13:33:20,435| ; C In: 12.04 13:33:24,080|
Fehlernachricht fuer Nachrichtennummern 4467 bis 4721 ; C In: 12.04 13:33:24,080|
'clientNode2@lab26.cpt.haw-hamburg.de'-<0.379.0>-C-3-06:4722te Nachricht.C Out:12.04 13:33:20,941| 12.04 13:33:20,942| ; C In: 12.04 13:33:24,081|
'clientNode@lab26.cpt.haw-hamburg.de'-<0.9103.0>-C-3-06:4723te Nachricht.C Out:12.04 13:33:20,981| 12.04 13:33:20,981| ; C In: 12.04 13:33:24,081|
'clientNode@lab26.cpt.haw-hamburg.de'-<0.9112.0>-C-3-06:4724te Nachricht.C Out:12.04 13:33:20,981| 12.04 13:33:20,981| ; C In: 12.04 13:33:24,081|
14-clientserver@lab22.cpt.haw-hamburg.de<0.22061.0>-C-1-5: 4725te_Nachricht. C Out: 12.04 13:33:19,075|(4725) 12.04 13:33:21,077| ; C In: 12.04 13:33:24,082|
Fehlernachricht fuer Nachrichtennummern 4713 bis 4726 ; C In: 12.04 13:33:24,082|
'clientNode@lab26.cpt.haw-hamburg.de'-<0.9123.0>-C-3-06:4727te Nachricht.C Out:12.04 13:33:22,134| 12.04 13:33:22,134| ; C In: 12.04 13:33:24,082|
'clientNode@lab26.cpt.haw-hamburg.de'-<0.9109.0>-C-3-06:4728te Nachricht.C Out:12.04 13:33:21,146| 12.04 13:33:21,146| ; C In: 12.04 13:33:24,083|
[lab28|0304]: 4729te Nachricht. C Out: 12.04 13:33:23,659| 12.04 13:33:23,660| ; C In: 12.04 13:33:24,083|
[lab28|0304]: 4730te Nachricht. C Out: 12.04 13:33:23,659| 12.04 13:33:23,660| ; C In: 12.04 13:33:24,084|
[lab28|0304]: 4731te Nachricht. C Out: 12.04 13:33:22,660| 12.04 13:33:22,661| ; C In: 12.04 13:33:24,084|
[lab28|0304]: 4732te Nachricht. C Out: 12.04 13:33:23,661| 12.04 13:33:23,662| ; C In: 12.04 13:33:24,084|
[lab28|0304]: 4733te Nachricht. C Out: 12.04 13:33:23,661| 12.04 13:33:23,662| ; C In: 12.04 13:33:24,085|
[lab28|0304]: 4734te Nachricht. C Out: 12.04 13:33:22,662| 12.04 13:33:22,663| ; C In: 12.04 13:33:24,085|
[lab28|0304]: 4735te Nachricht. C Out: 12.04 13:33:23,662| 12.04 13:33:23,663| ; C In: 12.04 13:33:24,085|
[lab28|0304]: 4736te Nachricht. C Out: 12.04 13:33:22,662| 12.04 13:33:22,663| ; C In: 12.04 13:33:24,086|
[lab28|0304]: 4737te Nachricht. C Out: 12.04 13:33:22,663| 12.04 13:33:22,665| ; C In: 12.04 13:33:24,086|
[lab28|0304]: 4738te Nachricht. C Out: 12.04 13:33:22,663| 12.04 13:33:22,664| ; C In: 12.04 13:33:24,086|
[lab28|0304]: 4739te Nachricht. C Out: 12.04 13:33:22,663| 12.04 13:33:22,665| ; C In: 12.04 13:33:24,087|
[lab28|0304]: 4740te Nachricht. C Out: 12.04 13:33:22,664| 12.04 13:33:22,666| ; C In: 12.04 13:33:24,087|
5-clientserver@lab22.cpt.haw-hamburg.de<0.22052.0>-C-1-5: 4741te_Nachricht. C Out: 12.04 13:33:19,685|(4741) 12.04 13:33:21,936| ; C In: 12.04 13:33:24,088|
12-clientserver@lab22.cpt.haw-hamburg.de<0.22059.0>-C-1-5: 4742te_Nachricht. C Out: 12.04 13:33:19,689|(4742) 12.04 13:33:21,940| ; C In: 12.04 13:33:24,088|
'clientNode2@lab26.cpt.haw-hamburg.de'-<0.373.0>-C-3-06:4743te Nachricht.C Out:12.04 13:33:22,912| 12.04 13:33:22,913| ; C In: 12.04 13:33:24,088|
'clientNode2@lab26.cpt.haw-hamburg.de'-<0.387.0>-C-3-06:4744te Nachricht.C Out:12.04 13:33:21,919| 12.04 13:33:21,920| ; C In: 12.04 13:33:24,089|
[lab28|0304]: 4745te Nachricht. C Out: 12.04 13:33:21,947| 12.04 13:33:21,948| ; C In: 12.04 13:33:24,090|
[lab28|0304]: 4746te Nachricht. C Out: 12.04 13:33:21,947| 12.04 13:33:21,948| ; C In: 12.04 13:33:24,090|
[lab28|0304]: 4747te Nachricht. C Out: 12.04 13:33:21,947| 12.04 13:33:21,948| ; C In: 12.04 13:33:24,090|
[lab28|0304]: 4748te Nachricht. C Out: 12.04 13:33:21,948| 12.04 13:33:21,949| ; C In: 12.04 13:33:24,091|
[lab28|0304]: 4749te Nachricht. C Out: 12.04 13:33:21,948| 12.04 13:33:21,949| ; C In: 12.04 13:33:24,091|
'clientNode2@lab26.cpt.haw-hamburg.de'-<0.395.0>-C-3-06:4750te Nachricht.C Out:12.04 13:33:21,953| 12.04 13:33:21,954| ; C In: 12.04 13:33:24,092|
'clientNode2@lab26.cpt.haw-hamburg.de'-<0.370.0>-C-3-06:4751te Nachricht.C Out:12.04 13:33:21,959| 12.04 13:33:21,960| ; C In: 12.04 13:33:24,092|
'clientNode@lab26.cpt.haw-hamburg.de'-<0.9117.0>-C-3-06:4752te Nachricht.C Out:12.04 13:33:22,097| 12.04 13:33:22,097| ; C In: 12.04 13:33:24,092|
..getmessages..Done...
14-clientserver@lab22.cpt.haw-hamburg.de<0.22061.0>-C-1-5: 4892te_Nachricht. C Out: 12.04 13:33:24,093|(4892) gesendet
14-clientserver@lab22.cpt.haw-hamburg.de<0.22061.0>-C-1-5: 4962te_Nachricht. C Out: 12.04 13:33:27,094|(4962) gesendet
14-clientserver@lab22.cpt.haw-hamburg.de<0.22061.0>-C-1-5: 5010te_Nachricht. C Out: 12.04 13:33:30,097|(5010) gesendet
14-clientserver@lab22.cpt.haw-hamburg.de<0.22061.0>-C-1-5: 5058te_Nachricht. C Out: 12.04 13:33:33,098|(5058) gesendet
14-clientserver@lab22.cpt.haw-hamburg.de<0.22061.0>-C-1-5: 5099te_Nachricht. C Out: 12.04 13:33:36,100|(5099) gesendet
5142te_Nachricht um 12.04 13:33:39,102|- vergessen zu senden ******
Neues Sendeintervall: 2 Sekunden
14-clientserver@lab22.cpt.haw-hamburg.de<0.22061.0>-C-1-5: Lebenszeit um. Wird beendet.
