8-clientserver@lab22.cpt.haw-hamburg.de<0.22055.0>-C-1-5: Start: 12.04 13:31:41,034|.
8-clientserver@lab22.cpt.haw-hamburg.de<0.22055.0>-C-1-5: 619te_Nachricht. C Out: 12.04 13:31:41,034|(619) gesendet
8-clientserver@lab22.cpt.haw-hamburg.de<0.22055.0>-C-1-5: 697te_Nachricht. C Out: 12.04 13:31:44,039|(697) gesendet
8-clientserver@lab22.cpt.haw-hamburg.de<0.22055.0>-C-1-5: 797te_Nachricht. C Out: 12.04 13:31:47,042|(797) gesendet
8-clientserver@lab22.cpt.haw-hamburg.de<0.22055.0>-C-1-5: 1084te_Nachricht. C Out: 12.04 13:31:50,044|(1084) gesendet
8-clientserver@lab22.cpt.haw-hamburg.de<0.22055.0>-C-1-5: 1184te_Nachricht. C Out: 12.04 13:31:53,046|(1184) gesendet
1238te_Nachricht um 12.04 13:31:56,048|- vergessen zu senden ******
Neues Sendeintervall: 4 Sekunden
'clientNode2@lab26.cpt.haw-hamburg.de'-<0.384.0>-C-3-06:1294te Nachricht.C Out:12.04 13:31:59,732| 12.04 13:31:59,733| ; C In: 12.04 13:32:00,550|
'clientNode2@lab26.cpt.haw-hamburg.de'-<0.379.0>-C-3-06:1295te Nachricht.C Out:12.04 13:31:58,733| 12.04 13:31:58,734| ; C In: 12.04 13:32:00,552|
'clientNode2@lab26.cpt.haw-hamburg.de'-<0.370.0>-C-3-06:1296te Nachricht.C Out:12.04 13:31:58,734| 12.04 13:31:58,735| ; C In: 12.04 13:32:00,555|
'clientNode2@lab26.cpt.haw-hamburg.de'-<0.395.0>-C-3-06:1297te Nachricht.C Out:12.04 13:31:58,734| 12.04 13:31:58,735| ; C In: 12.04 13:32:00,558|
'clientNode@lab26.cpt.haw-hamburg.de'-<0.9123.0>-C-3-06:1298te Nachricht.C Out:12.04 13:31:58,895| 12.04 13:31:58,895| ; C In: 12.04 13:32:00,560|
'clientNode@lab26.cpt.haw-hamburg.de'-<0.9117.0>-C-3-06:1299te Nachricht.C Out:12.04 13:31:58,895| 12.04 13:31:58,895| ; C In: 12.04 13:32:00,563|
'clientNode@lab26.cpt.haw-hamburg.de'-<0.9126.0>-C-3-06:1300te Nachricht.C Out:12.04 13:31:58,896| 12.04 13:31:58,896| ; C In: 12.04 13:32:00,566|
'clientNode@lab26.cpt.haw-hamburg.de'-<0.9128.0>-C-3-06:1301te Nachricht.C Out:12.04 13:31:58,896| 12.04 13:31:58,896| ; C In: 12.04 13:32:00,568|
Fehlernachricht fuer Nachrichtennummern 1302 bis 1311 ; C In: 12.04 13:32:00,571|
lab29-1-1: message_number_1312. Sent time: 12.04 13:31:58,108| 12.04 13:32:00,109| ; C In: 12.04 13:32:00,573|
lab29-1-1: message_number_1313. Sent time: 12.04 13:31:58,110| 12.04 13:32:00,111| ; C In: 12.04 13:32:00,576|
lab29-1-1: message_number_1314. Sent time: 12.04 13:31:58,109| 12.04 13:32:00,111| ; C In: 12.04 13:32:00,578|
lab29-1-1: message_number_1315. Sent time: 12.04 13:31:58,110| 12.04 13:32:00,111| ; C In: 12.04 13:32:00,580|
lab29-1-1: message_number_1316. Sent time: 12.04 13:31:58,110| 12.04 13:32:00,112| ; C In: 12.04 13:32:00,583|
lab29-1-1: message_number_1317. Sent time: 12.04 13:31:58,110| 12.04 13:32:00,112| ; C In: 12.04 13:32:00,585|
lab29-1-1: message_number_1318. Sent time: 12.04 13:31:58,112| 12.04 13:32:00,113| ; C In: 12.04 13:32:00,587|
lab29-1-1: message_number_1319. Sent time: 12.04 13:31:58,112| 12.04 13:32:00,114| ; C In: 12.04 13:32:00,590|
lab29-1-1: message_number_1320. Sent time: 12.04 13:31:58,113| 12.04 13:32:00,114| ; C In: 12.04 13:32:00,592|
lab29-1-1: message_number_1321. Sent time: 12.04 13:31:58,113| 12.04 13:32:00,115| ; C In: 12.04 13:32:00,595|
lab29-1-1: message_number_1322. Sent time: 12.04 13:31:58,114| 12.04 13:32:00,116| ; C In: 12.04 13:32:00,597|
lab29-1-1: message_number_1323. Sent time: 12.04 13:31:58,115| 12.04 13:32:00,116| ; C In: 12.04 13:32:00,599|
lab29-1-1: message_number_1324. Sent time: 12.04 13:31:58,115| 12.04 13:32:00,117| ; C In: 12.04 13:32:00,601|
lab29-1-1: message_number_1325. Sent time: 12.04 13:31:58,116| 12.04 13:32:00,117| ; C In: 12.04 13:32:00,603|
lab29-1-1: message_number_1326. Sent time: 12.04 13:31:58,116| 12.04 13:32:00,118| ; C In: 12.04 13:32:00,606|
lab29-1-1: message_number_1327. Sent time: 12.04 13:31:58,116| 12.04 13:32:00,118| ; C In: 12.04 13:32:00,608|
lab29-1-1: message_number_1328. Sent time: 12.04 13:31:58,117| 12.04 13:32:00,119| ; C In: 12.04 13:32:00,610|
lab29-1-1: message_number_1329. Sent time: 12.04 13:31:58,118| 12.04 13:32:00,119| ; C In: 12.04 13:32:00,612|
lab29-1-1: message_number_1330. Sent time: 12.04 13:31:58,118| 12.04 13:32:00,120| ; C In: 12.04 13:32:00,615|
lab29-1-1: message_number_1331. Sent time: 12.04 13:31:58,118| 12.04 13:32:00,120| ; C In: 12.04 13:32:00,617|
3-clientserver@lab22.cpt.haw-hamburg.de<0.22050.0>-C-1-5: 1332te_Nachricht. C Out: 12.04 13:31:58,209|(1332) 12.04 13:32:00,210| ; C In: 12.04 13:32:00,619|
0-clientserver@lab22.cpt.haw-hamburg.de<0.22046.0>-C-1-5: 1333te_Nachricht. C Out: 12.04 13:31:58,209|(1333) 12.04 13:32:00,211| ; C In: 12.04 13:32:00,622|
1-clientserver@lab22.cpt.haw-hamburg.de<0.22047.0>-C-1-5: 1334te_Nachricht. C Out: 12.04 13:31:58,210|(1334) 12.04 13:32:00,211| ; C In: 12.04 13:32:00,624|
11-clientserver@lab22.cpt.haw-hamburg.de<0.22058.0>-C-1-5: 1335te_Nachricht. C Out: 12.04 13:31:58,212|(1335) 12.04 13:32:00,213| ; C In: 12.04 13:32:00,626|
4-clientserver@lab22.cpt.haw-hamburg.de<0.22051.0>-C-1-5: 1336te_Nachricht. C Out: 12.04 13:31:58,214|(1336) 12.04 13:32:00,216| ; C In: 12.04 13:32:00,628|
5-clientserver@lab22.cpt.haw-hamburg.de<0.22052.0>-C-1-5: 1337te_Nachricht. C Out: 12.04 13:31:58,217|(1337) 12.04 13:32:00,218| ; C In: 12.04 13:32:00,631|
7-clientserver@lab22.cpt.haw-hamburg.de<0.22054.0>-C-1-5: 1338te_Nachricht. C Out: 12.04 13:31:58,217|(1338) 12.04 13:32:00,218| ; C In: 12.04 13:32:00,633|
10-clientserver@lab22.cpt.haw-hamburg.de<0.22057.0>-C-1-5: 1339te_Nachricht. C Out: 12.04 13:31:58,217|(1339) 12.04 13:32:00,219| ; C In: 12.04 13:32:00,635|
12-clientserver@lab22.cpt.haw-hamburg.de<0.22059.0>-C-1-5: 1340te_Nachricht. C Out: 12.04 13:31:58,217|(1340) 12.04 13:32:00,219| ; C In: 12.04 13:32:00,637|
13-clientserver@lab22.cpt.haw-hamburg.de<0.22060.0>-C-1-5: 1341te_Nachricht. C Out: 12.04 13:31:58,217|(1341) 12.04 13:32:00,220| ; C In: 12.04 13:32:00,639|
18-clientserver@lab22.cpt.haw-hamburg.de<0.22065.0>-C-1-5: 1342te_Nachricht. C Out: 12.04 13:31:58,217|(1342) 12.04 13:32:00,220| ; C In: 12.04 13:32:00,641|
15-clientserver@lab22.cpt.haw-hamburg.de<0.22062.0>-C-1-5: 1343te_Nachricht. C Out: 12.04 13:31:58,217|(1343) 12.04 13:32:00,220| ; C In: 12.04 13:32:00,643|
19-clientserver@lab22.cpt.haw-hamburg.de<0.22066.0>-C-1-5: 1344te_Nachricht. C Out: 12.04 13:31:58,218|(1344) 12.04 13:32:00,221| ; C In: 12.04 13:32:00,644|
..getmessages..Done...
8-clientserver@lab22.cpt.haw-hamburg.de<0.22055.0>-C-1-5: 1406te_Nachricht. C Out: 12.04 13:32:00,645|(1406) gesendet
8-clientserver@lab22.cpt.haw-hamburg.de<0.22055.0>-C-1-5: 1776te_Nachricht. C Out: 12.04 13:32:05,146|(1776) gesendet
8-clientserver@lab22.cpt.haw-hamburg.de<0.22055.0>-C-1-5: 1922te_Nachricht. C Out: 12.04 13:32:09,647|(1922) gesendet
8-clientserver@lab22.cpt.haw-hamburg.de<0.22055.0>-C-1-5: 2047te_Nachricht. C Out: 12.04 13:32:14,149|(2047) gesendet
8-clientserver@lab22.cpt.haw-hamburg.de<0.22055.0>-C-1-5: 2215te_Nachricht. C Out: 12.04 13:32:18,650|(2215) gesendet
2337te_Nachricht um 12.04 13:32:23,152|- vergessen zu senden ******
Neues Sendeintervall: 6 Sekunden
18-clientserver@lab22.cpt.haw-hamburg.de<0.22065.0>-C-1-5: 2348te_Nachricht. C Out: 12.04 13:32:23,318|(2348) 12.04 13:32:26,320| ; C In: 12.04 13:32:29,903|
'clientNode2@lab26.cpt.haw-hamburg.de'-<0.376.0>-C-3-06:2349te Nachricht.C Out:12.04 13:32:26,809| 12.04 13:32:26,815| ; C In: 12.04 13:32:29,904|
'clientNode2@lab26.cpt.haw-hamburg.de'-<0.395.0>-C-3-06:2350te Nachricht.C Out:12.04 13:32:25,829| 12.04 13:32:25,830| ; C In: 12.04 13:32:29,905|
Fehlernachricht fuer Nachrichtennummern 2293 bis 2401 ; C In: 12.04 13:32:29,905|
'clientNode@lab26.cpt.haw-hamburg.de'-<0.9109.0>-C-3-06:2402te Nachricht.C Out:12.04 13:32:25,975| 12.04 13:32:25,975| ; C In: 12.04 13:32:29,906|
'clientNode@lab26.cpt.haw-hamburg.de'-<0.9106.0>-C-3-06:2403te Nachricht.C Out:12.04 13:32:25,975| 12.04 13:32:25,976| ; C In: 12.04 13:32:29,907|
Fehlernachricht fuer Nachrichtennummern 2404 bis 2463 ; C In: 12.04 13:32:29,908|
5-clientserver@lab22.cpt.haw-hamburg.de<0.22052.0>-C-1-5: 2464te_Nachricht. C Out: 12.04 13:32:24,344|(2464) 12.04 13:32:26,346| ; C In: 12.04 13:32:29,909|
12-clientserver@lab22.cpt.haw-hamburg.de<0.22059.0>-C-1-5: 2465te_Nachricht. C Out: 12.04 13:32:24,350|(2465) 12.04 13:32:26,351| ; C In: 12.04 13:32:29,910|
13-clientserver@lab22.cpt.haw-hamburg.de<0.22060.0>-C-1-5: 2466te_Nachricht. C Out: 12.04 13:32:24,351|(2466) 12.04 13:32:26,351| ; C In: 12.04 13:32:29,911|
19-clientserver@lab22.cpt.haw-hamburg.de<0.22066.0>-C-1-5: 2467te_Nachricht. C Out: 12.04 13:32:24,351|(2467) 12.04 13:32:26,352| ; C In: 12.04 13:32:29,911|
Fehlernachricht fuer Nachrichtennummern 2468 bis 2517 ; C In: 12.04 13:32:29,912|
lab29-1-1: message_number_2518. Sent time: 12.04 13:32:24,609| 12.04 13:32:26,610| ; C In: 12.04 13:32:29,913|
lab29-1-1: message_number_2519. Sent time: 12.04 13:32:24,609| 12.04 13:32:26,611| ; C In: 12.04 13:32:29,914|
Fehlernachricht fuer Nachrichtennummern 2352 bis 2520 ; C In: 12.04 13:32:29,914|
lab29-1-1: message_number_2521. Sent time: 12.04 13:32:24,610| 12.04 13:32:26,612| ; C In: 12.04 13:32:29,915|
Fehlernachricht fuer Nachrichtennummern 2522 bis 2523 ; C In: 12.04 13:32:29,916|
lab29-1-1: message_number_2524. Sent time: 12.04 13:32:24,611| 12.04 13:32:26,612| ; C In: 12.04 13:32:29,917|
lab29-1-1: message_number_2525. Sent time: 12.04 13:32:24,611| 12.04 13:32:26,613| ; C In: 12.04 13:32:29,918|
lab29-1-1: message_number_2526. Sent time: 12.04 13:32:24,613| 12.04 13:32:26,615| ; C In: 12.04 13:32:29,919|
lab29-1-1: message_number_2527. Sent time: 12.04 13:32:24,613| 12.04 13:32:26,616| ; C In: 12.04 13:32:29,919|
lab29-1-1: message_number_2528. Sent time: 12.04 13:32:24,614| 12.04 13:32:26,617| ; C In: 12.04 13:32:29,920|
lab29-1-1: message_number_2529. Sent time: 12.04 13:32:24,615| 12.04 13:32:26,618| ; C In: 12.04 13:32:29,921|
lab29-1-1: message_number_2530. Sent time: 12.04 13:32:24,615| 12.04 13:32:26,619| ; C In: 12.04 13:32:29,922|
Fehlernachricht fuer Nachrichtennummern 2531 bis 2535 ; C In: 12.04 13:32:29,923|
lab29-1-1: message_number_2536. Sent time: 12.04 13:32:24,615| 12.04 13:32:26,619| ; C In: 12.04 13:32:29,924|
lab29-1-1: message_number_2537. Sent time: 12.04 13:32:24,616| 12.04 13:32:26,619| ; C In: 12.04 13:32:29,925|
lab29-1-1: message_number_2538. Sent time: 12.04 13:32:24,616| 12.04 13:32:26,620| ; C In: 12.04 13:32:29,926|
lab29-1-1: message_number_2539. Sent time: 12.04 13:32:24,617| 12.04 13:32:26,622| ; C In: 12.04 13:32:29,926|
Fehlernachricht fuer Nachrichtennummern 2540 bis 2540 ; C In: 12.04 13:32:29,927|
lab29-1-1: message_number_2541. Sent time: 12.04 13:32:24,617| 12.04 13:32:26,622| ; C In: 12.04 13:32:29,928|
lab29-1-1: message_number_2542. Sent time: 12.04 13:32:24,618| 12.04 13:32:26,622| ; C In: 12.04 13:32:29,929|
lab29-1-1: message_number_2543. Sent time: 12.04 13:32:24,618| 12.04 13:32:26,624| ; C In: 12.04 13:32:29,930|
lab29-1-1: message_number_2544. Sent time: 12.04 13:32:24,619| 12.04 13:32:26,625| ; C In: 12.04 13:32:29,931|
lab29-1-1: message_number_2545. Sent time: 12.04 13:32:24,619| 12.04 13:32:26,625| ; C In: 12.04 13:32:29,931|
lab29-1-1: message_number_2546. Sent time: 12.04 13:32:24,619| 12.04 13:32:26,626| ; C In: 12.04 13:32:29,932|
..getmessages..Done...
8-clientserver@lab22.cpt.haw-hamburg.de<0.22055.0>-C-1-5: 2711te_Nachricht. C Out: 12.04 13:32:29,932|(2711) gesendet
8-clientserver@lab22.cpt.haw-hamburg.de<0.22055.0>-C-1-5: 2896te_Nachricht. C Out: 12.04 13:32:36,683|(2896) gesendet
8-clientserver@lab22.cpt.haw-hamburg.de<0.22055.0>-C-1-5: 3041te_Nachricht. C Out: 12.04 13:32:43,435|(3041) gesendet
8-clientserver@lab22.cpt.haw-hamburg.de<0.22055.0>-C-1-5: 3212te_Nachricht. C Out: 12.04 13:32:50,188|(3212) gesendet
8-clientserver@lab22.cpt.haw-hamburg.de<0.22055.0>-C-1-5: 3628te_Nachricht. C Out: 12.04 13:32:56,939|(3628) gesendet
3910te_Nachricht um 12.04 13:33:03,691|- vergessen zu senden ******
Neues Sendeintervall: 3 Sekunden
Fehlernachricht fuer Nachrichtennummern 3866 bis 3869 ; C In: 12.04 13:33:07,067|
14-clientserver@lab22.cpt.haw-hamburg.de<0.22061.0>-C-1-5: 3870te_Nachricht. C Out: 12.04 13:33:03,051|(3870) 12.04 13:33:05,052| ; C In: 12.04 13:33:07,068|
16-clientserver@lab22.cpt.haw-hamburg.de<0.22063.0>-C-1-5: 3871te_Nachricht. C Out: 12.04 13:33:03,052|(3871) 12.04 13:33:05,053| ; C In: 12.04 13:33:07,069|
6-clientserver@lab22.cpt.haw-hamburg.de<0.22053.0>-C-1-5: 3872te_Nachricht. C Out: 12.04 13:33:03,052|(3872) 12.04 13:33:05,053| ; C In: 12.04 13:33:07,069|
Fehlernachricht fuer Nachrichtennummern 3873 bis 3874 ; C In: 12.04 13:33:07,070|
7-profB@lab31.cpt.haw-hamburg.de-<0.13169.0>-KLC: 3875te_Nachricht. C Out: 12.04 13:33:06,090| 12.04 13:33:06,091| ; C In: 12.04 13:33:07,071|
5-profB@lab31.cpt.haw-hamburg.de-<0.13167.0>-KLC: 3876te_Nachricht. C Out: 12.04 13:33:06,090| 12.04 13:33:06,091| ; C In: 12.04 13:33:07,072|
2-profB@lab31.cpt.haw-hamburg.de-<0.13164.0>-KLC: 3877te_Nachricht. C Out: 12.04 13:33:06,090| 12.04 13:33:06,092| ; C In: 12.04 13:33:07,072|
0-profB@lab31.cpt.haw-hamburg.de-<0.13162.0>-KLC: 3878te_Nachricht. C Out: 12.04 13:33:06,090| 12.04 13:33:06,092| ; C In: 12.04 13:33:07,073|
9-profB@lab31.cpt.haw-hamburg.de-<0.13171.0>-KLC: 3879te_Nachricht. C Out: 12.04 13:33:06,091| 12.04 13:33:06,092| ; C In: 12.04 13:33:07,074|
6-profB@lab31.cpt.haw-hamburg.de-<0.13168.0>-KLC: 3880te_Nachricht. C Out: 12.04 13:33:06,091| 12.04 13:33:06,093| ; C In: 12.04 13:33:07,074|
4-profB@lab31.cpt.haw-hamburg.de-<0.13166.0>-KLC: 3881te_Nachricht. C Out: 12.04 13:33:06,092| 12.04 13:33:06,093| ; C In: 12.04 13:33:07,075|
1-profB@lab31.cpt.haw-hamburg.de-<0.13163.0>-KLC: 3882te_Nachricht. C Out: 12.04 13:33:06,092| 12.04 13:33:06,094| ; C In: 12.04 13:33:07,076|
Fehlernachricht fuer Nachrichtennummern 3883 bis 3883 ; C In: 12.04 13:33:07,076|
3-profB@lab31.cpt.haw-hamburg.de-<0.13165.0>-KLC: 3884te_Nachricht. C Out: 12.04 13:33:06,093| 12.04 13:33:06,094| ; C In: 12.04 13:33:07,077|
8-profB@lab31.cpt.haw-hamburg.de-<0.13170.0>-KLC: 3885te_Nachricht. C Out: 12.04 13:33:06,093| 12.04 13:33:06,094| ; C In: 12.04 13:33:07,078|
'clientNode@lab26.cpt.haw-hamburg.de'-<0.9123.0>-C-3-06:3886te Nachricht.C Out:12.04 13:33:05,103| 12.04 13:33:05,104| ; C In: 12.04 13:33:07,078|
'clientNode@lab26.cpt.haw-hamburg.de'-<0.9109.0>-C-3-06:3887te Nachricht.C Out:12.04 13:33:05,113| 12.04 13:33:05,113| ; C In: 12.04 13:33:07,079|
lab29-1-1: message_number_3888. Sent time: 12.04 13:33:03,346| 12.04 13:33:05,348| ; C In: 12.04 13:33:07,080|
lab29-1-1: message_number_3889. Sent time: 12.04 13:33:03,347| 12.04 13:33:05,349| ; C In: 12.04 13:33:07,080|
lab29-1-1: message_number_3890. Sent time: 12.04 13:33:03,349| 12.04 13:33:05,350| ; C In: 12.04 13:33:07,081|
lab29-1-1: message_number_3891. Sent time: 12.04 13:33:03,349| 12.04 13:33:05,350| ; C In: 12.04 13:33:07,082|
lab29-1-1: message_number_3892. Sent time: 12.04 13:33:03,349| 12.04 13:33:05,351| ; C In: 12.04 13:33:07,083|
lab29-1-1: message_number_3893. Sent time: 12.04 13:33:03,349| 12.04 13:33:05,351| ; C In: 12.04 13:33:07,083|
lab29-1-1: message_number_3894. Sent time: 12.04 13:33:03,349| 12.04 13:33:05,352| ; C In: 12.04 13:33:07,084|
lab29-1-1: message_number_3895. Sent time: 12.04 13:33:03,350| 12.04 13:33:05,352| ; C In: 12.04 13:33:07,085|
lab29-1-1: message_number_3896. Sent time: 12.04 13:33:03,350| 12.04 13:33:05,352| ; C In: 12.04 13:33:07,085|
lab29-1-1: message_number_3897. Sent time: 12.04 13:33:03,351| 12.04 13:33:05,353| ; C In: 12.04 13:33:07,086|
lab29-1-1: message_number_3898. Sent time: 12.04 13:33:03,351| 12.04 13:33:05,353| ; C In: 12.04 13:33:07,087|
lab29-1-1: message_number_3899. Sent time: 12.04 13:33:03,351| 12.04 13:33:05,354| ; C In: 12.04 13:33:07,087|
lab29-1-1: message_number_3900. Sent time: 12.04 13:33:03,352| 12.04 13:33:05,354| ; C In: 12.04 13:33:07,088|
lab29-1-1: message_number_3901. Sent time: 12.04 13:33:03,352| 12.04 13:33:05,355| ; C In: 12.04 13:33:07,088|
lab29-1-1: message_number_3902. Sent time: 12.04 13:33:03,352| 12.04 13:33:05,355| ; C In: 12.04 13:33:07,089|
lab29-1-1: message_number_3903. Sent time: 12.04 13:33:03,353| 12.04 13:33:05,356| ; C In: 12.04 13:33:07,090|
lab29-1-1: message_number_3904. Sent time: 12.04 13:33:03,353| 12.04 13:33:05,356| ; C In: 12.04 13:33:07,091|
lab29-1-1: message_number_3905. Sent time: 12.04 13:33:03,353| 12.04 13:33:05,356| ; C In: 12.04 13:33:07,091|
lab29-1-1: message_number_3906. Sent time: 12.04 13:33:03,353| 12.04 13:33:05,357| ; C In: 12.04 13:33:07,092|
lab29-1-1: message_number_3907. Sent time: 12.04 13:33:03,354| 12.04 13:33:05,357| ; C In: 12.04 13:33:07,093|
No new messages ; C In: 12.04 13:33:07,093|
..getmessages..Done...
8-clientserver@lab22.cpt.haw-hamburg.de<0.22055.0>-C-1-5: 4030te_Nachricht. C Out: 12.04 13:33:07,093|(4030) gesendet
8-clientserver@lab22.cpt.haw-hamburg.de<0.22055.0>-C-1-5: 4398te_Nachricht. C Out: 12.04 13:33:10,470|(4398) gesendet
8-clientserver@lab22.cpt.haw-hamburg.de<0.22055.0>-C-1-5: 4535te_Nachricht. C Out: 12.04 13:33:13,846|(4535) gesendet
8-clientserver@lab22.cpt.haw-hamburg.de<0.22055.0>-C-1-5: 4635te_Nachricht. C Out: 12.04 13:33:17,222|(4635) gesendet
8-clientserver@lab22.cpt.haw-hamburg.de<0.22055.0>-C-1-5: 4763te_Nachricht. C Out: 12.04 13:33:20,598|(4763) gesendet
4889te_Nachricht um 12.04 13:33:23,975|- vergessen zu senden ******
Neues Sendeintervall: 2 Sekunden
Fehlernachricht fuer Nachrichtennummern 4767 bis 4769 ; C In: 12.04 13:33:25,976|
'clientNode2@lab26.cpt.haw-hamburg.de'-<0.382.0>-C-3-06:4770te Nachricht.C Out:12.04 13:33:22,894| 12.04 13:33:22,895| ; C In: 12.04 13:33:25,977|
Fehlernachricht fuer Nachrichtennummern 4771 bis 4773 ; C In: 12.04 13:33:25,977|
[lab28|0304]: 4774te Nachricht. C Out: 12.04 13:33:23,946| 12.04 13:33:23,947| ; C In: 12.04 13:33:25,978|
[lab28|0304]: 4775te Nachricht. C Out: 12.04 13:33:23,947| 12.04 13:33:23,948| ; C In: 12.04 13:33:25,978|
[lab28|0304]: 4776te Nachricht. C Out: 12.04 13:33:23,947| 12.04 13:33:23,948| ; C In: 12.04 13:33:25,979|
'clientNode2@lab26.cpt.haw-hamburg.de'-<0.379.0>-C-3-06:4777te Nachricht.C Out:12.04 13:33:22,957| 12.04 13:33:22,958| ; C In: 12.04 13:33:25,979|
'clientNode@lab26.cpt.haw-hamburg.de'-<0.9103.0>-C-3-06:4778te Nachricht.C Out:12.04 13:33:22,982| 12.04 13:33:22,982| ; C In: 12.04 13:33:25,979|
'clientNode@lab26.cpt.haw-hamburg.de'-<0.9112.0>-C-3-06:4779te Nachricht.C Out:12.04 13:33:22,982| 12.04 13:33:22,982| ; C In: 12.04 13:33:25,980|
Fehlernachricht fuer Nachrichtennummern 4727 bis 4780 ; C In: 12.04 13:33:25,980|
16-clientserver@lab22.cpt.haw-hamburg.de<0.22063.0>-C-1-5: 4781te_Nachricht. C Out: 12.04 13:33:21,087|(4781) 12.04 13:33:24,088| ; C In: 12.04 13:33:25,981|
6-clientserver@lab22.cpt.haw-hamburg.de<0.22053.0>-C-1-5: 4782te_Nachricht. C Out: 12.04 13:33:21,087|(4782) 12.04 13:33:24,089| ; C In: 12.04 13:33:25,981|
'clientNode@lab26.cpt.haw-hamburg.de'-<0.9109.0>-C-3-06:4783te Nachricht.C Out:12.04 13:33:23,147| 12.04 13:33:23,147| ; C In: 12.04 13:33:25,982|
7-profB@lab31.cpt.haw-hamburg.de-<0.13169.0>-KLC: 4784te_Nachricht. C Out: 12.04 13:33:25,197| 12.04 13:33:25,198| ; C In: 12.04 13:33:25,982|
5-profB@lab31.cpt.haw-hamburg.de-<0.13167.0>-KLC: 4785te_Nachricht. C Out: 12.04 13:33:25,197| 12.04 13:33:25,198| ; C In: 12.04 13:33:25,982|
2-profB@lab31.cpt.haw-hamburg.de-<0.13164.0>-KLC: 4786te_Nachricht. C Out: 12.04 13:33:25,198| 12.04 13:33:25,199| ; C In: 12.04 13:33:25,983|
0-profB@lab31.cpt.haw-hamburg.de-<0.13162.0>-KLC: 4787te_Nachricht. C Out: 12.04 13:33:25,198| 12.04 13:33:25,199| ; C In: 12.04 13:33:25,983|
4-profB@lab31.cpt.haw-hamburg.de-<0.13166.0>-KLC: 4788te_Nachricht. C Out: 12.04 13:33:25,199| 12.04 13:33:25,200| ; C In: 12.04 13:33:25,984|
9-profB@lab31.cpt.haw-hamburg.de-<0.13171.0>-KLC: 4789te_Nachricht. C Out: 12.04 13:33:25,199| 12.04 13:33:25,200| ; C In: 12.04 13:33:25,984|
6-profB@lab31.cpt.haw-hamburg.de-<0.13168.0>-KLC: 4790te_Nachricht. C Out: 12.04 13:33:25,199| 12.04 13:33:25,200| ; C In: 12.04 13:33:25,985|
1-profB@lab31.cpt.haw-hamburg.de-<0.13163.0>-KLC: 4791te_Nachricht. C Out: 12.04 13:33:25,200| 12.04 13:33:25,200| ; C In: 12.04 13:33:25,985|
8-profB@lab31.cpt.haw-hamburg.de-<0.13170.0>-KLC: 4792te_Nachricht. C Out: 12.04 13:33:25,200| 12.04 13:33:25,201| ; C In: 12.04 13:33:25,986|
3-profB@lab31.cpt.haw-hamburg.de-<0.13165.0>-KLC: 4793te_Nachricht. C Out: 12.04 13:33:25,200| 12.04 13:33:25,201| ; C In: 12.04 13:33:25,986|
3-profA@lab31.cpt.haw-hamburg.de-<0.11489.0>-KLC: 4794te_Nachricht. C Out: 12.04 13:33:25,876| 12.04 13:33:25,876| ; C In: 12.04 13:33:25,986|
5-profA@lab31.cpt.haw-hamburg.de-<0.11491.0>-KLC: 4795te_Nachricht. C Out: 12.04 13:33:25,876| 12.04 13:33:25,877| ; C In: 12.04 13:33:25,987|
8-profA@lab31.cpt.haw-hamburg.de-<0.11494.0>-KLC: 4796te_Nachricht. C Out: 12.04 13:33:25,876| 12.04 13:33:25,877| ; C In: 12.04 13:33:25,987|
1-profA@lab31.cpt.haw-hamburg.de-<0.11487.0>-KLC: 4797te_Nachricht. C Out: 12.04 13:33:25,876| 12.04 13:33:25,878| ; C In: 12.04 13:33:25,988|
0-profA@lab31.cpt.haw-hamburg.de-<0.11486.0>-KLC: 4798te_Nachricht. C Out: 12.04 13:33:25,876| 12.04 13:33:25,878| ; C In: 12.04 13:33:25,988|
7-profA@lab31.cpt.haw-hamburg.de-<0.11493.0>-KLC: 4799te_Nachricht. C Out: 12.04 13:33:25,876| 12.04 13:33:25,879| ; C In: 12.04 13:33:25,989|
6-profA@lab31.cpt.haw-hamburg.de-<0.11492.0>-KLC: 4800te_Nachricht. C Out: 12.04 13:33:25,876| 12.04 13:33:25,879| ; C In: 12.04 13:33:25,989|
4-profA@lab31.cpt.haw-hamburg.de-<0.11490.0>-KLC: 4801te_Nachricht. C Out: 12.04 13:33:25,876| 12.04 13:33:25,880| ; C In: 12.04 13:33:25,989|
9-profA@lab31.cpt.haw-hamburg.de-<0.11495.0>-KLC: 4802te_Nachricht. C Out: 12.04 13:33:25,876| 12.04 13:33:25,880| ; C In: 12.04 13:33:25,990|
2-profA@lab31.cpt.haw-hamburg.de-<0.11488.0>-KLC: 4803te_Nachricht. C Out: 12.04 13:33:25,877| 12.04 13:33:25,881| ; C In: 12.04 13:33:25,990|
Fehlernachricht fuer Nachrichtennummern 4722 bis 4818 ; C In: 12.04 13:33:25,991|
15-clientserver@lab22.cpt.haw-hamburg.de<0.22062.0>-C-1-5: 4819te_Nachricht. C Out: 12.04 13:33:21,907|(4819) 12.04 13:33:24,908| ; C In: 12.04 13:33:25,991|
'clientNode2@lab26.cpt.haw-hamburg.de'-<0.387.0>-C-3-06:4820te Nachricht.C Out:12.04 13:33:23,920| 12.04 13:33:23,921| ; C In: 12.04 13:33:25,992|
5-clientserver@lab22.cpt.haw-hamburg.de<0.22052.0>-C-1-5: 4821te_Nachricht. C Out: 12.04 13:33:21,936|(4821) 12.04 13:33:24,187| ; C In: 12.04 13:33:25,992|
12-clientserver@lab22.cpt.haw-hamburg.de<0.22059.0>-C-1-5: 4822te_Nachricht. C Out: 12.04 13:33:21,940|(4822) 12.04 13:33:24,191| ; C In: 12.04 13:33:25,993|
..getmessages..Done...
8-clientserver@lab22.cpt.haw-hamburg.de<0.22055.0>-C-1-5: 4939te_Nachricht. C Out: 12.04 13:33:25,993|(4939) gesendet
8-clientserver@lab22.cpt.haw-hamburg.de<0.22055.0>-C-1-5: 4983te_Nachricht. C Out: 12.04 13:33:27,995|(4983) gesendet
8-clientserver@lab22.cpt.haw-hamburg.de<0.22055.0>-C-1-5: 5006te_Nachricht. C Out: 12.04 13:33:29,998|(5006) gesendet
8-clientserver@lab22.cpt.haw-hamburg.de<0.22055.0>-C-1-5: 5035te_Nachricht. C Out: 12.04 13:33:32,000|(5035) gesendet
8-clientserver@lab22.cpt.haw-hamburg.de<0.22055.0>-C-1-5: 5068te_Nachricht. C Out: 12.04 13:33:34,001|(5068) gesendet
5095te_Nachricht um 12.04 13:33:36,004|- vergessen zu senden ******
Neues Sendeintervall: 2 Sekunden
1-clientserver@lab22.cpt.haw-hamburg.de<0.22047.0>-C-1-5: 5001te_Nachricht. C Out: 12.04 13:33:29,160|(5001) 12.04 13:33:31,161| ; C In: 12.04 13:33:38,005|
7-clientserver@lab22.cpt.haw-hamburg.de<0.22054.0>-C-1-5: 5002te_Nachricht. C Out: 12.04 13:33:29,431|(5002) 12.04 13:33:32,432| ; C In: 12.04 13:33:38,006|
[lab28|0304]: 5003te Nachricht. C Out: 12.04 13:33:32,951| 12.04 13:33:32,952| ; C In: 12.04 13:33:38,006|
[lab28|0304]: 5004te Nachricht. C Out: 12.04 13:33:32,951| 12.04 13:33:32,953| ; C In: 12.04 13:33:38,007|
[lab28|0304]: 5005te Nachricht. C Out: 12.04 13:33:32,951| 12.04 13:33:32,953| ; C In: 12.04 13:33:38,007|
8-clientserver@lab22.cpt.haw-hamburg.de<0.22055.0>-C-1-5: 5006te_Nachricht. C Out: 12.04 13:33:29,998|(5006) 12.04 13:33:31,999| ; C In: 12.04 13:33:38,008|
[lab28|0304]: 5007te Nachricht. C Out: 12.04 13:33:32,009| 12.04 13:33:32,010| ; C In: 12.04 13:33:38,008|
[lab28|0304]: 5008te Nachricht. C Out: 12.04 13:33:32,009| 12.04 13:33:32,011| ; C In: 12.04 13:33:38,009|
[lab28|0304]: 5009te Nachricht. C Out: 12.04 13:33:32,009| 12.04 13:33:32,010| ; C In: 12.04 13:33:38,009|
14-clientserver@lab22.cpt.haw-hamburg.de<0.22061.0>-C-1-5: 5010te_Nachricht. C Out: 12.04 13:33:30,097|(5010) 12.04 13:33:33,098| ; C In: 12.04 13:33:38,010|
4-clientserver@lab22.cpt.haw-hamburg.de<0.22051.0>-C-1-5: 5011te_Nachricht. C Out: 12.04 13:33:30,444|(5011) 12.04 13:33:32,445| ; C In: 12.04 13:33:38,010|
19-clientserver@lab22.cpt.haw-hamburg.de<0.22066.0>-C-1-5: 5012te_Nachricht. C Out: 12.04 13:33:30,460|(5012) 12.04 13:33:32,462| ; C In: 12.04 13:33:38,011|
13-clientserver@lab22.cpt.haw-hamburg.de<0.22060.0>-C-1-5: 5013te_Nachricht. C Out: 12.04 13:33:30,466|(5013) 12.04 13:33:32,467| ; C In: 12.04 13:33:38,011|
[lab28|0304]: 5014te Nachricht. C Out: 12.04 13:33:33,729| 12.04 13:33:33,730| ; C In: 12.04 13:33:38,012|
[lab28|0304]: 5015te Nachricht. C Out: 12.04 13:33:33,729| 12.04 13:33:33,730| ; C In: 12.04 13:33:38,012|
[lab28|0304]: 5016te Nachricht. C Out: 12.04 13:33:33,730| 12.04 13:33:33,731| ; C In: 12.04 13:33:38,012|
[lab28|0304]: 5017te Nachricht. C Out: 12.04 13:33:34,745| 12.04 13:33:34,747| ; C In: 12.04 13:33:38,013|
[lab28|0304]: 5018te Nachricht. C Out: 12.04 13:33:34,746| 12.04 13:33:34,747| ; C In: 12.04 13:33:38,013|
[lab28|0304]: 5019te Nachricht. C Out: 12.04 13:33:32,749| 12.04 13:33:32,750| ; C In: 12.04 13:33:38,014|
[lab28|0304]: 5020te Nachricht. C Out: 12.04 13:33:32,750| 12.04 13:33:32,751| ; C In: 12.04 13:33:38,014|
[lab28|0304]: 5021te Nachricht. C Out: 12.04 13:33:32,751| 12.04 13:33:32,753| ; C In: 12.04 13:33:38,014|
Fehlernachricht fuer Nachrichtennummern 5022 bis 5022 ; C In: 12.04 13:33:38,015|
10-clientserver@lab22.cpt.haw-hamburg.de<0.22057.0>-C-1-5: 5023te_Nachricht. C Out: 12.04 13:33:30,885|(5023) 12.04 13:33:35,387| ; C In: 12.04 13:33:38,016|
15-clientserver@lab22.cpt.haw-hamburg.de<0.22062.0>-C-1-5: 5024te_Nachricht. C Out: 12.04 13:33:30,910|(5024) 12.04 13:33:33,912| ; C In: 12.04 13:33:38,017|
Fehlernachricht fuer Nachrichtennummern 5025 bis 5026 ; C In: 12.04 13:33:38,018|
[lab28|0304]: 5027te Nachricht. C Out: 12.04 13:33:34,008| 12.04 13:33:34,009| ; C In: 12.04 13:33:38,019|
[lab28|0304]: 5028te Nachricht. C Out: 12.04 13:33:34,008| 12.04 13:33:34,010| ; C In: 12.04 13:33:38,021|
1-clientserver@lab22.cpt.haw-hamburg.de<0.22047.0>-C-1-5: 5029te_Nachricht. C Out: 12.04 13:33:31,161|(5029) 12.04 13:33:33,163| ; C In: 12.04 13:33:38,022|
16-clientserver@lab22.cpt.haw-hamburg.de<0.22063.0>-C-1-5: 5030te_Nachricht. C Out: 12.04 13:33:31,621|(5030) 12.04 13:33:36,122| ; C In: 12.04 13:33:38,023|
6-clientserver@lab22.cpt.haw-hamburg.de<0.22053.0>-C-1-5: 5031te_Nachricht. C Out: 12.04 13:33:31,621|(5031) 12.04 13:33:36,122| ; C In: 12.04 13:33:38,024|
[lab28|0304]: 5032te Nachricht. C Out: 12.04 13:33:35,730| 12.04 13:33:35,731| ; C In: 12.04 13:33:38,025|
[lab28|0304]: 5033te Nachricht. C Out: 12.04 13:33:34,748| 12.04 13:33:34,749| ; C In: 12.04 13:33:38,027|
[lab28|0304]: 5034te Nachricht. C Out: 12.04 13:33:34,748| 12.04 13:33:34,750| ; C In: 12.04 13:33:38,028|
8-clientserver@lab22.cpt.haw-hamburg.de<0.22055.0>-C-1-5: 5035te_Nachricht. C Out: 12.04 13:33:32,000|(5035) 12.04 13:33:34,001| ; C In: 12.04 13:33:38,029|
[lab28|0304]: 5036te Nachricht. C Out: 12.04 13:33:34,010| 12.04 13:33:34,011| ; C In: 12.04 13:33:38,030|
[lab28|0304]: 5037te Nachricht. C Out: 12.04 13:33:34,011| 12.04 13:33:34,012| ; C In: 12.04 13:33:38,032|
[lab28|0304]: 5038te Nachricht. C Out: 12.04 13:33:34,011| 12.04 13:33:34,012| ; C In: 12.04 13:33:38,033|
Fehlernachricht fuer Nachrichtennummern 5039 bis 5046 ; C In: 12.04 13:33:38,034|
[lab28|0304]: 5047te Nachricht. C Out: 12.04 13:33:34,792| 12.04 13:33:34,793| ; C In: 12.04 13:33:38,035|
[lab28|0304]: 5048te Nachricht. C Out: 12.04 13:33:35,792| 12.04 13:33:35,793| ; C In: 12.04 13:33:38,036|
[lab28|0304]: 5049te Nachricht. C Out: 12.04 13:33:34,792| 12.04 13:33:34,794| ; C In: 12.04 13:33:38,037|
9-clientserver@lab22.cpt.haw-hamburg.de<0.22056.0>-C-1-5: 5050te_Nachricht. C Out: 12.04 13:33:32,835|(5050) 12.04 13:33:34,836| ; C In: 12.04 13:33:38,038|
Fehlernachricht fuer Nachrichtennummern 5051 bis 5053 ; C In: 12.04 13:33:38,040|
12-clientserver@lab22.cpt.haw-hamburg.de<0.22059.0>-C-1-5: 5054te_Nachricht. C Out: 12.04 13:33:32,983|(5054) 12.04 13:33:34,984| ; C In: 12.04 13:33:38,041|
[lab28|0304]: 5055te Nachricht. C Out: 12.04 13:33:36,994| 12.04 13:33:36,995| ; C In: 12.04 13:33:38,042|
[lab28|0304]: 5056te Nachricht. C Out: 12.04 13:33:35,994| 12.04 13:33:35,995| ; C In: 12.04 13:33:38,043|
[lab28|0304]: 5057te Nachricht. C Out: 12.04 13:33:35,994| 12.04 13:33:35,996| ; C In: 12.04 13:33:38,045|
14-clientserver@lab22.cpt.haw-hamburg.de<0.22061.0>-C-1-5: 5058te_Nachricht. C Out: 12.04 13:33:33,098|(5058) 12.04 13:33:36,099| ; C In: 12.04 13:33:38,046|
1-clientserver@lab22.cpt.haw-hamburg.de<0.22047.0>-C-1-5: 5059te_Nachricht. C Out: 12.04 13:33:33,163|(5059) 12.04 13:33:35,164| ; C In: 12.04 13:33:38,047|
..getmessages..Done...
8-clientserver@lab22.cpt.haw-hamburg.de<0.22055.0>-C-1-5: 5125te_Nachricht. C Out: 12.04 13:33:38,048|(5125) gesendet
8-clientserver@lab22.cpt.haw-hamburg.de<0.22055.0>-C-1-5: 5153te_Nachricht. C Out: 12.04 13:33:40,050|(5153) gesendet
8-clientserver@lab22.cpt.haw-hamburg.de<0.22055.0>-C-1-5: Lebenszeit um. Wird beendet.
