5-clientserver@lab22.cpt.haw-hamburg.de<0.22052.0>-C-1-5: Start: 12.04 13:31:41,034|.
5-clientserver@lab22.cpt.haw-hamburg.de<0.22052.0>-C-1-5: 616te_Nachricht. C Out: 12.04 13:31:41,034|(616) gesendet
5-clientserver@lab22.cpt.haw-hamburg.de<0.22052.0>-C-1-5: 694te_Nachricht. C Out: 12.04 13:31:44,038|(694) gesendet
5-clientserver@lab22.cpt.haw-hamburg.de<0.22052.0>-C-1-5: 795te_Nachricht. C Out: 12.04 13:31:47,041|(795) gesendet
5-clientserver@lab22.cpt.haw-hamburg.de<0.22052.0>-C-1-5: 1082te_Nachricht. C Out: 12.04 13:31:50,043|(1082) gesendet
5-clientserver@lab22.cpt.haw-hamburg.de<0.22052.0>-C-1-5: 1185te_Nachricht. C Out: 12.04 13:31:53,046|(1185) gesendet
1239te_Nachricht um 12.04 13:31:56,048|- vergessen zu senden ******
Neues Sendeintervall: 2 Sekunden
Fehlernachricht fuer Nachrichtennummern 1157 bis 1166 ; C In: 12.04 13:31:58,051|
'clientNode@lab26.cpt.haw-hamburg.de'-<0.9109.0>-C-3-06:1167te Nachricht.C Out:12.04 13:31:55,890| 12.04 13:31:55,890| ; C In: 12.04 13:31:58,055|
'clientNode@lab26.cpt.haw-hamburg.de'-<0.9123.0>-C-3-06:1168te Nachricht.C Out:12.04 13:31:54,891| 12.04 13:31:54,891| ; C In: 12.04 13:31:58,059|
'clientNode@lab26.cpt.haw-hamburg.de'-<0.9117.0>-C-3-06:1169te Nachricht.C Out:12.04 13:31:54,891| 12.04 13:31:54,892| ; C In: 12.04 13:31:58,064|
'clientNode@lab26.cpt.haw-hamburg.de'-<0.9115.0>-C-3-06:1170te Nachricht.C Out:12.04 13:31:55,892| 12.04 13:31:55,892| ; C In: 12.04 13:31:58,068|
'clientNode@lab26.cpt.haw-hamburg.de'-<0.9106.0>-C-3-06:1171te Nachricht.C Out:12.04 13:31:55,892| 12.04 13:31:55,893| ; C In: 12.04 13:31:58,073|
'clientNode@lab26.cpt.haw-hamburg.de'-<0.9126.0>-C-3-06:1172te Nachricht.C Out:12.04 13:31:54,892| 12.04 13:31:54,893| ; C In: 12.04 13:31:58,077|
'clientNode@lab26.cpt.haw-hamburg.de'-<0.9128.0>-C-3-06:1173te Nachricht.C Out:12.04 13:31:54,892| 12.04 13:31:54,893| ; C In: 12.04 13:31:58,081|
3-clientserver@lab22.cpt.haw-hamburg.de<0.22050.0>-C-1-5: 1174te_Nachricht. C Out: 12.04 13:31:53,041|(1174) 12.04 13:31:56,042| ; C In: 12.04 13:31:58,085|
0-clientserver@lab22.cpt.haw-hamburg.de<0.22046.0>-C-1-5: 1175te_Nachricht. C Out: 12.04 13:31:53,042|(1175) 12.04 13:31:56,043| ; C In: 12.04 13:31:58,089|
1-clientserver@lab22.cpt.haw-hamburg.de<0.22047.0>-C-1-5: 1176te_Nachricht. C Out: 12.04 13:31:53,042|(1176) 12.04 13:31:56,043| ; C In: 12.04 13:31:58,094|
11-clientserver@lab22.cpt.haw-hamburg.de<0.22058.0>-C-1-5: 1177te_Nachricht. C Out: 12.04 13:31:53,042|(1177) 12.04 13:31:56,044| ; C In: 12.04 13:31:58,098|
14-clientserver@lab22.cpt.haw-hamburg.de<0.22061.0>-C-1-5: 1178te_Nachricht. C Out: 12.04 13:31:53,043|(1178) 12.04 13:31:56,044| ; C In: 12.04 13:31:58,102|
16-clientserver@lab22.cpt.haw-hamburg.de<0.22063.0>-C-1-5: 1179te_Nachricht. C Out: 12.04 13:31:53,043|(1179) 12.04 13:31:56,045| ; C In: 12.04 13:31:58,105|
2-clientserver@lab22.cpt.haw-hamburg.de<0.22048.0>-C-1-5: 1180te_Nachricht. C Out: 12.04 13:31:53,043|(1180) 12.04 13:31:56,045| ; C In: 12.04 13:31:58,111|
4-clientserver@lab22.cpt.haw-hamburg.de<0.22051.0>-C-1-5: 1181te_Nachricht. C Out: 12.04 13:31:53,044|(1181) 12.04 13:31:56,046| ; C In: 12.04 13:31:58,120|
17-clientserver@lab22.cpt.haw-hamburg.de<0.22064.0>-C-1-5: 1182te_Nachricht. C Out: 12.04 13:31:53,044|(1182) 12.04 13:31:56,046| ; C In: 12.04 13:31:58,124|
6-clientserver@lab22.cpt.haw-hamburg.de<0.22053.0>-C-1-5: 1183te_Nachricht. C Out: 12.04 13:31:53,045|(1183) 12.04 13:31:56,047| ; C In: 12.04 13:31:58,128|
8-clientserver@lab22.cpt.haw-hamburg.de<0.22055.0>-C-1-5: 1184te_Nachricht. C Out: 12.04 13:31:53,046|(1184) 12.04 13:31:56,047| ; C In: 12.04 13:31:58,132|
5-clientserver@lab22.cpt.haw-hamburg.de<0.22052.0>-C-1-5: 1185te_Nachricht. C Out: 12.04 13:31:53,046|(1185) 12.04 13:31:56,048| ; C In: 12.04 13:31:58,135|
7-clientserver@lab22.cpt.haw-hamburg.de<0.22054.0>-C-1-5: 1186te_Nachricht. C Out: 12.04 13:31:53,046|(1186) 12.04 13:31:56,048| ; C In: 12.04 13:31:58,139|
10-clientserver@lab22.cpt.haw-hamburg.de<0.22057.0>-C-1-5: 1187te_Nachricht. C Out: 12.04 13:31:53,046|(1187) 12.04 13:31:56,048| ; C In: 12.04 13:31:58,143|
9-clientserver@lab22.cpt.haw-hamburg.de<0.22056.0>-C-1-5: 1188te_Nachricht. C Out: 12.04 13:31:53,047|(1188) 12.04 13:31:56,049| ; C In: 12.04 13:31:58,147|
12-clientserver@lab22.cpt.haw-hamburg.de<0.22059.0>-C-1-5: 1189te_Nachricht. C Out: 12.04 13:31:53,047|(1189) 12.04 13:31:56,049| ; C In: 12.04 13:31:58,150|
13-clientserver@lab22.cpt.haw-hamburg.de<0.22060.0>-C-1-5: 1190te_Nachricht. C Out: 12.04 13:31:53,048|(1190) 12.04 13:31:56,050| ; C In: 12.04 13:31:58,154|
18-clientserver@lab22.cpt.haw-hamburg.de<0.22065.0>-C-1-5: 1191te_Nachricht. C Out: 12.04 13:31:53,048|(1191) 12.04 13:31:56,050| ; C In: 12.04 13:31:58,158|
15-clientserver@lab22.cpt.haw-hamburg.de<0.22062.0>-C-1-5: 1192te_Nachricht. C Out: 12.04 13:31:53,048|(1192) 12.04 13:31:56,050| ; C In: 12.04 13:31:58,162|
19-clientserver@lab22.cpt.haw-hamburg.de<0.22066.0>-C-1-5: 1193te_Nachricht. C Out: 12.04 13:31:53,048|(1193) 12.04 13:31:56,051| ; C In: 12.04 13:31:58,165|
'clientNode2@lab26.cpt.haw-hamburg.de'-<0.384.0>-C-3-06:1194te Nachricht.C Out:12.04 13:31:56,730| 12.04 13:31:56,731| ; C In: 12.04 13:31:58,169|
'clientNode2@lab26.cpt.haw-hamburg.de'-<0.379.0>-C-3-06:1195te Nachricht.C Out:12.04 13:31:56,732| 12.04 13:31:56,733| ; C In: 12.04 13:31:58,173|
'clientNode2@lab26.cpt.haw-hamburg.de'-<0.370.0>-C-3-06:1196te Nachricht.C Out:12.04 13:31:56,732| 12.04 13:31:56,733| ; C In: 12.04 13:31:58,177|
'clientNode2@lab26.cpt.haw-hamburg.de'-<0.395.0>-C-3-06:1197te Nachricht.C Out:12.04 13:31:56,733| 12.04 13:31:56,734| ; C In: 12.04 13:31:58,181|
5-profB@lab31.cpt.haw-hamburg.de-<0.13167.0>-KLC: 1198te_Nachricht. C Out: 12.04 13:31:57,814| 12.04 13:31:57,815| ; C In: 12.04 13:31:58,185|
0-profB@lab31.cpt.haw-hamburg.de-<0.13162.0>-KLC: 1199te_Nachricht. C Out: 12.04 13:31:57,814| 12.04 13:31:57,816| ; C In: 12.04 13:31:58,188|
7-profB@lab31.cpt.haw-hamburg.de-<0.13169.0>-KLC: 1200te_Nachricht. C Out: 12.04 13:31:57,815| 12.04 13:31:57,816| ; C In: 12.04 13:31:58,192|
4-profB@lab31.cpt.haw-hamburg.de-<0.13166.0>-KLC: 1201te_Nachricht. C Out: 12.04 13:31:57,815| 12.04 13:31:57,817| ; C In: 12.04 13:31:58,197|
9-profB@lab31.cpt.haw-hamburg.de-<0.13171.0>-KLC: 1202te_Nachricht. C Out: 12.04 13:31:57,816| 12.04 13:31:57,817| ; C In: 12.04 13:31:58,200|
1-profB@lab31.cpt.haw-hamburg.de-<0.13163.0>-KLC: 1203te_Nachricht. C Out: 12.04 13:31:57,816| 12.04 13:31:57,818| ; C In: 12.04 13:31:58,204|
2-profB@lab31.cpt.haw-hamburg.de-<0.13164.0>-KLC: 1204te_Nachricht. C Out: 12.04 13:31:57,817| 12.04 13:31:57,818| ; C In: 12.04 13:31:58,207|
3-profB@lab31.cpt.haw-hamburg.de-<0.13165.0>-KLC: 1205te_Nachricht. C Out: 12.04 13:31:57,817| 12.04 13:31:57,819| ; C In: 12.04 13:31:58,210|
6-profB@lab31.cpt.haw-hamburg.de-<0.13168.0>-KLC: 1206te_Nachricht. C Out: 12.04 13:31:57,818| 12.04 13:31:57,819| ; C In: 12.04 13:31:58,212|
8-profB@lab31.cpt.haw-hamburg.de-<0.13170.0>-KLC: 1207te_Nachricht. C Out: 12.04 13:31:57,818| 12.04 13:31:57,820| ; C In: 12.04 13:31:58,215|
..getmessages..Done...
5-clientserver@lab22.cpt.haw-hamburg.de<0.22052.0>-C-1-5: 1337te_Nachricht. C Out: 12.04 13:31:58,217|(1337) gesendet
5-clientserver@lab22.cpt.haw-hamburg.de<0.22052.0>-C-1-5: 1394te_Nachricht. C Out: 12.04 13:32:00,218|(1394) gesendet
5-clientserver@lab22.cpt.haw-hamburg.de<0.22052.0>-C-1-5: 1479te_Nachricht. C Out: 12.04 13:32:02,220|(1479) gesendet
5-clientserver@lab22.cpt.haw-hamburg.de<0.22052.0>-C-1-5: 1643te_Nachricht. C Out: 12.04 13:32:04,221|(1643) gesendet
5-clientserver@lab22.cpt.haw-hamburg.de<0.22052.0>-C-1-5: 1807te_Nachricht. C Out: 12.04 13:32:06,229|(1807) gesendet
1868te_Nachricht um 12.04 13:32:08,230|- vergessen zu senden ******
Neues Sendeintervall: 2 Sekunden
0-clientserver@lab22.cpt.haw-hamburg.de<0.22046.0>-C-1-5: 1803te_Nachricht. C Out: 12.04 13:32:06,224|(1803) 12.04 13:32:08,226| ; C In: 12.04 13:32:10,231|
1-clientserver@lab22.cpt.haw-hamburg.de<0.22047.0>-C-1-5: 1804te_Nachricht. C Out: 12.04 13:32:06,224|(1804) 12.04 13:32:08,226| ; C In: 12.04 13:32:10,232|
11-clientserver@lab22.cpt.haw-hamburg.de<0.22058.0>-C-1-5: 1805te_Nachricht. C Out: 12.04 13:32:06,225|(1805) 12.04 13:32:08,227| ; C In: 12.04 13:32:10,232|
4-clientserver@lab22.cpt.haw-hamburg.de<0.22051.0>-C-1-5: 1806te_Nachricht. C Out: 12.04 13:32:06,227|(1806) 12.04 13:32:08,228| ; C In: 12.04 13:32:10,232|
5-clientserver@lab22.cpt.haw-hamburg.de<0.22052.0>-C-1-5: 1807te_Nachricht. C Out: 12.04 13:32:06,229|(1807) 12.04 13:32:08,230| ; C In: 12.04 13:32:10,233|
7-clientserver@lab22.cpt.haw-hamburg.de<0.22054.0>-C-1-5: 1808te_Nachricht. C Out: 12.04 13:32:06,230|(1808) 12.04 13:32:08,231| ; C In: 12.04 13:32:10,233|
10-clientserver@lab22.cpt.haw-hamburg.de<0.22057.0>-C-1-5: 1809te_Nachricht. C Out: 12.04 13:32:06,231|(1809) 12.04 13:32:08,233| ; C In: 12.04 13:32:10,234|
12-clientserver@lab22.cpt.haw-hamburg.de<0.22059.0>-C-1-5: 1810te_Nachricht. C Out: 12.04 13:32:06,232|(1810) 12.04 13:32:08,233| ; C In: 12.04 13:32:10,234|
13-clientserver@lab22.cpt.haw-hamburg.de<0.22060.0>-C-1-5: 1811te_Nachricht. C Out: 12.04 13:32:06,232|(1811) 12.04 13:32:08,233| ; C In: 12.04 13:32:10,236|
18-clientserver@lab22.cpt.haw-hamburg.de<0.22065.0>-C-1-5: 1812te_Nachricht. C Out: 12.04 13:32:06,232|(1812) 12.04 13:32:08,234| ; C In: 12.04 13:32:10,237|
15-clientserver@lab22.cpt.haw-hamburg.de<0.22062.0>-C-1-5: 1813te_Nachricht. C Out: 12.04 13:32:06,234|(1813) 12.04 13:32:08,235| ; C In: 12.04 13:32:10,239|
19-clientserver@lab22.cpt.haw-hamburg.de<0.22066.0>-C-1-5: 1814te_Nachricht. C Out: 12.04 13:32:06,234|(1814) 12.04 13:32:08,235| ; C In: 12.04 13:32:10,241|
lab29-1-1: message_number_1815. Sent time: 12.04 13:32:06,449| 12.04 13:32:08,450| ; C In: 12.04 13:32:10,242|
lab29-1-1: message_number_1816. Sent time: 12.04 13:32:06,449| 12.04 13:32:08,450| ; C In: 12.04 13:32:10,244|
lab29-1-1: message_number_1817. Sent time: 12.04 13:32:06,449| 12.04 13:32:08,451| ; C In: 12.04 13:32:10,246|
lab29-1-1: message_number_1818. Sent time: 12.04 13:32:06,449| 12.04 13:32:08,451| ; C In: 12.04 13:32:10,247|
lab29-1-1: message_number_1819. Sent time: 12.04 13:32:06,450| 12.04 13:32:08,452| ; C In: 12.04 13:32:10,249|
lab29-1-1: message_number_1820. Sent time: 12.04 13:32:06,450| 12.04 13:32:08,451| ; C In: 12.04 13:32:10,251|
lab29-1-1: message_number_1821. Sent time: 12.04 13:32:06,450| 12.04 13:32:08,452| ; C In: 12.04 13:32:10,254|
lab29-1-1: message_number_1822. Sent time: 12.04 13:32:06,450| 12.04 13:32:08,452| ; C In: 12.04 13:32:10,256|
lab29-1-1: message_number_1823. Sent time: 12.04 13:32:06,451| 12.04 13:32:08,453| ; C In: 12.04 13:32:10,258|
lab29-1-1: message_number_1824. Sent time: 12.04 13:32:06,451| 12.04 13:32:08,453| ; C In: 12.04 13:32:10,259|
lab29-1-1: message_number_1825. Sent time: 12.04 13:32:06,451| 12.04 13:32:08,453| ; C In: 12.04 13:32:10,261|
lab29-1-1: message_number_1826. Sent time: 12.04 13:32:06,451| 12.04 13:32:08,454| ; C In: 12.04 13:32:10,263|
lab29-1-1: message_number_1827. Sent time: 12.04 13:32:06,451| 12.04 13:32:08,454| ; C In: 12.04 13:32:10,264|
lab29-1-1: message_number_1828. Sent time: 12.04 13:32:06,451| 12.04 13:32:08,454| ; C In: 12.04 13:32:10,266|
lab29-1-1: message_number_1829. Sent time: 12.04 13:32:06,452| 12.04 13:32:08,455| ; C In: 12.04 13:32:10,268|
lab29-1-1: message_number_1830. Sent time: 12.04 13:32:06,452| 12.04 13:32:08,455| ; C In: 12.04 13:32:10,270|
lab29-1-1: message_number_1831. Sent time: 12.04 13:32:06,452| 12.04 13:32:08,456| ; C In: 12.04 13:32:10,271|
lab29-1-1: message_number_1832. Sent time: 12.04 13:32:06,452| 12.04 13:32:08,455| ; C In: 12.04 13:32:10,273|
lab29-1-1: message_number_1833. Sent time: 12.04 13:32:06,452| 12.04 13:32:08,456| ; C In: 12.04 13:32:10,275|
lab29-1-1: message_number_1834. Sent time: 12.04 13:32:06,453| 12.04 13:32:08,456| ; C In: 12.04 13:32:10,277|
No new messages ; C In: 12.04 13:32:10,278|
..getmessages..Done...
5-clientserver@lab22.cpt.haw-hamburg.de<0.22052.0>-C-1-5: 1929te_Nachricht. C Out: 12.04 13:32:10,280|(1929) gesendet
5-clientserver@lab22.cpt.haw-hamburg.de<0.22052.0>-C-1-5: 1989te_Nachricht. C Out: 12.04 13:32:12,281|(1989) gesendet
5-clientserver@lab22.cpt.haw-hamburg.de<0.22052.0>-C-1-5: 2050te_Nachricht. C Out: 12.04 13:32:14,282|(2050) gesendet
5-clientserver@lab22.cpt.haw-hamburg.de<0.22052.0>-C-1-5: 2107te_Nachricht. C Out: 12.04 13:32:16,284|(2107) gesendet
5-clientserver@lab22.cpt.haw-hamburg.de<0.22052.0>-C-1-5: 2185te_Nachricht. C Out: 12.04 13:32:18,286|(2185) gesendet
2243te_Nachricht um 12.04 13:32:20,289|- vergessen zu senden ******
Neues Sendeintervall: 2 Sekunden
3-profA@lab31.cpt.haw-hamburg.de-<0.11489.0>-KLC: 2133te_Nachricht. C Out: 12.04 13:32:20,513| 12.04 13:32:20,514| ; C In: 12.04 13:32:22,292|
5-profA@lab31.cpt.haw-hamburg.de-<0.11491.0>-KLC: 2134te_Nachricht. C Out: 12.04 13:32:20,514| 12.04 13:32:20,515| ; C In: 12.04 13:32:22,292|
8-profA@lab31.cpt.haw-hamburg.de-<0.11494.0>-KLC: 2135te_Nachricht. C Out: 12.04 13:32:20,514| 12.04 13:32:20,516| ; C In: 12.04 13:32:22,293|
1-profA@lab31.cpt.haw-hamburg.de-<0.11487.0>-KLC: 2136te_Nachricht. C Out: 12.04 13:32:20,514| 12.04 13:32:20,516| ; C In: 12.04 13:32:22,294|
0-profA@lab31.cpt.haw-hamburg.de-<0.11486.0>-KLC: 2137te_Nachricht. C Out: 12.04 13:32:20,514| 12.04 13:32:20,517| ; C In: 12.04 13:32:22,294|
7-profA@lab31.cpt.haw-hamburg.de-<0.11493.0>-KLC: 2138te_Nachricht. C Out: 12.04 13:32:20,514| 12.04 13:32:20,517| ; C In: 12.04 13:32:22,295|
6-profA@lab31.cpt.haw-hamburg.de-<0.11492.0>-KLC: 2139te_Nachricht. C Out: 12.04 13:32:20,514| 12.04 13:32:20,517| ; C In: 12.04 13:32:22,296|
4-profA@lab31.cpt.haw-hamburg.de-<0.11490.0>-KLC: 2140te_Nachricht. C Out: 12.04 13:32:20,514| 12.04 13:32:20,518| ; C In: 12.04 13:32:22,297|
9-profA@lab31.cpt.haw-hamburg.de-<0.11495.0>-KLC: 2141te_Nachricht. C Out: 12.04 13:32:20,514| 12.04 13:32:20,519| ; C In: 12.04 13:32:22,298|
2-profA@lab31.cpt.haw-hamburg.de-<0.11488.0>-KLC: 2142te_Nachricht. C Out: 12.04 13:32:20,515| 12.04 13:32:20,519| ; C In: 12.04 13:32:22,299|
Fehlernachricht fuer Nachrichtennummern 2143 bis 2177 ; C In: 12.04 13:32:22,301|
'clientNode2@lab26.cpt.haw-hamburg.de'-<0.395.0>-C-3-06:2178te Nachricht.C Out:12.04 13:32:19,823| 12.04 13:32:19,824| ; C In: 12.04 13:32:22,302|
Fehlernachricht fuer Nachrichtennummern 2179 bis 2181 ; C In: 12.04 13:32:22,303|
'clientNode@lab26.cpt.haw-hamburg.de'-<0.9109.0>-C-3-06:2182te Nachricht.C Out:12.04 13:32:19,968| 12.04 13:32:19,968| ; C In: 12.04 13:32:22,305|
'clientNode@lab26.cpt.haw-hamburg.de'-<0.9106.0>-C-3-06:2183te Nachricht.C Out:12.04 13:32:19,968| 12.04 13:32:19,969| ; C In: 12.04 13:32:22,306|
Fehlernachricht fuer Nachrichtennummern 2184 bis 2184 ; C In: 12.04 13:32:22,308|
5-clientserver@lab22.cpt.haw-hamburg.de<0.22052.0>-C-1-5: 2185te_Nachricht. C Out: 12.04 13:32:18,286|(2185) 12.04 13:32:20,289| ; C In: 12.04 13:32:22,309|
10-clientserver@lab22.cpt.haw-hamburg.de<0.22057.0>-C-1-5: 2186te_Nachricht. C Out: 12.04 13:32:18,292|(2186) 12.04 13:32:20,293| ; C In: 12.04 13:32:22,310|
12-clientserver@lab22.cpt.haw-hamburg.de<0.22059.0>-C-1-5: 2187te_Nachricht. C Out: 12.04 13:32:18,294|(2187) 12.04 13:32:20,295| ; C In: 12.04 13:32:22,312|
13-clientserver@lab22.cpt.haw-hamburg.de<0.22060.0>-C-1-5: 2188te_Nachricht. C Out: 12.04 13:32:18,295|(2188) 12.04 13:32:20,296| ; C In: 12.04 13:32:22,313|
18-clientserver@lab22.cpt.haw-hamburg.de<0.22065.0>-C-1-5: 2189te_Nachricht. C Out: 12.04 13:32:18,296|(2189) 12.04 13:32:20,297| ; C In: 12.04 13:32:22,314|
19-clientserver@lab22.cpt.haw-hamburg.de<0.22066.0>-C-1-5: 2190te_Nachricht. C Out: 12.04 13:32:18,297|(2190) 12.04 13:32:20,298| ; C In: 12.04 13:32:22,316|
lab29-1-1: message_number_2191. Sent time: 12.04 13:32:18,599| 12.04 13:32:20,602| ; C In: 12.04 13:32:22,317|
lab29-1-1: message_number_2192. Sent time: 12.04 13:32:18,601| 12.04 13:32:20,602| ; C In: 12.04 13:32:22,318|
lab29-1-1: message_number_2193. Sent time: 12.04 13:32:18,601| 12.04 13:32:20,603| ; C In: 12.04 13:32:22,320|
lab29-1-1: message_number_2194. Sent time: 12.04 13:32:18,602| 12.04 13:32:20,604| ; C In: 12.04 13:32:22,321|
lab29-1-1: message_number_2195. Sent time: 12.04 13:32:18,602| 12.04 13:32:20,603| ; C In: 12.04 13:32:22,323|
lab29-1-1: message_number_2196. Sent time: 12.04 13:32:18,602| 12.04 13:32:20,605| ; C In: 12.04 13:32:22,324|
lab29-1-1: message_number_2197. Sent time: 12.04 13:32:18,603| 12.04 13:32:20,604| ; C In: 12.04 13:32:22,325|
lab29-1-1: message_number_2198. Sent time: 12.04 13:32:18,603| 12.04 13:32:20,605| ; C In: 12.04 13:32:22,326|
lab29-1-1: message_number_2199. Sent time: 12.04 13:32:18,603| 12.04 13:32:20,605| ; C In: 12.04 13:32:22,328|
lab29-1-1: message_number_2200. Sent time: 12.04 13:32:18,604| 12.04 13:32:20,606| ; C In: 12.04 13:32:22,329|
lab29-1-1: message_number_2201. Sent time: 12.04 13:32:18,604| 12.04 13:32:20,606| ; C In: 12.04 13:32:22,330|
lab29-1-1: message_number_2202. Sent time: 12.04 13:32:18,604| 12.04 13:32:20,607| ; C In: 12.04 13:32:22,331|
lab29-1-1: message_number_2203. Sent time: 12.04 13:32:18,605| 12.04 13:32:20,607| ; C In: 12.04 13:32:22,333|
lab29-1-1: message_number_2204. Sent time: 12.04 13:32:18,605| 12.04 13:32:20,609| ; C In: 12.04 13:32:22,334|
lab29-1-1: message_number_2205. Sent time: 12.04 13:32:18,605| 12.04 13:32:20,608| ; C In: 12.04 13:32:22,335|
lab29-1-1: message_number_2206. Sent time: 12.04 13:32:18,605| 12.04 13:32:20,609| ; C In: 12.04 13:32:22,337|
lab29-1-1: message_number_2207. Sent time: 12.04 13:32:18,606| 12.04 13:32:20,608| ; C In: 12.04 13:32:22,338|
lab29-1-1: message_number_2208. Sent time: 12.04 13:32:18,606| 12.04 13:32:20,610| ; C In: 12.04 13:32:22,339|
lab29-1-1: message_number_2209. Sent time: 12.04 13:32:18,607| 12.04 13:32:20,610| ; C In: 12.04 13:32:22,340|
lab29-1-1: message_number_2210. Sent time: 12.04 13:32:18,607| 12.04 13:32:20,610| ; C In: 12.04 13:32:22,342|
..getmessages..Done...
5-clientserver@lab22.cpt.haw-hamburg.de<0.22052.0>-C-1-5: 2301te_Nachricht. C Out: 12.04 13:32:22,343|(2301) gesendet
5-clientserver@lab22.cpt.haw-hamburg.de<0.22052.0>-C-1-5: 2464te_Nachricht. C Out: 12.04 13:32:24,344|(2464) gesendet
5-clientserver@lab22.cpt.haw-hamburg.de<0.22052.0>-C-1-5: 2631te_Nachricht. C Out: 12.04 13:32:26,346|(2631) gesendet
5-clientserver@lab22.cpt.haw-hamburg.de<0.22052.0>-C-1-5: 2697te_Nachricht. C Out: 12.04 13:32:28,347|(2697) gesendet
5-clientserver@lab22.cpt.haw-hamburg.de<0.22052.0>-C-1-5: 2732te_Nachricht. C Out: 12.04 13:32:30,348|(2732) gesendet
2797te_Nachricht um 12.04 13:32:32,349|- vergessen zu senden ******
Neues Sendeintervall: 3 Sekunden
'clientNode@lab26.cpt.haw-hamburg.de'-<0.9112.0>-C-3-06:2679te Nachricht.C Out:12.04 13:32:32,869| 12.04 13:32:32,869| ; C In: 12.04 13:32:35,350|
Fehlernachricht fuer Nachrichtennummern 2680 bis 2687 ; C In: 12.04 13:32:35,350|
'clientNode@lab26.cpt.haw-hamburg.de'-<0.9115.0>-C-3-06:2688te Nachricht.C Out:12.04 13:32:33,951| 12.04 13:32:33,951| ; C In: 12.04 13:32:35,351|
Fehlernachricht fuer Nachrichtennummern 2689 bis 2711 ; C In: 12.04 13:32:35,351|
14-clientserver@lab22.cpt.haw-hamburg.de<0.22061.0>-C-1-5: 2712te_Nachricht. C Out: 12.04 13:32:29,946|(2712) 12.04 13:32:32,198| ; C In: 12.04 13:32:35,352|
16-clientserver@lab22.cpt.haw-hamburg.de<0.22063.0>-C-1-5: 2713te_Nachricht. C Out: 12.04 13:32:29,946|(2713) 12.04 13:32:32,198| ; C In: 12.04 13:32:35,352|
6-clientserver@lab22.cpt.haw-hamburg.de<0.22053.0>-C-1-5: 2714te_Nachricht. C Out: 12.04 13:32:29,947|(2714) 12.04 13:32:32,198| ; C In: 12.04 13:32:35,353|
9-clientserver@lab22.cpt.haw-hamburg.de<0.22056.0>-C-1-5: 2715te_Nachricht. C Out: 12.04 13:32:29,948|(2715) 12.04 13:32:32,199| ; C In: 12.04 13:32:35,353|
'clientNode@lab26.cpt.haw-hamburg.de'-<0.9128.0>-C-3-06:2716te Nachricht.C Out:12.04 13:32:33,980| 12.04 13:32:33,980| ; C In: 12.04 13:32:35,354|
Fehlernachricht fuer Nachrichtennummern 2717 bis 2726 ; C In: 12.04 13:32:35,354|
'clientNode@lab26.cpt.haw-hamburg.de'-<0.9109.0>-C-3-06:2727te Nachricht.C Out:12.04 13:32:32,005| 12.04 13:32:32,006| ; C In: 12.04 13:32:35,354|
'clientNode@lab26.cpt.haw-hamburg.de'-<0.9106.0>-C-3-06:2728te Nachricht.C Out:12.04 13:32:32,006| 12.04 13:32:32,006| ; C In: 12.04 13:32:35,355|
'clientNode@lab26.cpt.haw-hamburg.de'-<0.9123.0>-C-3-06:2729te Nachricht.C Out:12.04 13:32:32,013| 12.04 13:32:32,013| ; C In: 12.04 13:32:35,356|
4-clientserver@lab22.cpt.haw-hamburg.de<0.22051.0>-C-1-5: 2730te_Nachricht. C Out: 12.04 13:32:30,338|(2730) 12.04 13:32:32,339| ; C In: 12.04 13:32:35,357|
7-clientserver@lab22.cpt.haw-hamburg.de<0.22054.0>-C-1-5: 2731te_Nachricht. C Out: 12.04 13:32:30,338|(2731) 12.04 13:32:32,340| ; C In: 12.04 13:32:35,358|
5-clientserver@lab22.cpt.haw-hamburg.de<0.22052.0>-C-1-5: 2732te_Nachricht. C Out: 12.04 13:32:30,348|(2732) 12.04 13:32:32,349| ; C In: 12.04 13:32:35,359|
12-clientserver@lab22.cpt.haw-hamburg.de<0.22059.0>-C-1-5: 2733te_Nachricht. C Out: 12.04 13:32:30,353|(2733) 12.04 13:32:32,354| ; C In: 12.04 13:32:35,360|
13-clientserver@lab22.cpt.haw-hamburg.de<0.22060.0>-C-1-5: 2734te_Nachricht. C Out: 12.04 13:32:30,354|(2734) 12.04 13:32:32,355| ; C In: 12.04 13:32:35,361|
19-clientserver@lab22.cpt.haw-hamburg.de<0.22066.0>-C-1-5: 2735te_Nachricht. C Out: 12.04 13:32:30,355|(2735) 12.04 13:32:32,356| ; C In: 12.04 13:32:35,362|
Fehlernachricht fuer Nachrichtennummern 2736 bis 2748 ; C In: 12.04 13:32:35,363|
'clientNode2@lab26.cpt.haw-hamburg.de'-<0.382.0>-C-3-06:2749te Nachricht.C Out:12.04 13:32:33,792| 12.04 13:32:33,793| ; C In: 12.04 13:32:35,364|
Fehlernachricht fuer Nachrichtennummern 2750 bis 2758 ; C In: 12.04 13:32:35,365|
lab29-1-1: message_number_2759. Sent time: 12.04 13:32:30,834| 12.04 13:32:34,836| ; C In: 12.04 13:32:35,366|
lab29-1-1: message_number_2760. Sent time: 12.04 13:32:30,835| 12.04 13:32:34,837| ; C In: 12.04 13:32:35,367|
lab29-1-1: message_number_2761. Sent time: 12.04 13:32:30,836| 12.04 13:32:34,838| ; C In: 12.04 13:32:35,368|
lab29-1-1: message_number_2762. Sent time: 12.04 13:32:30,836| 12.04 13:32:34,837| ; C In: 12.04 13:32:35,369|
lab29-1-1: message_number_2763. Sent time: 12.04 13:32:30,836| 12.04 13:32:34,838| ; C In: 12.04 13:32:35,370|
lab29-1-1: message_number_2764. Sent time: 12.04 13:32:30,837| 12.04 13:32:34,839| ; C In: 12.04 13:32:35,371|
lab29-1-1: message_number_2765. Sent time: 12.04 13:32:30,837| 12.04 13:32:34,839| ; C In: 12.04 13:32:35,372|
lab29-1-1: message_number_2766. Sent time: 12.04 13:32:30,837| 12.04 13:32:34,841| ; C In: 12.04 13:32:35,373|
lab29-1-1: message_number_2767. Sent time: 12.04 13:32:30,838| 12.04 13:32:34,840| ; C In: 12.04 13:32:35,374|
lab29-1-1: message_number_2768. Sent time: 12.04 13:32:30,838| 12.04 13:32:34,841| ; C In: 12.04 13:32:35,375|
lab29-1-1: message_number_2769. Sent time: 12.04 13:32:30,838| 12.04 13:32:34,842| ; C In: 12.04 13:32:35,376|
lab29-1-1: message_number_2770. Sent time: 12.04 13:32:30,838| 12.04 13:32:34,843| ; C In: 12.04 13:32:35,377|
lab29-1-1: message_number_2771. Sent time: 12.04 13:32:30,839| 12.04 13:32:34,842| ; C In: 12.04 13:32:35,378|
lab29-1-1: message_number_2772. Sent time: 12.04 13:32:30,839| 12.04 13:32:34,845| ; C In: 12.04 13:32:35,379|
lab29-1-1: message_number_2773. Sent time: 12.04 13:32:30,839| 12.04 13:32:34,844| ; C In: 12.04 13:32:35,380|
lab29-1-1: message_number_2774. Sent time: 12.04 13:32:30,840| 12.04 13:32:34,846| ; C In: 12.04 13:32:35,381|
lab29-1-1: message_number_2775. Sent time: 12.04 13:32:30,840| 12.04 13:32:34,846| ; C In: 12.04 13:32:35,382|
lab29-1-1: message_number_2776. Sent time: 12.04 13:32:30,840| 12.04 13:32:34,847| ; C In: 12.04 13:32:35,383|
lab29-1-1: message_number_2777. Sent time: 12.04 13:32:30,841| 12.04 13:32:34,848| ; C In: 12.04 13:32:35,384|
lab29-1-1: message_number_2778. Sent time: 12.04 13:32:30,841| 12.04 13:32:34,848| ; C In: 12.04 13:32:35,385|
..getmessages..Done...
5-clientserver@lab22.cpt.haw-hamburg.de<0.22052.0>-C-1-5: 2856te_Nachricht. C Out: 12.04 13:32:35,385|(2856) gesendet
5-clientserver@lab22.cpt.haw-hamburg.de<0.22052.0>-C-1-5: 2921te_Nachricht. C Out: 12.04 13:32:38,387|(2921) gesendet
5-clientserver@lab22.cpt.haw-hamburg.de<0.22052.0>-C-1-5: 2978te_Nachricht. C Out: 12.04 13:32:41,388|(2978) gesendet
5-clientserver@lab22.cpt.haw-hamburg.de<0.22052.0>-C-1-5: 3061te_Nachricht. C Out: 12.04 13:32:44,389|(3061) gesendet
5-clientserver@lab22.cpt.haw-hamburg.de<0.22052.0>-C-1-5: 3136te_Nachricht. C Out: 12.04 13:32:47,390|(3136) gesendet
3220te_Nachricht um 12.04 13:32:50,391|- vergessen zu senden ******
Neues Sendeintervall: 4 Sekunden
Fehlernachricht fuer Nachrichtennummern 3150 bis 3146 ; C In: 12.04 13:32:54,892|
0-profB@lab31.cpt.haw-hamburg.de-<0.13162.0>-KLC: 3147te_Nachricht. C Out: 12.04 13:32:54,005| 12.04 13:32:54,007| ; C In: 12.04 13:32:54,892|
Fehlernachricht fuer Nachrichtennummern 3148 bis 3149 ; C In: 12.04 13:32:54,893|
9-profB@lab31.cpt.haw-hamburg.de-<0.13171.0>-KLC: 3150te_Nachricht. C Out: 12.04 13:32:54,006| 12.04 13:32:54,007| ; C In: 12.04 13:32:54,893|
6-profB@lab31.cpt.haw-hamburg.de-<0.13168.0>-KLC: 3151te_Nachricht. C Out: 12.04 13:32:54,007| 12.04 13:32:54,008| ; C In: 12.04 13:32:54,894|
Fehlernachricht fuer Nachrichtennummern 3152 bis 3152 ; C In: 12.04 13:32:54,894|
4-profB@lab31.cpt.haw-hamburg.de-<0.13166.0>-KLC: 3153te_Nachricht. C Out: 12.04 13:32:54,008| 12.04 13:32:54,008| ; C In: 12.04 13:32:54,895|
3-profB@lab31.cpt.haw-hamburg.de-<0.13165.0>-KLC: 3154te_Nachricht. C Out: 12.04 13:32:54,008| 12.04 13:32:54,009| ; C In: 12.04 13:32:54,895|
8-profB@lab31.cpt.haw-hamburg.de-<0.13170.0>-KLC: 3155te_Nachricht. C Out: 12.04 13:32:54,009| 12.04 13:32:54,010| ; C In: 12.04 13:32:54,895|
Fehlernachricht fuer Nachrichtennummern 3156 bis 3227 ; C In: 12.04 13:32:54,896|
'clientNode2@lab26.cpt.haw-hamburg.de'-<0.387.0>-C-3-06:3228te Nachricht.C Out:12.04 13:32:52,848| 12.04 13:32:52,849| ; C In: 12.04 13:32:54,896|
'clientNode2@lab26.cpt.haw-hamburg.de'-<0.373.0>-C-3-06:3229te Nachricht.C Out:12.04 13:32:52,848| 12.04 13:32:52,849| ; C In: 12.04 13:32:54,897|
Fehlernachricht fuer Nachrichtennummern 3230 bis 3230 ; C In: 12.04 13:32:54,897|
'clientNode2@lab26.cpt.haw-hamburg.de'-<0.395.0>-C-3-06:3231te Nachricht.C Out:12.04 13:32:52,902| 12.04 13:32:52,903| ; C In: 12.04 13:32:54,897|
'clientNode@lab26.cpt.haw-hamburg.de'-<0.9128.0>-C-3-06:3232te Nachricht.C Out:12.04 13:32:54,025| 12.04 13:32:54,029| ; C In: 12.04 13:32:54,898|
'clientNode@lab26.cpt.haw-hamburg.de'-<0.9123.0>-C-3-06:3233te Nachricht.C Out:12.04 13:32:54,071| 12.04 13:32:54,074| ; C In: 12.04 13:32:54,898|
'clientNode@lab26.cpt.haw-hamburg.de'-<0.9126.0>-C-3-06:3234te Nachricht.C Out:12.04 13:32:53,081| 12.04 13:32:53,082| ; C In: 12.04 13:32:54,899|
lab29-1-1: message_number_3235. Sent time: 12.04 13:32:51,123| 12.04 13:32:53,125| ; C In: 12.04 13:32:54,899|
lab29-1-1: message_number_3236. Sent time: 12.04 13:32:51,124| 12.04 13:32:53,125| ; C In: 12.04 13:32:54,900|
lab29-1-1: message_number_3237. Sent time: 12.04 13:32:51,124| 12.04 13:32:53,126| ; C In: 12.04 13:32:54,901|
lab29-1-1: message_number_3238. Sent time: 12.04 13:32:51,124| 12.04 13:32:53,126| ; C In: 12.04 13:32:54,901|
lab29-1-1: message_number_3239. Sent time: 12.04 13:32:51,125| 12.04 13:32:53,126| ; C In: 12.04 13:32:54,902|
lab29-1-1: message_number_3240. Sent time: 12.04 13:32:51,125| 12.04 13:32:53,127| ; C In: 12.04 13:32:54,902|
lab29-1-1: message_number_3241. Sent time: 12.04 13:32:51,125| 12.04 13:32:53,127| ; C In: 12.04 13:32:54,903|
lab29-1-1: message_number_3242. Sent time: 12.04 13:32:51,126| 12.04 13:32:53,128| ; C In: 12.04 13:32:54,903|
lab29-1-1: message_number_3243. Sent time: 12.04 13:32:51,126| 12.04 13:32:53,128| ; C In: 12.04 13:32:54,904|
lab29-1-1: message_number_3244. Sent time: 12.04 13:32:51,127| 12.04 13:32:53,128| ; C In: 12.04 13:32:54,905|
lab29-1-1: message_number_3245. Sent time: 12.04 13:32:51,127| 12.04 13:32:53,128| ; C In: 12.04 13:32:54,906|
lab29-1-1: message_number_3246. Sent time: 12.04 13:32:51,127| 12.04 13:32:53,129| ; C In: 12.04 13:32:54,906|
lab29-1-1: message_number_3247. Sent time: 12.04 13:32:51,127| 12.04 13:32:53,129| ; C In: 12.04 13:32:54,907|
lab29-1-1: message_number_3248. Sent time: 12.04 13:32:51,128| 12.04 13:32:53,129| ; C In: 12.04 13:32:54,907|
lab29-1-1: message_number_3249. Sent time: 12.04 13:32:51,128| 12.04 13:32:53,130| ; C In: 12.04 13:32:54,908|
lab29-1-1: message_number_3250. Sent time: 12.04 13:32:51,128| 12.04 13:32:53,130| ; C In: 12.04 13:32:54,908|
lab29-1-1: message_number_3251. Sent time: 12.04 13:32:51,129| 12.04 13:32:53,131| ; C In: 12.04 13:32:54,909|
lab29-1-1: message_number_3252. Sent time: 12.04 13:32:51,129| 12.04 13:32:53,131| ; C In: 12.04 13:32:54,909|
lab29-1-1: message_number_3253. Sent time: 12.04 13:32:51,130| 12.04 13:32:53,131| ; C In: 12.04 13:32:54,910|
lab29-1-1: message_number_3254. Sent time: 12.04 13:32:51,130| 12.04 13:32:53,132| ; C In: 12.04 13:32:54,911|
'clientNode2@lab26.cpt.haw-hamburg.de'-<0.382.0>-C-3-06:3255te Nachricht.C Out:12.04 13:32:53,827| 12.04 13:32:53,828| ; C In: 12.04 13:32:54,911|
'clientNode2@lab26.cpt.haw-hamburg.de'-<0.376.0>-C-3-06:3256te Nachricht.C Out:12.04 13:32:54,867| 12.04 13:32:54,868| ; C In: 12.04 13:32:54,912|
..getmessages..Done...
5-clientserver@lab22.cpt.haw-hamburg.de<0.22052.0>-C-1-5: 3561te_Nachricht. C Out: 12.04 13:32:54,912|(3561) gesendet
5-clientserver@lab22.cpt.haw-hamburg.de<0.22052.0>-C-1-5: 3760te_Nachricht. C Out: 12.04 13:32:59,413|(3760) gesendet
5-clientserver@lab22.cpt.haw-hamburg.de<0.22052.0>-C-1-5: 3924te_Nachricht. C Out: 12.04 13:33:03,914|(3924) gesendet
5-clientserver@lab22.cpt.haw-hamburg.de<0.22052.0>-C-1-5: 4126te_Nachricht. C Out: 12.04 13:33:08,415|(4126) gesendet
5-clientserver@lab22.cpt.haw-hamburg.de<0.22052.0>-C-1-5: 4465te_Nachricht. C Out: 12.04 13:33:12,916|(4465) gesendet
4637te_Nachricht um 12.04 13:33:17,417|- vergessen zu senden ******
Neues Sendeintervall: 2 Sekunden
6-profA@lab31.cpt.haw-hamburg.de-<0.11492.0>-KLC: 4542te_Nachricht. C Out: 12.04 13:33:17,864| 12.04 13:33:17,874| ; C In: 12.04 13:33:19,668|
4-profA@lab31.cpt.haw-hamburg.de-<0.11490.0>-KLC: 4543te_Nachricht. C Out: 12.04 13:33:17,865| 12.04 13:33:17,874| ; C In: 12.04 13:33:19,669|
9-profA@lab31.cpt.haw-hamburg.de-<0.11495.0>-KLC: 4544te_Nachricht. C Out: 12.04 13:33:17,865| 12.04 13:33:17,875| ; C In: 12.04 13:33:19,669|
2-profA@lab31.cpt.haw-hamburg.de-<0.11488.0>-KLC: 4545te_Nachricht. C Out: 12.04 13:33:17,865| 12.04 13:33:17,876| ; C In: 12.04 13:33:19,669|
Fehlernachricht fuer Nachrichtennummern 4477 bis 4552 ; C In: 12.04 13:33:19,670|
'clientNode2@lab26.cpt.haw-hamburg.de'-<0.382.0>-C-3-06:4553te Nachricht.C Out:12.04 13:33:17,871| 12.04 13:33:17,879| ; C In: 12.04 13:33:19,670|
Fehlernachricht fuer Nachrichtennummern 4554 bis 4558 ; C In: 12.04 13:33:19,670|
16-clientserver@lab22.cpt.haw-hamburg.de<0.22063.0>-C-1-5: 4559te_Nachricht. C Out: 12.04 13:33:15,084|(4559) 12.04 13:33:18,085| ; C In: 12.04 13:33:19,671|
6-clientserver@lab22.cpt.haw-hamburg.de<0.22053.0>-C-1-5: 4560te_Nachricht. C Out: 12.04 13:33:15,085|(4560) 12.04 13:33:18,085| ; C In: 12.04 13:33:19,671|
Fehlernachricht fuer Nachrichtennummern 4561 bis 4569 ; C In: 12.04 13:33:19,672|
lab29-1-1: message_number_4570. Sent time: 12.04 13:33:15,658| 12.04 13:33:17,660| ; C In: 12.04 13:33:19,672|
lab29-1-1: message_number_4571. Sent time: 12.04 13:33:15,658| 12.04 13:33:17,662| ; C In: 12.04 13:33:19,672|
lab29-1-1: message_number_4572. Sent time: 12.04 13:33:15,659| 12.04 13:33:17,662| ; C In: 12.04 13:33:19,673|
lab29-1-1: message_number_4573. Sent time: 12.04 13:33:15,659| 12.04 13:33:17,661| ; C In: 12.04 13:33:19,673|
lab29-1-1: message_number_4574. Sent time: 12.04 13:33:15,660| 12.04 13:33:17,663| ; C In: 12.04 13:33:19,674|
lab29-1-1: message_number_4575. Sent time: 12.04 13:33:15,660| 12.04 13:33:17,664| ; C In: 12.04 13:33:19,674|
Fehlernachricht fuer Nachrichtennummern 4457 bis 4577 ; C In: 12.04 13:33:19,675|
lab29-1-1: message_number_4578. Sent time: 12.04 13:33:15,660| 12.04 13:33:17,665| ; C In: 12.04 13:33:19,675|
Fehlernachricht fuer Nachrichtennummern 4480 bis 4579 ; C In: 12.04 13:33:19,676|
lab29-1-1: message_number_4580. Sent time: 12.04 13:33:15,661| 12.04 13:33:17,667| ; C In: 12.04 13:33:19,676|
lab29-1-1: message_number_4581. Sent time: 12.04 13:33:15,661| 12.04 13:33:17,667| ; C In: 12.04 13:33:19,677|
lab29-1-1: message_number_4582. Sent time: 12.04 13:33:15,662| 12.04 13:33:17,667| ; C In: 12.04 13:33:19,678|
[lab28|0304]: 4583te Nachricht. C Out: 12.04 13:33:17,662| 12.04 13:33:17,668| ; C In: 12.04 13:33:19,678|
lab29-1-1: message_number_4584. Sent time: 12.04 13:33:15,663| 12.04 13:33:17,670| ; C In: 12.04 13:33:19,679|
lab29-1-1: message_number_4585. Sent time: 12.04 13:33:15,664| 12.04 13:33:17,670| ; C In: 12.04 13:33:19,679|
lab29-1-1: message_number_4586. Sent time: 12.04 13:33:15,664| 12.04 13:33:17,671| ; C In: 12.04 13:33:19,680|
lab29-1-1: message_number_4587. Sent time: 12.04 13:33:15,664| 12.04 13:33:17,672| ; C In: 12.04 13:33:19,680|
[lab28|0304]: 4588te Nachricht. C Out: 12.04 13:33:17,664| 12.04 13:33:17,671| ; C In: 12.04 13:33:19,681|
[lab28|0304]: 4589te Nachricht. C Out: 12.04 13:33:17,665| 12.04 13:33:17,673| ; C In: 12.04 13:33:19,681|
[lab28|0304]: 4590te Nachricht. C Out: 12.04 13:33:17,665| 12.04 13:33:17,672| ; C In: 12.04 13:33:19,682|
[lab28|0304]: 4591te Nachricht. C Out: 12.04 13:33:17,665| 12.04 13:33:17,673| ; C In: 12.04 13:33:19,682|
[lab28|0304]: 4592te Nachricht. C Out: 12.04 13:33:17,666| 12.04 13:33:17,675| ; C In: 12.04 13:33:19,683|
[lab28|0304]: 4593te Nachricht. C Out: 12.04 13:33:17,666| 12.04 13:33:17,675| ; C In: 12.04 13:33:19,683|
[lab28|0304]: 4594te Nachricht. C Out: 12.04 13:33:17,666| 12.04 13:33:17,675| ; C In: 12.04 13:33:19,684|
9-clientserver@lab22.cpt.haw-hamburg.de<0.22056.0>-C-1-5: 4595te_Nachricht. C Out: 12.04 13:33:15,788|(4595) 12.04 13:33:18,789| ; C In: 12.04 13:33:19,684|
..getmessages..Done...
5-clientserver@lab22.cpt.haw-hamburg.de<0.22052.0>-C-1-5: 4741te_Nachricht. C Out: 12.04 13:33:19,685|(4741) gesendet
5-clientserver@lab22.cpt.haw-hamburg.de<0.22052.0>-C-1-5: 4821te_Nachricht. C Out: 12.04 13:33:21,936|(4821) gesendet
5-clientserver@lab22.cpt.haw-hamburg.de<0.22052.0>-C-1-5: 4895te_Nachricht. C Out: 12.04 13:33:24,187|(4895) gesendet
5-clientserver@lab22.cpt.haw-hamburg.de<0.22052.0>-C-1-5: 4944te_Nachricht. C Out: 12.04 13:33:26,438|(4944) gesendet
5-clientserver@lab22.cpt.haw-hamburg.de<0.22052.0>-C-1-5: 4992te_Nachricht. C Out: 12.04 13:33:28,690|(4992) gesendet
5025te_Nachricht um 12.04 13:33:30,941|- vergessen zu senden ******
Neues Sendeintervall: 3 Sekunden
[lab28|0304]: 4984te Nachricht. C Out: 12.04 13:33:31,006| 12.04 13:33:31,007| ; C In: 12.04 13:33:34,318|
[lab28|0304]: 4985te Nachricht. C Out: 12.04 13:33:31,007| 12.04 13:33:31,008| ; C In: 12.04 13:33:34,319|
[lab28|0304]: 4986te Nachricht. C Out: 12.04 13:33:30,007| 12.04 13:33:30,008| ; C In: 12.04 13:33:34,320|
[lab28|0304]: 4987te Nachricht. C Out: 12.04 13:33:30,007| 12.04 13:33:30,008| ; C In: 12.04 13:33:34,321|
[lab28|0304]: 4988te Nachricht. C Out: 12.04 13:33:30,007| 12.04 13:33:30,009| ; C In: 12.04 13:33:34,322|
4-clientserver@lab22.cpt.haw-hamburg.de<0.22051.0>-C-1-5: 4989te_Nachricht. C Out: 12.04 13:33:28,441|(4989) 12.04 13:33:30,443| ; C In: 12.04 13:33:34,322|
19-clientserver@lab22.cpt.haw-hamburg.de<0.22066.0>-C-1-5: 4990te_Nachricht. C Out: 12.04 13:33:28,459|(4990) 12.04 13:33:30,460| ; C In: 12.04 13:33:34,323|
13-clientserver@lab22.cpt.haw-hamburg.de<0.22060.0>-C-1-5: 4991te_Nachricht. C Out: 12.04 13:33:28,465|(4991) 12.04 13:33:30,466| ; C In: 12.04 13:33:34,324|
5-clientserver@lab22.cpt.haw-hamburg.de<0.22052.0>-C-1-5: 4992te_Nachricht. C Out: 12.04 13:33:28,690|(4992) 12.04 13:33:30,941| ; C In: 12.04 13:33:34,324|
12-clientserver@lab22.cpt.haw-hamburg.de<0.22059.0>-C-1-5: 4993te_Nachricht. C Out: 12.04 13:33:28,694|(4993) 12.04 13:33:30,946| ; C In: 12.04 13:33:34,325|
[lab28|0304]: 4994te Nachricht. C Out: 12.04 13:33:31,746| 12.04 13:33:31,747| ; C In: 12.04 13:33:34,325|
[lab28|0304]: 4995te Nachricht. C Out: 12.04 13:33:31,747| 12.04 13:33:31,748| ; C In: 12.04 13:33:34,326|
[lab28|0304]: 4996te Nachricht. C Out: 12.04 13:33:30,748| 12.04 13:33:30,749| ; C In: 12.04 13:33:34,327|
[lab28|0304]: 4997te Nachricht. C Out: 12.04 13:33:30,749| 12.04 13:33:30,750| ; C In: 12.04 13:33:34,327|
[lab28|0304]: 4998te Nachricht. C Out: 12.04 13:33:30,750| 12.04 13:33:30,751| ; C In: 12.04 13:33:34,328|
9-clientserver@lab22.cpt.haw-hamburg.de<0.22056.0>-C-1-5: 4999te_Nachricht. C Out: 12.04 13:33:28,814|(4999) 12.04 13:33:30,816| ; C In: 12.04 13:33:34,329|
2-clientserver@lab22.cpt.haw-hamburg.de<0.22048.0>-C-1-5: 5000te_Nachricht. C Out: 12.04 13:33:29,057|(5000) 12.04 13:33:34,120| ; C In: 12.04 13:33:34,330|
1-clientserver@lab22.cpt.haw-hamburg.de<0.22047.0>-C-1-5: 5001te_Nachricht. C Out: 12.04 13:33:29,160|(5001) 12.04 13:33:31,161| ; C In: 12.04 13:33:34,330|
7-clientserver@lab22.cpt.haw-hamburg.de<0.22054.0>-C-1-5: 5002te_Nachricht. C Out: 12.04 13:33:29,431|(5002) 12.04 13:33:32,432| ; C In: 12.04 13:33:34,331|
[lab28|0304]: 5003te Nachricht. C Out: 12.04 13:33:32,951| 12.04 13:33:32,952| ; C In: 12.04 13:33:34,331|
[lab28|0304]: 5004te Nachricht. C Out: 12.04 13:33:32,951| 12.04 13:33:32,953| ; C In: 12.04 13:33:34,332|
[lab28|0304]: 5005te Nachricht. C Out: 12.04 13:33:32,951| 12.04 13:33:32,953| ; C In: 12.04 13:33:34,332|
8-clientserver@lab22.cpt.haw-hamburg.de<0.22055.0>-C-1-5: 5006te_Nachricht. C Out: 12.04 13:33:29,998|(5006) 12.04 13:33:31,999| ; C In: 12.04 13:33:34,333|
[lab28|0304]: 5007te Nachricht. C Out: 12.04 13:33:32,009| 12.04 13:33:32,010| ; C In: 12.04 13:33:34,334|
[lab28|0304]: 5008te Nachricht. C Out: 12.04 13:33:32,009| 12.04 13:33:32,011| ; C In: 12.04 13:33:34,334|
[lab28|0304]: 5009te Nachricht. C Out: 12.04 13:33:32,009| 12.04 13:33:32,010| ; C In: 12.04 13:33:34,335|
14-clientserver@lab22.cpt.haw-hamburg.de<0.22061.0>-C-1-5: 5010te_Nachricht. C Out: 12.04 13:33:30,097|(5010) 12.04 13:33:33,098| ; C In: 12.04 13:33:34,336|
4-clientserver@lab22.cpt.haw-hamburg.de<0.22051.0>-C-1-5: 5011te_Nachricht. C Out: 12.04 13:33:30,444|(5011) 12.04 13:33:32,445| ; C In: 12.04 13:33:34,336|
19-clientserver@lab22.cpt.haw-hamburg.de<0.22066.0>-C-1-5: 5012te_Nachricht. C Out: 12.04 13:33:30,460|(5012) 12.04 13:33:32,462| ; C In: 12.04 13:33:34,337|
13-clientserver@lab22.cpt.haw-hamburg.de<0.22060.0>-C-1-5: 5013te_Nachricht. C Out: 12.04 13:33:30,466|(5013) 12.04 13:33:32,467| ; C In: 12.04 13:33:34,337|
[lab28|0304]: 5014te Nachricht. C Out: 12.04 13:33:33,729| 12.04 13:33:33,730| ; C In: 12.04 13:33:34,338|
[lab28|0304]: 5015te Nachricht. C Out: 12.04 13:33:33,729| 12.04 13:33:33,730| ; C In: 12.04 13:33:34,339|
[lab28|0304]: 5016te Nachricht. C Out: 12.04 13:33:33,730| 12.04 13:33:33,731| ; C In: 12.04 13:33:34,339|
..getmessages..Done...
5-clientserver@lab22.cpt.haw-hamburg.de<0.22052.0>-C-1-5: 5076te_Nachricht. C Out: 12.04 13:33:34,340|(5076) gesendet
5-clientserver@lab22.cpt.haw-hamburg.de<0.22052.0>-C-1-5: 5117te_Nachricht. C Out: 12.04 13:33:37,717|(5117) gesendet
5-clientserver@lab22.cpt.haw-hamburg.de<0.22052.0>-C-1-5: Lebenszeit um. Wird beendet.
