9-clientserver@lab22.cpt.haw-hamburg.de<0.22056.0>-C-1-5: Start: 12.04 13:31:41,034|.
9-clientserver@lab22.cpt.haw-hamburg.de<0.22056.0>-C-1-5: 620te_Nachricht. C Out: 12.04 13:31:41,034|(620) gesendet
9-clientserver@lab22.cpt.haw-hamburg.de<0.22056.0>-C-1-5: 698te_Nachricht. C Out: 12.04 13:31:44,039|(698) gesendet
9-clientserver@lab22.cpt.haw-hamburg.de<0.22056.0>-C-1-5: 800te_Nachricht. C Out: 12.04 13:31:47,044|(800) gesendet
9-clientserver@lab22.cpt.haw-hamburg.de<0.22056.0>-C-1-5: 1087te_Nachricht. C Out: 12.04 13:31:50,045|(1087) gesendet
9-clientserver@lab22.cpt.haw-hamburg.de<0.22056.0>-C-1-5: 1188te_Nachricht. C Out: 12.04 13:31:53,047|(1188) gesendet
1242te_Nachricht um 12.04 13:31:56,049|- vergessen zu senden ******
Neues Sendeintervall: 4 Sekunden
'clientNode2@lab26.cpt.haw-hamburg.de'-<0.384.0>-C-3-06:1294te Nachricht.C Out:12.04 13:31:59,732| 12.04 13:31:59,733| ; C In: 12.04 13:32:00,553|
'clientNode2@lab26.cpt.haw-hamburg.de'-<0.379.0>-C-3-06:1295te Nachricht.C Out:12.04 13:31:58,733| 12.04 13:31:58,734| ; C In: 12.04 13:32:00,556|
'clientNode2@lab26.cpt.haw-hamburg.de'-<0.370.0>-C-3-06:1296te Nachricht.C Out:12.04 13:31:58,734| 12.04 13:31:58,735| ; C In: 12.04 13:32:00,558|
'clientNode2@lab26.cpt.haw-hamburg.de'-<0.395.0>-C-3-06:1297te Nachricht.C Out:12.04 13:31:58,734| 12.04 13:31:58,735| ; C In: 12.04 13:32:00,561|
'clientNode@lab26.cpt.haw-hamburg.de'-<0.9123.0>-C-3-06:1298te Nachricht.C Out:12.04 13:31:58,895| 12.04 13:31:58,895| ; C In: 12.04 13:32:00,563|
'clientNode@lab26.cpt.haw-hamburg.de'-<0.9117.0>-C-3-06:1299te Nachricht.C Out:12.04 13:31:58,895| 12.04 13:31:58,895| ; C In: 12.04 13:32:00,566|
'clientNode@lab26.cpt.haw-hamburg.de'-<0.9126.0>-C-3-06:1300te Nachricht.C Out:12.04 13:31:58,896| 12.04 13:31:58,896| ; C In: 12.04 13:32:00,569|
'clientNode@lab26.cpt.haw-hamburg.de'-<0.9128.0>-C-3-06:1301te Nachricht.C Out:12.04 13:31:58,896| 12.04 13:31:58,896| ; C In: 12.04 13:32:00,571|
Fehlernachricht fuer Nachrichtennummern 1302 bis 1311 ; C In: 12.04 13:32:00,573|
lab29-1-1: message_number_1312. Sent time: 12.04 13:31:58,108| 12.04 13:32:00,109| ; C In: 12.04 13:32:00,576|
lab29-1-1: message_number_1313. Sent time: 12.04 13:31:58,110| 12.04 13:32:00,111| ; C In: 12.04 13:32:00,578|
lab29-1-1: message_number_1314. Sent time: 12.04 13:31:58,109| 12.04 13:32:00,111| ; C In: 12.04 13:32:00,581|
lab29-1-1: message_number_1315. Sent time: 12.04 13:31:58,110| 12.04 13:32:00,111| ; C In: 12.04 13:32:00,583|
lab29-1-1: message_number_1316. Sent time: 12.04 13:31:58,110| 12.04 13:32:00,112| ; C In: 12.04 13:32:00,585|
lab29-1-1: message_number_1317. Sent time: 12.04 13:31:58,110| 12.04 13:32:00,112| ; C In: 12.04 13:32:00,588|
lab29-1-1: message_number_1318. Sent time: 12.04 13:31:58,112| 12.04 13:32:00,113| ; C In: 12.04 13:32:00,590|
lab29-1-1: message_number_1319. Sent time: 12.04 13:31:58,112| 12.04 13:32:00,114| ; C In: 12.04 13:32:00,592|
lab29-1-1: message_number_1320. Sent time: 12.04 13:31:58,113| 12.04 13:32:00,114| ; C In: 12.04 13:32:00,595|
lab29-1-1: message_number_1321. Sent time: 12.04 13:31:58,113| 12.04 13:32:00,115| ; C In: 12.04 13:32:00,597|
lab29-1-1: message_number_1322. Sent time: 12.04 13:31:58,114| 12.04 13:32:00,116| ; C In: 12.04 13:32:00,599|
lab29-1-1: message_number_1323. Sent time: 12.04 13:31:58,115| 12.04 13:32:00,116| ; C In: 12.04 13:32:00,601|
lab29-1-1: message_number_1324. Sent time: 12.04 13:31:58,115| 12.04 13:32:00,117| ; C In: 12.04 13:32:00,604|
lab29-1-1: message_number_1325. Sent time: 12.04 13:31:58,116| 12.04 13:32:00,117| ; C In: 12.04 13:32:00,606|
lab29-1-1: message_number_1326. Sent time: 12.04 13:31:58,116| 12.04 13:32:00,118| ; C In: 12.04 13:32:00,608|
lab29-1-1: message_number_1327. Sent time: 12.04 13:31:58,116| 12.04 13:32:00,118| ; C In: 12.04 13:32:00,611|
lab29-1-1: message_number_1328. Sent time: 12.04 13:31:58,117| 12.04 13:32:00,119| ; C In: 12.04 13:32:00,613|
lab29-1-1: message_number_1329. Sent time: 12.04 13:31:58,118| 12.04 13:32:00,119| ; C In: 12.04 13:32:00,615|
lab29-1-1: message_number_1330. Sent time: 12.04 13:31:58,118| 12.04 13:32:00,120| ; C In: 12.04 13:32:00,617|
lab29-1-1: message_number_1331. Sent time: 12.04 13:31:58,118| 12.04 13:32:00,120| ; C In: 12.04 13:32:00,620|
3-clientserver@lab22.cpt.haw-hamburg.de<0.22050.0>-C-1-5: 1332te_Nachricht. C Out: 12.04 13:31:58,209|(1332) 12.04 13:32:00,210| ; C In: 12.04 13:32:00,622|
0-clientserver@lab22.cpt.haw-hamburg.de<0.22046.0>-C-1-5: 1333te_Nachricht. C Out: 12.04 13:31:58,209|(1333) 12.04 13:32:00,211| ; C In: 12.04 13:32:00,624|
1-clientserver@lab22.cpt.haw-hamburg.de<0.22047.0>-C-1-5: 1334te_Nachricht. C Out: 12.04 13:31:58,210|(1334) 12.04 13:32:00,211| ; C In: 12.04 13:32:00,627|
11-clientserver@lab22.cpt.haw-hamburg.de<0.22058.0>-C-1-5: 1335te_Nachricht. C Out: 12.04 13:31:58,212|(1335) 12.04 13:32:00,213| ; C In: 12.04 13:32:00,629|
4-clientserver@lab22.cpt.haw-hamburg.de<0.22051.0>-C-1-5: 1336te_Nachricht. C Out: 12.04 13:31:58,214|(1336) 12.04 13:32:00,216| ; C In: 12.04 13:32:00,631|
5-clientserver@lab22.cpt.haw-hamburg.de<0.22052.0>-C-1-5: 1337te_Nachricht. C Out: 12.04 13:31:58,217|(1337) 12.04 13:32:00,218| ; C In: 12.04 13:32:00,633|
7-clientserver@lab22.cpt.haw-hamburg.de<0.22054.0>-C-1-5: 1338te_Nachricht. C Out: 12.04 13:31:58,217|(1338) 12.04 13:32:00,218| ; C In: 12.04 13:32:00,635|
10-clientserver@lab22.cpt.haw-hamburg.de<0.22057.0>-C-1-5: 1339te_Nachricht. C Out: 12.04 13:31:58,217|(1339) 12.04 13:32:00,219| ; C In: 12.04 13:32:00,637|
12-clientserver@lab22.cpt.haw-hamburg.de<0.22059.0>-C-1-5: 1340te_Nachricht. C Out: 12.04 13:31:58,217|(1340) 12.04 13:32:00,219| ; C In: 12.04 13:32:00,639|
13-clientserver@lab22.cpt.haw-hamburg.de<0.22060.0>-C-1-5: 1341te_Nachricht. C Out: 12.04 13:31:58,217|(1341) 12.04 13:32:00,220| ; C In: 12.04 13:32:00,642|
18-clientserver@lab22.cpt.haw-hamburg.de<0.22065.0>-C-1-5: 1342te_Nachricht. C Out: 12.04 13:31:58,217|(1342) 12.04 13:32:00,220| ; C In: 12.04 13:32:00,643|
15-clientserver@lab22.cpt.haw-hamburg.de<0.22062.0>-C-1-5: 1343te_Nachricht. C Out: 12.04 13:31:58,217|(1343) 12.04 13:32:00,220| ; C In: 12.04 13:32:00,644|
19-clientserver@lab22.cpt.haw-hamburg.de<0.22066.0>-C-1-5: 1344te_Nachricht. C Out: 12.04 13:31:58,218|(1344) 12.04 13:32:00,221| ; C In: 12.04 13:32:00,645|
..getmessages..Done...
9-clientserver@lab22.cpt.haw-hamburg.de<0.22056.0>-C-1-5: 1408te_Nachricht. C Out: 12.04 13:32:00,645|(1408) gesendet
9-clientserver@lab22.cpt.haw-hamburg.de<0.22056.0>-C-1-5: 1778te_Nachricht. C Out: 12.04 13:32:05,147|(1778) gesendet
9-clientserver@lab22.cpt.haw-hamburg.de<0.22056.0>-C-1-5: 1924te_Nachricht. C Out: 12.04 13:32:09,649|(1924) gesendet
9-clientserver@lab22.cpt.haw-hamburg.de<0.22056.0>-C-1-5: 2049te_Nachricht. C Out: 12.04 13:32:14,150|(2049) gesendet
9-clientserver@lab22.cpt.haw-hamburg.de<0.22056.0>-C-1-5: 2217te_Nachricht. C Out: 12.04 13:32:18,651|(2217) gesendet
2339te_Nachricht um 12.04 13:32:23,153|- vergessen zu senden ******
Neues Sendeintervall: 2 Sekunden
2-profA@lab31.cpt.haw-hamburg.de-<0.11488.0>-KLC: 2265te_Nachricht. C Out: 12.04 13:32:24,519| 12.04 13:32:24,521| ; C In: 12.04 13:32:25,404|
Fehlernachricht fuer Nachrichtennummern 2266 bis 2286 ; C In: 12.04 13:32:25,405|
'clientNode2@lab26.cpt.haw-hamburg.de'-<0.376.0>-C-3-06:2287te Nachricht.C Out:12.04 13:32:23,807| 12.04 13:32:23,808| ; C In: 12.04 13:32:25,407|
Fehlernachricht fuer Nachrichtennummern 2288 bis 2288 ; C In: 12.04 13:32:25,408|
'clientNode2@lab26.cpt.haw-hamburg.de'-<0.370.0>-C-3-06:2289te Nachricht.C Out:12.04 13:32:22,837| 12.04 13:32:22,838| ; C In: 12.04 13:32:25,409|
Fehlernachricht fuer Nachrichtennummern 2290 bis 2292 ; C In: 12.04 13:32:25,410|
'clientNode@lab26.cpt.haw-hamburg.de'-<0.9117.0>-C-3-06:2293te Nachricht.C Out:12.04 13:32:22,989| 12.04 13:32:22,989| ; C In: 12.04 13:32:25,411|
'clientNode@lab26.cpt.haw-hamburg.de'-<0.9126.0>-C-3-06:2294te Nachricht.C Out:12.04 13:32:22,990| 12.04 13:32:22,990| ; C In: 12.04 13:32:25,412|
Fehlernachricht fuer Nachrichtennummern 2221 bis 2295 ; C In: 12.04 13:32:25,414|
'clientNode2@lab26.cpt.haw-hamburg.de'-<0.395.0>-C-3-06:2296te Nachricht.C Out:12.04 13:32:23,827| 12.04 13:32:23,828| ; C In: 12.04 13:32:25,415|
'clientNode@lab26.cpt.haw-hamburg.de'-<0.9109.0>-C-3-06:2297te Nachricht.C Out:12.04 13:32:23,971| 12.04 13:32:23,974| ; C In: 12.04 13:32:25,416|
'clientNode@lab26.cpt.haw-hamburg.de'-<0.9106.0>-C-3-06:2298te Nachricht.C Out:12.04 13:32:23,971| 12.04 13:32:23,974| ; C In: 12.04 13:32:25,417|
Fehlernachricht fuer Nachrichtennummern 2299 bis 2299 ; C In: 12.04 13:32:25,419|
'clientNode@lab26.cpt.haw-hamburg.de'-<0.9123.0>-C-3-06:2300te Nachricht.C Out:12.04 13:32:24,988| 12.04 13:32:24,988| ; C In: 12.04 13:32:25,420|
5-clientserver@lab22.cpt.haw-hamburg.de<0.22052.0>-C-1-5: 2301te_Nachricht. C Out: 12.04 13:32:22,343|(2301) 12.04 13:32:24,344| ; C In: 12.04 13:32:25,421|
12-clientserver@lab22.cpt.haw-hamburg.de<0.22059.0>-C-1-5: 2302te_Nachricht. C Out: 12.04 13:32:22,349|(2302) 12.04 13:32:24,350| ; C In: 12.04 13:32:25,422|
13-clientserver@lab22.cpt.haw-hamburg.de<0.22060.0>-C-1-5: 2303te_Nachricht. C Out: 12.04 13:32:22,350|(2303) 12.04 13:32:24,351| ; C In: 12.04 13:32:25,423|
19-clientserver@lab22.cpt.haw-hamburg.de<0.22066.0>-C-1-5: 2304te_Nachricht. C Out: 12.04 13:32:22,350|(2304) 12.04 13:32:24,351| ; C In: 12.04 13:32:25,425|
lab29-1-1: message_number_2305. Sent time: 12.04 13:32:22,604| 12.04 13:32:24,608| ; C In: 12.04 13:32:25,426|
lab29-1-1: message_number_2306. Sent time: 12.04 13:32:22,604| 12.04 13:32:24,609| ; C In: 12.04 13:32:25,427|
lab29-1-1: message_number_2307. Sent time: 12.04 13:32:22,605| 12.04 13:32:24,610| ; C In: 12.04 13:32:25,428|
lab29-1-1: message_number_2308. Sent time: 12.04 13:32:22,607| 12.04 13:32:24,610| ; C In: 12.04 13:32:25,429|
lab29-1-1: message_number_2309. Sent time: 12.04 13:32:22,607| 12.04 13:32:24,611| ; C In: 12.04 13:32:25,430|
lab29-1-1: message_number_2310. Sent time: 12.04 13:32:22,607| 12.04 13:32:24,612| ; C In: 12.04 13:32:25,432|
lab29-1-1: message_number_2311. Sent time: 12.04 13:32:22,607| 12.04 13:32:24,613| ; C In: 12.04 13:32:25,433|
lab29-1-1: message_number_2312. Sent time: 12.04 13:32:22,608| 12.04 13:32:24,614| ; C In: 12.04 13:32:25,434|
lab29-1-1: message_number_2313. Sent time: 12.04 13:32:22,608| 12.04 13:32:24,613| ; C In: 12.04 13:32:25,435|
lab29-1-1: message_number_2314. Sent time: 12.04 13:32:22,609| 12.04 13:32:24,614| ; C In: 12.04 13:32:25,436|
lab29-1-1: message_number_2315. Sent time: 12.04 13:32:22,609| 12.04 13:32:24,616| ; C In: 12.04 13:32:25,437|
lab29-1-1: message_number_2316. Sent time: 12.04 13:32:22,610| 12.04 13:32:24,615| ; C In: 12.04 13:32:25,438|
lab29-1-1: message_number_2317. Sent time: 12.04 13:32:22,610| 12.04 13:32:24,615| ; C In: 12.04 13:32:25,439|
lab29-1-1: message_number_2318. Sent time: 12.04 13:32:22,610| 12.04 13:32:24,616| ; C In: 12.04 13:32:25,440|
lab29-1-1: message_number_2319. Sent time: 12.04 13:32:22,611| 12.04 13:32:24,617| ; C In: 12.04 13:32:25,441|
lab29-1-1: message_number_2320. Sent time: 12.04 13:32:22,612| 12.04 13:32:24,617| ; C In: 12.04 13:32:25,442|
lab29-1-1: message_number_2321. Sent time: 12.04 13:32:22,612| 12.04 13:32:24,617| ; C In: 12.04 13:32:25,443|
lab29-1-1: message_number_2322. Sent time: 12.04 13:32:22,613| 12.04 13:32:24,618| ; C In: 12.04 13:32:25,444|
lab29-1-1: message_number_2323. Sent time: 12.04 13:32:22,613| 12.04 13:32:24,619| ; C In: 12.04 13:32:25,444|
lab29-1-1: message_number_2324. Sent time: 12.04 13:32:22,613| 12.04 13:32:24,619| ; C In: 12.04 13:32:25,445|
..getmessages..Done...
9-clientserver@lab22.cpt.haw-hamburg.de<0.22056.0>-C-1-5: 2608te_Nachricht. C Out: 12.04 13:32:25,445|(2608) gesendet
9-clientserver@lab22.cpt.haw-hamburg.de<0.22056.0>-C-1-5: 2685te_Nachricht. C Out: 12.04 13:32:27,697|(2685) gesendet
9-clientserver@lab22.cpt.haw-hamburg.de<0.22056.0>-C-1-5: 2715te_Nachricht. C Out: 12.04 13:32:29,948|(2715) gesendet
9-clientserver@lab22.cpt.haw-hamburg.de<0.22056.0>-C-1-5: 2792te_Nachricht. C Out: 12.04 13:32:32,199|(2792) gesendet
9-clientserver@lab22.cpt.haw-hamburg.de<0.22056.0>-C-1-5: 2826te_Nachricht. C Out: 12.04 13:32:34,451|(2826) gesendet
2900te_Nachricht um 12.04 13:32:36,702|- vergessen zu senden ******
Neues Sendeintervall: 2 Sekunden
Fehlernachricht fuer Nachrichtennummern 2783 bis 2735 ; C In: 12.04 13:32:38,704|
3-profA@lab31.cpt.haw-hamburg.de-<0.11489.0>-KLC: 2736te_Nachricht. C Out: 12.04 13:32:36,631| 12.04 13:32:36,632| ; C In: 12.04 13:32:38,705|
5-profA@lab31.cpt.haw-hamburg.de-<0.11491.0>-KLC: 2737te_Nachricht. C Out: 12.04 13:32:36,631| 12.04 13:32:36,632| ; C In: 12.04 13:32:38,706|
8-profA@lab31.cpt.haw-hamburg.de-<0.11494.0>-KLC: 2738te_Nachricht. C Out: 12.04 13:32:36,631| 12.04 13:32:36,633| ; C In: 12.04 13:32:38,706|
1-profA@lab31.cpt.haw-hamburg.de-<0.11487.0>-KLC: 2739te_Nachricht. C Out: 12.04 13:32:36,631| 12.04 13:32:36,633| ; C In: 12.04 13:32:38,707|
0-profA@lab31.cpt.haw-hamburg.de-<0.11486.0>-KLC: 2740te_Nachricht. C Out: 12.04 13:32:36,631| 12.04 13:32:36,634| ; C In: 12.04 13:32:38,707|
7-profA@lab31.cpt.haw-hamburg.de-<0.11493.0>-KLC: 2741te_Nachricht. C Out: 12.04 13:32:36,631| 12.04 13:32:36,634| ; C In: 12.04 13:32:38,708|
6-profA@lab31.cpt.haw-hamburg.de-<0.11492.0>-KLC: 2742te_Nachricht. C Out: 12.04 13:32:36,632| 12.04 13:32:36,635| ; C In: 12.04 13:32:38,708|
4-profA@lab31.cpt.haw-hamburg.de-<0.11490.0>-KLC: 2743te_Nachricht. C Out: 12.04 13:32:36,632| 12.04 13:32:36,635| ; C In: 12.04 13:32:38,709|
9-profA@lab31.cpt.haw-hamburg.de-<0.11495.0>-KLC: 2744te_Nachricht. C Out: 12.04 13:32:36,633| 12.04 13:32:36,636| ; C In: 12.04 13:32:38,710|
2-profA@lab31.cpt.haw-hamburg.de-<0.11488.0>-KLC: 2745te_Nachricht. C Out: 12.04 13:32:36,634| 12.04 13:32:36,636| ; C In: 12.04 13:32:38,710|
Fehlernachricht fuer Nachrichtennummern 2712 bis 2783 ; C In: 12.04 13:32:38,711|
'clientNode2@lab26.cpt.haw-hamburg.de'-<0.379.0>-C-3-06:2784te Nachricht.C Out:12.04 13:32:33,838| 12.04 13:32:33,839| ; C In: 12.04 13:32:38,712|
'clientNode2@lab26.cpt.haw-hamburg.de'-<0.395.0>-C-3-06:2785te Nachricht.C Out:12.04 13:32:34,848| 12.04 13:32:34,849| ; C In: 12.04 13:32:38,712|
'clientNode@lab26.cpt.haw-hamburg.de'-<0.9109.0>-C-3-06:2786te Nachricht.C Out:12.04 13:32:34,007| 12.04 13:32:34,007| ; C In: 12.04 13:32:38,713|
'clientNode@lab26.cpt.haw-hamburg.de'-<0.9106.0>-C-3-06:2787te Nachricht.C Out:12.04 13:32:34,007| 12.04 13:32:34,008| ; C In: 12.04 13:32:38,714|
'clientNode@lab26.cpt.haw-hamburg.de'-<0.9123.0>-C-3-06:2788te Nachricht.C Out:12.04 13:32:34,014| 12.04 13:32:34,014| ; C In: 12.04 13:32:38,715|
14-clientserver@lab22.cpt.haw-hamburg.de<0.22061.0>-C-1-5: 2789te_Nachricht. C Out: 12.04 13:32:32,198|(2789) 12.04 13:32:34,449| ; C In: 12.04 13:32:38,715|
16-clientserver@lab22.cpt.haw-hamburg.de<0.22063.0>-C-1-5: 2790te_Nachricht. C Out: 12.04 13:32:32,198|(2790) 12.04 13:32:34,450| ; C In: 12.04 13:32:38,716|
6-clientserver@lab22.cpt.haw-hamburg.de<0.22053.0>-C-1-5: 2791te_Nachricht. C Out: 12.04 13:32:32,199|(2791) 12.04 13:32:34,450| ; C In: 12.04 13:32:38,716|
9-clientserver@lab22.cpt.haw-hamburg.de<0.22056.0>-C-1-5: 2792te_Nachricht. C Out: 12.04 13:32:32,199|(2792) 12.04 13:32:34,450| ; C In: 12.04 13:32:38,717|
10-clientserver@lab22.cpt.haw-hamburg.de<0.22057.0>-C-1-5: 2793te_Nachricht. C Out: 12.04 13:32:32,313|(2793) 12.04 13:32:35,315| ; C In: 12.04 13:32:38,717|
18-clientserver@lab22.cpt.haw-hamburg.de<0.22065.0>-C-1-5: 2794te_Nachricht. C Out: 12.04 13:32:32,322|(2794) 12.04 13:32:35,324| ; C In: 12.04 13:32:38,718|
4-clientserver@lab22.cpt.haw-hamburg.de<0.22051.0>-C-1-5: 2795te_Nachricht. C Out: 12.04 13:32:32,339|(2795) 12.04 13:32:34,340| ; C In: 12.04 13:32:38,718|
7-clientserver@lab22.cpt.haw-hamburg.de<0.22054.0>-C-1-5: 2796te_Nachricht. C Out: 12.04 13:32:32,340|(2796) 12.04 13:32:34,341| ; C In: 12.04 13:32:38,719|
Fehlernachricht fuer Nachrichtennummern 2784 bis 2800 ; C In: 12.04 13:32:38,720|
'clientNode2@lab26.cpt.haw-hamburg.de'-<0.376.0>-C-3-06:2801te Nachricht.C Out:12.04 13:32:35,820| 12.04 13:32:35,821| ; C In: 12.04 13:32:38,720|
Fehlernachricht fuer Nachrichtennummern 2802 bis 2805 ; C In: 12.04 13:32:38,721|
'clientNode@lab26.cpt.haw-hamburg.de'-<0.9103.0>-C-3-06:2806te Nachricht.C Out:12.04 13:32:35,913| 12.04 13:32:35,913| ; C In: 12.04 13:32:38,721|
'clientNode@lab26.cpt.haw-hamburg.de'-<0.9112.0>-C-3-06:2807te Nachricht.C Out:12.04 13:32:35,913| 12.04 13:32:35,914| ; C In: 12.04 13:32:38,721|
Fehlernachricht fuer Nachrichtennummern 2808 bis 2809 ; C In: 12.04 13:32:38,722|
'clientNode@lab26.cpt.haw-hamburg.de'-<0.9117.0>-C-3-06:2810te Nachricht.C Out:12.04 13:32:36,043| 12.04 13:32:36,043| ; C In: 12.04 13:32:38,722|
'clientNode@lab26.cpt.haw-hamburg.de'-<0.9126.0>-C-3-06:2811te Nachricht.C Out:12.04 13:32:35,043| 12.04 13:32:35,044| ; C In: 12.04 13:32:38,723|
'clientNode2@lab26.cpt.haw-hamburg.de'-<0.382.0>-C-3-06:2812te Nachricht.C Out:12.04 13:32:36,795| 12.04 13:32:36,796| ; C In: 12.04 13:32:38,723|
'clientNode2@lab26.cpt.haw-hamburg.de'-<0.379.0>-C-3-06:2813te Nachricht.C Out:12.04 13:32:35,840| 12.04 13:32:35,841| ; C In: 12.04 13:32:38,724|
'clientNode2@lab26.cpt.haw-hamburg.de'-<0.370.0>-C-3-06:2814te Nachricht.C Out:12.04 13:32:36,861| 12.04 13:32:36,862| ; C In: 12.04 13:32:38,724|
..getmessages..Done...
9-clientserver@lab22.cpt.haw-hamburg.de<0.22056.0>-C-1-5: 2924te_Nachricht. C Out: 12.04 13:32:38,724|(2924) gesendet
9-clientserver@lab22.cpt.haw-hamburg.de<0.22056.0>-C-1-5: 2967te_Nachricht. C Out: 12.04 13:32:40,726|(2967) gesendet
9-clientserver@lab22.cpt.haw-hamburg.de<0.22056.0>-C-1-5: 3011te_Nachricht. C Out: 12.04 13:32:42,729|(3011) gesendet
9-clientserver@lab22.cpt.haw-hamburg.de<0.22056.0>-C-1-5: 3064te_Nachricht. C Out: 12.04 13:32:44,731|(3064) gesendet
9-clientserver@lab22.cpt.haw-hamburg.de<0.22056.0>-C-1-5: 3086te_Nachricht. C Out: 12.04 13:32:46,733|(3086) gesendet
3175te_Nachricht um 12.04 13:32:48,734|- vergessen zu senden ******
Neues Sendeintervall: 2 Sekunden
Fehlernachricht fuer Nachrichtennummern 3080 bis 3080 ; C In: 12.04 13:32:50,736|
'clientNode@lab26.cpt.haw-hamburg.de'-<0.9128.0>-C-3-06:3081te Nachricht.C Out:12.04 13:32:48,010| 12.04 13:32:48,010| ; C In: 12.04 13:32:50,737|
'clientNode@lab26.cpt.haw-hamburg.de'-<0.9123.0>-C-3-06:3082te Nachricht.C Out:12.04 13:32:48,050| 12.04 13:32:48,050| ; C In: 12.04 13:32:50,737|
10-clientserver@lab22.cpt.haw-hamburg.de<0.22057.0>-C-1-5: 3083te_Nachricht. C Out: 12.04 13:32:46,343|(3083) 12.04 13:32:48,346| ; C In: 12.04 13:32:50,738|
7-clientserver@lab22.cpt.haw-hamburg.de<0.22054.0>-C-1-5: 3084te_Nachricht. C Out: 12.04 13:32:46,367|(3084) 12.04 13:32:48,368| ; C In: 12.04 13:32:50,738|
19-clientserver@lab22.cpt.haw-hamburg.de<0.22066.0>-C-1-5: 3085te_Nachricht. C Out: 12.04 13:32:46,386|(3085) 12.04 13:32:48,388| ; C In: 12.04 13:32:50,738|
9-clientserver@lab22.cpt.haw-hamburg.de<0.22056.0>-C-1-5: 3086te_Nachricht. C Out: 12.04 13:32:46,733|(3086) 12.04 13:32:48,734| ; C In: 12.04 13:32:50,739|
Fehlernachricht fuer Nachrichtennummern 3042 bis 3106 ; C In: 12.04 13:32:50,739|
14-clientserver@lab22.cpt.haw-hamburg.de<0.22061.0>-C-1-5: 3107te_Nachricht. C Out: 12.04 13:32:46,882|(3107) 12.04 13:32:50,259| ; C In: 12.04 13:32:50,740|
16-clientserver@lab22.cpt.haw-hamburg.de<0.22063.0>-C-1-5: 3108te_Nachricht. C Out: 12.04 13:32:46,883|(3108) 12.04 13:32:50,259| ; C In: 12.04 13:32:50,740|
6-clientserver@lab22.cpt.haw-hamburg.de<0.22053.0>-C-1-5: 3109te_Nachricht. C Out: 12.04 13:32:46,883|(3109) 12.04 13:32:50,260| ; C In: 12.04 13:32:50,740|
'clientNode2@lab26.cpt.haw-hamburg.de'-<0.395.0>-C-3-06:3110te Nachricht.C Out:12.04 13:32:48,885| 12.04 13:32:48,886| ; C In: 12.04 13:32:50,741|
'clientNode@lab26.cpt.haw-hamburg.de'-<0.9109.0>-C-3-06:3111te Nachricht.C Out:12.04 13:32:50,052| 12.04 13:32:50,053| ; C In: 12.04 13:32:50,741|
'clientNode@lab26.cpt.haw-hamburg.de'-<0.9106.0>-C-3-06:3112te Nachricht.C Out:12.04 13:32:50,052| 12.04 13:32:50,053| ; C In: 12.04 13:32:50,742|
'clientNode@lab26.cpt.haw-hamburg.de'-<0.9126.0>-C-3-06:3113te Nachricht.C Out:12.04 13:32:49,078| 12.04 13:32:49,079| ; C In: 12.04 13:32:50,742|
lab29-1-1: message_number_3114. Sent time: 12.04 13:32:47,119| 12.04 13:32:49,121| ; C In: 12.04 13:32:50,743|
lab29-1-1: message_number_3115. Sent time: 12.04 13:32:47,119| 12.04 13:32:49,121| ; C In: 12.04 13:32:50,743|
lab29-1-1: message_number_3116. Sent time: 12.04 13:32:47,119| 12.04 13:32:49,122| ; C In: 12.04 13:32:50,743|
lab29-1-1: message_number_3117. Sent time: 12.04 13:32:47,119| 12.04 13:32:49,121| ; C In: 12.04 13:32:50,744|
lab29-1-1: message_number_3118. Sent time: 12.04 13:32:47,119| 12.04 13:32:49,122| ; C In: 12.04 13:32:50,744|
lab29-1-1: message_number_3119. Sent time: 12.04 13:32:47,120| 12.04 13:32:49,121| ; C In: 12.04 13:32:50,745|
lab29-1-1: message_number_3120. Sent time: 12.04 13:32:47,120| 12.04 13:32:49,123| ; C In: 12.04 13:32:50,745|
lab29-1-1: message_number_3121. Sent time: 12.04 13:32:47,120| 12.04 13:32:49,124| ; C In: 12.04 13:32:50,746|
lab29-1-1: message_number_3122. Sent time: 12.04 13:32:47,120| 12.04 13:32:49,124| ; C In: 12.04 13:32:50,746|
lab29-1-1: message_number_3123. Sent time: 12.04 13:32:47,120| 12.04 13:32:49,123| ; C In: 12.04 13:32:50,746|
lab29-1-1: message_number_3124. Sent time: 12.04 13:32:47,121| 12.04 13:32:49,123| ; C In: 12.04 13:32:50,747|
lab29-1-1: message_number_3125. Sent time: 12.04 13:32:47,121| 12.04 13:32:49,124| ; C In: 12.04 13:32:50,747|
lab29-1-1: message_number_3126. Sent time: 12.04 13:32:47,121| 12.04 13:32:49,125| ; C In: 12.04 13:32:50,748|
lab29-1-1: message_number_3127. Sent time: 12.04 13:32:47,121| 12.04 13:32:49,125| ; C In: 12.04 13:32:50,748|
lab29-1-1: message_number_3128. Sent time: 12.04 13:32:47,122| 12.04 13:32:49,125| ; C In: 12.04 13:32:50,749|
lab29-1-1: message_number_3129. Sent time: 12.04 13:32:47,122| 12.04 13:32:49,126| ; C In: 12.04 13:32:50,749|
lab29-1-1: message_number_3130. Sent time: 12.04 13:32:47,122| 12.04 13:32:49,126| ; C In: 12.04 13:32:50,749|
lab29-1-1: message_number_3131. Sent time: 12.04 13:32:47,122| 12.04 13:32:49,127| ; C In: 12.04 13:32:50,750|
lab29-1-1: message_number_3132. Sent time: 12.04 13:32:47,122| 12.04 13:32:49,126| ; C In: 12.04 13:32:50,750|
lab29-1-1: message_number_3133. Sent time: 12.04 13:32:47,122| 12.04 13:32:49,126| ; C In: 12.04 13:32:50,751|
4-clientserver@lab22.cpt.haw-hamburg.de<0.22051.0>-C-1-5: 3134te_Nachricht. C Out: 12.04 13:32:47,368|(3134) 12.04 13:32:50,369| ; C In: 12.04 13:32:50,751|
..getmessages..Done...
9-clientserver@lab22.cpt.haw-hamburg.de<0.22056.0>-C-1-5: 3223te_Nachricht. C Out: 12.04 13:32:50,751|(3223) gesendet
9-clientserver@lab22.cpt.haw-hamburg.de<0.22056.0>-C-1-5: 3285te_Nachricht. C Out: 12.04 13:32:52,754|(3285) gesendet
9-clientserver@lab22.cpt.haw-hamburg.de<0.22056.0>-C-1-5: 3556te_Nachricht. C Out: 12.04 13:32:54,755|(3556) gesendet
9-clientserver@lab22.cpt.haw-hamburg.de<0.22056.0>-C-1-5: 3622te_Nachricht. C Out: 12.04 13:32:56,757|(3622) gesendet
9-clientserver@lab22.cpt.haw-hamburg.de<0.22056.0>-C-1-5: 3729te_Nachricht. C Out: 12.04 13:32:58,759|(3729) gesendet
3796te_Nachricht um 12.04 13:33:00,760|- vergessen zu senden ******
Neues Sendeintervall: 3 Sekunden
'clientNode@lab26.cpt.haw-hamburg.de'-<0.9120.0>-C-3-06:3289te Nachricht.C Out:12.04 13:33:02,916| 12.04 13:33:02,916| ; C In: 12.04 13:33:03,762|
Fehlernachricht fuer Nachrichtennummern 3290 bis 3700 ; C In: 12.04 13:33:03,763|
'clientNode@lab26.cpt.haw-hamburg.de'-<0.9103.0>-C-3-06:3701te Nachricht.C Out:12.04 13:33:02,948| 12.04 13:33:02,948| ; C In: 12.04 13:33:03,763|
'clientNode@lab26.cpt.haw-hamburg.de'-<0.9112.0>-C-3-06:3702te Nachricht.C Out:12.04 13:33:02,949| 12.04 13:33:02,949| ; C In: 12.04 13:33:03,764|
Fehlernachricht fuer Nachrichtennummern 3703 bis 3761 ; C In: 12.04 13:33:03,764|
'clientNode2@lab26.cpt.haw-hamburg.de'-<0.382.0>-C-3-06:3762te Nachricht.C Out:12.04 13:33:01,850| 12.04 13:33:01,851| ; C In: 12.04 13:33:03,764|
'clientNode2@lab26.cpt.haw-hamburg.de'-<0.370.0>-C-3-06:3763te Nachricht.C Out:12.04 13:33:01,918| 12.04 13:33:01,919| ; C In: 12.04 13:33:03,765|
'clientNode@lab26.cpt.haw-hamburg.de'-<0.9128.0>-C-3-06:3764te Nachricht.C Out:12.04 13:33:03,033| 12.04 13:33:03,033| ; C In: 12.04 13:33:03,765|
Fehlernachricht fuer Nachrichtennummern 3765 bis 3765 ; C In: 12.04 13:33:03,766|
'clientNode@lab26.cpt.haw-hamburg.de'-<0.9123.0>-C-3-06:3766te Nachricht.C Out:12.04 13:33:03,077| 12.04 13:33:03,077| ; C In: 12.04 13:33:03,766|
7-profB@lab31.cpt.haw-hamburg.de-<0.13169.0>-KLC: 3767te_Nachricht. C Out: 12.04 13:33:03,087| 12.04 13:33:03,088| ; C In: 12.04 13:33:03,767|
5-profB@lab31.cpt.haw-hamburg.de-<0.13167.0>-KLC: 3768te_Nachricht. C Out: 12.04 13:33:03,087| 12.04 13:33:03,089| ; C In: 12.04 13:33:03,767|
2-profB@lab31.cpt.haw-hamburg.de-<0.13164.0>-KLC: 3769te_Nachricht. C Out: 12.04 13:33:03,087| 12.04 13:33:03,089| ; C In: 12.04 13:33:03,768|
0-profB@lab31.cpt.haw-hamburg.de-<0.13162.0>-KLC: 3770te_Nachricht. C Out: 12.04 13:33:03,088| 12.04 13:33:03,089| ; C In: 12.04 13:33:03,768|
9-profB@lab31.cpt.haw-hamburg.de-<0.13171.0>-KLC: 3771te_Nachricht. C Out: 12.04 13:33:03,089| 12.04 13:33:03,090| ; C In: 12.04 13:33:03,769|
6-profB@lab31.cpt.haw-hamburg.de-<0.13168.0>-KLC: 3772te_Nachricht. C Out: 12.04 13:33:03,089| 12.04 13:33:03,090| ; C In: 12.04 13:33:03,769|
4-profB@lab31.cpt.haw-hamburg.de-<0.13166.0>-KLC: 3773te_Nachricht. C Out: 12.04 13:33:03,089| 12.04 13:33:03,091| ; C In: 12.04 13:33:03,770|
1-profB@lab31.cpt.haw-hamburg.de-<0.13163.0>-KLC: 3774te_Nachricht. C Out: 12.04 13:33:03,089| 12.04 13:33:03,091| ; C In: 12.04 13:33:03,770|
3-profB@lab31.cpt.haw-hamburg.de-<0.13165.0>-KLC: 3775te_Nachricht. C Out: 12.04 13:33:03,090| 12.04 13:33:03,092| ; C In: 12.04 13:33:03,771|
8-profB@lab31.cpt.haw-hamburg.de-<0.13170.0>-KLC: 3776te_Nachricht. C Out: 12.04 13:33:03,090| 12.04 13:33:03,092| ; C In: 12.04 13:33:03,771|
1-clientserver@lab22.cpt.haw-hamburg.de<0.22047.0>-C-1-5: 3777te_Nachricht. C Out: 12.04 13:33:00,108|(3777) 12.04 13:33:02,359| ; C In: 12.04 13:33:03,772|
15-clientserver@lab22.cpt.haw-hamburg.de<0.22062.0>-C-1-5: 3778te_Nachricht. C Out: 12.04 13:33:00,109|(3778) 12.04 13:33:02,361| ; C In: 12.04 13:33:03,772|
Fehlernachricht fuer Nachrichtennummern 3779 bis 3781 ; C In: 12.04 13:33:03,773|
7-clientserver@lab22.cpt.haw-hamburg.de<0.22054.0>-C-1-5: 3782te_Nachricht. C Out: 12.04 13:33:00,386|(3782) 12.04 13:33:02,387| ; C In: 12.04 13:33:03,773|
4-clientserver@lab22.cpt.haw-hamburg.de<0.22051.0>-C-1-5: 3783te_Nachricht. C Out: 12.04 13:33:00,390|(3783) 12.04 13:33:02,391| ; C In: 12.04 13:33:03,774|
19-clientserver@lab22.cpt.haw-hamburg.de<0.22066.0>-C-1-5: 3784te_Nachricht. C Out: 12.04 13:33:00,408|(3784) 12.04 13:33:02,409| ; C In: 12.04 13:33:03,774|
13-clientserver@lab22.cpt.haw-hamburg.de<0.22060.0>-C-1-5: 3785te_Nachricht. C Out: 12.04 13:33:00,415|(3785) 12.04 13:33:02,417| ; C In: 12.04 13:33:03,775|
3-profA@lab31.cpt.haw-hamburg.de-<0.11489.0>-KLC: 3786te_Nachricht. C Out: 12.04 13:33:03,744| 12.04 13:33:03,744| ; C In: 12.04 13:33:03,775|
5-profA@lab31.cpt.haw-hamburg.de-<0.11491.0>-KLC: 3787te_Nachricht. C Out: 12.04 13:33:03,744| 12.04 13:33:03,745| ; C In: 12.04 13:33:03,776|
8-profA@lab31.cpt.haw-hamburg.de-<0.11494.0>-KLC: 3788te_Nachricht. C Out: 12.04 13:33:03,744| 12.04 13:33:03,745| ; C In: 12.04 13:33:03,776|
1-profA@lab31.cpt.haw-hamburg.de-<0.11487.0>-KLC: 3789te_Nachricht. C Out: 12.04 13:33:03,744| 12.04 13:33:03,746| ; C In: 12.04 13:33:03,776|
0-profA@lab31.cpt.haw-hamburg.de-<0.11486.0>-KLC: 3790te_Nachricht. C Out: 12.04 13:33:03,744| 12.04 13:33:03,746| ; C In: 12.04 13:33:03,777|
7-profA@lab31.cpt.haw-hamburg.de-<0.11493.0>-KLC: 3791te_Nachricht. C Out: 12.04 13:33:03,745| 12.04 13:33:03,747| ; C In: 12.04 13:33:03,777|
6-profA@lab31.cpt.haw-hamburg.de-<0.11492.0>-KLC: 3792te_Nachricht. C Out: 12.04 13:33:03,746| 12.04 13:33:03,747| ; C In: 12.04 13:33:03,778|
4-profA@lab31.cpt.haw-hamburg.de-<0.11490.0>-KLC: 3793te_Nachricht. C Out: 12.04 13:33:03,746| 12.04 13:33:03,747| ; C In: 12.04 13:33:03,778|
9-profA@lab31.cpt.haw-hamburg.de-<0.11495.0>-KLC: 3794te_Nachricht. C Out: 12.04 13:33:03,746| 12.04 13:33:03,748| ; C In: 12.04 13:33:03,778|
2-profA@lab31.cpt.haw-hamburg.de-<0.11488.0>-KLC: 3795te_Nachricht. C Out: 12.04 13:33:03,746| 12.04 13:33:03,748| ; C In: 12.04 13:33:03,779|
..getmessages..Done...
9-clientserver@lab22.cpt.haw-hamburg.de<0.22056.0>-C-1-5: 3921te_Nachricht. C Out: 12.04 13:33:03,779|(3921) gesendet
9-clientserver@lab22.cpt.haw-hamburg.de<0.22056.0>-C-1-5: 4016te_Nachricht. C Out: 12.04 13:33:06,780|(4016) gesendet
9-clientserver@lab22.cpt.haw-hamburg.de<0.22056.0>-C-1-5: 4327te_Nachricht. C Out: 12.04 13:33:09,785|(4327) gesendet
9-clientserver@lab22.cpt.haw-hamburg.de<0.22056.0>-C-1-5: 4460te_Nachricht. C Out: 12.04 13:33:12,786|(4460) gesendet
9-clientserver@lab22.cpt.haw-hamburg.de<0.22056.0>-C-1-5: 4595te_Nachricht. C Out: 12.04 13:33:15,788|(4595) gesendet
4719te_Nachricht um 12.04 13:33:18,790|- vergessen zu senden ******
Neues Sendeintervall: 2 Sekunden
lab29-1-1: message_number_4580. Sent time: 12.04 13:33:15,661| 12.04 13:33:17,667| ; C In: 12.04 13:33:20,791|
lab29-1-1: message_number_4581. Sent time: 12.04 13:33:15,661| 12.04 13:33:17,667| ; C In: 12.04 13:33:20,791|
lab29-1-1: message_number_4582. Sent time: 12.04 13:33:15,662| 12.04 13:33:17,667| ; C In: 12.04 13:33:20,792|
[lab28|0304]: 4583te Nachricht. C Out: 12.04 13:33:17,662| 12.04 13:33:17,668| ; C In: 12.04 13:33:20,792|
lab29-1-1: message_number_4584. Sent time: 12.04 13:33:15,663| 12.04 13:33:17,670| ; C In: 12.04 13:33:20,793|
lab29-1-1: message_number_4585. Sent time: 12.04 13:33:15,664| 12.04 13:33:17,670| ; C In: 12.04 13:33:20,793|
lab29-1-1: message_number_4586. Sent time: 12.04 13:33:15,664| 12.04 13:33:17,671| ; C In: 12.04 13:33:20,794|
lab29-1-1: message_number_4587. Sent time: 12.04 13:33:15,664| 12.04 13:33:17,672| ; C In: 12.04 13:33:20,794|
[lab28|0304]: 4588te Nachricht. C Out: 12.04 13:33:17,664| 12.04 13:33:17,671| ; C In: 12.04 13:33:20,794|
[lab28|0304]: 4589te Nachricht. C Out: 12.04 13:33:17,665| 12.04 13:33:17,673| ; C In: 12.04 13:33:20,795|
[lab28|0304]: 4590te Nachricht. C Out: 12.04 13:33:17,665| 12.04 13:33:17,672| ; C In: 12.04 13:33:20,795|
[lab28|0304]: 4591te Nachricht. C Out: 12.04 13:33:17,665| 12.04 13:33:17,673| ; C In: 12.04 13:33:20,796|
[lab28|0304]: 4592te Nachricht. C Out: 12.04 13:33:17,666| 12.04 13:33:17,675| ; C In: 12.04 13:33:20,796|
[lab28|0304]: 4593te Nachricht. C Out: 12.04 13:33:17,666| 12.04 13:33:17,675| ; C In: 12.04 13:33:20,796|
[lab28|0304]: 4594te Nachricht. C Out: 12.04 13:33:17,666| 12.04 13:33:17,675| ; C In: 12.04 13:33:20,797|
9-clientserver@lab22.cpt.haw-hamburg.de<0.22056.0>-C-1-5: 4595te_Nachricht. C Out: 12.04 13:33:15,788|(4595) 12.04 13:33:18,789| ; C In: 12.04 13:33:20,797|
Fehlernachricht fuer Nachrichtennummern 4580 bis 4597 ; C In: 12.04 13:33:20,798|
'clientNode2@lab26.cpt.haw-hamburg.de'-<0.387.0>-C-3-06:4598te Nachricht.C Out:12.04 13:33:17,913| 12.04 13:33:17,917| ; C In: 12.04 13:33:20,798|
Fehlernachricht fuer Nachrichtennummern 4599 bis 4600 ; C In: 12.04 13:33:20,798|
'clientNode2@lab26.cpt.haw-hamburg.de'-<0.395.0>-C-3-06:4601te Nachricht.C Out:12.04 13:33:17,951| 12.04 13:33:17,952| ; C In: 12.04 13:33:20,799|
'clientNode2@lab26.cpt.haw-hamburg.de'-<0.370.0>-C-3-06:4602te Nachricht.C Out:12.04 13:33:17,957| 12.04 13:33:17,958| ; C In: 12.04 13:33:20,799|
'clientNode@lab26.cpt.haw-hamburg.de'-<0.9117.0>-C-3-06:4603te Nachricht.C Out:12.04 13:33:18,086| 12.04 13:33:18,086| ; C In: 12.04 13:33:20,800|
'clientNode@lab26.cpt.haw-hamburg.de'-<0.9126.0>-C-3-06:4604te Nachricht.C Out:12.04 13:33:20,114| 12.04 13:33:20,114| ; C In: 12.04 13:33:20,800|
'clientNode@lab26.cpt.haw-hamburg.de'-<0.9123.0>-C-3-06:4605te Nachricht.C Out:12.04 13:33:19,133| 12.04 13:33:19,133| ; C In: 12.04 13:33:20,800|
4-clientserver@lab22.cpt.haw-hamburg.de<0.22051.0>-C-1-5: 4606te_Nachricht. C Out: 12.04 13:33:16,417|(4606) 12.04 13:33:18,419| ; C In: 12.04 13:33:20,801|
19-clientserver@lab22.cpt.haw-hamburg.de<0.22066.0>-C-1-5: 4607te_Nachricht. C Out: 12.04 13:33:16,433|(4607) 12.04 13:33:18,434| ; C In: 12.04 13:33:20,801|
[lab28|0304]: 4608te Nachricht. C Out: 12.04 13:33:19,659| 12.04 13:33:19,660| ; C In: 12.04 13:33:20,801|
[lab28|0304]: 4609te Nachricht. C Out: 12.04 13:33:19,660| 12.04 13:33:19,661| ; C In: 12.04 13:33:20,802|
[lab28|0304]: 4610te Nachricht. C Out: 12.04 13:33:19,660| 12.04 13:33:19,662| ; C In: 12.04 13:33:20,802|
[lab28|0304]: 4611te Nachricht. C Out: 12.04 13:33:19,660| 12.04 13:33:19,662| ; C In: 12.04 13:33:20,803|
[lab28|0304]: 4612te Nachricht. C Out: 12.04 13:33:19,661| 12.04 13:33:19,663| ; C In: 12.04 13:33:20,804|
[lab28|0304]: 4613te Nachricht. C Out: 12.04 13:33:19,662| 12.04 13:33:19,663| ; C In: 12.04 13:33:20,805|
[lab28|0304]: 4614te Nachricht. C Out: 12.04 13:33:19,662| 12.04 13:33:19,663| ; C In: 12.04 13:33:20,805|
15-clientserver@lab22.cpt.haw-hamburg.de<0.22062.0>-C-1-5: 4615te_Nachricht. C Out: 12.04 13:33:16,889|(4615) 12.04 13:33:18,890| ; C In: 12.04 13:33:20,806|
..getmessages..Done...
9-clientserver@lab22.cpt.haw-hamburg.de<0.22056.0>-C-1-5: 4766te_Nachricht. C Out: 12.04 13:33:20,807|(4766) gesendet
9-clientserver@lab22.cpt.haw-hamburg.de<0.22056.0>-C-1-5: 4855te_Nachricht. C Out: 12.04 13:33:22,808|(4855) gesendet
9-clientserver@lab22.cpt.haw-hamburg.de<0.22056.0>-C-1-5: 4903te_Nachricht. C Out: 12.04 13:33:24,811|(4903) gesendet
9-clientserver@lab22.cpt.haw-hamburg.de<0.22056.0>-C-1-5: 4954te_Nachricht. C Out: 12.04 13:33:26,813|(4954) gesendet
9-clientserver@lab22.cpt.haw-hamburg.de<0.22056.0>-C-1-5: 4999te_Nachricht. C Out: 12.04 13:33:28,814|(4999) gesendet
5022te_Nachricht um 12.04 13:33:30,817|- vergessen zu senden ******
Neues Sendeintervall: 2 Sekunden
19-clientserver@lab22.cpt.haw-hamburg.de<0.22066.0>-C-1-5: 4947te_Nachricht. C Out: 12.04 13:33:26,458|(4947) 12.04 13:33:28,459| ; C In: 12.04 13:33:32,818|
13-clientserver@lab22.cpt.haw-hamburg.de<0.22060.0>-C-1-5: 4948te_Nachricht. C Out: 12.04 13:33:26,463|(4948) 12.04 13:33:28,465| ; C In: 12.04 13:33:32,819|
[lab28|0304]: 4949te Nachricht. C Out: 12.04 13:33:30,743| 12.04 13:33:30,744| ; C In: 12.04 13:33:32,819|
[lab28|0304]: 4950te Nachricht. C Out: 12.04 13:33:30,745| 12.04 13:33:30,746| ; C In: 12.04 13:33:32,819|
[lab28|0304]: 4951te Nachricht. C Out: 12.04 13:33:28,747| 12.04 13:33:28,748| ; C In: 12.04 13:33:32,820|
[lab28|0304]: 4952te Nachricht. C Out: 12.04 13:33:28,748| 12.04 13:33:28,749| ; C In: 12.04 13:33:32,820|
[lab28|0304]: 4953te Nachricht. C Out: 12.04 13:33:28,748| 12.04 13:33:28,749| ; C In: 12.04 13:33:32,821|
9-clientserver@lab22.cpt.haw-hamburg.de<0.22056.0>-C-1-5: 4954te_Nachricht. C Out: 12.04 13:33:26,813|(4954) 12.04 13:33:28,814| ; C In: 12.04 13:33:32,821|
[lab28|0304]: 4955te Nachricht. C Out: 12.04 13:33:29,949| 12.04 13:33:29,950| ; C In: 12.04 13:33:32,822|
[lab28|0304]: 4956te Nachricht. C Out: 12.04 13:33:29,949| 12.04 13:33:29,951| ; C In: 12.04 13:33:32,822|
[lab28|0304]: 4957te Nachricht. C Out: 12.04 13:33:29,950| 12.04 13:33:29,951| ; C In: 12.04 13:33:32,823|
Fehlernachricht fuer Nachrichtennummern 4943 bis 4961 ; C In: 12.04 13:33:32,823|
14-clientserver@lab22.cpt.haw-hamburg.de<0.22061.0>-C-1-5: 4962te_Nachricht. C Out: 12.04 13:33:27,094|(4962) 12.04 13:33:30,096| ; C In: 12.04 13:33:32,824|
Fehlernachricht fuer Nachrichtennummern 4922 bis 4971 ; C In: 12.04 13:33:32,824|
[lab28|0304]: 4972te Nachricht. C Out: 12.04 13:33:30,727| 12.04 13:33:30,728| ; C In: 12.04 13:33:32,824|
[lab28|0304]: 4973te Nachricht. C Out: 12.04 13:33:30,728| 12.04 13:33:30,729| ; C In: 12.04 13:33:32,825|
[lab28|0304]: 4974te Nachricht. C Out: 12.04 13:33:30,728| 12.04 13:33:30,729| ; C In: 12.04 13:33:32,825|
Fehlernachricht fuer Nachrichtennummern 4975 bis 4975 ; C In: 12.04 13:33:32,826|
[lab28|0304]: 4976te Nachricht. C Out: 12.04 13:33:31,728| 12.04 13:33:31,729| ; C In: 12.04 13:33:32,826|
15-clientserver@lab22.cpt.haw-hamburg.de<0.22062.0>-C-1-5: 4977te_Nachricht. C Out: 12.04 13:33:27,909|(4977) 12.04 13:33:30,910| ; C In: 12.04 13:33:32,827|
Fehlernachricht fuer Nachrichtennummern 4978 bis 4982 ; C In: 12.04 13:33:32,827|
8-clientserver@lab22.cpt.haw-hamburg.de<0.22055.0>-C-1-5: 4983te_Nachricht. C Out: 12.04 13:33:27,995|(4983) 12.04 13:33:29,997| ; C In: 12.04 13:33:32,828|
[lab28|0304]: 4984te Nachricht. C Out: 12.04 13:33:31,006| 12.04 13:33:31,007| ; C In: 12.04 13:33:32,828|
[lab28|0304]: 4985te Nachricht. C Out: 12.04 13:33:31,007| 12.04 13:33:31,008| ; C In: 12.04 13:33:32,828|
[lab28|0304]: 4986te Nachricht. C Out: 12.04 13:33:30,007| 12.04 13:33:30,008| ; C In: 12.04 13:33:32,829|
[lab28|0304]: 4987te Nachricht. C Out: 12.04 13:33:30,007| 12.04 13:33:30,008| ; C In: 12.04 13:33:32,829|
[lab28|0304]: 4988te Nachricht. C Out: 12.04 13:33:30,007| 12.04 13:33:30,009| ; C In: 12.04 13:33:32,830|
4-clientserver@lab22.cpt.haw-hamburg.de<0.22051.0>-C-1-5: 4989te_Nachricht. C Out: 12.04 13:33:28,441|(4989) 12.04 13:33:30,443| ; C In: 12.04 13:33:32,830|
19-clientserver@lab22.cpt.haw-hamburg.de<0.22066.0>-C-1-5: 4990te_Nachricht. C Out: 12.04 13:33:28,459|(4990) 12.04 13:33:30,460| ; C In: 12.04 13:33:32,831|
13-clientserver@lab22.cpt.haw-hamburg.de<0.22060.0>-C-1-5: 4991te_Nachricht. C Out: 12.04 13:33:28,465|(4991) 12.04 13:33:30,466| ; C In: 12.04 13:33:32,831|
5-clientserver@lab22.cpt.haw-hamburg.de<0.22052.0>-C-1-5: 4992te_Nachricht. C Out: 12.04 13:33:28,690|(4992) 12.04 13:33:30,941| ; C In: 12.04 13:33:32,832|
12-clientserver@lab22.cpt.haw-hamburg.de<0.22059.0>-C-1-5: 4993te_Nachricht. C Out: 12.04 13:33:28,694|(4993) 12.04 13:33:30,946| ; C In: 12.04 13:33:32,832|
[lab28|0304]: 4994te Nachricht. C Out: 12.04 13:33:31,746| 12.04 13:33:31,747| ; C In: 12.04 13:33:32,832|
[lab28|0304]: 4995te Nachricht. C Out: 12.04 13:33:31,747| 12.04 13:33:31,748| ; C In: 12.04 13:33:32,833|
[lab28|0304]: 4996te Nachricht. C Out: 12.04 13:33:30,748| 12.04 13:33:30,749| ; C In: 12.04 13:33:32,833|
[lab28|0304]: 4997te Nachricht. C Out: 12.04 13:33:30,749| 12.04 13:33:30,750| ; C In: 12.04 13:33:32,834|
[lab28|0304]: 4998te Nachricht. C Out: 12.04 13:33:30,750| 12.04 13:33:30,751| ; C In: 12.04 13:33:32,834|
9-clientserver@lab22.cpt.haw-hamburg.de<0.22056.0>-C-1-5: 4999te_Nachricht. C Out: 12.04 13:33:28,814|(4999) 12.04 13:33:30,816| ; C In: 12.04 13:33:32,834|
..getmessages..Done...
9-clientserver@lab22.cpt.haw-hamburg.de<0.22056.0>-C-1-5: 5050te_Nachricht. C Out: 12.04 13:33:32,835|(5050) gesendet
9-clientserver@lab22.cpt.haw-hamburg.de<0.22056.0>-C-1-5: 5085te_Nachricht. C Out: 12.04 13:33:34,837|(5085) gesendet
9-clientserver@lab22.cpt.haw-hamburg.de<0.22056.0>-C-1-5: 5109te_Nachricht. C Out: 12.04 13:33:36,839|(5109) gesendet
9-clientserver@lab22.cpt.haw-hamburg.de<0.22056.0>-C-1-5: 5138te_Nachricht. C Out: 12.04 13:33:38,841|(5138) gesendet
9-clientserver@lab22.cpt.haw-hamburg.de<0.22056.0>-C-1-5: 5164te_Nachricht. C Out: 12.04 13:33:40,843|(5164) gesendet
9-clientserver@lab22.cpt.haw-hamburg.de<0.22056.0>-C-1-5: Lebenszeit um. Wird beendet.
