10-clientserver@lab22.cpt.haw-hamburg.de<0.22057.0>-C-1-5: Start: 12.04 13:31:41,034|.
10-clientserver@lab22.cpt.haw-hamburg.de<0.22057.0>-C-1-5: 621te_Nachricht. C Out: 12.04 13:31:41,034|(621) gesendet
10-clientserver@lab22.cpt.haw-hamburg.de<0.22057.0>-C-1-5: 699te_Nachricht. C Out: 12.04 13:31:44,040|(699) gesendet
10-clientserver@lab22.cpt.haw-hamburg.de<0.22057.0>-C-1-5: 799te_Nachricht. C Out: 12.04 13:31:47,043|(799) gesendet
10-clientserver@lab22.cpt.haw-hamburg.de<0.22057.0>-C-1-5: 1086te_Nachricht. C Out: 12.04 13:31:50,045|(1086) gesendet
10-clientserver@lab22.cpt.haw-hamburg.de<0.22057.0>-C-1-5: 1187te_Nachricht. C Out: 12.04 13:31:53,046|(1187) gesendet
1241te_Nachricht um 12.04 13:31:56,049|- vergessen zu senden ******
Neues Sendeintervall: 2 Sekunden
Fehlernachricht fuer Nachrichtennummern 1157 bis 1166 ; C In: 12.04 13:31:58,052|
'clientNode@lab26.cpt.haw-hamburg.de'-<0.9109.0>-C-3-06:1167te Nachricht.C Out:12.04 13:31:55,890| 12.04 13:31:55,890| ; C In: 12.04 13:31:58,056|
'clientNode@lab26.cpt.haw-hamburg.de'-<0.9123.0>-C-3-06:1168te Nachricht.C Out:12.04 13:31:54,891| 12.04 13:31:54,891| ; C In: 12.04 13:31:58,061|
'clientNode@lab26.cpt.haw-hamburg.de'-<0.9117.0>-C-3-06:1169te Nachricht.C Out:12.04 13:31:54,891| 12.04 13:31:54,892| ; C In: 12.04 13:31:58,065|
'clientNode@lab26.cpt.haw-hamburg.de'-<0.9115.0>-C-3-06:1170te Nachricht.C Out:12.04 13:31:55,892| 12.04 13:31:55,892| ; C In: 12.04 13:31:58,069|
'clientNode@lab26.cpt.haw-hamburg.de'-<0.9106.0>-C-3-06:1171te Nachricht.C Out:12.04 13:31:55,892| 12.04 13:31:55,893| ; C In: 12.04 13:31:58,074|
'clientNode@lab26.cpt.haw-hamburg.de'-<0.9126.0>-C-3-06:1172te Nachricht.C Out:12.04 13:31:54,892| 12.04 13:31:54,893| ; C In: 12.04 13:31:58,078|
'clientNode@lab26.cpt.haw-hamburg.de'-<0.9128.0>-C-3-06:1173te Nachricht.C Out:12.04 13:31:54,892| 12.04 13:31:54,893| ; C In: 12.04 13:31:58,083|
3-clientserver@lab22.cpt.haw-hamburg.de<0.22050.0>-C-1-5: 1174te_Nachricht. C Out: 12.04 13:31:53,041|(1174) 12.04 13:31:56,042| ; C In: 12.04 13:31:58,086|
0-clientserver@lab22.cpt.haw-hamburg.de<0.22046.0>-C-1-5: 1175te_Nachricht. C Out: 12.04 13:31:53,042|(1175) 12.04 13:31:56,043| ; C In: 12.04 13:31:58,091|
1-clientserver@lab22.cpt.haw-hamburg.de<0.22047.0>-C-1-5: 1176te_Nachricht. C Out: 12.04 13:31:53,042|(1176) 12.04 13:31:56,043| ; C In: 12.04 13:31:58,095|
11-clientserver@lab22.cpt.haw-hamburg.de<0.22058.0>-C-1-5: 1177te_Nachricht. C Out: 12.04 13:31:53,042|(1177) 12.04 13:31:56,044| ; C In: 12.04 13:31:58,099|
14-clientserver@lab22.cpt.haw-hamburg.de<0.22061.0>-C-1-5: 1178te_Nachricht. C Out: 12.04 13:31:53,043|(1178) 12.04 13:31:56,044| ; C In: 12.04 13:31:58,103|
16-clientserver@lab22.cpt.haw-hamburg.de<0.22063.0>-C-1-5: 1179te_Nachricht. C Out: 12.04 13:31:53,043|(1179) 12.04 13:31:56,045| ; C In: 12.04 13:31:58,106|
2-clientserver@lab22.cpt.haw-hamburg.de<0.22048.0>-C-1-5: 1180te_Nachricht. C Out: 12.04 13:31:53,043|(1180) 12.04 13:31:56,045| ; C In: 12.04 13:31:58,116|
4-clientserver@lab22.cpt.haw-hamburg.de<0.22051.0>-C-1-5: 1181te_Nachricht. C Out: 12.04 13:31:53,044|(1181) 12.04 13:31:56,046| ; C In: 12.04 13:31:58,121|
17-clientserver@lab22.cpt.haw-hamburg.de<0.22064.0>-C-1-5: 1182te_Nachricht. C Out: 12.04 13:31:53,044|(1182) 12.04 13:31:56,046| ; C In: 12.04 13:31:58,125|
6-clientserver@lab22.cpt.haw-hamburg.de<0.22053.0>-C-1-5: 1183te_Nachricht. C Out: 12.04 13:31:53,045|(1183) 12.04 13:31:56,047| ; C In: 12.04 13:31:58,129|
8-clientserver@lab22.cpt.haw-hamburg.de<0.22055.0>-C-1-5: 1184te_Nachricht. C Out: 12.04 13:31:53,046|(1184) 12.04 13:31:56,047| ; C In: 12.04 13:31:58,133|
5-clientserver@lab22.cpt.haw-hamburg.de<0.22052.0>-C-1-5: 1185te_Nachricht. C Out: 12.04 13:31:53,046|(1185) 12.04 13:31:56,048| ; C In: 12.04 13:31:58,136|
7-clientserver@lab22.cpt.haw-hamburg.de<0.22054.0>-C-1-5: 1186te_Nachricht. C Out: 12.04 13:31:53,046|(1186) 12.04 13:31:56,048| ; C In: 12.04 13:31:58,140|
10-clientserver@lab22.cpt.haw-hamburg.de<0.22057.0>-C-1-5: 1187te_Nachricht. C Out: 12.04 13:31:53,046|(1187) 12.04 13:31:56,048| ; C In: 12.04 13:31:58,144|
9-clientserver@lab22.cpt.haw-hamburg.de<0.22056.0>-C-1-5: 1188te_Nachricht. C Out: 12.04 13:31:53,047|(1188) 12.04 13:31:56,049| ; C In: 12.04 13:31:58,148|
12-clientserver@lab22.cpt.haw-hamburg.de<0.22059.0>-C-1-5: 1189te_Nachricht. C Out: 12.04 13:31:53,047|(1189) 12.04 13:31:56,049| ; C In: 12.04 13:31:58,151|
13-clientserver@lab22.cpt.haw-hamburg.de<0.22060.0>-C-1-5: 1190te_Nachricht. C Out: 12.04 13:31:53,048|(1190) 12.04 13:31:56,050| ; C In: 12.04 13:31:58,155|
18-clientserver@lab22.cpt.haw-hamburg.de<0.22065.0>-C-1-5: 1191te_Nachricht. C Out: 12.04 13:31:53,048|(1191) 12.04 13:31:56,050| ; C In: 12.04 13:31:58,159|
15-clientserver@lab22.cpt.haw-hamburg.de<0.22062.0>-C-1-5: 1192te_Nachricht. C Out: 12.04 13:31:53,048|(1192) 12.04 13:31:56,050| ; C In: 12.04 13:31:58,163|
19-clientserver@lab22.cpt.haw-hamburg.de<0.22066.0>-C-1-5: 1193te_Nachricht. C Out: 12.04 13:31:53,048|(1193) 12.04 13:31:56,051| ; C In: 12.04 13:31:58,167|
'clientNode2@lab26.cpt.haw-hamburg.de'-<0.384.0>-C-3-06:1194te Nachricht.C Out:12.04 13:31:56,730| 12.04 13:31:56,731| ; C In: 12.04 13:31:58,171|
'clientNode2@lab26.cpt.haw-hamburg.de'-<0.379.0>-C-3-06:1195te Nachricht.C Out:12.04 13:31:56,732| 12.04 13:31:56,733| ; C In: 12.04 13:31:58,174|
'clientNode2@lab26.cpt.haw-hamburg.de'-<0.370.0>-C-3-06:1196te Nachricht.C Out:12.04 13:31:56,732| 12.04 13:31:56,733| ; C In: 12.04 13:31:58,178|
'clientNode2@lab26.cpt.haw-hamburg.de'-<0.395.0>-C-3-06:1197te Nachricht.C Out:12.04 13:31:56,733| 12.04 13:31:56,734| ; C In: 12.04 13:31:58,182|
5-profB@lab31.cpt.haw-hamburg.de-<0.13167.0>-KLC: 1198te_Nachricht. C Out: 12.04 13:31:57,814| 12.04 13:31:57,815| ; C In: 12.04 13:31:58,186|
0-profB@lab31.cpt.haw-hamburg.de-<0.13162.0>-KLC: 1199te_Nachricht. C Out: 12.04 13:31:57,814| 12.04 13:31:57,816| ; C In: 12.04 13:31:58,189|
7-profB@lab31.cpt.haw-hamburg.de-<0.13169.0>-KLC: 1200te_Nachricht. C Out: 12.04 13:31:57,815| 12.04 13:31:57,816| ; C In: 12.04 13:31:58,193|
4-profB@lab31.cpt.haw-hamburg.de-<0.13166.0>-KLC: 1201te_Nachricht. C Out: 12.04 13:31:57,815| 12.04 13:31:57,817| ; C In: 12.04 13:31:58,198|
9-profB@lab31.cpt.haw-hamburg.de-<0.13171.0>-KLC: 1202te_Nachricht. C Out: 12.04 13:31:57,816| 12.04 13:31:57,817| ; C In: 12.04 13:31:58,201|
1-profB@lab31.cpt.haw-hamburg.de-<0.13163.0>-KLC: 1203te_Nachricht. C Out: 12.04 13:31:57,816| 12.04 13:31:57,818| ; C In: 12.04 13:31:58,205|
2-profB@lab31.cpt.haw-hamburg.de-<0.13164.0>-KLC: 1204te_Nachricht. C Out: 12.04 13:31:57,817| 12.04 13:31:57,818| ; C In: 12.04 13:31:58,208|
3-profB@lab31.cpt.haw-hamburg.de-<0.13165.0>-KLC: 1205te_Nachricht. C Out: 12.04 13:31:57,817| 12.04 13:31:57,819| ; C In: 12.04 13:31:58,211|
6-profB@lab31.cpt.haw-hamburg.de-<0.13168.0>-KLC: 1206te_Nachricht. C Out: 12.04 13:31:57,818| 12.04 13:31:57,819| ; C In: 12.04 13:31:58,214|
8-profB@lab31.cpt.haw-hamburg.de-<0.13170.0>-KLC: 1207te_Nachricht. C Out: 12.04 13:31:57,818| 12.04 13:31:57,820| ; C In: 12.04 13:31:58,216|
..getmessages..Done...
10-clientserver@lab22.cpt.haw-hamburg.de<0.22057.0>-C-1-5: 1339te_Nachricht. C Out: 12.04 13:31:58,217|(1339) gesendet
10-clientserver@lab22.cpt.haw-hamburg.de<0.22057.0>-C-1-5: 1396te_Nachricht. C Out: 12.04 13:32:00,219|(1396) gesendet
10-clientserver@lab22.cpt.haw-hamburg.de<0.22057.0>-C-1-5: 1481te_Nachricht. C Out: 12.04 13:32:02,221|(1481) gesendet
10-clientserver@lab22.cpt.haw-hamburg.de<0.22057.0>-C-1-5: 1645te_Nachricht. C Out: 12.04 13:32:04,222|(1645) gesendet
10-clientserver@lab22.cpt.haw-hamburg.de<0.22057.0>-C-1-5: 1809te_Nachricht. C Out: 12.04 13:32:06,231|(1809) gesendet
1870te_Nachricht um 12.04 13:32:08,233|- vergessen zu senden ******
Neues Sendeintervall: 2 Sekunden
0-clientserver@lab22.cpt.haw-hamburg.de<0.22046.0>-C-1-5: 1803te_Nachricht. C Out: 12.04 13:32:06,224|(1803) 12.04 13:32:08,226| ; C In: 12.04 13:32:10,234|
1-clientserver@lab22.cpt.haw-hamburg.de<0.22047.0>-C-1-5: 1804te_Nachricht. C Out: 12.04 13:32:06,224|(1804) 12.04 13:32:08,226| ; C In: 12.04 13:32:10,235|
11-clientserver@lab22.cpt.haw-hamburg.de<0.22058.0>-C-1-5: 1805te_Nachricht. C Out: 12.04 13:32:06,225|(1805) 12.04 13:32:08,227| ; C In: 12.04 13:32:10,236|
4-clientserver@lab22.cpt.haw-hamburg.de<0.22051.0>-C-1-5: 1806te_Nachricht. C Out: 12.04 13:32:06,227|(1806) 12.04 13:32:08,228| ; C In: 12.04 13:32:10,238|
5-clientserver@lab22.cpt.haw-hamburg.de<0.22052.0>-C-1-5: 1807te_Nachricht. C Out: 12.04 13:32:06,229|(1807) 12.04 13:32:08,230| ; C In: 12.04 13:32:10,240|
7-clientserver@lab22.cpt.haw-hamburg.de<0.22054.0>-C-1-5: 1808te_Nachricht. C Out: 12.04 13:32:06,230|(1808) 12.04 13:32:08,231| ; C In: 12.04 13:32:10,241|
10-clientserver@lab22.cpt.haw-hamburg.de<0.22057.0>-C-1-5: 1809te_Nachricht. C Out: 12.04 13:32:06,231|(1809) 12.04 13:32:08,233| ; C In: 12.04 13:32:10,243|
12-clientserver@lab22.cpt.haw-hamburg.de<0.22059.0>-C-1-5: 1810te_Nachricht. C Out: 12.04 13:32:06,232|(1810) 12.04 13:32:08,233| ; C In: 12.04 13:32:10,244|
13-clientserver@lab22.cpt.haw-hamburg.de<0.22060.0>-C-1-5: 1811te_Nachricht. C Out: 12.04 13:32:06,232|(1811) 12.04 13:32:08,233| ; C In: 12.04 13:32:10,246|
18-clientserver@lab22.cpt.haw-hamburg.de<0.22065.0>-C-1-5: 1812te_Nachricht. C Out: 12.04 13:32:06,232|(1812) 12.04 13:32:08,234| ; C In: 12.04 13:32:10,248|
15-clientserver@lab22.cpt.haw-hamburg.de<0.22062.0>-C-1-5: 1813te_Nachricht. C Out: 12.04 13:32:06,234|(1813) 12.04 13:32:08,235| ; C In: 12.04 13:32:10,249|
19-clientserver@lab22.cpt.haw-hamburg.de<0.22066.0>-C-1-5: 1814te_Nachricht. C Out: 12.04 13:32:06,234|(1814) 12.04 13:32:08,235| ; C In: 12.04 13:32:10,251|
lab29-1-1: message_number_1815. Sent time: 12.04 13:32:06,449| 12.04 13:32:08,450| ; C In: 12.04 13:32:10,255|
lab29-1-1: message_number_1816. Sent time: 12.04 13:32:06,449| 12.04 13:32:08,450| ; C In: 12.04 13:32:10,256|
lab29-1-1: message_number_1817. Sent time: 12.04 13:32:06,449| 12.04 13:32:08,451| ; C In: 12.04 13:32:10,258|
lab29-1-1: message_number_1818. Sent time: 12.04 13:32:06,449| 12.04 13:32:08,451| ; C In: 12.04 13:32:10,260|
lab29-1-1: message_number_1819. Sent time: 12.04 13:32:06,450| 12.04 13:32:08,452| ; C In: 12.04 13:32:10,261|
lab29-1-1: message_number_1820. Sent time: 12.04 13:32:06,450| 12.04 13:32:08,451| ; C In: 12.04 13:32:10,263|
lab29-1-1: message_number_1821. Sent time: 12.04 13:32:06,450| 12.04 13:32:08,452| ; C In: 12.04 13:32:10,265|
lab29-1-1: message_number_1822. Sent time: 12.04 13:32:06,450| 12.04 13:32:08,452| ; C In: 12.04 13:32:10,266|
lab29-1-1: message_number_1823. Sent time: 12.04 13:32:06,451| 12.04 13:32:08,453| ; C In: 12.04 13:32:10,268|
lab29-1-1: message_number_1824. Sent time: 12.04 13:32:06,451| 12.04 13:32:08,453| ; C In: 12.04 13:32:10,270|
lab29-1-1: message_number_1825. Sent time: 12.04 13:32:06,451| 12.04 13:32:08,453| ; C In: 12.04 13:32:10,272|
lab29-1-1: message_number_1826. Sent time: 12.04 13:32:06,451| 12.04 13:32:08,454| ; C In: 12.04 13:32:10,273|
lab29-1-1: message_number_1827. Sent time: 12.04 13:32:06,451| 12.04 13:32:08,454| ; C In: 12.04 13:32:10,275|
lab29-1-1: message_number_1828. Sent time: 12.04 13:32:06,451| 12.04 13:32:08,454| ; C In: 12.04 13:32:10,277|
lab29-1-1: message_number_1829. Sent time: 12.04 13:32:06,452| 12.04 13:32:08,455| ; C In: 12.04 13:32:10,279|
lab29-1-1: message_number_1830. Sent time: 12.04 13:32:06,452| 12.04 13:32:08,455| ; C In: 12.04 13:32:10,280|
lab29-1-1: message_number_1831. Sent time: 12.04 13:32:06,452| 12.04 13:32:08,456| ; C In: 12.04 13:32:10,281|
lab29-1-1: message_number_1832. Sent time: 12.04 13:32:06,452| 12.04 13:32:08,455| ; C In: 12.04 13:32:10,283|
lab29-1-1: message_number_1833. Sent time: 12.04 13:32:06,452| 12.04 13:32:08,456| ; C In: 12.04 13:32:10,284|
lab29-1-1: message_number_1834. Sent time: 12.04 13:32:06,453| 12.04 13:32:08,456| ; C In: 12.04 13:32:10,285|
No new messages ; C In: 12.04 13:32:10,287|
..getmessages..Done...
10-clientserver@lab22.cpt.haw-hamburg.de<0.22057.0>-C-1-5: 1930te_Nachricht. C Out: 12.04 13:32:10,288|(1930) gesendet
10-clientserver@lab22.cpt.haw-hamburg.de<0.22057.0>-C-1-5: 1990te_Nachricht. C Out: 12.04 13:32:12,289|(1990) gesendet
10-clientserver@lab22.cpt.haw-hamburg.de<0.22057.0>-C-1-5: 2051te_Nachricht. C Out: 12.04 13:32:14,290|(2051) gesendet
10-clientserver@lab22.cpt.haw-hamburg.de<0.22057.0>-C-1-5: 2108te_Nachricht. C Out: 12.04 13:32:16,291|(2108) gesendet
10-clientserver@lab22.cpt.haw-hamburg.de<0.22057.0>-C-1-5: 2186te_Nachricht. C Out: 12.04 13:32:18,292|(2186) gesendet
2244te_Nachricht um 12.04 13:32:20,293|- vergessen zu senden ******
Neues Sendeintervall: 3 Sekunden
lab29-1-1: message_number_2195. Sent time: 12.04 13:32:18,602| 12.04 13:32:20,603| ; C In: 12.04 13:32:23,294|
lab29-1-1: message_number_2196. Sent time: 12.04 13:32:18,602| 12.04 13:32:20,605| ; C In: 12.04 13:32:23,295|
lab29-1-1: message_number_2197. Sent time: 12.04 13:32:18,603| 12.04 13:32:20,604| ; C In: 12.04 13:32:23,295|
lab29-1-1: message_number_2198. Sent time: 12.04 13:32:18,603| 12.04 13:32:20,605| ; C In: 12.04 13:32:23,295|
lab29-1-1: message_number_2199. Sent time: 12.04 13:32:18,603| 12.04 13:32:20,605| ; C In: 12.04 13:32:23,296|
lab29-1-1: message_number_2200. Sent time: 12.04 13:32:18,604| 12.04 13:32:20,606| ; C In: 12.04 13:32:23,296|
lab29-1-1: message_number_2201. Sent time: 12.04 13:32:18,604| 12.04 13:32:20,606| ; C In: 12.04 13:32:23,297|
lab29-1-1: message_number_2202. Sent time: 12.04 13:32:18,604| 12.04 13:32:20,607| ; C In: 12.04 13:32:23,297|
lab29-1-1: message_number_2203. Sent time: 12.04 13:32:18,605| 12.04 13:32:20,607| ; C In: 12.04 13:32:23,297|
lab29-1-1: message_number_2204. Sent time: 12.04 13:32:18,605| 12.04 13:32:20,609| ; C In: 12.04 13:32:23,298|
lab29-1-1: message_number_2205. Sent time: 12.04 13:32:18,605| 12.04 13:32:20,608| ; C In: 12.04 13:32:23,299|
lab29-1-1: message_number_2206. Sent time: 12.04 13:32:18,605| 12.04 13:32:20,609| ; C In: 12.04 13:32:23,299|
lab29-1-1: message_number_2207. Sent time: 12.04 13:32:18,606| 12.04 13:32:20,608| ; C In: 12.04 13:32:23,300|
lab29-1-1: message_number_2208. Sent time: 12.04 13:32:18,606| 12.04 13:32:20,610| ; C In: 12.04 13:32:23,300|
lab29-1-1: message_number_2209. Sent time: 12.04 13:32:18,607| 12.04 13:32:20,610| ; C In: 12.04 13:32:23,301|
lab29-1-1: message_number_2210. Sent time: 12.04 13:32:18,607| 12.04 13:32:20,610| ; C In: 12.04 13:32:23,301|
Fehlernachricht fuer Nachrichtennummern 2185 bis 2220 ; C In: 12.04 13:32:23,302|
'clientNode2@lab26.cpt.haw-hamburg.de'-<0.376.0>-C-3-06:2221te Nachricht.C Out:12.04 13:32:20,796| 12.04 13:32:20,797| ; C In: 12.04 13:32:23,303|
'clientNode2@lab26.cpt.haw-hamburg.de'-<0.370.0>-C-3-06:2222te Nachricht.C Out:12.04 13:32:20,817| 12.04 13:32:20,818| ; C In: 12.04 13:32:23,303|
'clientNode@lab26.cpt.haw-hamburg.de'-<0.9123.0>-C-3-06:2223te Nachricht.C Out:12.04 13:32:21,987| 12.04 13:32:21,987| ; C In: 12.04 13:32:23,304|
'clientNode@lab26.cpt.haw-hamburg.de'-<0.9117.0>-C-3-06:2224te Nachricht.C Out:12.04 13:32:20,988| 12.04 13:32:20,988| ; C In: 12.04 13:32:23,304|
'clientNode@lab26.cpt.haw-hamburg.de'-<0.9126.0>-C-3-06:2225te Nachricht.C Out:12.04 13:32:20,989| 12.04 13:32:20,989| ; C In: 12.04 13:32:23,305|
'clientNode2@lab26.cpt.haw-hamburg.de'-<0.387.0>-C-3-06:2226te Nachricht.C Out:12.04 13:32:22,795| 12.04 13:32:22,796| ; C In: 12.04 13:32:23,305|
'clientNode2@lab26.cpt.haw-hamburg.de'-<0.373.0>-C-3-06:2227te Nachricht.C Out:12.04 13:32:22,795| 12.04 13:32:22,796| ; C In: 12.04 13:32:23,306|
'clientNode2@lab26.cpt.haw-hamburg.de'-<0.379.0>-C-3-06:2228te Nachricht.C Out:12.04 13:32:22,815| 12.04 13:32:22,816| ; C In: 12.04 13:32:23,307|
'clientNode2@lab26.cpt.haw-hamburg.de'-<0.395.0>-C-3-06:2229te Nachricht.C Out:12.04 13:32:21,825| 12.04 13:32:21,826| ; C In: 12.04 13:32:23,307|
No new messages ; C In: 12.04 13:32:23,308|
..getmessages..Done...
10-clientserver@lab22.cpt.haw-hamburg.de<0.22057.0>-C-1-5: 2340te_Nachricht. C Out: 12.04 13:32:23,308|(2340) gesendet
10-clientserver@lab22.cpt.haw-hamburg.de<0.22057.0>-C-1-5: 2622te_Nachricht. C Out: 12.04 13:32:26,309|(2622) gesendet
10-clientserver@lab22.cpt.haw-hamburg.de<0.22057.0>-C-1-5: 2705te_Nachricht. C Out: 12.04 13:32:29,310|(2705) gesendet
10-clientserver@lab22.cpt.haw-hamburg.de<0.22057.0>-C-1-5: 2793te_Nachricht. C Out: 12.04 13:32:32,313|(2793) gesendet
10-clientserver@lab22.cpt.haw-hamburg.de<0.22057.0>-C-1-5: 2849te_Nachricht. C Out: 12.04 13:32:35,315|(2849) gesendet
2916te_Nachricht um 12.04 13:32:38,318|- vergessen zu senden ******
Neues Sendeintervall: 2 Sekunden
'clientNode@lab26.cpt.haw-hamburg.de'-<0.9109.0>-C-3-06:2817te Nachricht.C Out:12.04 13:32:36,009| 12.04 13:32:36,009| ; C In: 12.04 13:32:40,320|
'clientNode@lab26.cpt.haw-hamburg.de'-<0.9106.0>-C-3-06:2818te Nachricht.C Out:12.04 13:32:36,009| 12.04 13:32:36,010| ; C In: 12.04 13:32:40,321|
'clientNode@lab26.cpt.haw-hamburg.de'-<0.9123.0>-C-3-06:2819te Nachricht.C Out:12.04 13:32:36,015| 12.04 13:32:36,015| ; C In: 12.04 13:32:40,321|
4-clientserver@lab22.cpt.haw-hamburg.de<0.22051.0>-C-1-5: 2820te_Nachricht. C Out: 12.04 13:32:34,340|(2820) 12.04 13:32:36,343| ; C In: 12.04 13:32:40,321|
7-clientserver@lab22.cpt.haw-hamburg.de<0.22054.0>-C-1-5: 2821te_Nachricht. C Out: 12.04 13:32:34,341|(2821) 12.04 13:32:36,343| ; C In: 12.04 13:32:40,322|
19-clientserver@lab22.cpt.haw-hamburg.de<0.22066.0>-C-1-5: 2822te_Nachricht. C Out: 12.04 13:32:34,363|(2822) 12.04 13:32:36,365| ; C In: 12.04 13:32:40,322|
14-clientserver@lab22.cpt.haw-hamburg.de<0.22061.0>-C-1-5: 2823te_Nachricht. C Out: 12.04 13:32:34,449|(2823) 12.04 13:32:36,701| ; C In: 12.04 13:32:40,323|
16-clientserver@lab22.cpt.haw-hamburg.de<0.22063.0>-C-1-5: 2824te_Nachricht. C Out: 12.04 13:32:34,450|(2824) 12.04 13:32:36,701| ; C In: 12.04 13:32:40,323|
6-clientserver@lab22.cpt.haw-hamburg.de<0.22053.0>-C-1-5: 2825te_Nachricht. C Out: 12.04 13:32:34,450|(2825) 12.04 13:32:36,702| ; C In: 12.04 13:32:40,323|
9-clientserver@lab22.cpt.haw-hamburg.de<0.22056.0>-C-1-5: 2826te_Nachricht. C Out: 12.04 13:32:34,451|(2826) 12.04 13:32:36,702| ; C In: 12.04 13:32:40,324|
lab29-1-1: message_number_2827. Sent time: 12.04 13:32:34,838| 12.04 13:32:38,840| ; C In: 12.04 13:32:40,324|
lab29-1-1: message_number_2828. Sent time: 12.04 13:32:34,838| 12.04 13:32:38,840| ; C In: 12.04 13:32:40,325|
lab29-1-1: message_number_2829. Sent time: 12.04 13:32:34,839| 12.04 13:32:38,841| ; C In: 12.04 13:32:40,325|
lab29-1-1: message_number_2830. Sent time: 12.04 13:32:34,840| 12.04 13:32:38,841| ; C In: 12.04 13:32:40,325|
lab29-1-1: message_number_2831. Sent time: 12.04 13:32:34,840| 12.04 13:32:38,842| ; C In: 12.04 13:32:40,326|
lab29-1-1: message_number_2832. Sent time: 12.04 13:32:34,842| 12.04 13:32:38,844| ; C In: 12.04 13:32:40,326|
lab29-1-1: message_number_2833. Sent time: 12.04 13:32:34,843| 12.04 13:32:38,845| ; C In: 12.04 13:32:40,327|
lab29-1-1: message_number_2834. Sent time: 12.04 13:32:34,844| 12.04 13:32:38,846| ; C In: 12.04 13:32:40,327|
lab29-1-1: message_number_2835. Sent time: 12.04 13:32:34,845| 12.04 13:32:38,846| ; C In: 12.04 13:32:40,327|
lab29-1-1: message_number_2836. Sent time: 12.04 13:32:34,845| 12.04 13:32:38,846| ; C In: 12.04 13:32:40,328|
lab29-1-1: message_number_2837. Sent time: 12.04 13:32:34,846| 12.04 13:32:38,848| ; C In: 12.04 13:32:40,328|
lab29-1-1: message_number_2838. Sent time: 12.04 13:32:34,847| 12.04 13:32:38,848| ; C In: 12.04 13:32:40,329|
lab29-1-1: message_number_2839. Sent time: 12.04 13:32:34,847| 12.04 13:32:38,849| ; C In: 12.04 13:32:40,329|
lab29-1-1: message_number_2840. Sent time: 12.04 13:32:34,847| 12.04 13:32:38,849| ; C In: 12.04 13:32:40,329|
lab29-1-1: message_number_2841. Sent time: 12.04 13:32:34,848| 12.04 13:32:38,850| ; C In: 12.04 13:32:40,330|
lab29-1-1: message_number_2842. Sent time: 12.04 13:32:34,848| 12.04 13:32:38,850| ; C In: 12.04 13:32:40,330|
lab29-1-1: message_number_2843. Sent time: 12.04 13:32:34,849| 12.04 13:32:38,850| ; C In: 12.04 13:32:40,331|
lab29-1-1: message_number_2844. Sent time: 12.04 13:32:34,849| 12.04 13:32:38,850| ; C In: 12.04 13:32:40,331|
lab29-1-1: message_number_2845. Sent time: 12.04 13:32:34,849| 12.04 13:32:38,851| ; C In: 12.04 13:32:40,331|
lab29-1-1: message_number_2846. Sent time: 12.04 13:32:34,850| 12.04 13:32:38,851| ; C In: 12.04 13:32:40,332|
'clientNode2@lab26.cpt.haw-hamburg.de'-<0.395.0>-C-3-06:2847te Nachricht.C Out:12.04 13:32:37,850| 12.04 13:32:37,851| ; C In: 12.04 13:32:40,332|
'clientNode@lab26.cpt.haw-hamburg.de'-<0.9126.0>-C-3-06:2848te Nachricht.C Out:12.04 13:32:37,045| 12.04 13:32:37,045| ; C In: 12.04 13:32:40,333|
10-clientserver@lab22.cpt.haw-hamburg.de<0.22057.0>-C-1-5: 2849te_Nachricht. C Out: 12.04 13:32:35,315|(2849) 12.04 13:32:38,318| ; C In: 12.04 13:32:40,333|
18-clientserver@lab22.cpt.haw-hamburg.de<0.22065.0>-C-1-5: 2850te_Nachricht. C Out: 12.04 13:32:35,324|(2850) 12.04 13:32:38,326| ; C In: 12.04 13:32:40,333|
3-clientserver@lab22.cpt.haw-hamburg.de<0.22050.0>-C-1-5: 2851te_Nachricht. C Out: 12.04 13:32:35,326|(2851) 12.04 13:32:39,827| ; C In: 12.04 13:32:40,334|
0-clientserver@lab22.cpt.haw-hamburg.de<0.22046.0>-C-1-5: 2852te_Nachricht. C Out: 12.04 13:32:35,328|(2852) 12.04 13:32:39,829| ; C In: 12.04 13:32:40,334|
1-clientserver@lab22.cpt.haw-hamburg.de<0.22047.0>-C-1-5: 2853te_Nachricht. C Out: 12.04 13:32:35,329|(2853) 12.04 13:32:39,830| ; C In: 12.04 13:32:40,335|
11-clientserver@lab22.cpt.haw-hamburg.de<0.22058.0>-C-1-5: 2854te_Nachricht. C Out: 12.04 13:32:35,330|(2854) 12.04 13:32:39,831| ; C In: 12.04 13:32:40,335|
15-clientserver@lab22.cpt.haw-hamburg.de<0.22062.0>-C-1-5: 2855te_Nachricht. C Out: 12.04 13:32:35,330|(2855) 12.04 13:32:39,831| ; C In: 12.04 13:32:40,336|
5-clientserver@lab22.cpt.haw-hamburg.de<0.22052.0>-C-1-5: 2856te_Nachricht. C Out: 12.04 13:32:35,385|(2856) 12.04 13:32:38,387| ; C In: 12.04 13:32:40,336|
12-clientserver@lab22.cpt.haw-hamburg.de<0.22059.0>-C-1-5: 2857te_Nachricht. C Out: 12.04 13:32:35,392|(2857) 12.04 13:32:38,393| ; C In: 12.04 13:32:40,336|
13-clientserver@lab22.cpt.haw-hamburg.de<0.22060.0>-C-1-5: 2858te_Nachricht. C Out: 12.04 13:32:35,392|(2858) 12.04 13:32:38,393| ; C In: 12.04 13:32:40,337|
..getmessages..Done...
10-clientserver@lab22.cpt.haw-hamburg.de<0.22057.0>-C-1-5: 2964te_Nachricht. C Out: 12.04 13:32:40,337|(2964) gesendet
10-clientserver@lab22.cpt.haw-hamburg.de<0.22057.0>-C-1-5: 2998te_Nachricht. C Out: 12.04 13:32:42,339|(2998) gesendet
10-clientserver@lab22.cpt.haw-hamburg.de<0.22057.0>-C-1-5: 3057te_Nachricht. C Out: 12.04 13:32:44,340|(3057) gesendet
10-clientserver@lab22.cpt.haw-hamburg.de<0.22057.0>-C-1-5: 3083te_Nachricht. C Out: 12.04 13:32:46,343|(3083) gesendet
10-clientserver@lab22.cpt.haw-hamburg.de<0.22057.0>-C-1-5: 3162te_Nachricht. C Out: 12.04 13:32:48,346|(3162) gesendet
3216te_Nachricht um 12.04 13:32:50,347|- vergessen zu senden ******
Neues Sendeintervall: 3 Sekunden
'clientNode@lab26.cpt.haw-hamburg.de'-<0.9117.0>-C-3-06:3160te Nachricht.C Out:12.04 13:32:52,069| 12.04 13:32:52,069| ; C In: 12.04 13:32:53,348|
Fehlernachricht fuer Nachrichtennummern 3161 bis 3180 ; C In: 12.04 13:32:53,348|
..getmessages..Done...
10-clientserver@lab22.cpt.haw-hamburg.de<0.22057.0>-C-1-5: 3323te_Nachricht. C Out: 12.04 13:32:53,348|(3323) gesendet
10-clientserver@lab22.cpt.haw-hamburg.de<0.22057.0>-C-1-5: 3616te_Nachricht. C Out: 12.04 13:32:56,351|(3616) gesendet
10-clientserver@lab22.cpt.haw-hamburg.de<0.22057.0>-C-1-5: 3759te_Nachricht. C Out: 12.04 13:32:59,352|(3759) gesendet
10-clientserver@lab22.cpt.haw-hamburg.de<0.22057.0>-C-1-5: 3858te_Nachricht. C Out: 12.04 13:33:02,354|(3858) gesendet
10-clientserver@lab22.cpt.haw-hamburg.de<0.22057.0>-C-1-5: 3985te_Nachricht. C Out: 12.04 13:33:05,358|(3985) gesendet
4122te_Nachricht um 12.04 13:33:08,360|- vergessen zu senden ******
Neues Sendeintervall: 4 Sekunden
'clientNode2@lab26.cpt.haw-hamburg.de'-<0.370.0>-C-3-06:4114te Nachricht.C Out:12.04 13:33:09,936| 12.04 13:33:09,937| ; C In: 12.04 13:33:12,862|
Fehlernachricht fuer Nachrichtennummern 4115 bis 4118 ; C In: 12.04 13:33:12,862|
'clientNode@lab26.cpt.haw-hamburg.de'-<0.9117.0>-C-3-06:4119te Nachricht.C Out:12.04 13:33:10,081| 12.04 13:33:10,081| ; C In: 12.04 13:33:12,863|
Fehlernachricht fuer Nachrichtennummern 4120 bis 4123 ; C In: 12.04 13:33:12,863|
7-clientserver@lab22.cpt.haw-hamburg.de<0.22054.0>-C-1-5: 4124te_Nachricht. C Out: 12.04 13:33:08,409|(4124) 12.04 13:33:10,410| ; C In: 12.04 13:33:12,863|
Fehlernachricht fuer Nachrichtennummern 4125 bis 4127 ; C In: 12.04 13:33:12,864|
13-clientserver@lab22.cpt.haw-hamburg.de<0.22060.0>-C-1-5: 4128te_Nachricht. C Out: 12.04 13:33:08,436|(4128) 12.04 13:33:11,437| ; C In: 12.04 13:33:12,864|
Fehlernachricht fuer Nachrichtennummern 4129 bis 4129 ; C In: 12.04 13:33:12,865|
15-clientserver@lab22.cpt.haw-hamburg.de<0.22062.0>-C-1-5: 4130te_Nachricht. C Out: 12.04 13:33:08,881|(4130) 12.04 13:33:10,883| ; C In: 12.04 13:33:12,865|
'clientNode2@lab26.cpt.haw-hamburg.de'-<0.373.0>-C-3-06:4131te Nachricht.C Out:12.04 13:33:10,892| 12.04 13:33:10,893| ; C In: 12.04 13:33:12,865|
Fehlernachricht fuer Nachrichtennummern 4132 bis 4186 ; C In: 12.04 13:33:12,866|
'clientNode@lab26.cpt.haw-hamburg.de'-<0.9123.0>-C-3-06:4187te Nachricht.C Out:12.04 13:33:11,111| 12.04 13:33:11,111| ; C In: 12.04 13:33:12,866|
'clientNode@lab26.cpt.haw-hamburg.de'-<0.9109.0>-C-3-06:4188te Nachricht.C Out:12.04 13:33:11,121| 12.04 13:33:11,121| ; C In: 12.04 13:33:12,867|
Fehlernachricht fuer Nachrichtennummern 4189 bis 4248 ; C In: 12.04 13:33:12,867|
lab29-1-1: message_number_4249. Sent time: 12.04 13:33:09,648| 12.04 13:33:11,650| ; C In: 12.04 13:33:12,867|
lab29-1-1: message_number_4250. Sent time: 12.04 13:33:09,649| 12.04 13:33:11,651| ; C In: 12.04 13:33:12,868|
lab29-1-1: message_number_4251. Sent time: 12.04 13:33:09,649| 12.04 13:33:11,651| ; C In: 12.04 13:33:12,868|
lab29-1-1: message_number_4252. Sent time: 12.04 13:33:09,650| 12.04 13:33:11,651| ; C In: 12.04 13:33:12,869|
lab29-1-1: message_number_4253. Sent time: 12.04 13:33:09,650| 12.04 13:33:11,652| ; C In: 12.04 13:33:12,869|
lab29-1-1: message_number_4254. Sent time: 12.04 13:33:09,651| 12.04 13:33:11,652| ; C In: 12.04 13:33:12,869|
lab29-1-1: message_number_4255. Sent time: 12.04 13:33:09,651| 12.04 13:33:11,653| ; C In: 12.04 13:33:12,870|
lab29-1-1: message_number_4256. Sent time: 12.04 13:33:09,652| 12.04 13:33:11,653| ; C In: 12.04 13:33:12,870|
lab29-1-1: message_number_4257. Sent time: 12.04 13:33:09,652| 12.04 13:33:11,653| ; C In: 12.04 13:33:12,870|
lab29-1-1: message_number_4258. Sent time: 12.04 13:33:09,652| 12.04 13:33:11,654| ; C In: 12.04 13:33:12,871|
lab29-1-1: message_number_4259. Sent time: 12.04 13:33:09,653| 12.04 13:33:11,654| ; C In: 12.04 13:33:12,871|
lab29-1-1: message_number_4260. Sent time: 12.04 13:33:09,653| 12.04 13:33:11,654| ; C In: 12.04 13:33:12,871|
lab29-1-1: message_number_4261. Sent time: 12.04 13:33:09,653| 12.04 13:33:11,656| ; C In: 12.04 13:33:12,872|
lab29-1-1: message_number_4262. Sent time: 12.04 13:33:09,653| 12.04 13:33:11,655| ; C In: 12.04 13:33:12,872|
lab29-1-1: message_number_4263. Sent time: 12.04 13:33:09,654| 12.04 13:33:11,656| ; C In: 12.04 13:33:12,873|
lab29-1-1: message_number_4264. Sent time: 12.04 13:33:09,654| 12.04 13:33:11,656| ; C In: 12.04 13:33:12,873|
lab29-1-1: message_number_4265. Sent time: 12.04 13:33:09,654| 12.04 13:33:11,658| ; C In: 12.04 13:33:12,874|
lab29-1-1: message_number_4266. Sent time: 12.04 13:33:09,655| 12.04 13:33:11,659| ; C In: 12.04 13:33:12,874|
lab29-1-1: message_number_4267. Sent time: 12.04 13:33:09,655| 12.04 13:33:11,659| ; C In: 12.04 13:33:12,874|
lab29-1-1: message_number_4268. Sent time: 12.04 13:33:09,656| 12.04 13:33:11,658| ; C In: 12.04 13:33:12,875|
[lab28|0304]: 4269te Nachricht. C Out: 12.04 13:33:11,655| 12.04 13:33:11,658| ; C In: 12.04 13:33:12,875|
[lab28|0304]: 4270te Nachricht. C Out: 12.04 13:33:11,656| 12.04 13:33:11,659| ; C In: 12.04 13:33:12,875|
[lab28|0304]: 4271te Nachricht. C Out: 12.04 13:33:11,656| 12.04 13:33:11,660| ; C In: 12.04 13:33:12,876|
[lab28|0304]: 4272te Nachricht. C Out: 12.04 13:33:11,656| 12.04 13:33:11,660| ; C In: 12.04 13:33:12,876|
[lab28|0304]: 4273te Nachricht. C Out: 12.04 13:33:11,657| 12.04 13:33:11,660| ; C In: 12.04 13:33:12,877|
[lab28|0304]: 4274te Nachricht. C Out: 12.04 13:33:11,657| 12.04 13:33:11,661| ; C In: 12.04 13:33:12,877|
[lab28|0304]: 4275te Nachricht. C Out: 12.04 13:33:11,657| 12.04 13:33:11,661| ; C In: 12.04 13:33:12,877|
[lab28|0304]: 4276te Nachricht. C Out: 12.04 13:33:11,658| 12.04 13:33:11,661| ; C In: 12.04 13:33:12,878|
..getmessages..Done...
10-clientserver@lab22.cpt.haw-hamburg.de<0.22057.0>-C-1-5: 4461te_Nachricht. C Out: 12.04 13:33:12,878|(4461) gesendet
10-clientserver@lab22.cpt.haw-hamburg.de<0.22057.0>-C-1-5: 4636te_Nachricht. C Out: 12.04 13:33:17,379|(4636) gesendet
10-clientserver@lab22.cpt.haw-hamburg.de<0.22057.0>-C-1-5: 4815te_Nachricht. C Out: 12.04 13:33:21,882|(4815) gesendet
10-clientserver@lab22.cpt.haw-hamburg.de<0.22057.0>-C-1-5: 4942te_Nachricht. C Out: 12.04 13:33:26,384|(4942) gesendet
10-clientserver@lab22.cpt.haw-hamburg.de<0.22057.0>-C-1-5: 5023te_Nachricht. C Out: 12.04 13:33:30,885|(5023) gesendet
5088te_Nachricht um 12.04 13:33:35,388|- vergessen zu senden ******
Neues Sendeintervall: 6 Sekunden
10-clientserver@lab22.cpt.haw-hamburg.de<0.22057.0>-C-1-5: Lebenszeit um. Wird beendet.
