18-clientserver@lab22.cpt.haw-hamburg.de<0.22065.0>-C-1-5: Start: 12.04 13:31:41,034|.
18-clientserver@lab22.cpt.haw-hamburg.de<0.22065.0>-C-1-5: 628te_Nachricht. C Out: 12.04 13:31:41,035|(628) gesendet
18-clientserver@lab22.cpt.haw-hamburg.de<0.22065.0>-C-1-5: 703te_Nachricht. C Out: 12.04 13:31:44,041|(703) gesendet
18-clientserver@lab22.cpt.haw-hamburg.de<0.22065.0>-C-1-5: 804te_Nachricht. C Out: 12.04 13:31:47,045|(804) gesendet
18-clientserver@lab22.cpt.haw-hamburg.de<0.22065.0>-C-1-5: 1090te_Nachricht. C Out: 12.04 13:31:50,046|(1090) gesendet
18-clientserver@lab22.cpt.haw-hamburg.de<0.22065.0>-C-1-5: 1191te_Nachricht. C Out: 12.04 13:31:53,048|(1191) gesendet
1245te_Nachricht um 12.04 13:31:56,050|- vergessen zu senden ******
Neues Sendeintervall: 2 Sekunden
Fehlernachricht fuer Nachrichtennummern 1157 bis 1166 ; C In: 12.04 13:31:58,055|
'clientNode@lab26.cpt.haw-hamburg.de'-<0.9109.0>-C-3-06:1167te Nachricht.C Out:12.04 13:31:55,890| 12.04 13:31:55,890| ; C In: 12.04 13:31:58,060|
'clientNode@lab26.cpt.haw-hamburg.de'-<0.9123.0>-C-3-06:1168te Nachricht.C Out:12.04 13:31:54,891| 12.04 13:31:54,891| ; C In: 12.04 13:31:58,064|
'clientNode@lab26.cpt.haw-hamburg.de'-<0.9117.0>-C-3-06:1169te Nachricht.C Out:12.04 13:31:54,891| 12.04 13:31:54,892| ; C In: 12.04 13:31:58,068|
'clientNode@lab26.cpt.haw-hamburg.de'-<0.9115.0>-C-3-06:1170te Nachricht.C Out:12.04 13:31:55,892| 12.04 13:31:55,892| ; C In: 12.04 13:31:58,073|
'clientNode@lab26.cpt.haw-hamburg.de'-<0.9106.0>-C-3-06:1171te Nachricht.C Out:12.04 13:31:55,892| 12.04 13:31:55,893| ; C In: 12.04 13:31:58,077|
'clientNode@lab26.cpt.haw-hamburg.de'-<0.9126.0>-C-3-06:1172te Nachricht.C Out:12.04 13:31:54,892| 12.04 13:31:54,893| ; C In: 12.04 13:31:58,082|
'clientNode@lab26.cpt.haw-hamburg.de'-<0.9128.0>-C-3-06:1173te Nachricht.C Out:12.04 13:31:54,892| 12.04 13:31:54,893| ; C In: 12.04 13:31:58,086|
3-clientserver@lab22.cpt.haw-hamburg.de<0.22050.0>-C-1-5: 1174te_Nachricht. C Out: 12.04 13:31:53,041|(1174) 12.04 13:31:56,042| ; C In: 12.04 13:31:58,090|
0-clientserver@lab22.cpt.haw-hamburg.de<0.22046.0>-C-1-5: 1175te_Nachricht. C Out: 12.04 13:31:53,042|(1175) 12.04 13:31:56,043| ; C In: 12.04 13:31:58,094|
1-clientserver@lab22.cpt.haw-hamburg.de<0.22047.0>-C-1-5: 1176te_Nachricht. C Out: 12.04 13:31:53,042|(1176) 12.04 13:31:56,043| ; C In: 12.04 13:31:58,098|
11-clientserver@lab22.cpt.haw-hamburg.de<0.22058.0>-C-1-5: 1177te_Nachricht. C Out: 12.04 13:31:53,042|(1177) 12.04 13:31:56,044| ; C In: 12.04 13:31:58,102|
14-clientserver@lab22.cpt.haw-hamburg.de<0.22061.0>-C-1-5: 1178te_Nachricht. C Out: 12.04 13:31:53,043|(1178) 12.04 13:31:56,044| ; C In: 12.04 13:31:58,105|
16-clientserver@lab22.cpt.haw-hamburg.de<0.22063.0>-C-1-5: 1179te_Nachricht. C Out: 12.04 13:31:53,043|(1179) 12.04 13:31:56,045| ; C In: 12.04 13:31:58,113|
2-clientserver@lab22.cpt.haw-hamburg.de<0.22048.0>-C-1-5: 1180te_Nachricht. C Out: 12.04 13:31:53,043|(1180) 12.04 13:31:56,045| ; C In: 12.04 13:31:58,121|
4-clientserver@lab22.cpt.haw-hamburg.de<0.22051.0>-C-1-5: 1181te_Nachricht. C Out: 12.04 13:31:53,044|(1181) 12.04 13:31:56,046| ; C In: 12.04 13:31:58,124|
17-clientserver@lab22.cpt.haw-hamburg.de<0.22064.0>-C-1-5: 1182te_Nachricht. C Out: 12.04 13:31:53,044|(1182) 12.04 13:31:56,046| ; C In: 12.04 13:31:58,128|
6-clientserver@lab22.cpt.haw-hamburg.de<0.22053.0>-C-1-5: 1183te_Nachricht. C Out: 12.04 13:31:53,045|(1183) 12.04 13:31:56,047| ; C In: 12.04 13:31:58,132|
8-clientserver@lab22.cpt.haw-hamburg.de<0.22055.0>-C-1-5: 1184te_Nachricht. C Out: 12.04 13:31:53,046|(1184) 12.04 13:31:56,047| ; C In: 12.04 13:31:58,136|
5-clientserver@lab22.cpt.haw-hamburg.de<0.22052.0>-C-1-5: 1185te_Nachricht. C Out: 12.04 13:31:53,046|(1185) 12.04 13:31:56,048| ; C In: 12.04 13:31:58,139|
7-clientserver@lab22.cpt.haw-hamburg.de<0.22054.0>-C-1-5: 1186te_Nachricht. C Out: 12.04 13:31:53,046|(1186) 12.04 13:31:56,048| ; C In: 12.04 13:31:58,143|
10-clientserver@lab22.cpt.haw-hamburg.de<0.22057.0>-C-1-5: 1187te_Nachricht. C Out: 12.04 13:31:53,046|(1187) 12.04 13:31:56,048| ; C In: 12.04 13:31:58,147|
9-clientserver@lab22.cpt.haw-hamburg.de<0.22056.0>-C-1-5: 1188te_Nachricht. C Out: 12.04 13:31:53,047|(1188) 12.04 13:31:56,049| ; C In: 12.04 13:31:58,151|
12-clientserver@lab22.cpt.haw-hamburg.de<0.22059.0>-C-1-5: 1189te_Nachricht. C Out: 12.04 13:31:53,047|(1189) 12.04 13:31:56,049| ; C In: 12.04 13:31:58,155|
13-clientserver@lab22.cpt.haw-hamburg.de<0.22060.0>-C-1-5: 1190te_Nachricht. C Out: 12.04 13:31:53,048|(1190) 12.04 13:31:56,050| ; C In: 12.04 13:31:58,158|
18-clientserver@lab22.cpt.haw-hamburg.de<0.22065.0>-C-1-5: 1191te_Nachricht. C Out: 12.04 13:31:53,048|(1191) 12.04 13:31:56,050| ; C In: 12.04 13:31:58,162|
15-clientserver@lab22.cpt.haw-hamburg.de<0.22062.0>-C-1-5: 1192te_Nachricht. C Out: 12.04 13:31:53,048|(1192) 12.04 13:31:56,050| ; C In: 12.04 13:31:58,166|
19-clientserver@lab22.cpt.haw-hamburg.de<0.22066.0>-C-1-5: 1193te_Nachricht. C Out: 12.04 13:31:53,048|(1193) 12.04 13:31:56,051| ; C In: 12.04 13:31:58,170|
'clientNode2@lab26.cpt.haw-hamburg.de'-<0.384.0>-C-3-06:1194te Nachricht.C Out:12.04 13:31:56,730| 12.04 13:31:56,731| ; C In: 12.04 13:31:58,173|
'clientNode2@lab26.cpt.haw-hamburg.de'-<0.379.0>-C-3-06:1195te Nachricht.C Out:12.04 13:31:56,732| 12.04 13:31:56,733| ; C In: 12.04 13:31:58,177|
'clientNode2@lab26.cpt.haw-hamburg.de'-<0.370.0>-C-3-06:1196te Nachricht.C Out:12.04 13:31:56,732| 12.04 13:31:56,733| ; C In: 12.04 13:31:58,181|
'clientNode2@lab26.cpt.haw-hamburg.de'-<0.395.0>-C-3-06:1197te Nachricht.C Out:12.04 13:31:56,733| 12.04 13:31:56,734| ; C In: 12.04 13:31:58,185|
5-profB@lab31.cpt.haw-hamburg.de-<0.13167.0>-KLC: 1198te_Nachricht. C Out: 12.04 13:31:57,814| 12.04 13:31:57,815| ; C In: 12.04 13:31:58,189|
0-profB@lab31.cpt.haw-hamburg.de-<0.13162.0>-KLC: 1199te_Nachricht. C Out: 12.04 13:31:57,814| 12.04 13:31:57,816| ; C In: 12.04 13:31:58,192|
7-profB@lab31.cpt.haw-hamburg.de-<0.13169.0>-KLC: 1200te_Nachricht. C Out: 12.04 13:31:57,815| 12.04 13:31:57,816| ; C In: 12.04 13:31:58,197|
4-profB@lab31.cpt.haw-hamburg.de-<0.13166.0>-KLC: 1201te_Nachricht. C Out: 12.04 13:31:57,815| 12.04 13:31:57,817| ; C In: 12.04 13:31:58,200|
9-profB@lab31.cpt.haw-hamburg.de-<0.13171.0>-KLC: 1202te_Nachricht. C Out: 12.04 13:31:57,816| 12.04 13:31:57,817| ; C In: 12.04 13:31:58,204|
1-profB@lab31.cpt.haw-hamburg.de-<0.13163.0>-KLC: 1203te_Nachricht. C Out: 12.04 13:31:57,816| 12.04 13:31:57,818| ; C In: 12.04 13:31:58,208|
2-profB@lab31.cpt.haw-hamburg.de-<0.13164.0>-KLC: 1204te_Nachricht. C Out: 12.04 13:31:57,817| 12.04 13:31:57,818| ; C In: 12.04 13:31:58,210|
3-profB@lab31.cpt.haw-hamburg.de-<0.13165.0>-KLC: 1205te_Nachricht. C Out: 12.04 13:31:57,817| 12.04 13:31:57,819| ; C In: 12.04 13:31:58,213|
6-profB@lab31.cpt.haw-hamburg.de-<0.13168.0>-KLC: 1206te_Nachricht. C Out: 12.04 13:31:57,818| 12.04 13:31:57,819| ; C In: 12.04 13:31:58,215|
8-profB@lab31.cpt.haw-hamburg.de-<0.13170.0>-KLC: 1207te_Nachricht. C Out: 12.04 13:31:57,818| 12.04 13:31:57,820| ; C In: 12.04 13:31:58,217|
..getmessages..Done...
18-clientserver@lab22.cpt.haw-hamburg.de<0.22065.0>-C-1-5: 1342te_Nachricht. C Out: 12.04 13:31:58,217|(1342) gesendet
18-clientserver@lab22.cpt.haw-hamburg.de<0.22065.0>-C-1-5: 1399te_Nachricht. C Out: 12.04 13:32:00,220|(1399) gesendet
18-clientserver@lab22.cpt.haw-hamburg.de<0.22065.0>-C-1-5: 1484te_Nachricht. C Out: 12.04 13:32:02,222|(1484) gesendet
18-clientserver@lab22.cpt.haw-hamburg.de<0.22065.0>-C-1-5: 1648te_Nachricht. C Out: 12.04 13:32:04,224|(1648) gesendet
18-clientserver@lab22.cpt.haw-hamburg.de<0.22065.0>-C-1-5: 1812te_Nachricht. C Out: 12.04 13:32:06,232|(1812) gesendet
1873te_Nachricht um 12.04 13:32:08,234|- vergessen zu senden ******
Neues Sendeintervall: 2 Sekunden
0-clientserver@lab22.cpt.haw-hamburg.de<0.22046.0>-C-1-5: 1803te_Nachricht. C Out: 12.04 13:32:06,224|(1803) 12.04 13:32:08,226| ; C In: 12.04 13:32:10,235|
1-clientserver@lab22.cpt.haw-hamburg.de<0.22047.0>-C-1-5: 1804te_Nachricht. C Out: 12.04 13:32:06,224|(1804) 12.04 13:32:08,226| ; C In: 12.04 13:32:10,237|
11-clientserver@lab22.cpt.haw-hamburg.de<0.22058.0>-C-1-5: 1805te_Nachricht. C Out: 12.04 13:32:06,225|(1805) 12.04 13:32:08,227| ; C In: 12.04 13:32:10,239|
4-clientserver@lab22.cpt.haw-hamburg.de<0.22051.0>-C-1-5: 1806te_Nachricht. C Out: 12.04 13:32:06,227|(1806) 12.04 13:32:08,228| ; C In: 12.04 13:32:10,241|
5-clientserver@lab22.cpt.haw-hamburg.de<0.22052.0>-C-1-5: 1807te_Nachricht. C Out: 12.04 13:32:06,229|(1807) 12.04 13:32:08,230| ; C In: 12.04 13:32:10,242|
7-clientserver@lab22.cpt.haw-hamburg.de<0.22054.0>-C-1-5: 1808te_Nachricht. C Out: 12.04 13:32:06,230|(1808) 12.04 13:32:08,231| ; C In: 12.04 13:32:10,244|
10-clientserver@lab22.cpt.haw-hamburg.de<0.22057.0>-C-1-5: 1809te_Nachricht. C Out: 12.04 13:32:06,231|(1809) 12.04 13:32:08,233| ; C In: 12.04 13:32:10,246|
12-clientserver@lab22.cpt.haw-hamburg.de<0.22059.0>-C-1-5: 1810te_Nachricht. C Out: 12.04 13:32:06,232|(1810) 12.04 13:32:08,233| ; C In: 12.04 13:32:10,247|
13-clientserver@lab22.cpt.haw-hamburg.de<0.22060.0>-C-1-5: 1811te_Nachricht. C Out: 12.04 13:32:06,232|(1811) 12.04 13:32:08,233| ; C In: 12.04 13:32:10,249|
18-clientserver@lab22.cpt.haw-hamburg.de<0.22065.0>-C-1-5: 1812te_Nachricht. C Out: 12.04 13:32:06,232|(1812) 12.04 13:32:08,234| ; C In: 12.04 13:32:10,250|
15-clientserver@lab22.cpt.haw-hamburg.de<0.22062.0>-C-1-5: 1813te_Nachricht. C Out: 12.04 13:32:06,234|(1813) 12.04 13:32:08,235| ; C In: 12.04 13:32:10,254|
19-clientserver@lab22.cpt.haw-hamburg.de<0.22066.0>-C-1-5: 1814te_Nachricht. C Out: 12.04 13:32:06,234|(1814) 12.04 13:32:08,235| ; C In: 12.04 13:32:10,256|
lab29-1-1: message_number_1815. Sent time: 12.04 13:32:06,449| 12.04 13:32:08,450| ; C In: 12.04 13:32:10,257|
lab29-1-1: message_number_1816. Sent time: 12.04 13:32:06,449| 12.04 13:32:08,450| ; C In: 12.04 13:32:10,259|
lab29-1-1: message_number_1817. Sent time: 12.04 13:32:06,449| 12.04 13:32:08,451| ; C In: 12.04 13:32:10,261|
lab29-1-1: message_number_1818. Sent time: 12.04 13:32:06,449| 12.04 13:32:08,451| ; C In: 12.04 13:32:10,262|
lab29-1-1: message_number_1819. Sent time: 12.04 13:32:06,450| 12.04 13:32:08,452| ; C In: 12.04 13:32:10,264|
lab29-1-1: message_number_1820. Sent time: 12.04 13:32:06,450| 12.04 13:32:08,451| ; C In: 12.04 13:32:10,266|
lab29-1-1: message_number_1821. Sent time: 12.04 13:32:06,450| 12.04 13:32:08,452| ; C In: 12.04 13:32:10,267|
lab29-1-1: message_number_1822. Sent time: 12.04 13:32:06,450| 12.04 13:32:08,452| ; C In: 12.04 13:32:10,269|
lab29-1-1: message_number_1823. Sent time: 12.04 13:32:06,451| 12.04 13:32:08,453| ; C In: 12.04 13:32:10,271|
lab29-1-1: message_number_1824. Sent time: 12.04 13:32:06,451| 12.04 13:32:08,453| ; C In: 12.04 13:32:10,273|
lab29-1-1: message_number_1825. Sent time: 12.04 13:32:06,451| 12.04 13:32:08,453| ; C In: 12.04 13:32:10,274|
lab29-1-1: message_number_1826. Sent time: 12.04 13:32:06,451| 12.04 13:32:08,454| ; C In: 12.04 13:32:10,276|
lab29-1-1: message_number_1827. Sent time: 12.04 13:32:06,451| 12.04 13:32:08,454| ; C In: 12.04 13:32:10,278|
lab29-1-1: message_number_1828. Sent time: 12.04 13:32:06,451| 12.04 13:32:08,454| ; C In: 12.04 13:32:10,280|
lab29-1-1: message_number_1829. Sent time: 12.04 13:32:06,452| 12.04 13:32:08,455| ; C In: 12.04 13:32:10,281|
lab29-1-1: message_number_1830. Sent time: 12.04 13:32:06,452| 12.04 13:32:08,455| ; C In: 12.04 13:32:10,282|
lab29-1-1: message_number_1831. Sent time: 12.04 13:32:06,452| 12.04 13:32:08,456| ; C In: 12.04 13:32:10,284|
lab29-1-1: message_number_1832. Sent time: 12.04 13:32:06,452| 12.04 13:32:08,455| ; C In: 12.04 13:32:10,285|
lab29-1-1: message_number_1833. Sent time: 12.04 13:32:06,452| 12.04 13:32:08,456| ; C In: 12.04 13:32:10,287|
lab29-1-1: message_number_1834. Sent time: 12.04 13:32:06,453| 12.04 13:32:08,456| ; C In: 12.04 13:32:10,288|
No new messages ; C In: 12.04 13:32:10,289|
..getmessages..Done...
18-clientserver@lab22.cpt.haw-hamburg.de<0.22065.0>-C-1-5: 1933te_Nachricht. C Out: 12.04 13:32:10,290|(1933) gesendet
18-clientserver@lab22.cpt.haw-hamburg.de<0.22065.0>-C-1-5: 1993te_Nachricht. C Out: 12.04 13:32:12,292|(1993) gesendet
18-clientserver@lab22.cpt.haw-hamburg.de<0.22065.0>-C-1-5: 2054te_Nachricht. C Out: 12.04 13:32:14,293|(2054) gesendet
18-clientserver@lab22.cpt.haw-hamburg.de<0.22065.0>-C-1-5: 2111te_Nachricht. C Out: 12.04 13:32:16,295|(2111) gesendet
18-clientserver@lab22.cpt.haw-hamburg.de<0.22065.0>-C-1-5: 2189te_Nachricht. C Out: 12.04 13:32:18,296|(2189) gesendet
2247te_Nachricht um 12.04 13:32:20,297|- vergessen zu senden ******
Neues Sendeintervall: 3 Sekunden
lab29-1-1: message_number_2195. Sent time: 12.04 13:32:18,602| 12.04 13:32:20,603| ; C In: 12.04 13:32:23,298|
lab29-1-1: message_number_2196. Sent time: 12.04 13:32:18,602| 12.04 13:32:20,605| ; C In: 12.04 13:32:23,298|
lab29-1-1: message_number_2197. Sent time: 12.04 13:32:18,603| 12.04 13:32:20,604| ; C In: 12.04 13:32:23,299|
lab29-1-1: message_number_2198. Sent time: 12.04 13:32:18,603| 12.04 13:32:20,605| ; C In: 12.04 13:32:23,300|
lab29-1-1: message_number_2199. Sent time: 12.04 13:32:18,603| 12.04 13:32:20,605| ; C In: 12.04 13:32:23,300|
lab29-1-1: message_number_2200. Sent time: 12.04 13:32:18,604| 12.04 13:32:20,606| ; C In: 12.04 13:32:23,301|
lab29-1-1: message_number_2201. Sent time: 12.04 13:32:18,604| 12.04 13:32:20,606| ; C In: 12.04 13:32:23,301|
lab29-1-1: message_number_2202. Sent time: 12.04 13:32:18,604| 12.04 13:32:20,607| ; C In: 12.04 13:32:23,302|
lab29-1-1: message_number_2203. Sent time: 12.04 13:32:18,605| 12.04 13:32:20,607| ; C In: 12.04 13:32:23,302|
lab29-1-1: message_number_2204. Sent time: 12.04 13:32:18,605| 12.04 13:32:20,609| ; C In: 12.04 13:32:23,303|
lab29-1-1: message_number_2205. Sent time: 12.04 13:32:18,605| 12.04 13:32:20,608| ; C In: 12.04 13:32:23,303|
lab29-1-1: message_number_2206. Sent time: 12.04 13:32:18,605| 12.04 13:32:20,609| ; C In: 12.04 13:32:23,304|
lab29-1-1: message_number_2207. Sent time: 12.04 13:32:18,606| 12.04 13:32:20,608| ; C In: 12.04 13:32:23,305|
lab29-1-1: message_number_2208. Sent time: 12.04 13:32:18,606| 12.04 13:32:20,610| ; C In: 12.04 13:32:23,305|
lab29-1-1: message_number_2209. Sent time: 12.04 13:32:18,607| 12.04 13:32:20,610| ; C In: 12.04 13:32:23,306|
lab29-1-1: message_number_2210. Sent time: 12.04 13:32:18,607| 12.04 13:32:20,610| ; C In: 12.04 13:32:23,306|
Fehlernachricht fuer Nachrichtennummern 2185 bis 2220 ; C In: 12.04 13:32:23,307|
'clientNode2@lab26.cpt.haw-hamburg.de'-<0.376.0>-C-3-06:2221te Nachricht.C Out:12.04 13:32:20,796| 12.04 13:32:20,797| ; C In: 12.04 13:32:23,307|
'clientNode2@lab26.cpt.haw-hamburg.de'-<0.370.0>-C-3-06:2222te Nachricht.C Out:12.04 13:32:20,817| 12.04 13:32:20,818| ; C In: 12.04 13:32:23,308|
'clientNode@lab26.cpt.haw-hamburg.de'-<0.9123.0>-C-3-06:2223te Nachricht.C Out:12.04 13:32:21,987| 12.04 13:32:21,987| ; C In: 12.04 13:32:23,308|
'clientNode@lab26.cpt.haw-hamburg.de'-<0.9117.0>-C-3-06:2224te Nachricht.C Out:12.04 13:32:20,988| 12.04 13:32:20,988| ; C In: 12.04 13:32:23,309|
'clientNode@lab26.cpt.haw-hamburg.de'-<0.9126.0>-C-3-06:2225te Nachricht.C Out:12.04 13:32:20,989| 12.04 13:32:20,989| ; C In: 12.04 13:32:23,309|
'clientNode2@lab26.cpt.haw-hamburg.de'-<0.387.0>-C-3-06:2226te Nachricht.C Out:12.04 13:32:22,795| 12.04 13:32:22,796| ; C In: 12.04 13:32:23,310|
'clientNode2@lab26.cpt.haw-hamburg.de'-<0.373.0>-C-3-06:2227te Nachricht.C Out:12.04 13:32:22,795| 12.04 13:32:22,796| ; C In: 12.04 13:32:23,310|
'clientNode2@lab26.cpt.haw-hamburg.de'-<0.379.0>-C-3-06:2228te Nachricht.C Out:12.04 13:32:22,815| 12.04 13:32:22,816| ; C In: 12.04 13:32:23,311|
'clientNode2@lab26.cpt.haw-hamburg.de'-<0.395.0>-C-3-06:2229te Nachricht.C Out:12.04 13:32:21,825| 12.04 13:32:21,826| ; C In: 12.04 13:32:23,311|
Fehlernachricht fuer Nachrichtennummern 2218 bis 2240 ; C In: 12.04 13:32:23,313|
'clientNode@lab26.cpt.haw-hamburg.de'-<0.9109.0>-C-3-06:2241te Nachricht.C Out:12.04 13:32:21,969| 12.04 13:32:21,969| ; C In: 12.04 13:32:23,314|
'clientNode@lab26.cpt.haw-hamburg.de'-<0.9106.0>-C-3-06:2242te Nachricht.C Out:12.04 13:32:21,970| 12.04 13:32:21,970| ; C In: 12.04 13:32:23,315|
Fehlernachricht fuer Nachrichtennummern 2243 bis 2248 ; C In: 12.04 13:32:23,315|
3-clientserver@lab22.cpt.haw-hamburg.de<0.22050.0>-C-1-5: 2249te_Nachricht. C Out: 12.04 13:32:20,309|(2249) 12.04 13:32:23,311| ; C In: 12.04 13:32:23,315|
0-clientserver@lab22.cpt.haw-hamburg.de<0.22046.0>-C-1-5: 2250te_Nachricht. C Out: 12.04 13:32:20,310|(2250) 12.04 13:32:23,311| ; C In: 12.04 13:32:23,316|
1-clientserver@lab22.cpt.haw-hamburg.de<0.22047.0>-C-1-5: 2251te_Nachricht. C Out: 12.04 13:32:20,311|(2251) 12.04 13:32:23,312| ; C In: 12.04 13:32:23,316|
11-clientserver@lab22.cpt.haw-hamburg.de<0.22058.0>-C-1-5: 2252te_Nachricht. C Out: 12.04 13:32:20,311|(2252) 12.04 13:32:23,312| ; C In: 12.04 13:32:23,317|
4-clientserver@lab22.cpt.haw-hamburg.de<0.22051.0>-C-1-5: 2253te_Nachricht. C Out: 12.04 13:32:20,311|(2253) 12.04 13:32:23,313| ; C In: 12.04 13:32:23,317|
7-clientserver@lab22.cpt.haw-hamburg.de<0.22054.0>-C-1-5: 2254te_Nachricht. C Out: 12.04 13:32:20,312|(2254) 12.04 13:32:23,313| ; C In: 12.04 13:32:23,318|
15-clientserver@lab22.cpt.haw-hamburg.de<0.22062.0>-C-1-5: 2255te_Nachricht. C Out: 12.04 13:32:20,313|(2255) 12.04 13:32:23,314| ; C In: 12.04 13:32:23,318|
..getmessages..Done...
18-clientserver@lab22.cpt.haw-hamburg.de<0.22065.0>-C-1-5: 2348te_Nachricht. C Out: 12.04 13:32:23,318|(2348) gesendet
18-clientserver@lab22.cpt.haw-hamburg.de<0.22065.0>-C-1-5: 2630te_Nachricht. C Out: 12.04 13:32:26,320|(2630) gesendet
18-clientserver@lab22.cpt.haw-hamburg.de<0.22065.0>-C-1-5: 2706te_Nachricht. C Out: 12.04 13:32:29,321|(2706) gesendet
18-clientserver@lab22.cpt.haw-hamburg.de<0.22065.0>-C-1-5: 2794te_Nachricht. C Out: 12.04 13:32:32,322|(2794) gesendet
18-clientserver@lab22.cpt.haw-hamburg.de<0.22065.0>-C-1-5: 2850te_Nachricht. C Out: 12.04 13:32:35,324|(2850) gesendet
2917te_Nachricht um 12.04 13:32:38,326|- vergessen zu senden ******
Neues Sendeintervall: 4 Sekunden
'clientNode2@lab26.cpt.haw-hamburg.de'-<0.376.0>-C-3-06:2863te Nachricht.C Out:12.04 13:32:37,841| 12.04 13:32:37,842| ; C In: 12.04 13:32:42,827|
'clientNode2@lab26.cpt.haw-hamburg.de'-<0.379.0>-C-3-06:2864te Nachricht.C Out:12.04 13:32:37,858| 12.04 13:32:37,859| ; C In: 12.04 13:32:42,828|
'clientNode@lab26.cpt.haw-hamburg.de'-<0.9103.0>-C-3-06:2865te Nachricht.C Out:12.04 13:32:38,914| 12.04 13:32:38,914| ; C In: 12.04 13:32:42,828|
'clientNode@lab26.cpt.haw-hamburg.de'-<0.9112.0>-C-3-06:2866te Nachricht.C Out:12.04 13:32:38,915| 12.04 13:32:38,915| ; C In: 12.04 13:32:42,829|
Fehlernachricht fuer Nachrichtennummern 2867 bis 2868 ; C In: 12.04 13:32:42,829|
7-profB@lab31.cpt.haw-hamburg.de-<0.13169.0>-KLC: 2869te_Nachricht. C Out: 12.04 13:32:41,000| 12.04 13:32:42,001| ; C In: 12.04 13:32:42,830|
2-profB@lab31.cpt.haw-hamburg.de-<0.13164.0>-KLC: 2870te_Nachricht. C Out: 12.04 13:32:41,000| 12.04 13:32:42,003| ; C In: 12.04 13:32:42,830|
9-profB@lab31.cpt.haw-hamburg.de-<0.13171.0>-KLC: 2871te_Nachricht. C Out: 12.04 13:32:42,001| 12.04 13:32:42,003| ; C In: 12.04 13:32:42,831|
6-profB@lab31.cpt.haw-hamburg.de-<0.13168.0>-KLC: 2872te_Nachricht. C Out: 12.04 13:32:42,001| 12.04 13:32:42,004| ; C In: 12.04 13:32:42,831|
Fehlernachricht fuer Nachrichtennummern 2873 bis 2873 ; C In: 12.04 13:32:42,832|
4-profB@lab31.cpt.haw-hamburg.de-<0.13166.0>-KLC: 2874te_Nachricht. C Out: 12.04 13:32:42,002| 12.04 13:32:42,004| ; C In: 12.04 13:32:42,832|
Fehlernachricht fuer Nachrichtennummern 2874 bis 2875 ; C In: 12.04 13:32:42,832|
3-profB@lab31.cpt.haw-hamburg.de-<0.13165.0>-KLC: 2876te_Nachricht. C Out: 12.04 13:32:42,003| 12.04 13:32:42,005| ; C In: 12.04 13:32:42,833|
'clientNode@lab26.cpt.haw-hamburg.de'-<0.9109.0>-C-3-06:2877te Nachricht.C Out:12.04 13:32:38,010| 12.04 13:32:38,010| ; C In: 12.04 13:32:42,833|
'clientNode@lab26.cpt.haw-hamburg.de'-<0.9106.0>-C-3-06:2878te Nachricht.C Out:12.04 13:32:38,011| 12.04 13:32:38,011| ; C In: 12.04 13:32:42,834|
'clientNode@lab26.cpt.haw-hamburg.de'-<0.9123.0>-C-3-06:2879te Nachricht.C Out:12.04 13:32:38,016| 12.04 13:32:38,017| ; C In: 12.04 13:32:42,835|
'clientNode@lab26.cpt.haw-hamburg.de'-<0.9117.0>-C-3-06:2880te Nachricht.C Out:12.04 13:32:39,044| 12.04 13:32:39,044| ; C In: 12.04 13:32:42,835|
4-clientserver@lab22.cpt.haw-hamburg.de<0.22051.0>-C-1-5: 2881te_Nachricht. C Out: 12.04 13:32:36,343|(2881) 12.04 13:32:38,345| ; C In: 12.04 13:32:42,835|
7-clientserver@lab22.cpt.haw-hamburg.de<0.22054.0>-C-1-5: 2882te_Nachricht. C Out: 12.04 13:32:36,344|(2882) 12.04 13:32:38,345| ; C In: 12.04 13:32:42,836|
19-clientserver@lab22.cpt.haw-hamburg.de<0.22066.0>-C-1-5: 2883te_Nachricht. C Out: 12.04 13:32:36,365|(2883) 12.04 13:32:38,367| ; C In: 12.04 13:32:42,836|
3-profA@lab31.cpt.haw-hamburg.de-<0.11489.0>-KLC: 2884te_Nachricht. C Out: 12.04 13:32:42,633| 12.04 13:32:42,634| ; C In: 12.04 13:32:42,837|
5-profA@lab31.cpt.haw-hamburg.de-<0.11491.0>-KLC: 2885te_Nachricht. C Out: 12.04 13:32:42,633| 12.04 13:32:42,635| ; C In: 12.04 13:32:42,837|
8-profA@lab31.cpt.haw-hamburg.de-<0.11494.0>-KLC: 2886te_Nachricht. C Out: 12.04 13:32:42,634| 12.04 13:32:42,635| ; C In: 12.04 13:32:42,838|
1-profA@lab31.cpt.haw-hamburg.de-<0.11487.0>-KLC: 2887te_Nachricht. C Out: 12.04 13:32:42,634| 12.04 13:32:42,635| ; C In: 12.04 13:32:42,838|
0-profA@lab31.cpt.haw-hamburg.de-<0.11486.0>-KLC: 2888te_Nachricht. C Out: 12.04 13:32:42,635| 12.04 13:32:42,636| ; C In: 12.04 13:32:42,839|
7-profA@lab31.cpt.haw-hamburg.de-<0.11493.0>-KLC: 2889te_Nachricht. C Out: 12.04 13:32:42,635| 12.04 13:32:42,637| ; C In: 12.04 13:32:42,839|
6-profA@lab31.cpt.haw-hamburg.de-<0.11492.0>-KLC: 2890te_Nachricht. C Out: 12.04 13:32:42,636| 12.04 13:32:42,637| ; C In: 12.04 13:32:42,840|
4-profA@lab31.cpt.haw-hamburg.de-<0.11490.0>-KLC: 2891te_Nachricht. C Out: 12.04 13:32:42,637| 12.04 13:32:42,638| ; C In: 12.04 13:32:42,840|
9-profA@lab31.cpt.haw-hamburg.de-<0.11495.0>-KLC: 2892te_Nachricht. C Out: 12.04 13:32:42,637| 12.04 13:32:42,638| ; C In: 12.04 13:32:42,841|
2-profA@lab31.cpt.haw-hamburg.de-<0.11488.0>-KLC: 2893te_Nachricht. C Out: 12.04 13:32:42,637| 12.04 13:32:42,638| ; C In: 12.04 13:32:42,841|
Fehlernachricht fuer Nachrichtennummern 2876 bis 2900 ; C In: 12.04 13:32:42,842|
'clientNode2@lab26.cpt.haw-hamburg.de'-<0.382.0>-C-3-06:2901te Nachricht.C Out:12.04 13:32:39,797| 12.04 13:32:39,798| ; C In: 12.04 13:32:42,844|
'clientNode2@lab26.cpt.haw-hamburg.de'-<0.370.0>-C-3-06:2902te Nachricht.C Out:12.04 13:32:39,863| 12.04 13:32:39,864| ; C In: 12.04 13:32:42,845|
'clientNode@lab26.cpt.haw-hamburg.de'-<0.9126.0>-C-3-06:2903te Nachricht.C Out:12.04 13:32:39,047| 12.04 13:32:39,047| ; C In: 12.04 13:32:42,845|
Fehlernachricht fuer Nachrichtennummern 2904 bis 2904 ; C In: 12.04 13:32:42,846|
'clientNode2@lab26.cpt.haw-hamburg.de'-<0.376.0>-C-3-06:2905te Nachricht.C Out:12.04 13:32:39,843| 12.04 13:32:39,844| ; C In: 12.04 13:32:42,847|
'clientNode2@lab26.cpt.haw-hamburg.de'-<0.395.0>-C-3-06:2906te Nachricht.C Out:12.04 13:32:40,852| 12.04 13:32:40,853| ; C In: 12.04 13:32:42,847|
'clientNode2@lab26.cpt.haw-hamburg.de'-<0.379.0>-C-3-06:2907te Nachricht.C Out:12.04 13:32:39,859| 12.04 13:32:39,860| ; C In: 12.04 13:32:42,849|
Fehlernachricht fuer Nachrichtennummern 2908 bis 2908 ; C In: 12.04 13:32:42,849|
'clientNode@lab26.cpt.haw-hamburg.de'-<0.9128.0>-C-3-06:2909te Nachricht.C Out:12.04 13:32:40,001| 12.04 13:32:40,001| ; C In: 12.04 13:32:42,850|
Fehlernachricht fuer Nachrichtennummern 2910 bis 2912 ; C In: 12.04 13:32:42,852|
'clientNode@lab26.cpt.haw-hamburg.de'-<0.9109.0>-C-3-06:2913te Nachricht.C Out:12.04 13:32:41,041| 12.04 13:32:41,041| ; C In: 12.04 13:32:42,853|
'clientNode@lab26.cpt.haw-hamburg.de'-<0.9106.0>-C-3-06:2914te Nachricht.C Out:12.04 13:32:41,042| 12.04 13:32:41,042| ; C In: 12.04 13:32:42,855|
'clientNode@lab26.cpt.haw-hamburg.de'-<0.9123.0>-C-3-06:2915te Nachricht.C Out:12.04 13:32:40,045| 12.04 13:32:40,045| ; C In: 12.04 13:32:42,856|
Fehlernachricht fuer Nachrichtennummern 2916 bis 2919 ; C In: 12.04 13:32:42,856|
19-clientserver@lab22.cpt.haw-hamburg.de<0.22066.0>-C-1-5: 2920te_Nachricht. C Out: 12.04 13:32:38,367|(2920) 12.04 13:32:40,368| ; C In: 12.04 13:32:42,856|
5-clientserver@lab22.cpt.haw-hamburg.de<0.22052.0>-C-1-5: 2921te_Nachricht. C Out: 12.04 13:32:38,387|(2921) 12.04 13:32:41,388| ; C In: 12.04 13:32:42,857|
12-clientserver@lab22.cpt.haw-hamburg.de<0.22059.0>-C-1-5: 2922te_Nachricht. C Out: 12.04 13:32:38,393|(2922) 12.04 13:32:41,394| ; C In: 12.04 13:32:42,857|
13-clientserver@lab22.cpt.haw-hamburg.de<0.22060.0>-C-1-5: 2923te_Nachricht. C Out: 12.04 13:32:38,393|(2923) 12.04 13:32:41,394| ; C In: 12.04 13:32:42,858|
9-clientserver@lab22.cpt.haw-hamburg.de<0.22056.0>-C-1-5: 2924te_Nachricht. C Out: 12.04 13:32:38,724|(2924) 12.04 13:32:40,726| ; C In: 12.04 13:32:42,858|
lab29-1-1: message_number_2925. Sent time: 12.04 13:32:38,840| 12.04 13:32:42,842| ; C In: 12.04 13:32:42,858|
lab29-1-1: message_number_2926. Sent time: 12.04 13:32:38,841| 12.04 13:32:42,842| ; C In: 12.04 13:32:42,859|
lab29-1-1: message_number_2927. Sent time: 12.04 13:32:38,841| 12.04 13:32:42,843| ; C In: 12.04 13:32:42,859|
lab29-1-1: message_number_2928. Sent time: 12.04 13:32:38,841| 12.04 13:32:42,843| ; C In: 12.04 13:32:42,860|
lab29-1-1: message_number_2929. Sent time: 12.04 13:32:38,842| 12.04 13:32:42,844| ; C In: 12.04 13:32:42,860|
lab29-1-1: message_number_2930. Sent time: 12.04 13:32:38,844| 12.04 13:32:42,846| ; C In: 12.04 13:32:42,861|
lab29-1-1: message_number_2931. Sent time: 12.04 13:32:38,845| 12.04 13:32:42,846| ; C In: 12.04 13:32:42,861|
lab29-1-1: message_number_2932. Sent time: 12.04 13:32:38,846| 12.04 13:32:42,848| ; C In: 12.04 13:32:42,861|
lab29-1-1: message_number_2933. Sent time: 12.04 13:32:38,846| 12.04 13:32:42,848| ; C In: 12.04 13:32:42,862|
lab29-1-1: message_number_2934. Sent time: 12.04 13:32:38,847| 12.04 13:32:42,849| ; C In: 12.04 13:32:42,862|
lab29-1-1: message_number_2935. Sent time: 12.04 13:32:38,848| 12.04 13:32:42,850| ; C In: 12.04 13:32:42,863|
lab29-1-1: message_number_2936. Sent time: 12.04 13:32:38,849| 12.04 13:32:42,850| ; C In: 12.04 13:32:42,863|
lab29-1-1: message_number_2937. Sent time: 12.04 13:32:38,849| 12.04 13:32:42,851| ; C In: 12.04 13:32:42,864|
lab29-1-1: message_number_2938. Sent time: 12.04 13:32:38,850| 12.04 13:32:42,851| ; C In: 12.04 13:32:42,864|
lab29-1-1: message_number_2939. Sent time: 12.04 13:32:38,850| 12.04 13:32:42,852| ; C In: 12.04 13:32:42,864|
lab29-1-1: message_number_2940. Sent time: 12.04 13:32:38,850| 12.04 13:32:42,852| ; C In: 12.04 13:32:42,865|
lab29-1-1: message_number_2941. Sent time: 12.04 13:32:38,851| 12.04 13:32:42,853| ; C In: 12.04 13:32:42,865|
lab29-1-1: message_number_2942. Sent time: 12.04 13:32:38,851| 12.04 13:32:42,854| ; C In: 12.04 13:32:42,866|
lab29-1-1: message_number_2943. Sent time: 12.04 13:32:38,851| 12.04 13:32:42,854| ; C In: 12.04 13:32:42,866|
lab29-1-1: message_number_2944. Sent time: 12.04 13:32:38,852| 12.04 13:32:42,854| ; C In: 12.04 13:32:42,867|
'clientNode@lab26.cpt.haw-hamburg.de'-<0.9103.0>-C-3-06:2945te Nachricht.C Out:12.04 13:32:41,916| 12.04 13:32:41,916| ; C In: 12.04 13:32:42,867|
'clientNode@lab26.cpt.haw-hamburg.de'-<0.9112.0>-C-3-06:2946te Nachricht.C Out:12.04 13:32:41,916| 12.04 13:32:41,917| ; C In: 12.04 13:32:42,868|
'clientNode@lab26.cpt.haw-hamburg.de'-<0.9117.0>-C-3-06:2947te Nachricht.C Out:12.04 13:32:42,046| 12.04 13:32:42,046| ; C In: 12.04 13:32:42,868|
'clientNode@lab26.cpt.haw-hamburg.de'-<0.9126.0>-C-3-06:2948te Nachricht.C Out:12.04 13:32:41,049| 12.04 13:32:41,049| ; C In: 12.04 13:32:42,868|
'clientNode2@lab26.cpt.haw-hamburg.de'-<0.382.0>-C-3-06:2949te Nachricht.C Out:12.04 13:32:42,799| 12.04 13:32:42,800| ; C In: 12.04 13:32:42,869|
..getmessages..Done...
18-clientserver@lab22.cpt.haw-hamburg.de<0.22065.0>-C-1-5: 3034te_Nachricht. C Out: 12.04 13:32:42,869|(3034) gesendet
18-clientserver@lab22.cpt.haw-hamburg.de<0.22065.0>-C-1-5: 3135te_Nachricht. C Out: 12.04 13:32:47,370|(3135) gesendet
18-clientserver@lab22.cpt.haw-hamburg.de<0.22065.0>-C-1-5: 3257te_Nachricht. C Out: 12.04 13:32:51,872|(3257) gesendet
18-clientserver@lab22.cpt.haw-hamburg.de<0.22065.0>-C-1-5: 3618te_Nachricht. C Out: 12.04 13:32:56,373|(3618) gesendet
18-clientserver@lab22.cpt.haw-hamburg.de<0.22065.0>-C-1-5: 3802te_Nachricht. C Out: 12.04 13:33:00,875|(3802) gesendet
3986te_Nachricht um 12.04 13:33:05,376|- vergessen zu senden ******
Neues Sendeintervall: 6 Sekunden
'clientNode2@lab26.cpt.haw-hamburg.de'-<0.370.0>-C-3-06:4114te Nachricht.C Out:12.04 13:33:09,936| 12.04 13:33:09,937| ; C In: 12.04 13:33:12,128|
Fehlernachricht fuer Nachrichtennummern 4115 bis 4118 ; C In: 12.04 13:33:12,128|
'clientNode@lab26.cpt.haw-hamburg.de'-<0.9117.0>-C-3-06:4119te Nachricht.C Out:12.04 13:33:10,081| 12.04 13:33:10,081| ; C In: 12.04 13:33:12,128|
Fehlernachricht fuer Nachrichtennummern 4120 bis 4123 ; C In: 12.04 13:33:12,129|
7-clientserver@lab22.cpt.haw-hamburg.de<0.22054.0>-C-1-5: 4124te_Nachricht. C Out: 12.04 13:33:08,409|(4124) 12.04 13:33:10,410| ; C In: 12.04 13:33:12,129|
Fehlernachricht fuer Nachrichtennummern 4125 bis 4127 ; C In: 12.04 13:33:12,130|
13-clientserver@lab22.cpt.haw-hamburg.de<0.22060.0>-C-1-5: 4128te_Nachricht. C Out: 12.04 13:33:08,436|(4128) 12.04 13:33:11,437| ; C In: 12.04 13:33:12,130|
Fehlernachricht fuer Nachrichtennummern 4129 bis 4129 ; C In: 12.04 13:33:12,131|
15-clientserver@lab22.cpt.haw-hamburg.de<0.22062.0>-C-1-5: 4130te_Nachricht. C Out: 12.04 13:33:08,881|(4130) 12.04 13:33:10,883| ; C In: 12.04 13:33:12,131|
'clientNode2@lab26.cpt.haw-hamburg.de'-<0.373.0>-C-3-06:4131te Nachricht.C Out:12.04 13:33:10,892| 12.04 13:33:10,893| ; C In: 12.04 13:33:12,132|
Fehlernachricht fuer Nachrichtennummern 4132 bis 4186 ; C In: 12.04 13:33:12,132|
'clientNode@lab26.cpt.haw-hamburg.de'-<0.9123.0>-C-3-06:4187te Nachricht.C Out:12.04 13:33:11,111| 12.04 13:33:11,111| ; C In: 12.04 13:33:12,132|
'clientNode@lab26.cpt.haw-hamburg.de'-<0.9109.0>-C-3-06:4188te Nachricht.C Out:12.04 13:33:11,121| 12.04 13:33:11,121| ; C In: 12.04 13:33:12,133|
Fehlernachricht fuer Nachrichtennummern 4189 bis 4248 ; C In: 12.04 13:33:12,133|
lab29-1-1: message_number_4249. Sent time: 12.04 13:33:09,648| 12.04 13:33:11,650| ; C In: 12.04 13:33:12,134|
lab29-1-1: message_number_4250. Sent time: 12.04 13:33:09,649| 12.04 13:33:11,651| ; C In: 12.04 13:33:12,134|
lab29-1-1: message_number_4251. Sent time: 12.04 13:33:09,649| 12.04 13:33:11,651| ; C In: 12.04 13:33:12,134|
lab29-1-1: message_number_4252. Sent time: 12.04 13:33:09,650| 12.04 13:33:11,651| ; C In: 12.04 13:33:12,135|
lab29-1-1: message_number_4253. Sent time: 12.04 13:33:09,650| 12.04 13:33:11,652| ; C In: 12.04 13:33:12,135|
lab29-1-1: message_number_4254. Sent time: 12.04 13:33:09,651| 12.04 13:33:11,652| ; C In: 12.04 13:33:12,136|
lab29-1-1: message_number_4255. Sent time: 12.04 13:33:09,651| 12.04 13:33:11,653| ; C In: 12.04 13:33:12,136|
lab29-1-1: message_number_4256. Sent time: 12.04 13:33:09,652| 12.04 13:33:11,653| ; C In: 12.04 13:33:12,136|
lab29-1-1: message_number_4257. Sent time: 12.04 13:33:09,652| 12.04 13:33:11,653| ; C In: 12.04 13:33:12,137|
lab29-1-1: message_number_4258. Sent time: 12.04 13:33:09,652| 12.04 13:33:11,654| ; C In: 12.04 13:33:12,137|
lab29-1-1: message_number_4259. Sent time: 12.04 13:33:09,653| 12.04 13:33:11,654| ; C In: 12.04 13:33:12,137|
lab29-1-1: message_number_4260. Sent time: 12.04 13:33:09,653| 12.04 13:33:11,654| ; C In: 12.04 13:33:12,138|
lab29-1-1: message_number_4261. Sent time: 12.04 13:33:09,653| 12.04 13:33:11,656| ; C In: 12.04 13:33:12,138|
lab29-1-1: message_number_4262. Sent time: 12.04 13:33:09,653| 12.04 13:33:11,655| ; C In: 12.04 13:33:12,139|
lab29-1-1: message_number_4263. Sent time: 12.04 13:33:09,654| 12.04 13:33:11,656| ; C In: 12.04 13:33:12,139|
lab29-1-1: message_number_4264. Sent time: 12.04 13:33:09,654| 12.04 13:33:11,656| ; C In: 12.04 13:33:12,139|
lab29-1-1: message_number_4265. Sent time: 12.04 13:33:09,654| 12.04 13:33:11,658| ; C In: 12.04 13:33:12,140|
lab29-1-1: message_number_4266. Sent time: 12.04 13:33:09,655| 12.04 13:33:11,659| ; C In: 12.04 13:33:12,140|
lab29-1-1: message_number_4267. Sent time: 12.04 13:33:09,655| 12.04 13:33:11,659| ; C In: 12.04 13:33:12,140|
lab29-1-1: message_number_4268. Sent time: 12.04 13:33:09,656| 12.04 13:33:11,658| ; C In: 12.04 13:33:12,141|
[lab28|0304]: 4269te Nachricht. C Out: 12.04 13:33:11,655| 12.04 13:33:11,658| ; C In: 12.04 13:33:12,141|
[lab28|0304]: 4270te Nachricht. C Out: 12.04 13:33:11,656| 12.04 13:33:11,659| ; C In: 12.04 13:33:12,142|
[lab28|0304]: 4271te Nachricht. C Out: 12.04 13:33:11,656| 12.04 13:33:11,660| ; C In: 12.04 13:33:12,142|
[lab28|0304]: 4272te Nachricht. C Out: 12.04 13:33:11,656| 12.04 13:33:11,660| ; C In: 12.04 13:33:12,142|
[lab28|0304]: 4273te Nachricht. C Out: 12.04 13:33:11,657| 12.04 13:33:11,660| ; C In: 12.04 13:33:12,143|
[lab28|0304]: 4274te Nachricht. C Out: 12.04 13:33:11,657| 12.04 13:33:11,661| ; C In: 12.04 13:33:12,143|
[lab28|0304]: 4275te Nachricht. C Out: 12.04 13:33:11,657| 12.04 13:33:11,661| ; C In: 12.04 13:33:12,144|
[lab28|0304]: 4276te Nachricht. C Out: 12.04 13:33:11,658| 12.04 13:33:11,661| ; C In: 12.04 13:33:12,144|
..getmessages..Done...
18-clientserver@lab22.cpt.haw-hamburg.de<0.22065.0>-C-1-5: 4456te_Nachricht. C Out: 12.04 13:33:12,144|(4456) gesendet
18-clientserver@lab22.cpt.haw-hamburg.de<0.22065.0>-C-1-5: 4721te_Nachricht. C Out: 12.04 13:33:18,896|(4721) gesendet
18-clientserver@lab22.cpt.haw-hamburg.de<0.22065.0>-C-1-5: 4921te_Nachricht. C Out: 12.04 13:33:25,647|(4921) gesendet
18-clientserver@lab22.cpt.haw-hamburg.de<0.22065.0>-C-1-5: 5039te_Nachricht. C Out: 12.04 13:33:32,400|(5039) gesendet
18-clientserver@lab22.cpt.haw-hamburg.de<0.22065.0>-C-1-5: 5143te_Nachricht. C Out: 12.04 13:33:39,152|(5143) gesendet
18-clientserver@lab22.cpt.haw-hamburg.de<0.22065.0>-C-1-5: Lebenszeit um. Wird beendet.
