17-clientserver@lab22.cpt.haw-hamburg.de<0.22064.0>-C-1-5: Start: 12.04 13:31:41,034|.
17-clientserver@lab22.cpt.haw-hamburg.de<0.22064.0>-C-1-5: 629te_Nachricht. C Out: 12.04 13:31:41,035|(629) gesendet
17-clientserver@lab22.cpt.haw-hamburg.de<0.22064.0>-C-1-5: 692te_Nachricht. C Out: 12.04 13:31:44,037|(692) gesendet
17-clientserver@lab22.cpt.haw-hamburg.de<0.22064.0>-C-1-5: 793te_Nachricht. C Out: 12.04 13:31:47,040|(793) gesendet
17-clientserver@lab22.cpt.haw-hamburg.de<0.22064.0>-C-1-5: 1080te_Nachricht. C Out: 12.04 13:31:50,041|(1080) gesendet
17-clientserver@lab22.cpt.haw-hamburg.de<0.22064.0>-C-1-5: 1182te_Nachricht. C Out: 12.04 13:31:53,044|(1182) gesendet
1236te_Nachricht um 12.04 13:31:56,047|- vergessen zu senden ******
Neues Sendeintervall: 4 Sekunden
'clientNode2@lab26.cpt.haw-hamburg.de'-<0.384.0>-C-3-06:1294te Nachricht.C Out:12.04 13:31:59,732| 12.04 13:31:59,733| ; C In: 12.04 13:32:00,549|
'clientNode2@lab26.cpt.haw-hamburg.de'-<0.379.0>-C-3-06:1295te Nachricht.C Out:12.04 13:31:58,733| 12.04 13:31:58,734| ; C In: 12.04 13:32:00,551|
'clientNode2@lab26.cpt.haw-hamburg.de'-<0.370.0>-C-3-06:1296te Nachricht.C Out:12.04 13:31:58,734| 12.04 13:31:58,735| ; C In: 12.04 13:32:00,554|
'clientNode2@lab26.cpt.haw-hamburg.de'-<0.395.0>-C-3-06:1297te Nachricht.C Out:12.04 13:31:58,734| 12.04 13:31:58,735| ; C In: 12.04 13:32:00,557|
'clientNode@lab26.cpt.haw-hamburg.de'-<0.9123.0>-C-3-06:1298te Nachricht.C Out:12.04 13:31:58,895| 12.04 13:31:58,895| ; C In: 12.04 13:32:00,559|
'clientNode@lab26.cpt.haw-hamburg.de'-<0.9117.0>-C-3-06:1299te Nachricht.C Out:12.04 13:31:58,895| 12.04 13:31:58,895| ; C In: 12.04 13:32:00,562|
'clientNode@lab26.cpt.haw-hamburg.de'-<0.9126.0>-C-3-06:1300te Nachricht.C Out:12.04 13:31:58,896| 12.04 13:31:58,896| ; C In: 12.04 13:32:00,565|
'clientNode@lab26.cpt.haw-hamburg.de'-<0.9128.0>-C-3-06:1301te Nachricht.C Out:12.04 13:31:58,896| 12.04 13:31:58,896| ; C In: 12.04 13:32:00,567|
Fehlernachricht fuer Nachrichtennummern 1302 bis 1311 ; C In: 12.04 13:32:00,570|
lab29-1-1: message_number_1312. Sent time: 12.04 13:31:58,108| 12.04 13:32:00,109| ; C In: 12.04 13:32:00,572|
lab29-1-1: message_number_1313. Sent time: 12.04 13:31:58,110| 12.04 13:32:00,111| ; C In: 12.04 13:32:00,574|
lab29-1-1: message_number_1314. Sent time: 12.04 13:31:58,109| 12.04 13:32:00,111| ; C In: 12.04 13:32:00,577|
lab29-1-1: message_number_1315. Sent time: 12.04 13:31:58,110| 12.04 13:32:00,111| ; C In: 12.04 13:32:00,579|
lab29-1-1: message_number_1316. Sent time: 12.04 13:31:58,110| 12.04 13:32:00,112| ; C In: 12.04 13:32:00,582|
lab29-1-1: message_number_1317. Sent time: 12.04 13:31:58,110| 12.04 13:32:00,112| ; C In: 12.04 13:32:00,584|
lab29-1-1: message_number_1318. Sent time: 12.04 13:31:58,112| 12.04 13:32:00,113| ; C In: 12.04 13:32:00,586|
lab29-1-1: message_number_1319. Sent time: 12.04 13:31:58,112| 12.04 13:32:00,114| ; C In: 12.04 13:32:00,589|
lab29-1-1: message_number_1320. Sent time: 12.04 13:31:58,113| 12.04 13:32:00,114| ; C In: 12.04 13:32:00,591|
lab29-1-1: message_number_1321. Sent time: 12.04 13:31:58,113| 12.04 13:32:00,115| ; C In: 12.04 13:32:00,594|
lab29-1-1: message_number_1322. Sent time: 12.04 13:31:58,114| 12.04 13:32:00,116| ; C In: 12.04 13:32:00,596|
lab29-1-1: message_number_1323. Sent time: 12.04 13:31:58,115| 12.04 13:32:00,116| ; C In: 12.04 13:32:00,598|
lab29-1-1: message_number_1324. Sent time: 12.04 13:31:58,115| 12.04 13:32:00,117| ; C In: 12.04 13:32:00,600|
lab29-1-1: message_number_1325. Sent time: 12.04 13:31:58,116| 12.04 13:32:00,117| ; C In: 12.04 13:32:00,602|
lab29-1-1: message_number_1326. Sent time: 12.04 13:31:58,116| 12.04 13:32:00,118| ; C In: 12.04 13:32:00,605|
lab29-1-1: message_number_1327. Sent time: 12.04 13:31:58,116| 12.04 13:32:00,118| ; C In: 12.04 13:32:00,607|
lab29-1-1: message_number_1328. Sent time: 12.04 13:31:58,117| 12.04 13:32:00,119| ; C In: 12.04 13:32:00,609|
lab29-1-1: message_number_1329. Sent time: 12.04 13:31:58,118| 12.04 13:32:00,119| ; C In: 12.04 13:32:00,611|
lab29-1-1: message_number_1330. Sent time: 12.04 13:31:58,118| 12.04 13:32:00,120| ; C In: 12.04 13:32:00,614|
lab29-1-1: message_number_1331. Sent time: 12.04 13:31:58,118| 12.04 13:32:00,120| ; C In: 12.04 13:32:00,616|
3-clientserver@lab22.cpt.haw-hamburg.de<0.22050.0>-C-1-5: 1332te_Nachricht. C Out: 12.04 13:31:58,209|(1332) 12.04 13:32:00,210| ; C In: 12.04 13:32:00,618|
0-clientserver@lab22.cpt.haw-hamburg.de<0.22046.0>-C-1-5: 1333te_Nachricht. C Out: 12.04 13:31:58,209|(1333) 12.04 13:32:00,211| ; C In: 12.04 13:32:00,621|
1-clientserver@lab22.cpt.haw-hamburg.de<0.22047.0>-C-1-5: 1334te_Nachricht. C Out: 12.04 13:31:58,210|(1334) 12.04 13:32:00,211| ; C In: 12.04 13:32:00,623|
11-clientserver@lab22.cpt.haw-hamburg.de<0.22058.0>-C-1-5: 1335te_Nachricht. C Out: 12.04 13:31:58,212|(1335) 12.04 13:32:00,213| ; C In: 12.04 13:32:00,625|
4-clientserver@lab22.cpt.haw-hamburg.de<0.22051.0>-C-1-5: 1336te_Nachricht. C Out: 12.04 13:31:58,214|(1336) 12.04 13:32:00,216| ; C In: 12.04 13:32:00,627|
5-clientserver@lab22.cpt.haw-hamburg.de<0.22052.0>-C-1-5: 1337te_Nachricht. C Out: 12.04 13:31:58,217|(1337) 12.04 13:32:00,218| ; C In: 12.04 13:32:00,630|
7-clientserver@lab22.cpt.haw-hamburg.de<0.22054.0>-C-1-5: 1338te_Nachricht. C Out: 12.04 13:31:58,217|(1338) 12.04 13:32:00,218| ; C In: 12.04 13:32:00,632|
10-clientserver@lab22.cpt.haw-hamburg.de<0.22057.0>-C-1-5: 1339te_Nachricht. C Out: 12.04 13:31:58,217|(1339) 12.04 13:32:00,219| ; C In: 12.04 13:32:00,634|
12-clientserver@lab22.cpt.haw-hamburg.de<0.22059.0>-C-1-5: 1340te_Nachricht. C Out: 12.04 13:31:58,217|(1340) 12.04 13:32:00,219| ; C In: 12.04 13:32:00,636|
13-clientserver@lab22.cpt.haw-hamburg.de<0.22060.0>-C-1-5: 1341te_Nachricht. C Out: 12.04 13:31:58,217|(1341) 12.04 13:32:00,220| ; C In: 12.04 13:32:00,638|
18-clientserver@lab22.cpt.haw-hamburg.de<0.22065.0>-C-1-5: 1342te_Nachricht. C Out: 12.04 13:31:58,217|(1342) 12.04 13:32:00,220| ; C In: 12.04 13:32:00,640|
15-clientserver@lab22.cpt.haw-hamburg.de<0.22062.0>-C-1-5: 1343te_Nachricht. C Out: 12.04 13:31:58,217|(1343) 12.04 13:32:00,220| ; C In: 12.04 13:32:00,642|
19-clientserver@lab22.cpt.haw-hamburg.de<0.22066.0>-C-1-5: 1344te_Nachricht. C Out: 12.04 13:31:58,218|(1344) 12.04 13:32:00,221| ; C In: 12.04 13:32:00,644|
..getmessages..Done...
17-clientserver@lab22.cpt.haw-hamburg.de<0.22064.0>-C-1-5: 1405te_Nachricht. C Out: 12.04 13:32:00,645|(1405) gesendet
17-clientserver@lab22.cpt.haw-hamburg.de<0.22064.0>-C-1-5: 1775te_Nachricht. C Out: 12.04 13:32:05,146|(1775) gesendet
17-clientserver@lab22.cpt.haw-hamburg.de<0.22064.0>-C-1-5: 1921te_Nachricht. C Out: 12.04 13:32:09,647|(1921) gesendet
17-clientserver@lab22.cpt.haw-hamburg.de<0.22064.0>-C-1-5: 2046te_Nachricht. C Out: 12.04 13:32:14,149|(2046) gesendet
17-clientserver@lab22.cpt.haw-hamburg.de<0.22064.0>-C-1-5: 2214te_Nachricht. C Out: 12.04 13:32:18,650|(2214) gesendet
2336te_Nachricht um 12.04 13:32:23,151|- vergessen zu senden ******
Neues Sendeintervall: 6 Sekunden
18-clientserver@lab22.cpt.haw-hamburg.de<0.22065.0>-C-1-5: 2348te_Nachricht. C Out: 12.04 13:32:23,318|(2348) 12.04 13:32:26,320| ; C In: 12.04 13:32:29,902|
'clientNode2@lab26.cpt.haw-hamburg.de'-<0.376.0>-C-3-06:2349te Nachricht.C Out:12.04 13:32:26,809| 12.04 13:32:26,815| ; C In: 12.04 13:32:29,902|
'clientNode2@lab26.cpt.haw-hamburg.de'-<0.395.0>-C-3-06:2350te Nachricht.C Out:12.04 13:32:25,829| 12.04 13:32:25,830| ; C In: 12.04 13:32:29,903|
Fehlernachricht fuer Nachrichtennummern 2293 bis 2401 ; C In: 12.04 13:32:29,904|
'clientNode@lab26.cpt.haw-hamburg.de'-<0.9109.0>-C-3-06:2402te Nachricht.C Out:12.04 13:32:25,975| 12.04 13:32:25,975| ; C In: 12.04 13:32:29,905|
'clientNode@lab26.cpt.haw-hamburg.de'-<0.9106.0>-C-3-06:2403te Nachricht.C Out:12.04 13:32:25,975| 12.04 13:32:25,976| ; C In: 12.04 13:32:29,906|
Fehlernachricht fuer Nachrichtennummern 2404 bis 2463 ; C In: 12.04 13:32:29,907|
5-clientserver@lab22.cpt.haw-hamburg.de<0.22052.0>-C-1-5: 2464te_Nachricht. C Out: 12.04 13:32:24,344|(2464) 12.04 13:32:26,346| ; C In: 12.04 13:32:29,907|
12-clientserver@lab22.cpt.haw-hamburg.de<0.22059.0>-C-1-5: 2465te_Nachricht. C Out: 12.04 13:32:24,350|(2465) 12.04 13:32:26,351| ; C In: 12.04 13:32:29,908|
13-clientserver@lab22.cpt.haw-hamburg.de<0.22060.0>-C-1-5: 2466te_Nachricht. C Out: 12.04 13:32:24,351|(2466) 12.04 13:32:26,351| ; C In: 12.04 13:32:29,909|
19-clientserver@lab22.cpt.haw-hamburg.de<0.22066.0>-C-1-5: 2467te_Nachricht. C Out: 12.04 13:32:24,351|(2467) 12.04 13:32:26,352| ; C In: 12.04 13:32:29,910|
Fehlernachricht fuer Nachrichtennummern 2468 bis 2517 ; C In: 12.04 13:32:29,911|
lab29-1-1: message_number_2518. Sent time: 12.04 13:32:24,609| 12.04 13:32:26,610| ; C In: 12.04 13:32:29,912|
lab29-1-1: message_number_2519. Sent time: 12.04 13:32:24,609| 12.04 13:32:26,611| ; C In: 12.04 13:32:29,912|
Fehlernachricht fuer Nachrichtennummern 2352 bis 2520 ; C In: 12.04 13:32:29,913|
lab29-1-1: message_number_2521. Sent time: 12.04 13:32:24,610| 12.04 13:32:26,612| ; C In: 12.04 13:32:29,914|
Fehlernachricht fuer Nachrichtennummern 2522 bis 2523 ; C In: 12.04 13:32:29,915|
lab29-1-1: message_number_2524. Sent time: 12.04 13:32:24,611| 12.04 13:32:26,612| ; C In: 12.04 13:32:29,916|
lab29-1-1: message_number_2525. Sent time: 12.04 13:32:24,611| 12.04 13:32:26,613| ; C In: 12.04 13:32:29,917|
lab29-1-1: message_number_2526. Sent time: 12.04 13:32:24,613| 12.04 13:32:26,615| ; C In: 12.04 13:32:29,917|
lab29-1-1: message_number_2527. Sent time: 12.04 13:32:24,613| 12.04 13:32:26,616| ; C In: 12.04 13:32:29,918|
lab29-1-1: message_number_2528. Sent time: 12.04 13:32:24,614| 12.04 13:32:26,617| ; C In: 12.04 13:32:29,919|
lab29-1-1: message_number_2529. Sent time: 12.04 13:32:24,615| 12.04 13:32:26,618| ; C In: 12.04 13:32:29,920|
lab29-1-1: message_number_2530. Sent time: 12.04 13:32:24,615| 12.04 13:32:26,619| ; C In: 12.04 13:32:29,921|
Fehlernachricht fuer Nachrichtennummern 2531 bis 2535 ; C In: 12.04 13:32:29,921|
lab29-1-1: message_number_2536. Sent time: 12.04 13:32:24,615| 12.04 13:32:26,619| ; C In: 12.04 13:32:29,923|
lab29-1-1: message_number_2537. Sent time: 12.04 13:32:24,616| 12.04 13:32:26,619| ; C In: 12.04 13:32:29,924|
lab29-1-1: message_number_2538. Sent time: 12.04 13:32:24,616| 12.04 13:32:26,620| ; C In: 12.04 13:32:29,924|
lab29-1-1: message_number_2539. Sent time: 12.04 13:32:24,617| 12.04 13:32:26,622| ; C In: 12.04 13:32:29,925|
Fehlernachricht fuer Nachrichtennummern 2540 bis 2540 ; C In: 12.04 13:32:29,926|
lab29-1-1: message_number_2541. Sent time: 12.04 13:32:24,617| 12.04 13:32:26,622| ; C In: 12.04 13:32:29,927|
lab29-1-1: message_number_2542. Sent time: 12.04 13:32:24,618| 12.04 13:32:26,622| ; C In: 12.04 13:32:29,928|
lab29-1-1: message_number_2543. Sent time: 12.04 13:32:24,618| 12.04 13:32:26,624| ; C In: 12.04 13:32:29,928|
lab29-1-1: message_number_2544. Sent time: 12.04 13:32:24,619| 12.04 13:32:26,625| ; C In: 12.04 13:32:29,929|
lab29-1-1: message_number_2545. Sent time: 12.04 13:32:24,619| 12.04 13:32:26,625| ; C In: 12.04 13:32:29,930|
lab29-1-1: message_number_2546. Sent time: 12.04 13:32:24,619| 12.04 13:32:26,626| ; C In: 12.04 13:32:29,931|
..getmessages..Done...
17-clientserver@lab22.cpt.haw-hamburg.de<0.22064.0>-C-1-5: 2710te_Nachricht. C Out: 12.04 13:32:29,931|(2710) gesendet
17-clientserver@lab22.cpt.haw-hamburg.de<0.22064.0>-C-1-5: 2895te_Nachricht. C Out: 12.04 13:32:36,683|(2895) gesendet
17-clientserver@lab22.cpt.haw-hamburg.de<0.22064.0>-C-1-5: 3040te_Nachricht. C Out: 12.04 13:32:43,435|(3040) gesendet
17-clientserver@lab22.cpt.haw-hamburg.de<0.22064.0>-C-1-5: 3211te_Nachricht. C Out: 12.04 13:32:50,187|(3211) gesendet
17-clientserver@lab22.cpt.haw-hamburg.de<0.22064.0>-C-1-5: 3627te_Nachricht. C Out: 12.04 13:32:56,939|(3627) gesendet
3909te_Nachricht um 12.04 13:33:03,690|- vergessen zu senden ******
Neues Sendeintervall: 10 Sekunden
8-profB@lab31.cpt.haw-hamburg.de-<0.13170.0>-KLC: 4247te_Nachricht. C Out: 12.04 13:33:13,192| 12.04 13:33:13,195| ; C In: 12.04 13:33:13,817|
3-profB@lab31.cpt.haw-hamburg.de-<0.13165.0>-KLC: 4248te_Nachricht. C Out: 12.04 13:33:13,192| 12.04 13:33:13,195| ; C In: 12.04 13:33:13,817|
Fehlernachricht fuer Nachrichtennummern 4249 bis 4326 ; C In: 12.04 13:33:13,818|
9-clientserver@lab22.cpt.haw-hamburg.de<0.22056.0>-C-1-5: 4327te_Nachricht. C Out: 12.04 13:33:09,785|(4327) 12.04 13:33:12,786| ; C In: 12.04 13:33:13,818|
Fehlernachricht fuer Nachrichtennummern 4328 bis 4387 ; C In: 12.04 13:33:13,818|
'clientNode2@lab26.cpt.haw-hamburg.de'-<0.387.0>-C-3-06:4388te Nachricht.C Out:12.04 13:33:12,889| 12.04 13:33:12,890| ; C In: 12.04 13:33:13,819|
'clientNode2@lab26.cpt.haw-hamburg.de'-<0.395.0>-C-3-06:4389te Nachricht.C Out:12.04 13:33:12,930| 12.04 13:33:12,931| ; C In: 12.04 13:33:13,819|
'clientNode2@lab26.cpt.haw-hamburg.de'-<0.370.0>-C-3-06:4390te Nachricht.C Out:12.04 13:33:11,937| 12.04 13:33:11,938| ; C In: 12.04 13:33:13,819|
'clientNode@lab26.cpt.haw-hamburg.de'-<0.9115.0>-C-3-06:4391te Nachricht.C Out:12.04 13:33:12,981| 12.04 13:33:12,981| ; C In: 12.04 13:33:13,820|
'clientNode@lab26.cpt.haw-hamburg.de'-<0.9117.0>-C-3-06:4392te Nachricht.C Out:12.04 13:33:12,082| 12.04 13:33:12,082| ; C In: 12.04 13:33:13,820|
1-clientserver@lab22.cpt.haw-hamburg.de<0.22047.0>-C-1-5: 4393te_Nachricht. C Out: 12.04 13:33:10,263|(4393) 12.04 13:33:13,639| ; C In: 12.04 13:33:13,821|
7-clientserver@lab22.cpt.haw-hamburg.de<0.22054.0>-C-1-5: 4394te_Nachricht. C Out: 12.04 13:33:10,410|(4394) 12.04 13:33:12,411| ; C In: 12.04 13:33:13,821|
4-clientserver@lab22.cpt.haw-hamburg.de<0.22051.0>-C-1-5: 4395te_Nachricht. C Out: 12.04 13:33:10,414|(4395) 12.04 13:33:12,415| ; C In: 12.04 13:33:13,821|
19-clientserver@lab22.cpt.haw-hamburg.de<0.22066.0>-C-1-5: 4396te_Nachricht. C Out: 12.04 13:33:10,429|(4396) 12.04 13:33:12,431| ; C In: 12.04 13:33:13,822|
Fehlernachricht fuer Nachrichtennummern 4397 bis 4398 ; C In: 12.04 13:33:13,822|
[lab28|0304]: 4399te Nachricht. C Out: 12.04 13:33:13,655| 12.04 13:33:13,657| ; C In: 12.04 13:33:13,823|
[lab28|0304]: 4400te Nachricht. C Out: 12.04 13:33:13,655| 12.04 13:33:13,657| ; C In: 12.04 13:33:13,823|
[lab28|0304]: 4401te Nachricht. C Out: 12.04 13:33:13,656| 12.04 13:33:13,658| ; C In: 12.04 13:33:13,823|
[lab28|0304]: 4402te Nachricht. C Out: 12.04 13:33:13,656| 12.04 13:33:13,658| ; C In: 12.04 13:33:13,824|
[lab28|0304]: 4403te Nachricht. C Out: 12.04 13:33:13,657| 12.04 13:33:13,659| ; C In: 12.04 13:33:13,824|
[lab28|0304]: 4404te Nachricht. C Out: 12.04 13:33:13,657| 12.04 13:33:13,660| ; C In: 12.04 13:33:13,825|
[lab28|0304]: 4405te Nachricht. C Out: 12.04 13:33:13,657| 12.04 13:33:13,659| ; C In: 12.04 13:33:13,825|
Fehlernachricht fuer Nachrichtennummern 4406 bis 4407 ; C In: 12.04 13:33:13,826|
15-clientserver@lab22.cpt.haw-hamburg.de<0.22062.0>-C-1-5: 4408te_Nachricht. C Out: 12.04 13:33:10,883|(4408) 12.04 13:33:12,885| ; C In: 12.04 13:33:13,826|
Fehlernachricht fuer Nachrichtennummern 4409 bis 4411 ; C In: 12.04 13:33:13,826|
'clientNode2@lab26.cpt.haw-hamburg.de'-<0.379.0>-C-3-06:4412te Nachricht.C Out:12.04 13:33:12,934| 12.04 13:33:12,935| ; C In: 12.04 13:33:13,827|
14-clientserver@lab22.cpt.haw-hamburg.de<0.22061.0>-C-1-5: 4413te_Nachricht. C Out: 12.04 13:33:11,068|(4413) 12.04 13:33:13,070| ; C In: 12.04 13:33:13,827|
'clientNode@lab26.cpt.haw-hamburg.de'-<0.9123.0>-C-3-06:4414te Nachricht.C Out:12.04 13:33:13,113| 12.04 13:33:13,113| ; C In: 12.04 13:33:13,827|
'clientNode@lab26.cpt.haw-hamburg.de'-<0.9109.0>-C-3-06:4415te Nachricht.C Out:12.04 13:33:13,122| 12.04 13:33:13,122| ; C In: 12.04 13:33:13,828|
Fehlernachricht fuer Nachrichtennummern 4416 bis 4416 ; C In: 12.04 13:33:13,828|
lab29-1-1: message_number_4417. Sent time: 12.04 13:33:11,650| 12.04 13:33:13,652| ; C In: 12.04 13:33:13,829|
lab29-1-1: message_number_4418. Sent time: 12.04 13:33:11,651| 12.04 13:33:13,653| ; C In: 12.04 13:33:13,829|
lab29-1-1: message_number_4419. Sent time: 12.04 13:33:11,652| 12.04 13:33:13,653| ; C In: 12.04 13:33:13,829|
lab29-1-1: message_number_4420. Sent time: 12.04 13:33:11,652| 12.04 13:33:13,653| ; C In: 12.04 13:33:13,830|
lab29-1-1: message_number_4421. Sent time: 12.04 13:33:11,652| 12.04 13:33:13,654| ; C In: 12.04 13:33:13,830|
lab29-1-1: message_number_4422. Sent time: 12.04 13:33:11,652| 12.04 13:33:13,654| ; C In: 12.04 13:33:13,830|
lab29-1-1: message_number_4423. Sent time: 12.04 13:33:11,653| 12.04 13:33:13,654| ; C In: 12.04 13:33:13,831|
lab29-1-1: message_number_4424. Sent time: 12.04 13:33:11,653| 12.04 13:33:13,655| ; C In: 12.04 13:33:13,831|
lab29-1-1: message_number_4425. Sent time: 12.04 13:33:11,654| 12.04 13:33:13,655| ; C In: 12.04 13:33:13,832|
lab29-1-1: message_number_4426. Sent time: 12.04 13:33:11,654| 12.04 13:33:13,656| ; C In: 12.04 13:33:13,832|
lab29-1-1: message_number_4427. Sent time: 12.04 13:33:11,655| 12.04 13:33:13,656| ; C In: 12.04 13:33:13,832|
lab29-1-1: message_number_4428. Sent time: 12.04 13:33:11,655| 12.04 13:33:13,656| ; C In: 12.04 13:33:13,833|
..getmessages..Done...
17-clientserver@lab22.cpt.haw-hamburg.de<0.22064.0>-C-1-5: 4533te_Nachricht. C Out: 12.04 13:33:13,833|(4533) gesendet
17-clientserver@lab22.cpt.haw-hamburg.de<0.22064.0>-C-1-5: 4886te_Nachricht. C Out: 12.04 13:33:23,959|(4886) gesendet
17-clientserver@lab22.cpt.haw-hamburg.de<0.22064.0>-C-1-5: 5074te_Nachricht. C Out: 12.04 13:33:34,086|(5074) gesendet
17-clientserver@lab22.cpt.haw-hamburg.de<0.22064.0>-C-1-5: Lebenszeit um. Wird beendet.
