19-clientserver@lab22.cpt.haw-hamburg.de<0.22066.0>-C-1-5: Start: 12.04 13:31:41,034|.
19-clientserver@lab22.cpt.haw-hamburg.de<0.22066.0>-C-1-5: 630te_Nachricht. C Out: 12.04 13:31:41,035|(630) gesendet
19-clientserver@lab22.cpt.haw-hamburg.de<0.22066.0>-C-1-5: 704te_Nachricht. C Out: 12.04 13:31:44,041|(704) gesendet
19-clientserver@lab22.cpt.haw-hamburg.de<0.22066.0>-C-1-5: 805te_Nachricht. C Out: 12.04 13:31:47,045|(805) gesendet
19-clientserver@lab22.cpt.haw-hamburg.de<0.22066.0>-C-1-5: 1092te_Nachricht. C Out: 12.04 13:31:50,047|(1092) gesendet
19-clientserver@lab22.cpt.haw-hamburg.de<0.22066.0>-C-1-5: 1193te_Nachricht. C Out: 12.04 13:31:53,048|(1193) gesendet
1247te_Nachricht um 12.04 13:31:56,051|- vergessen zu senden ******
Neues Sendeintervall: 2 Sekunden
Fehlernachricht fuer Nachrichtennummern 1157 bis 1166 ; C In: 12.04 13:31:58,057|
'clientNode@lab26.cpt.haw-hamburg.de'-<0.9109.0>-C-3-06:1167te Nachricht.C Out:12.04 13:31:55,890| 12.04 13:31:55,890| ; C In: 12.04 13:31:58,062|
'clientNode@lab26.cpt.haw-hamburg.de'-<0.9123.0>-C-3-06:1168te Nachricht.C Out:12.04 13:31:54,891| 12.04 13:31:54,891| ; C In: 12.04 13:31:58,066|
'clientNode@lab26.cpt.haw-hamburg.de'-<0.9117.0>-C-3-06:1169te Nachricht.C Out:12.04 13:31:54,891| 12.04 13:31:54,892| ; C In: 12.04 13:31:58,071|
'clientNode@lab26.cpt.haw-hamburg.de'-<0.9115.0>-C-3-06:1170te Nachricht.C Out:12.04 13:31:55,892| 12.04 13:31:55,892| ; C In: 12.04 13:31:58,075|
'clientNode@lab26.cpt.haw-hamburg.de'-<0.9106.0>-C-3-06:1171te Nachricht.C Out:12.04 13:31:55,892| 12.04 13:31:55,893| ; C In: 12.04 13:31:58,079|
'clientNode@lab26.cpt.haw-hamburg.de'-<0.9126.0>-C-3-06:1172te Nachricht.C Out:12.04 13:31:54,892| 12.04 13:31:54,893| ; C In: 12.04 13:31:58,083|
'clientNode@lab26.cpt.haw-hamburg.de'-<0.9128.0>-C-3-06:1173te Nachricht.C Out:12.04 13:31:54,892| 12.04 13:31:54,893| ; C In: 12.04 13:31:58,087|
3-clientserver@lab22.cpt.haw-hamburg.de<0.22050.0>-C-1-5: 1174te_Nachricht. C Out: 12.04 13:31:53,041|(1174) 12.04 13:31:56,042| ; C In: 12.04 13:31:58,092|
0-clientserver@lab22.cpt.haw-hamburg.de<0.22046.0>-C-1-5: 1175te_Nachricht. C Out: 12.04 13:31:53,042|(1175) 12.04 13:31:56,043| ; C In: 12.04 13:31:58,096|
1-clientserver@lab22.cpt.haw-hamburg.de<0.22047.0>-C-1-5: 1176te_Nachricht. C Out: 12.04 13:31:53,042|(1176) 12.04 13:31:56,043| ; C In: 12.04 13:31:58,100|
11-clientserver@lab22.cpt.haw-hamburg.de<0.22058.0>-C-1-5: 1177te_Nachricht. C Out: 12.04 13:31:53,042|(1177) 12.04 13:31:56,044| ; C In: 12.04 13:31:58,104|
14-clientserver@lab22.cpt.haw-hamburg.de<0.22061.0>-C-1-5: 1178te_Nachricht. C Out: 12.04 13:31:53,043|(1178) 12.04 13:31:56,044| ; C In: 12.04 13:31:58,108|
16-clientserver@lab22.cpt.haw-hamburg.de<0.22063.0>-C-1-5: 1179te_Nachricht. C Out: 12.04 13:31:53,043|(1179) 12.04 13:31:56,045| ; C In: 12.04 13:31:58,118|
2-clientserver@lab22.cpt.haw-hamburg.de<0.22048.0>-C-1-5: 1180te_Nachricht. C Out: 12.04 13:31:53,043|(1180) 12.04 13:31:56,045| ; C In: 12.04 13:31:58,122|
4-clientserver@lab22.cpt.haw-hamburg.de<0.22051.0>-C-1-5: 1181te_Nachricht. C Out: 12.04 13:31:53,044|(1181) 12.04 13:31:56,046| ; C In: 12.04 13:31:58,126|
17-clientserver@lab22.cpt.haw-hamburg.de<0.22064.0>-C-1-5: 1182te_Nachricht. C Out: 12.04 13:31:53,044|(1182) 12.04 13:31:56,046| ; C In: 12.04 13:31:58,130|
6-clientserver@lab22.cpt.haw-hamburg.de<0.22053.0>-C-1-5: 1183te_Nachricht. C Out: 12.04 13:31:53,045|(1183) 12.04 13:31:56,047| ; C In: 12.04 13:31:58,134|
8-clientserver@lab22.cpt.haw-hamburg.de<0.22055.0>-C-1-5: 1184te_Nachricht. C Out: 12.04 13:31:53,046|(1184) 12.04 13:31:56,047| ; C In: 12.04 13:31:58,137|
5-clientserver@lab22.cpt.haw-hamburg.de<0.22052.0>-C-1-5: 1185te_Nachricht. C Out: 12.04 13:31:53,046|(1185) 12.04 13:31:56,048| ; C In: 12.04 13:31:58,141|
7-clientserver@lab22.cpt.haw-hamburg.de<0.22054.0>-C-1-5: 1186te_Nachricht. C Out: 12.04 13:31:53,046|(1186) 12.04 13:31:56,048| ; C In: 12.04 13:31:58,145|
10-clientserver@lab22.cpt.haw-hamburg.de<0.22057.0>-C-1-5: 1187te_Nachricht. C Out: 12.04 13:31:53,046|(1187) 12.04 13:31:56,048| ; C In: 12.04 13:31:58,149|
9-clientserver@lab22.cpt.haw-hamburg.de<0.22056.0>-C-1-5: 1188te_Nachricht. C Out: 12.04 13:31:53,047|(1188) 12.04 13:31:56,049| ; C In: 12.04 13:31:58,152|
12-clientserver@lab22.cpt.haw-hamburg.de<0.22059.0>-C-1-5: 1189te_Nachricht. C Out: 12.04 13:31:53,047|(1189) 12.04 13:31:56,049| ; C In: 12.04 13:31:58,156|
13-clientserver@lab22.cpt.haw-hamburg.de<0.22060.0>-C-1-5: 1190te_Nachricht. C Out: 12.04 13:31:53,048|(1190) 12.04 13:31:56,050| ; C In: 12.04 13:31:58,160|
18-clientserver@lab22.cpt.haw-hamburg.de<0.22065.0>-C-1-5: 1191te_Nachricht. C Out: 12.04 13:31:53,048|(1191) 12.04 13:31:56,050| ; C In: 12.04 13:31:58,164|
15-clientserver@lab22.cpt.haw-hamburg.de<0.22062.0>-C-1-5: 1192te_Nachricht. C Out: 12.04 13:31:53,048|(1192) 12.04 13:31:56,050| ; C In: 12.04 13:31:58,168|
19-clientserver@lab22.cpt.haw-hamburg.de<0.22066.0>-C-1-5: 1193te_Nachricht. C Out: 12.04 13:31:53,048|(1193) 12.04 13:31:56,051| ; C In: 12.04 13:31:58,171|
'clientNode2@lab26.cpt.haw-hamburg.de'-<0.384.0>-C-3-06:1194te Nachricht.C Out:12.04 13:31:56,730| 12.04 13:31:56,731| ; C In: 12.04 13:31:58,175|
'clientNode2@lab26.cpt.haw-hamburg.de'-<0.379.0>-C-3-06:1195te Nachricht.C Out:12.04 13:31:56,732| 12.04 13:31:56,733| ; C In: 12.04 13:31:58,179|
'clientNode2@lab26.cpt.haw-hamburg.de'-<0.370.0>-C-3-06:1196te Nachricht.C Out:12.04 13:31:56,732| 12.04 13:31:56,733| ; C In: 12.04 13:31:58,183|
'clientNode2@lab26.cpt.haw-hamburg.de'-<0.395.0>-C-3-06:1197te Nachricht.C Out:12.04 13:31:56,733| 12.04 13:31:56,734| ; C In: 12.04 13:31:58,186|
5-profB@lab31.cpt.haw-hamburg.de-<0.13167.0>-KLC: 1198te_Nachricht. C Out: 12.04 13:31:57,814| 12.04 13:31:57,815| ; C In: 12.04 13:31:58,190|
0-profB@lab31.cpt.haw-hamburg.de-<0.13162.0>-KLC: 1199te_Nachricht. C Out: 12.04 13:31:57,814| 12.04 13:31:57,816| ; C In: 12.04 13:31:58,195|
7-profB@lab31.cpt.haw-hamburg.de-<0.13169.0>-KLC: 1200te_Nachricht. C Out: 12.04 13:31:57,815| 12.04 13:31:57,816| ; C In: 12.04 13:31:58,199|
4-profB@lab31.cpt.haw-hamburg.de-<0.13166.0>-KLC: 1201te_Nachricht. C Out: 12.04 13:31:57,815| 12.04 13:31:57,817| ; C In: 12.04 13:31:58,202|
9-profB@lab31.cpt.haw-hamburg.de-<0.13171.0>-KLC: 1202te_Nachricht. C Out: 12.04 13:31:57,816| 12.04 13:31:57,817| ; C In: 12.04 13:31:58,206|
1-profB@lab31.cpt.haw-hamburg.de-<0.13163.0>-KLC: 1203te_Nachricht. C Out: 12.04 13:31:57,816| 12.04 13:31:57,818| ; C In: 12.04 13:31:58,209|
2-profB@lab31.cpt.haw-hamburg.de-<0.13164.0>-KLC: 1204te_Nachricht. C Out: 12.04 13:31:57,817| 12.04 13:31:57,818| ; C In: 12.04 13:31:58,212|
3-profB@lab31.cpt.haw-hamburg.de-<0.13165.0>-KLC: 1205te_Nachricht. C Out: 12.04 13:31:57,817| 12.04 13:31:57,819| ; C In: 12.04 13:31:58,214|
6-profB@lab31.cpt.haw-hamburg.de-<0.13168.0>-KLC: 1206te_Nachricht. C Out: 12.04 13:31:57,818| 12.04 13:31:57,819| ; C In: 12.04 13:31:58,216|
8-profB@lab31.cpt.haw-hamburg.de-<0.13170.0>-KLC: 1207te_Nachricht. C Out: 12.04 13:31:57,818| 12.04 13:31:57,820| ; C In: 12.04 13:31:58,217|
..getmessages..Done...
19-clientserver@lab22.cpt.haw-hamburg.de<0.22066.0>-C-1-5: 1344te_Nachricht. C Out: 12.04 13:31:58,218|(1344) gesendet
19-clientserver@lab22.cpt.haw-hamburg.de<0.22066.0>-C-1-5: 1401te_Nachricht. C Out: 12.04 13:32:00,221|(1401) gesendet
19-clientserver@lab22.cpt.haw-hamburg.de<0.22066.0>-C-1-5: 1486te_Nachricht. C Out: 12.04 13:32:02,223|(1486) gesendet
19-clientserver@lab22.cpt.haw-hamburg.de<0.22066.0>-C-1-5: 1650te_Nachricht. C Out: 12.04 13:32:04,225|(1650) gesendet
19-clientserver@lab22.cpt.haw-hamburg.de<0.22066.0>-C-1-5: 1814te_Nachricht. C Out: 12.04 13:32:06,234|(1814) gesendet
1875te_Nachricht um 12.04 13:32:08,235|- vergessen zu senden ******
Neues Sendeintervall: 2 Sekunden
0-clientserver@lab22.cpt.haw-hamburg.de<0.22046.0>-C-1-5: 1803te_Nachricht. C Out: 12.04 13:32:06,224|(1803) 12.04 13:32:08,226| ; C In: 12.04 13:32:10,237|
1-clientserver@lab22.cpt.haw-hamburg.de<0.22047.0>-C-1-5: 1804te_Nachricht. C Out: 12.04 13:32:06,224|(1804) 12.04 13:32:08,226| ; C In: 12.04 13:32:10,239|
11-clientserver@lab22.cpt.haw-hamburg.de<0.22058.0>-C-1-5: 1805te_Nachricht. C Out: 12.04 13:32:06,225|(1805) 12.04 13:32:08,227| ; C In: 12.04 13:32:10,240|
4-clientserver@lab22.cpt.haw-hamburg.de<0.22051.0>-C-1-5: 1806te_Nachricht. C Out: 12.04 13:32:06,227|(1806) 12.04 13:32:08,228| ; C In: 12.04 13:32:10,242|
5-clientserver@lab22.cpt.haw-hamburg.de<0.22052.0>-C-1-5: 1807te_Nachricht. C Out: 12.04 13:32:06,229|(1807) 12.04 13:32:08,230| ; C In: 12.04 13:32:10,244|
7-clientserver@lab22.cpt.haw-hamburg.de<0.22054.0>-C-1-5: 1808te_Nachricht. C Out: 12.04 13:32:06,230|(1808) 12.04 13:32:08,231| ; C In: 12.04 13:32:10,245|
10-clientserver@lab22.cpt.haw-hamburg.de<0.22057.0>-C-1-5: 1809te_Nachricht. C Out: 12.04 13:32:06,231|(1809) 12.04 13:32:08,233| ; C In: 12.04 13:32:10,247|
12-clientserver@lab22.cpt.haw-hamburg.de<0.22059.0>-C-1-5: 1810te_Nachricht. C Out: 12.04 13:32:06,232|(1810) 12.04 13:32:08,233| ; C In: 12.04 13:32:10,248|
13-clientserver@lab22.cpt.haw-hamburg.de<0.22060.0>-C-1-5: 1811te_Nachricht. C Out: 12.04 13:32:06,232|(1811) 12.04 13:32:08,233| ; C In: 12.04 13:32:10,250|
18-clientserver@lab22.cpt.haw-hamburg.de<0.22065.0>-C-1-5: 1812te_Nachricht. C Out: 12.04 13:32:06,232|(1812) 12.04 13:32:08,234| ; C In: 12.04 13:32:10,254|
15-clientserver@lab22.cpt.haw-hamburg.de<0.22062.0>-C-1-5: 1813te_Nachricht. C Out: 12.04 13:32:06,234|(1813) 12.04 13:32:08,235| ; C In: 12.04 13:32:10,255|
19-clientserver@lab22.cpt.haw-hamburg.de<0.22066.0>-C-1-5: 1814te_Nachricht. C Out: 12.04 13:32:06,234|(1814) 12.04 13:32:08,235| ; C In: 12.04 13:32:10,257|
lab29-1-1: message_number_1815. Sent time: 12.04 13:32:06,449| 12.04 13:32:08,450| ; C In: 12.04 13:32:10,259|
lab29-1-1: message_number_1816. Sent time: 12.04 13:32:06,449| 12.04 13:32:08,450| ; C In: 12.04 13:32:10,261|
lab29-1-1: message_number_1817. Sent time: 12.04 13:32:06,449| 12.04 13:32:08,451| ; C In: 12.04 13:32:10,262|
lab29-1-1: message_number_1818. Sent time: 12.04 13:32:06,449| 12.04 13:32:08,451| ; C In: 12.04 13:32:10,264|
lab29-1-1: message_number_1819. Sent time: 12.04 13:32:06,450| 12.04 13:32:08,452| ; C In: 12.04 13:32:10,265|
lab29-1-1: message_number_1820. Sent time: 12.04 13:32:06,450| 12.04 13:32:08,451| ; C In: 12.04 13:32:10,267|
lab29-1-1: message_number_1821. Sent time: 12.04 13:32:06,450| 12.04 13:32:08,452| ; C In: 12.04 13:32:10,269|
lab29-1-1: message_number_1822. Sent time: 12.04 13:32:06,450| 12.04 13:32:08,452| ; C In: 12.04 13:32:10,271|
lab29-1-1: message_number_1823. Sent time: 12.04 13:32:06,451| 12.04 13:32:08,453| ; C In: 12.04 13:32:10,272|
lab29-1-1: message_number_1824. Sent time: 12.04 13:32:06,451| 12.04 13:32:08,453| ; C In: 12.04 13:32:10,274|
lab29-1-1: message_number_1825. Sent time: 12.04 13:32:06,451| 12.04 13:32:08,453| ; C In: 12.04 13:32:10,276|
lab29-1-1: message_number_1826. Sent time: 12.04 13:32:06,451| 12.04 13:32:08,454| ; C In: 12.04 13:32:10,278|
lab29-1-1: message_number_1827. Sent time: 12.04 13:32:06,451| 12.04 13:32:08,454| ; C In: 12.04 13:32:10,280|
lab29-1-1: message_number_1828. Sent time: 12.04 13:32:06,451| 12.04 13:32:08,454| ; C In: 12.04 13:32:10,281|
lab29-1-1: message_number_1829. Sent time: 12.04 13:32:06,452| 12.04 13:32:08,455| ; C In: 12.04 13:32:10,282|
lab29-1-1: message_number_1830. Sent time: 12.04 13:32:06,452| 12.04 13:32:08,455| ; C In: 12.04 13:32:10,283|
lab29-1-1: message_number_1831. Sent time: 12.04 13:32:06,452| 12.04 13:32:08,456| ; C In: 12.04 13:32:10,285|
lab29-1-1: message_number_1832. Sent time: 12.04 13:32:06,452| 12.04 13:32:08,455| ; C In: 12.04 13:32:10,286|
lab29-1-1: message_number_1833. Sent time: 12.04 13:32:06,452| 12.04 13:32:08,456| ; C In: 12.04 13:32:10,288|
lab29-1-1: message_number_1834. Sent time: 12.04 13:32:06,453| 12.04 13:32:08,456| ; C In: 12.04 13:32:10,289|
No new messages ; C In: 12.04 13:32:10,290|
..getmessages..Done...
19-clientserver@lab22.cpt.haw-hamburg.de<0.22066.0>-C-1-5: 1934te_Nachricht. C Out: 12.04 13:32:10,290|(1934) gesendet
19-clientserver@lab22.cpt.haw-hamburg.de<0.22066.0>-C-1-5: 1994te_Nachricht. C Out: 12.04 13:32:12,292|(1994) gesendet
19-clientserver@lab22.cpt.haw-hamburg.de<0.22066.0>-C-1-5: 2055te_Nachricht. C Out: 12.04 13:32:14,294|(2055) gesendet
19-clientserver@lab22.cpt.haw-hamburg.de<0.22066.0>-C-1-5: 2112te_Nachricht. C Out: 12.04 13:32:16,295|(2112) gesendet
19-clientserver@lab22.cpt.haw-hamburg.de<0.22066.0>-C-1-5: 2190te_Nachricht. C Out: 12.04 13:32:18,297|(2190) gesendet
2248te_Nachricht um 12.04 13:32:20,298|- vergessen zu senden ******
Neues Sendeintervall: 2 Sekunden
3-profA@lab31.cpt.haw-hamburg.de-<0.11489.0>-KLC: 2133te_Nachricht. C Out: 12.04 13:32:20,513| 12.04 13:32:20,514| ; C In: 12.04 13:32:22,299|
5-profA@lab31.cpt.haw-hamburg.de-<0.11491.0>-KLC: 2134te_Nachricht. C Out: 12.04 13:32:20,514| 12.04 13:32:20,515| ; C In: 12.04 13:32:22,301|
8-profA@lab31.cpt.haw-hamburg.de-<0.11494.0>-KLC: 2135te_Nachricht. C Out: 12.04 13:32:20,514| 12.04 13:32:20,516| ; C In: 12.04 13:32:22,302|
1-profA@lab31.cpt.haw-hamburg.de-<0.11487.0>-KLC: 2136te_Nachricht. C Out: 12.04 13:32:20,514| 12.04 13:32:20,516| ; C In: 12.04 13:32:22,304|
0-profA@lab31.cpt.haw-hamburg.de-<0.11486.0>-KLC: 2137te_Nachricht. C Out: 12.04 13:32:20,514| 12.04 13:32:20,517| ; C In: 12.04 13:32:22,305|
7-profA@lab31.cpt.haw-hamburg.de-<0.11493.0>-KLC: 2138te_Nachricht. C Out: 12.04 13:32:20,514| 12.04 13:32:20,517| ; C In: 12.04 13:32:22,306|
6-profA@lab31.cpt.haw-hamburg.de-<0.11492.0>-KLC: 2139te_Nachricht. C Out: 12.04 13:32:20,514| 12.04 13:32:20,517| ; C In: 12.04 13:32:22,308|
4-profA@lab31.cpt.haw-hamburg.de-<0.11490.0>-KLC: 2140te_Nachricht. C Out: 12.04 13:32:20,514| 12.04 13:32:20,518| ; C In: 12.04 13:32:22,309|
9-profA@lab31.cpt.haw-hamburg.de-<0.11495.0>-KLC: 2141te_Nachricht. C Out: 12.04 13:32:20,514| 12.04 13:32:20,519| ; C In: 12.04 13:32:22,311|
2-profA@lab31.cpt.haw-hamburg.de-<0.11488.0>-KLC: 2142te_Nachricht. C Out: 12.04 13:32:20,515| 12.04 13:32:20,519| ; C In: 12.04 13:32:22,312|
Fehlernachricht fuer Nachrichtennummern 2143 bis 2177 ; C In: 12.04 13:32:22,313|
'clientNode2@lab26.cpt.haw-hamburg.de'-<0.395.0>-C-3-06:2178te Nachricht.C Out:12.04 13:32:19,823| 12.04 13:32:19,824| ; C In: 12.04 13:32:22,315|
Fehlernachricht fuer Nachrichtennummern 2179 bis 2181 ; C In: 12.04 13:32:22,316|
'clientNode@lab26.cpt.haw-hamburg.de'-<0.9109.0>-C-3-06:2182te Nachricht.C Out:12.04 13:32:19,968| 12.04 13:32:19,968| ; C In: 12.04 13:32:22,318|
'clientNode@lab26.cpt.haw-hamburg.de'-<0.9106.0>-C-3-06:2183te Nachricht.C Out:12.04 13:32:19,968| 12.04 13:32:19,969| ; C In: 12.04 13:32:22,319|
Fehlernachricht fuer Nachrichtennummern 2184 bis 2184 ; C In: 12.04 13:32:22,320|
5-clientserver@lab22.cpt.haw-hamburg.de<0.22052.0>-C-1-5: 2185te_Nachricht. C Out: 12.04 13:32:18,286|(2185) 12.04 13:32:20,289| ; C In: 12.04 13:32:22,321|
10-clientserver@lab22.cpt.haw-hamburg.de<0.22057.0>-C-1-5: 2186te_Nachricht. C Out: 12.04 13:32:18,292|(2186) 12.04 13:32:20,293| ; C In: 12.04 13:32:22,323|
12-clientserver@lab22.cpt.haw-hamburg.de<0.22059.0>-C-1-5: 2187te_Nachricht. C Out: 12.04 13:32:18,294|(2187) 12.04 13:32:20,295| ; C In: 12.04 13:32:22,324|
13-clientserver@lab22.cpt.haw-hamburg.de<0.22060.0>-C-1-5: 2188te_Nachricht. C Out: 12.04 13:32:18,295|(2188) 12.04 13:32:20,296| ; C In: 12.04 13:32:22,325|
18-clientserver@lab22.cpt.haw-hamburg.de<0.22065.0>-C-1-5: 2189te_Nachricht. C Out: 12.04 13:32:18,296|(2189) 12.04 13:32:20,297| ; C In: 12.04 13:32:22,327|
19-clientserver@lab22.cpt.haw-hamburg.de<0.22066.0>-C-1-5: 2190te_Nachricht. C Out: 12.04 13:32:18,297|(2190) 12.04 13:32:20,298| ; C In: 12.04 13:32:22,328|
lab29-1-1: message_number_2191. Sent time: 12.04 13:32:18,599| 12.04 13:32:20,602| ; C In: 12.04 13:32:22,329|
lab29-1-1: message_number_2192. Sent time: 12.04 13:32:18,601| 12.04 13:32:20,602| ; C In: 12.04 13:32:22,331|
lab29-1-1: message_number_2193. Sent time: 12.04 13:32:18,601| 12.04 13:32:20,603| ; C In: 12.04 13:32:22,332|
lab29-1-1: message_number_2194. Sent time: 12.04 13:32:18,602| 12.04 13:32:20,604| ; C In: 12.04 13:32:22,333|
lab29-1-1: message_number_2195. Sent time: 12.04 13:32:18,602| 12.04 13:32:20,603| ; C In: 12.04 13:32:22,334|
lab29-1-1: message_number_2196. Sent time: 12.04 13:32:18,602| 12.04 13:32:20,605| ; C In: 12.04 13:32:22,335|
lab29-1-1: message_number_2197. Sent time: 12.04 13:32:18,603| 12.04 13:32:20,604| ; C In: 12.04 13:32:22,337|
lab29-1-1: message_number_2198. Sent time: 12.04 13:32:18,603| 12.04 13:32:20,605| ; C In: 12.04 13:32:22,338|
lab29-1-1: message_number_2199. Sent time: 12.04 13:32:18,603| 12.04 13:32:20,605| ; C In: 12.04 13:32:22,340|
lab29-1-1: message_number_2200. Sent time: 12.04 13:32:18,604| 12.04 13:32:20,606| ; C In: 12.04 13:32:22,341|
lab29-1-1: message_number_2201. Sent time: 12.04 13:32:18,604| 12.04 13:32:20,606| ; C In: 12.04 13:32:22,342|
lab29-1-1: message_number_2202. Sent time: 12.04 13:32:18,604| 12.04 13:32:20,607| ; C In: 12.04 13:32:22,343|
lab29-1-1: message_number_2203. Sent time: 12.04 13:32:18,605| 12.04 13:32:20,607| ; C In: 12.04 13:32:22,344|
lab29-1-1: message_number_2204. Sent time: 12.04 13:32:18,605| 12.04 13:32:20,609| ; C In: 12.04 13:32:22,345|
lab29-1-1: message_number_2205. Sent time: 12.04 13:32:18,605| 12.04 13:32:20,608| ; C In: 12.04 13:32:22,346|
lab29-1-1: message_number_2206. Sent time: 12.04 13:32:18,605| 12.04 13:32:20,609| ; C In: 12.04 13:32:22,347|
lab29-1-1: message_number_2207. Sent time: 12.04 13:32:18,606| 12.04 13:32:20,608| ; C In: 12.04 13:32:22,348|
lab29-1-1: message_number_2208. Sent time: 12.04 13:32:18,606| 12.04 13:32:20,610| ; C In: 12.04 13:32:22,349|
lab29-1-1: message_number_2209. Sent time: 12.04 13:32:18,607| 12.04 13:32:20,610| ; C In: 12.04 13:32:22,349|
lab29-1-1: message_number_2210. Sent time: 12.04 13:32:18,607| 12.04 13:32:20,610| ; C In: 12.04 13:32:22,350|
..getmessages..Done...
19-clientserver@lab22.cpt.haw-hamburg.de<0.22066.0>-C-1-5: 2304te_Nachricht. C Out: 12.04 13:32:22,350|(2304) gesendet
19-clientserver@lab22.cpt.haw-hamburg.de<0.22066.0>-C-1-5: 2467te_Nachricht. C Out: 12.04 13:32:24,351|(2467) gesendet
19-clientserver@lab22.cpt.haw-hamburg.de<0.22066.0>-C-1-5: 2634te_Nachricht. C Out: 12.04 13:32:26,352|(2634) gesendet
19-clientserver@lab22.cpt.haw-hamburg.de<0.22066.0>-C-1-5: 2700te_Nachricht. C Out: 12.04 13:32:28,353|(2700) gesendet
19-clientserver@lab22.cpt.haw-hamburg.de<0.22066.0>-C-1-5: 2735te_Nachricht. C Out: 12.04 13:32:30,355|(2735) gesendet
2800te_Nachricht um 12.04 13:32:32,356|- vergessen zu senden ******
Neues Sendeintervall: 2 Sekunden
lab29-1-1: message_number_2667. Sent time: 12.04 13:32:26,836| 12.04 13:32:30,838| ; C In: 12.04 13:32:34,357|
lab29-1-1: message_number_2668. Sent time: 12.04 13:32:26,836| 12.04 13:32:30,838| ; C In: 12.04 13:32:34,358|
lab29-1-1: message_number_2669. Sent time: 12.04 13:32:26,836| 12.04 13:32:30,839| ; C In: 12.04 13:32:34,358|
lab29-1-1: message_number_2670. Sent time: 12.04 13:32:26,836| 12.04 13:32:30,838| ; C In: 12.04 13:32:34,359|
lab29-1-1: message_number_2671. Sent time: 12.04 13:32:26,836| 12.04 13:32:30,839| ; C In: 12.04 13:32:34,359|
lab29-1-1: message_number_2672. Sent time: 12.04 13:32:26,837| 12.04 13:32:30,840| ; C In: 12.04 13:32:34,360|
lab29-1-1: message_number_2673. Sent time: 12.04 13:32:26,837| 12.04 13:32:30,839| ; C In: 12.04 13:32:34,360|
lab29-1-1: message_number_2674. Sent time: 12.04 13:32:26,837| 12.04 13:32:30,840| ; C In: 12.04 13:32:34,361|
lab29-1-1: message_number_2675. Sent time: 12.04 13:32:26,837| 12.04 13:32:30,840| ; C In: 12.04 13:32:34,362|
'clientNode2@lab26.cpt.haw-hamburg.de'-<0.370.0>-C-3-06:2676te Nachricht.C Out:12.04 13:32:28,840| 12.04 13:32:28,841| ; C In: 12.04 13:32:34,362|
Fehlernachricht fuer Nachrichtennummern 2611 bis 2679 ; C In: 12.04 13:32:34,363|
..getmessages..Done...
19-clientserver@lab22.cpt.haw-hamburg.de<0.22066.0>-C-1-5: 2822te_Nachricht. C Out: 12.04 13:32:34,363|(2822) gesendet
19-clientserver@lab22.cpt.haw-hamburg.de<0.22066.0>-C-1-5: 2883te_Nachricht. C Out: 12.04 13:32:36,365|(2883) gesendet
19-clientserver@lab22.cpt.haw-hamburg.de<0.22066.0>-C-1-5: 2920te_Nachricht. C Out: 12.04 13:32:38,367|(2920) gesendet
19-clientserver@lab22.cpt.haw-hamburg.de<0.22066.0>-C-1-5: 2966te_Nachricht. C Out: 12.04 13:32:40,368|(2966) gesendet
19-clientserver@lab22.cpt.haw-hamburg.de<0.22066.0>-C-1-5: 3000te_Nachricht. C Out: 12.04 13:32:42,369|(3000) gesendet
3060te_Nachricht um 12.04 13:32:44,371|- vergessen zu senden ******
Neues Sendeintervall: 2 Sekunden
11-clientserver@lab22.cpt.haw-hamburg.de<0.22058.0>-C-1-5: 2953te_Nachricht. C Out: 12.04 13:32:39,831|(2953) 12.04 13:32:44,332| ; C In: 12.04 13:32:46,373|
15-clientserver@lab22.cpt.haw-hamburg.de<0.22062.0>-C-1-5: 2954te_Nachricht. C Out: 12.04 13:32:39,832|(2954) 12.04 13:32:44,333| ; C In: 12.04 13:32:46,373|
'clientNode2@lab26.cpt.haw-hamburg.de'-<0.376.0>-C-3-06:2955te Nachricht.C Out:12.04 13:32:41,844| 12.04 13:32:41,845| ; C In: 12.04 13:32:46,374|
'clientNode2@lab26.cpt.haw-hamburg.de'-<0.379.0>-C-3-06:2956te Nachricht.C Out:12.04 13:32:41,860| 12.04 13:32:41,861| ; C In: 12.04 13:32:46,374|
'clientNode2@lab26.cpt.haw-hamburg.de'-<0.370.0>-C-3-06:2957te Nachricht.C Out:12.04 13:32:42,864| 12.04 13:32:42,865| ; C In: 12.04 13:32:46,375|
Fehlernachricht fuer Nachrichtennummern 2958 bis 2958 ; C In: 12.04 13:32:46,375|
'clientNode@lab26.cpt.haw-hamburg.de'-<0.9128.0>-C-3-06:2959te Nachricht.C Out:12.04 13:32:42,003| 12.04 13:32:42,006| ; C In: 12.04 13:32:46,376|
'clientNode@lab26.cpt.haw-hamburg.de'-<0.9123.0>-C-3-06:2960te Nachricht.C Out:12.04 13:32:42,047| 12.04 13:32:42,047| ; C In: 12.04 13:32:46,376|
14-clientserver@lab22.cpt.haw-hamburg.de<0.22061.0>-C-1-5: 2961te_Nachricht. C Out: 12.04 13:32:40,122|(2961) 12.04 13:32:43,498| ; C In: 12.04 13:32:46,376|
16-clientserver@lab22.cpt.haw-hamburg.de<0.22063.0>-C-1-5: 2962te_Nachricht. C Out: 12.04 13:32:40,122|(2962) 12.04 13:32:43,499| ; C In: 12.04 13:32:46,377|
6-clientserver@lab22.cpt.haw-hamburg.de<0.22053.0>-C-1-5: 2963te_Nachricht. C Out: 12.04 13:32:40,122|(2963) 12.04 13:32:43,499| ; C In: 12.04 13:32:46,377|
10-clientserver@lab22.cpt.haw-hamburg.de<0.22057.0>-C-1-5: 2964te_Nachricht. C Out: 12.04 13:32:40,337|(2964) 12.04 13:32:42,338| ; C In: 12.04 13:32:46,378|
7-clientserver@lab22.cpt.haw-hamburg.de<0.22054.0>-C-1-5: 2965te_Nachricht. C Out: 12.04 13:32:40,363|(2965) 12.04 13:32:42,364| ; C In: 12.04 13:32:46,378|
19-clientserver@lab22.cpt.haw-hamburg.de<0.22066.0>-C-1-5: 2966te_Nachricht. C Out: 12.04 13:32:40,368|(2966) 12.04 13:32:42,369| ; C In: 12.04 13:32:46,379|
9-clientserver@lab22.cpt.haw-hamburg.de<0.22056.0>-C-1-5: 2967te_Nachricht. C Out: 12.04 13:32:40,726|(2967) 12.04 13:32:42,728| ; C In: 12.04 13:32:46,379|
Fehlernachricht fuer Nachrichtennummern 2959 bis 2969 ; C In: 12.04 13:32:46,379|
'clientNode2@lab26.cpt.haw-hamburg.de'-<0.387.0>-C-3-06:2970te Nachricht.C Out:12.04 13:32:45,825| 12.04 13:32:45,826| ; C In: 12.04 13:32:46,380|
'clientNode2@lab26.cpt.haw-hamburg.de'-<0.373.0>-C-3-06:2971te Nachricht.C Out:12.04 13:32:45,826| 12.04 13:32:45,827| ; C In: 12.04 13:32:46,380|
Fehlernachricht fuer Nachrichtennummern 2972 bis 2972 ; C In: 12.04 13:32:46,381|
'clientNode2@lab26.cpt.haw-hamburg.de'-<0.395.0>-C-3-06:2973te Nachricht.C Out:12.04 13:32:42,873| 12.04 13:32:42,874| ; C In: 12.04 13:32:46,381|
'clientNode@lab26.cpt.haw-hamburg.de'-<0.9109.0>-C-3-06:2974te Nachricht.C Out:12.04 13:32:44,043| 12.04 13:32:44,043| ; C In: 12.04 13:32:46,382|
'clientNode@lab26.cpt.haw-hamburg.de'-<0.9106.0>-C-3-06:2975te Nachricht.C Out:12.04 13:32:44,043| 12.04 13:32:44,044| ; C In: 12.04 13:32:46,382|
'clientNode@lab26.cpt.haw-hamburg.de'-<0.9126.0>-C-3-06:2976te Nachricht.C Out:12.04 13:32:43,050| 12.04 13:32:43,050| ; C In: 12.04 13:32:46,382|
4-clientserver@lab22.cpt.haw-hamburg.de<0.22051.0>-C-1-5: 2977te_Nachricht. C Out: 12.04 13:32:41,365|(2977) 12.04 13:32:44,367| ; C In: 12.04 13:32:46,383|
5-clientserver@lab22.cpt.haw-hamburg.de<0.22052.0>-C-1-5: 2978te_Nachricht. C Out: 12.04 13:32:41,388|(2978) 12.04 13:32:44,389| ; C In: 12.04 13:32:46,383|
12-clientserver@lab22.cpt.haw-hamburg.de<0.22059.0>-C-1-5: 2979te_Nachricht. C Out: 12.04 13:32:41,394|(2979) 12.04 13:32:44,395| ; C In: 12.04 13:32:46,384|
13-clientserver@lab22.cpt.haw-hamburg.de<0.22060.0>-C-1-5: 2980te_Nachricht. C Out: 12.04 13:32:41,394|(2980) 12.04 13:32:44,396| ; C In: 12.04 13:32:46,384|
'clientNode2@lab26.cpt.haw-hamburg.de'-<0.376.0>-C-3-06:2981te Nachricht.C Out:12.04 13:32:43,846| 12.04 13:32:43,847| ; C In: 12.04 13:32:46,385|
'clientNode2@lab26.cpt.haw-hamburg.de'-<0.379.0>-C-3-06:2982te Nachricht.C Out:12.04 13:32:43,861| 12.04 13:32:43,862| ; C In: 12.04 13:32:46,385|
'clientNode@lab26.cpt.haw-hamburg.de'-<0.9103.0>-C-3-06:2983te Nachricht.C Out:12.04 13:32:44,918| 12.04 13:32:44,918| ; C In: 12.04 13:32:46,386|
'clientNode@lab26.cpt.haw-hamburg.de'-<0.9112.0>-C-3-06:2984te Nachricht.C Out:12.04 13:32:44,918| 12.04 13:32:44,919| ; C In: 12.04 13:32:46,386|
..getmessages..Done...
19-clientserver@lab22.cpt.haw-hamburg.de<0.22066.0>-C-1-5: 3085te_Nachricht. C Out: 12.04 13:32:46,386|(3085) gesendet
19-clientserver@lab22.cpt.haw-hamburg.de<0.22066.0>-C-1-5: 3164te_Nachricht. C Out: 12.04 13:32:48,388|(3164) gesendet
19-clientserver@lab22.cpt.haw-hamburg.de<0.22066.0>-C-1-5: 3219te_Nachricht. C Out: 12.04 13:32:50,389|(3219) gesendet
19-clientserver@lab22.cpt.haw-hamburg.de<0.22066.0>-C-1-5: 3263te_Nachricht. C Out: 12.04 13:32:52,390|(3263) gesendet
19-clientserver@lab22.cpt.haw-hamburg.de<0.22066.0>-C-1-5: 3444te_Nachricht. C Out: 12.04 13:32:54,391|(3444) gesendet
3620te_Nachricht um 12.04 13:32:56,392|- vergessen zu senden ******
Neues Sendeintervall: 2 Sekunden
7-profB@lab31.cpt.haw-hamburg.de-<0.13169.0>-KLC: 3423te_Nachricht. C Out: 12.04 13:32:57,082| 12.04 13:32:57,083| ; C In: 12.04 13:32:58,393|
5-profB@lab31.cpt.haw-hamburg.de-<0.13167.0>-KLC: 3424te_Nachricht. C Out: 12.04 13:32:57,082| 12.04 13:32:57,083| ; C In: 12.04 13:32:58,393|
2-profB@lab31.cpt.haw-hamburg.de-<0.13164.0>-KLC: 3425te_Nachricht. C Out: 12.04 13:32:57,082| 12.04 13:32:57,083| ; C In: 12.04 13:32:58,393|
0-profB@lab31.cpt.haw-hamburg.de-<0.13162.0>-KLC: 3426te_Nachricht. C Out: 12.04 13:32:57,082| 12.04 13:32:57,084| ; C In: 12.04 13:32:58,394|
Fehlernachricht fuer Nachrichtennummern 3427 bis 3428 ; C In: 12.04 13:32:58,394|
9-profB@lab31.cpt.haw-hamburg.de-<0.13171.0>-KLC: 3429te_Nachricht. C Out: 12.04 13:32:57,082| 12.04 13:32:57,084| ; C In: 12.04 13:32:58,395|
Fehlernachricht fuer Nachrichtennummern 3430 bis 3432 ; C In: 12.04 13:32:58,395|
6-profB@lab31.cpt.haw-hamburg.de-<0.13168.0>-KLC: 3433te_Nachricht. C Out: 12.04 13:32:57,082| 12.04 13:32:57,084| ; C In: 12.04 13:32:58,395|
Fehlernachricht fuer Nachrichtennummern 3434 bis 3438 ; C In: 12.04 13:32:58,396|
4-profB@lab31.cpt.haw-hamburg.de-<0.13166.0>-KLC: 3439te_Nachricht. C Out: 12.04 13:32:57,083| 12.04 13:32:57,085| ; C In: 12.04 13:32:58,396|
1-profB@lab31.cpt.haw-hamburg.de-<0.13163.0>-KLC: 3440te_Nachricht. C Out: 12.04 13:32:57,083| 12.04 13:32:57,085| ; C In: 12.04 13:32:58,397|
3-profB@lab31.cpt.haw-hamburg.de-<0.13165.0>-KLC: 3441te_Nachricht. C Out: 12.04 13:32:57,083| 12.04 13:32:57,085| ; C In: 12.04 13:32:58,397|
8-profB@lab31.cpt.haw-hamburg.de-<0.13170.0>-KLC: 3442te_Nachricht. C Out: 12.04 13:32:57,083| 12.04 13:32:57,086| ; C In: 12.04 13:32:58,397|
7-clientserver@lab22.cpt.haw-hamburg.de<0.22054.0>-C-1-5: 3443te_Nachricht. C Out: 12.04 13:32:54,382|(3443) 12.04 13:32:56,384| ; C In: 12.04 13:32:58,398|
19-clientserver@lab22.cpt.haw-hamburg.de<0.22066.0>-C-1-5: 3444te_Nachricht. C Out: 12.04 13:32:54,391|(3444) 12.04 13:32:56,392| ; C In: 12.04 13:32:58,398|
13-clientserver@lab22.cpt.haw-hamburg.de<0.22060.0>-C-1-5: 3445te_Nachricht. C Out: 12.04 13:32:54,412|(3445) 12.04 13:32:56,413| ; C In: 12.04 13:32:58,398|
Fehlernachricht fuer Nachrichtennummern 3446 bis 3516 ; C In: 12.04 13:32:58,399|
3-profA@lab31.cpt.haw-hamburg.de-<0.11489.0>-KLC: 3517te_Nachricht. C Out: 12.04 13:32:57,740| 12.04 13:32:57,740| ; C In: 12.04 13:32:58,399|
Fehlernachricht fuer Nachrichtennummern 3518 bis 3523 ; C In: 12.04 13:32:58,400|
5-profA@lab31.cpt.haw-hamburg.de-<0.11491.0>-KLC: 3524te_Nachricht. C Out: 12.04 13:32:57,740| 12.04 13:32:57,741| ; C In: 12.04 13:32:58,400|
Fehlernachricht fuer Nachrichtennummern 3525 bis 3529 ; C In: 12.04 13:32:58,400|
8-profA@lab31.cpt.haw-hamburg.de-<0.11494.0>-KLC: 3530te_Nachricht. C Out: 12.04 13:32:57,740| 12.04 13:32:57,741| ; C In: 12.04 13:32:58,401|
1-profA@lab31.cpt.haw-hamburg.de-<0.11487.0>-KLC: 3531te_Nachricht. C Out: 12.04 13:32:57,740| 12.04 13:32:57,742| ; C In: 12.04 13:32:58,401|
Fehlernachricht fuer Nachrichtennummern 3532 bis 3537 ; C In: 12.04 13:32:58,401|
0-profA@lab31.cpt.haw-hamburg.de-<0.11486.0>-KLC: 3538te_Nachricht. C Out: 12.04 13:32:57,741| 12.04 13:32:57,742| ; C In: 12.04 13:32:58,402|
Fehlernachricht fuer Nachrichtennummern 3539 bis 3548 ; C In: 12.04 13:32:58,402|
7-profA@lab31.cpt.haw-hamburg.de-<0.11493.0>-KLC: 3549te_Nachricht. C Out: 12.04 13:32:57,741| 12.04 13:32:57,742| ; C In: 12.04 13:32:58,403|
6-profA@lab31.cpt.haw-hamburg.de-<0.11492.0>-KLC: 3550te_Nachricht. C Out: 12.04 13:32:57,741| 12.04 13:32:57,743| ; C In: 12.04 13:32:58,403|
Fehlernachricht fuer Nachrichtennummern 3551 bis 3552 ; C In: 12.04 13:32:58,403|
4-profA@lab31.cpt.haw-hamburg.de-<0.11490.0>-KLC: 3553te_Nachricht. C Out: 12.04 13:32:57,742| 12.04 13:32:57,743| ; C In: 12.04 13:32:58,404|
9-profA@lab31.cpt.haw-hamburg.de-<0.11495.0>-KLC: 3554te_Nachricht. C Out: 12.04 13:32:57,742| 12.04 13:32:57,743| ; C In: 12.04 13:32:58,404|
2-profA@lab31.cpt.haw-hamburg.de-<0.11488.0>-KLC: 3555te_Nachricht. C Out: 12.04 13:32:57,742| 12.04 13:32:57,744| ; C In: 12.04 13:32:58,404|
9-clientserver@lab22.cpt.haw-hamburg.de<0.22056.0>-C-1-5: 3556te_Nachricht. C Out: 12.04 13:32:54,755|(3556) 12.04 13:32:56,757| ; C In: 12.04 13:32:58,405|
'clientNode2@lab26.cpt.haw-hamburg.de'-<0.387.0>-C-3-06:3557te Nachricht.C Out:12.04 13:32:56,852| 12.04 13:32:56,853| ; C In: 12.04 13:32:58,405|
'clientNode2@lab26.cpt.haw-hamburg.de'-<0.373.0>-C-3-06:3558te Nachricht.C Out:12.04 13:32:56,852| 12.04 13:32:56,853| ; C In: 12.04 13:32:58,405|
'clientNode2@lab26.cpt.haw-hamburg.de'-<0.376.0>-C-3-06:3559te Nachricht.C Out:12.04 13:32:57,868| 12.04 13:32:57,869| ; C In: 12.04 13:32:58,406|
'clientNode2@lab26.cpt.haw-hamburg.de'-<0.395.0>-C-3-06:3560te Nachricht.C Out:12.04 13:32:56,906| 12.04 13:32:56,907| ; C In: 12.04 13:32:58,407|
No new messages ; C In: 12.04 13:32:58,407|
..getmessages..Done...
19-clientserver@lab22.cpt.haw-hamburg.de<0.22066.0>-C-1-5: 3707te_Nachricht. C Out: 12.04 13:32:58,407|(3707) gesendet
19-clientserver@lab22.cpt.haw-hamburg.de<0.22066.0>-C-1-5: 3784te_Nachricht. C Out: 12.04 13:33:00,408|(3784) gesendet
19-clientserver@lab22.cpt.haw-hamburg.de<0.22066.0>-C-1-5: 3863te_Nachricht. C Out: 12.04 13:33:02,409|(3863) gesendet
19-clientserver@lab22.cpt.haw-hamburg.de<0.22066.0>-C-1-5: 3932te_Nachricht. C Out: 12.04 13:33:04,410|(3932) gesendet
19-clientserver@lab22.cpt.haw-hamburg.de<0.22066.0>-C-1-5: 4005te_Nachricht. C Out: 12.04 13:33:06,411|(4005) gesendet
4125te_Nachricht um 12.04 13:33:08,412|- vergessen zu senden ******
Neues Sendeintervall: 2 Sekunden
5-profB@lab31.cpt.haw-hamburg.de-<0.13167.0>-KLC: 3994te_Nachricht. C Out: 12.04 13:33:09,093| 12.04 13:33:09,094| ; C In: 12.04 13:33:10,413|
2-profB@lab31.cpt.haw-hamburg.de-<0.13164.0>-KLC: 3995te_Nachricht. C Out: 12.04 13:33:09,093| 12.04 13:33:09,094| ; C In: 12.04 13:33:10,413|
0-profB@lab31.cpt.haw-hamburg.de-<0.13162.0>-KLC: 3996te_Nachricht. C Out: 12.04 13:33:09,093| 12.04 13:33:09,094| ; C In: 12.04 13:33:10,414|
9-profB@lab31.cpt.haw-hamburg.de-<0.13171.0>-KLC: 3997te_Nachricht. C Out: 12.04 13:33:09,093| 12.04 13:33:09,095| ; C In: 12.04 13:33:10,414|
6-profB@lab31.cpt.haw-hamburg.de-<0.13168.0>-KLC: 3998te_Nachricht. C Out: 12.04 13:33:09,094| 12.04 13:33:09,095| ; C In: 12.04 13:33:10,415|
4-profB@lab31.cpt.haw-hamburg.de-<0.13166.0>-KLC: 3999te_Nachricht. C Out: 12.04 13:33:09,094| 12.04 13:33:09,095| ; C In: 12.04 13:33:10,415|
1-profB@lab31.cpt.haw-hamburg.de-<0.13163.0>-KLC: 4000te_Nachricht. C Out: 12.04 13:33:09,095| 12.04 13:33:09,096| ; C In: 12.04 13:33:10,415|
3-profB@lab31.cpt.haw-hamburg.de-<0.13165.0>-KLC: 4001te_Nachricht. C Out: 12.04 13:33:09,095| 12.04 13:33:09,096| ; C In: 12.04 13:33:10,416|
8-profB@lab31.cpt.haw-hamburg.de-<0.13170.0>-KLC: 4002te_Nachricht. C Out: 12.04 13:33:09,095| 12.04 13:33:09,096| ; C In: 12.04 13:33:10,416|
4-clientserver@lab22.cpt.haw-hamburg.de<0.22051.0>-C-1-5: 4003te_Nachricht. C Out: 12.04 13:33:06,394|(4003) 12.04 13:33:08,395| ; C In: 12.04 13:33:10,416|
7-clientserver@lab22.cpt.haw-hamburg.de<0.22054.0>-C-1-5: 4004te_Nachricht. C Out: 12.04 13:33:06,407|(4004) 12.04 13:33:08,409| ; C In: 12.04 13:33:10,417|
19-clientserver@lab22.cpt.haw-hamburg.de<0.22066.0>-C-1-5: 4005te_Nachricht. C Out: 12.04 13:33:06,411|(4005) 12.04 13:33:08,412| ; C In: 12.04 13:33:10,417|
Fehlernachricht fuer Nachrichtennummern 4006 bis 4022 ; C In: 12.04 13:33:10,418|
'clientNode2@lab26.cpt.haw-hamburg.de'-<0.373.0>-C-3-06:4023te Nachricht.C Out:12.04 13:33:08,891| 12.04 13:33:08,892| ; C In: 12.04 13:33:10,418|
Fehlernachricht fuer Nachrichtennummern 4024 bis 4025 ; C In: 12.04 13:33:10,418|
14-clientserver@lab22.cpt.haw-hamburg.de<0.22061.0>-C-1-5: 4026te_Nachricht. C Out: 12.04 13:33:07,054|(4026) 12.04 13:33:09,056| ; C In: 12.04 13:33:10,419|
16-clientserver@lab22.cpt.haw-hamburg.de<0.22063.0>-C-1-5: 4027te_Nachricht. C Out: 12.04 13:33:07,055|(4027) 12.04 13:33:09,056| ; C In: 12.04 13:33:10,419|
6-clientserver@lab22.cpt.haw-hamburg.de<0.22053.0>-C-1-5: 4028te_Nachricht. C Out: 12.04 13:33:07,056|(4028) 12.04 13:33:09,056| ; C In: 12.04 13:33:10,420|
Fehlernachricht fuer Nachrichtennummern 4029 bis 4030 ; C In: 12.04 13:33:10,420|
'clientNode@lab26.cpt.haw-hamburg.de'-<0.9123.0>-C-3-06:4031te Nachricht.C Out:12.04 13:33:09,107| 12.04 13:33:09,110| ; C In: 12.04 13:33:10,421|
'clientNode@lab26.cpt.haw-hamburg.de'-<0.9109.0>-C-3-06:4032te Nachricht.C Out:12.04 13:33:09,117| 12.04 13:33:09,120| ; C In: 12.04 13:33:10,421|
Fehlernachricht fuer Nachrichtennummern 4033 bis 4072 ; C In: 12.04 13:33:10,421|
lab29-1-1: message_number_4073. Sent time: 12.04 13:33:07,647| 12.04 13:33:09,648| ; C In: 12.04 13:33:10,422|
lab29-1-1: message_number_4074. Sent time: 12.04 13:33:07,647| 12.04 13:33:09,649| ; C In: 12.04 13:33:10,422|
lab29-1-1: message_number_4075. Sent time: 12.04 13:33:07,648| 12.04 13:33:09,649| ; C In: 12.04 13:33:10,422|
lab29-1-1: message_number_4076. Sent time: 12.04 13:33:07,648| 12.04 13:33:09,649| ; C In: 12.04 13:33:10,423|
lab29-1-1: message_number_4077. Sent time: 12.04 13:33:07,648| 12.04 13:33:09,650| ; C In: 12.04 13:33:10,423|
lab29-1-1: message_number_4078. Sent time: 12.04 13:33:07,649| 12.04 13:33:09,650| ; C In: 12.04 13:33:10,424|
lab29-1-1: message_number_4079. Sent time: 12.04 13:33:07,649| 12.04 13:33:09,651| ; C In: 12.04 13:33:10,424|
lab29-1-1: message_number_4080. Sent time: 12.04 13:33:07,649| 12.04 13:33:09,652| ; C In: 12.04 13:33:10,424|
lab29-1-1: message_number_4081. Sent time: 12.04 13:33:07,649| 12.04 13:33:09,651| ; C In: 12.04 13:33:10,425|
lab29-1-1: message_number_4082. Sent time: 12.04 13:33:07,650| 12.04 13:33:09,652| ; C In: 12.04 13:33:10,425|
lab29-1-1: message_number_4083. Sent time: 12.04 13:33:07,650| 12.04 13:33:09,651| ; C In: 12.04 13:33:10,426|
lab29-1-1: message_number_4084. Sent time: 12.04 13:33:07,650| 12.04 13:33:09,652| ; C In: 12.04 13:33:10,426|
lab29-1-1: message_number_4085. Sent time: 12.04 13:33:07,650| 12.04 13:33:09,652| ; C In: 12.04 13:33:10,426|
lab29-1-1: message_number_4086. Sent time: 12.04 13:33:07,651| 12.04 13:33:09,653| ; C In: 12.04 13:33:10,427|
lab29-1-1: message_number_4087. Sent time: 12.04 13:33:07,651| 12.04 13:33:09,653| ; C In: 12.04 13:33:10,427|
lab29-1-1: message_number_4088. Sent time: 12.04 13:33:07,651| 12.04 13:33:09,653| ; C In: 12.04 13:33:10,428|
lab29-1-1: message_number_4089. Sent time: 12.04 13:33:07,651| 12.04 13:33:09,654| ; C In: 12.04 13:33:10,428|
lab29-1-1: message_number_4090. Sent time: 12.04 13:33:07,651| 12.04 13:33:09,654| ; C In: 12.04 13:33:10,428|
lab29-1-1: message_number_4091. Sent time: 12.04 13:33:07,652| 12.04 13:33:09,654| ; C In: 12.04 13:33:10,429|
lab29-1-1: message_number_4092. Sent time: 12.04 13:33:07,652| 12.04 13:33:09,655| ; C In: 12.04 13:33:10,429|
..getmessages..Done...
19-clientserver@lab22.cpt.haw-hamburg.de<0.22066.0>-C-1-5: 4396te_Nachricht. C Out: 12.04 13:33:10,429|(4396) gesendet
19-clientserver@lab22.cpt.haw-hamburg.de<0.22066.0>-C-1-5: 4459te_Nachricht. C Out: 12.04 13:33:12,431|(4459) gesendet
19-clientserver@lab22.cpt.haw-hamburg.de<0.22066.0>-C-1-5: 4551te_Nachricht. C Out: 12.04 13:33:14,432|(4551) gesendet
19-clientserver@lab22.cpt.haw-hamburg.de<0.22066.0>-C-1-5: 4607te_Nachricht. C Out: 12.04 13:33:16,433|(4607) gesendet
19-clientserver@lab22.cpt.haw-hamburg.de<0.22066.0>-C-1-5: 4718te_Nachricht. C Out: 12.04 13:33:18,434|(4718) gesendet
4760te_Nachricht um 12.04 13:33:20,435|- vergessen zu senden ******
Neues Sendeintervall: 2 Sekunden
1-profA@lab31.cpt.haw-hamburg.de-<0.11487.0>-KLC: 4672te_Nachricht. C Out: 12.04 13:33:21,873| 12.04 13:33:21,874| ; C In: 12.04 13:33:22,436|
0-profA@lab31.cpt.haw-hamburg.de-<0.11486.0>-KLC: 4673te_Nachricht. C Out: 12.04 13:33:21,874| 12.04 13:33:21,875| ; C In: 12.04 13:33:22,437|
7-profA@lab31.cpt.haw-hamburg.de-<0.11493.0>-KLC: 4674te_Nachricht. C Out: 12.04 13:33:21,874| 12.04 13:33:21,875| ; C In: 12.04 13:33:22,437|
6-profA@lab31.cpt.haw-hamburg.de-<0.11492.0>-KLC: 4675te_Nachricht. C Out: 12.04 13:33:21,874| 12.04 13:33:21,875| ; C In: 12.04 13:33:22,438|
4-profA@lab31.cpt.haw-hamburg.de-<0.11490.0>-KLC: 4676te_Nachricht. C Out: 12.04 13:33:21,875| 12.04 13:33:21,876| ; C In: 12.04 13:33:22,438|
9-profA@lab31.cpt.haw-hamburg.de-<0.11495.0>-KLC: 4677te_Nachricht. C Out: 12.04 13:33:21,876| 12.04 13:33:21,876| ; C In: 12.04 13:33:22,438|
2-profA@lab31.cpt.haw-hamburg.de-<0.11488.0>-KLC: 4678te_Nachricht. C Out: 12.04 13:33:21,876| 12.04 13:33:21,877| ; C In: 12.04 13:33:22,439|
lab29-1-1: message_number_4679. Sent time: 12.04 13:33:17,877| 12.04 13:33:21,879| ; C In: 12.04 13:33:22,439|
lab29-1-1: message_number_4680. Sent time: 12.04 13:33:17,877| 12.04 13:33:21,879| ; C In: 12.04 13:33:22,440|
lab29-1-1: message_number_4681. Sent time: 12.04 13:33:17,878| 12.04 13:33:21,879| ; C In: 12.04 13:33:22,440|
lab29-1-1: message_number_4682. Sent time: 12.04 13:33:17,878| 12.04 13:33:21,880| ; C In: 12.04 13:33:22,440|
lab29-1-1: message_number_4683. Sent time: 12.04 13:33:17,878| 12.04 13:33:21,880| ; C In: 12.04 13:33:22,441|
lab29-1-1: message_number_4684. Sent time: 12.04 13:33:17,878| 12.04 13:33:21,880| ; C In: 12.04 13:33:22,441|
lab29-1-1: message_number_4685. Sent time: 12.04 13:33:17,879| 12.04 13:33:21,880| ; C In: 12.04 13:33:22,442|
lab29-1-1: message_number_4686. Sent time: 12.04 13:33:17,879| 12.04 13:33:21,881| ; C In: 12.04 13:33:22,442|
lab29-1-1: message_number_4687. Sent time: 12.04 13:33:17,879| 12.04 13:33:21,881| ; C In: 12.04 13:33:22,443|
'clientNode2@lab26.cpt.haw-hamburg.de'-<0.382.0>-C-3-06:4688te Nachricht.C Out:12.04 13:33:20,880| 12.04 13:33:20,881| ; C In: 12.04 13:33:22,444|
lab29-1-1: message_number_4689. Sent time: 12.04 13:33:17,879| 12.04 13:33:21,881| ; C In: 12.04 13:33:22,444|
lab29-1-1: message_number_4690. Sent time: 12.04 13:33:17,880| 12.04 13:33:21,882| ; C In: 12.04 13:33:22,445|
lab29-1-1: message_number_4691. Sent time: 12.04 13:33:17,884| 12.04 13:33:21,886| ; C In: 12.04 13:33:22,445|
lab29-1-1: message_number_4692. Sent time: 12.04 13:33:17,884| 12.04 13:33:21,886| ; C In: 12.04 13:33:22,446|
lab29-1-1: message_number_4693. Sent time: 12.04 13:33:17,885| 12.04 13:33:21,886| ; C In: 12.04 13:33:22,446|
'clientNode2@lab26.cpt.haw-hamburg.de'-<0.387.0>-C-3-06:4694te Nachricht.C Out:12.04 13:33:19,918| 12.04 13:33:19,919| ; C In: 12.04 13:33:22,447|
lab29-1-1: message_number_4695. Sent time: 12.04 13:33:17,943| 12.04 13:33:21,945| ; C In: 12.04 13:33:22,447|
lab29-1-1: message_number_4696. Sent time: 12.04 13:33:17,943| 12.04 13:33:21,945| ; C In: 12.04 13:33:22,448|
lab29-1-1: message_number_4697. Sent time: 12.04 13:33:17,945| 12.04 13:33:21,946| ; C In: 12.04 13:33:22,448|
lab29-1-1: message_number_4698. Sent time: 12.04 13:33:17,945| 12.04 13:33:21,947| ; C In: 12.04 13:33:22,449|
[lab28|0304]: 4699te Nachricht. C Out: 12.04 13:33:19,945| 12.04 13:33:19,946| ; C In: 12.04 13:33:22,450|
lab29-1-1: message_number_4700. Sent time: 12.04 13:33:17,945| 12.04 13:33:21,947| ; C In: 12.04 13:33:22,450|
lab29-1-1: message_number_4701. Sent time: 12.04 13:33:17,945| 12.04 13:33:21,947| ; C In: 12.04 13:33:22,451|
[lab28|0304]: 4702te Nachricht. C Out: 12.04 13:33:19,945| 12.04 13:33:19,946| ; C In: 12.04 13:33:22,451|
[lab28|0304]: 4703te Nachricht. C Out: 12.04 13:33:19,945| 12.04 13:33:19,947| ; C In: 12.04 13:33:22,452|
[lab28|0304]: 4704te Nachricht. C Out: 12.04 13:33:19,946| 12.04 13:33:19,947| ; C In: 12.04 13:33:22,452|
[lab28|0304]: 4705te Nachricht. C Out: 12.04 13:33:19,946| 12.04 13:33:19,947| ; C In: 12.04 13:33:22,453|
[lab28|0304]: 4706te Nachricht. C Out: 12.04 13:33:20,945| 12.04 13:33:20,946| ; C In: 12.04 13:33:22,453|
[lab28|0304]: 4707te Nachricht. C Out: 12.04 13:33:20,945| 12.04 13:33:20,946| ; C In: 12.04 13:33:22,454|
[lab28|0304]: 4708te Nachricht. C Out: 12.04 13:33:20,945| 12.04 13:33:20,947| ; C In: 12.04 13:33:22,454|
'clientNode2@lab26.cpt.haw-hamburg.de'-<0.395.0>-C-3-06:4709te Nachricht.C Out:12.04 13:33:19,952| 12.04 13:33:19,953| ; C In: 12.04 13:33:22,455|
'clientNode2@lab26.cpt.haw-hamburg.de'-<0.370.0>-C-3-06:4710te Nachricht.C Out:12.04 13:33:19,958| 12.04 13:33:19,959| ; C In: 12.04 13:33:22,456|
..getmessages..Done...
19-clientserver@lab22.cpt.haw-hamburg.de<0.22066.0>-C-1-5: 4839te_Nachricht. C Out: 12.04 13:33:22,456|(4839) gesendet
19-clientserver@lab22.cpt.haw-hamburg.de<0.22066.0>-C-1-5: 4898te_Nachricht. C Out: 12.04 13:33:24,457|(4898) gesendet
19-clientserver@lab22.cpt.haw-hamburg.de<0.22066.0>-C-1-5: 4947te_Nachricht. C Out: 12.04 13:33:26,458|(4947) gesendet
19-clientserver@lab22.cpt.haw-hamburg.de<0.22066.0>-C-1-5: 4990te_Nachricht. C Out: 12.04 13:33:28,459|(4990) gesendet
19-clientserver@lab22.cpt.haw-hamburg.de<0.22066.0>-C-1-5: 5012te_Nachricht. C Out: 12.04 13:33:30,460|(5012) gesendet
5042te_Nachricht um 12.04 13:33:32,462|- vergessen zu senden ******
Neues Sendeintervall: 3 Sekunden
4-clientserver@lab22.cpt.haw-hamburg.de<0.22051.0>-C-1-5: 4989te_Nachricht. C Out: 12.04 13:33:28,441|(4989) 12.04 13:33:30,443| ; C In: 12.04 13:33:35,464|
19-clientserver@lab22.cpt.haw-hamburg.de<0.22066.0>-C-1-5: 4990te_Nachricht. C Out: 12.04 13:33:28,459|(4990) 12.04 13:33:30,460| ; C In: 12.04 13:33:35,465|
13-clientserver@lab22.cpt.haw-hamburg.de<0.22060.0>-C-1-5: 4991te_Nachricht. C Out: 12.04 13:33:28,465|(4991) 12.04 13:33:30,466| ; C In: 12.04 13:33:35,465|
5-clientserver@lab22.cpt.haw-hamburg.de<0.22052.0>-C-1-5: 4992te_Nachricht. C Out: 12.04 13:33:28,690|(4992) 12.04 13:33:30,941| ; C In: 12.04 13:33:35,466|
12-clientserver@lab22.cpt.haw-hamburg.de<0.22059.0>-C-1-5: 4993te_Nachricht. C Out: 12.04 13:33:28,694|(4993) 12.04 13:33:30,946| ; C In: 12.04 13:33:35,466|
[lab28|0304]: 4994te Nachricht. C Out: 12.04 13:33:31,746| 12.04 13:33:31,747| ; C In: 12.04 13:33:35,466|
[lab28|0304]: 4995te Nachricht. C Out: 12.04 13:33:31,747| 12.04 13:33:31,748| ; C In: 12.04 13:33:35,467|
[lab28|0304]: 4996te Nachricht. C Out: 12.04 13:33:30,748| 12.04 13:33:30,749| ; C In: 12.04 13:33:35,467|
[lab28|0304]: 4997te Nachricht. C Out: 12.04 13:33:30,749| 12.04 13:33:30,750| ; C In: 12.04 13:33:35,468|
[lab28|0304]: 4998te Nachricht. C Out: 12.04 13:33:30,750| 12.04 13:33:30,751| ; C In: 12.04 13:33:35,468|
9-clientserver@lab22.cpt.haw-hamburg.de<0.22056.0>-C-1-5: 4999te_Nachricht. C Out: 12.04 13:33:28,814|(4999) 12.04 13:33:30,816| ; C In: 12.04 13:33:35,469|
2-clientserver@lab22.cpt.haw-hamburg.de<0.22048.0>-C-1-5: 5000te_Nachricht. C Out: 12.04 13:33:29,057|(5000) 12.04 13:33:34,120| ; C In: 12.04 13:33:35,470|
1-clientserver@lab22.cpt.haw-hamburg.de<0.22047.0>-C-1-5: 5001te_Nachricht. C Out: 12.04 13:33:29,160|(5001) 12.04 13:33:31,161| ; C In: 12.04 13:33:35,471|
7-clientserver@lab22.cpt.haw-hamburg.de<0.22054.0>-C-1-5: 5002te_Nachricht. C Out: 12.04 13:33:29,431|(5002) 12.04 13:33:32,432| ; C In: 12.04 13:33:35,472|
[lab28|0304]: 5003te Nachricht. C Out: 12.04 13:33:32,951| 12.04 13:33:32,952| ; C In: 12.04 13:33:35,472|
[lab28|0304]: 5004te Nachricht. C Out: 12.04 13:33:32,951| 12.04 13:33:32,953| ; C In: 12.04 13:33:35,473|
[lab28|0304]: 5005te Nachricht. C Out: 12.04 13:33:32,951| 12.04 13:33:32,953| ; C In: 12.04 13:33:35,474|
8-clientserver@lab22.cpt.haw-hamburg.de<0.22055.0>-C-1-5: 5006te_Nachricht. C Out: 12.04 13:33:29,998|(5006) 12.04 13:33:31,999| ; C In: 12.04 13:33:35,475|
[lab28|0304]: 5007te Nachricht. C Out: 12.04 13:33:32,009| 12.04 13:33:32,010| ; C In: 12.04 13:33:35,475|
[lab28|0304]: 5008te Nachricht. C Out: 12.04 13:33:32,009| 12.04 13:33:32,011| ; C In: 12.04 13:33:35,476|
[lab28|0304]: 5009te Nachricht. C Out: 12.04 13:33:32,009| 12.04 13:33:32,010| ; C In: 12.04 13:33:35,477|
14-clientserver@lab22.cpt.haw-hamburg.de<0.22061.0>-C-1-5: 5010te_Nachricht. C Out: 12.04 13:33:30,097|(5010) 12.04 13:33:33,098| ; C In: 12.04 13:33:35,478|
4-clientserver@lab22.cpt.haw-hamburg.de<0.22051.0>-C-1-5: 5011te_Nachricht. C Out: 12.04 13:33:30,444|(5011) 12.04 13:33:32,445| ; C In: 12.04 13:33:35,479|
19-clientserver@lab22.cpt.haw-hamburg.de<0.22066.0>-C-1-5: 5012te_Nachricht. C Out: 12.04 13:33:30,460|(5012) 12.04 13:33:32,462| ; C In: 12.04 13:33:35,480|
13-clientserver@lab22.cpt.haw-hamburg.de<0.22060.0>-C-1-5: 5013te_Nachricht. C Out: 12.04 13:33:30,466|(5013) 12.04 13:33:32,467| ; C In: 12.04 13:33:35,480|
[lab28|0304]: 5014te Nachricht. C Out: 12.04 13:33:33,729| 12.04 13:33:33,730| ; C In: 12.04 13:33:35,481|
[lab28|0304]: 5015te Nachricht. C Out: 12.04 13:33:33,729| 12.04 13:33:33,730| ; C In: 12.04 13:33:35,482|
[lab28|0304]: 5016te Nachricht. C Out: 12.04 13:33:33,730| 12.04 13:33:33,731| ; C In: 12.04 13:33:35,482|
[lab28|0304]: 5017te Nachricht. C Out: 12.04 13:33:34,745| 12.04 13:33:34,747| ; C In: 12.04 13:33:35,483|
[lab28|0304]: 5018te Nachricht. C Out: 12.04 13:33:34,746| 12.04 13:33:34,747| ; C In: 12.04 13:33:35,484|
[lab28|0304]: 5019te Nachricht. C Out: 12.04 13:33:32,749| 12.04 13:33:32,750| ; C In: 12.04 13:33:35,485|
[lab28|0304]: 5020te Nachricht. C Out: 12.04 13:33:32,750| 12.04 13:33:32,751| ; C In: 12.04 13:33:35,485|
[lab28|0304]: 5021te Nachricht. C Out: 12.04 13:33:32,751| 12.04 13:33:32,753| ; C In: 12.04 13:33:35,486|
..getmessages..Done...
19-clientserver@lab22.cpt.haw-hamburg.de<0.22066.0>-C-1-5: 5089te_Nachricht. C Out: 12.04 13:33:35,486|(5089) gesendet
19-clientserver@lab22.cpt.haw-hamburg.de<0.22066.0>-C-1-5: 5131te_Nachricht. C Out: 12.04 13:33:38,488|(5131) gesendet
19-clientserver@lab22.cpt.haw-hamburg.de<0.22066.0>-C-1-5: Lebenszeit um. Wird beendet.
