12-clientserver@lab22.cpt.haw-hamburg.de<0.22059.0>-C-1-5: Start: 12.04 13:31:41,034|.
12-clientserver@lab22.cpt.haw-hamburg.de<0.22059.0>-C-1-5: 623te_Nachricht. C Out: 12.04 13:31:41,034|(623) gesendet
12-clientserver@lab22.cpt.haw-hamburg.de<0.22059.0>-C-1-5: 700te_Nachricht. C Out: 12.04 13:31:44,040|(700) gesendet
12-clientserver@lab22.cpt.haw-hamburg.de<0.22059.0>-C-1-5: 801te_Nachricht. C Out: 12.04 13:31:47,044|(801) gesendet
12-clientserver@lab22.cpt.haw-hamburg.de<0.22059.0>-C-1-5: 1088te_Nachricht. C Out: 12.04 13:31:50,045|(1088) gesendet
12-clientserver@lab22.cpt.haw-hamburg.de<0.22059.0>-C-1-5: 1189te_Nachricht. C Out: 12.04 13:31:53,047|(1189) gesendet
1243te_Nachricht um 12.04 13:31:56,050|- vergessen zu senden ******
Neues Sendeintervall: 2 Sekunden
Fehlernachricht fuer Nachrichtennummern 1157 bis 1166 ; C In: 12.04 13:31:58,053|
'clientNode@lab26.cpt.haw-hamburg.de'-<0.9109.0>-C-3-06:1167te Nachricht.C Out:12.04 13:31:55,890| 12.04 13:31:55,890| ; C In: 12.04 13:31:58,058|
'clientNode@lab26.cpt.haw-hamburg.de'-<0.9123.0>-C-3-06:1168te Nachricht.C Out:12.04 13:31:54,891| 12.04 13:31:54,891| ; C In: 12.04 13:31:58,062|
'clientNode@lab26.cpt.haw-hamburg.de'-<0.9117.0>-C-3-06:1169te Nachricht.C Out:12.04 13:31:54,891| 12.04 13:31:54,892| ; C In: 12.04 13:31:58,067|
'clientNode@lab26.cpt.haw-hamburg.de'-<0.9115.0>-C-3-06:1170te Nachricht.C Out:12.04 13:31:55,892| 12.04 13:31:55,892| ; C In: 12.04 13:31:58,071|
'clientNode@lab26.cpt.haw-hamburg.de'-<0.9106.0>-C-3-06:1171te Nachricht.C Out:12.04 13:31:55,892| 12.04 13:31:55,893| ; C In: 12.04 13:31:58,075|
'clientNode@lab26.cpt.haw-hamburg.de'-<0.9126.0>-C-3-06:1172te Nachricht.C Out:12.04 13:31:54,892| 12.04 13:31:54,893| ; C In: 12.04 13:31:58,080|
'clientNode@lab26.cpt.haw-hamburg.de'-<0.9128.0>-C-3-06:1173te Nachricht.C Out:12.04 13:31:54,892| 12.04 13:31:54,893| ; C In: 12.04 13:31:58,084|
3-clientserver@lab22.cpt.haw-hamburg.de<0.22050.0>-C-1-5: 1174te_Nachricht. C Out: 12.04 13:31:53,041|(1174) 12.04 13:31:56,042| ; C In: 12.04 13:31:58,088|
0-clientserver@lab22.cpt.haw-hamburg.de<0.22046.0>-C-1-5: 1175te_Nachricht. C Out: 12.04 13:31:53,042|(1175) 12.04 13:31:56,043| ; C In: 12.04 13:31:58,092|
1-clientserver@lab22.cpt.haw-hamburg.de<0.22047.0>-C-1-5: 1176te_Nachricht. C Out: 12.04 13:31:53,042|(1176) 12.04 13:31:56,043| ; C In: 12.04 13:31:58,096|
11-clientserver@lab22.cpt.haw-hamburg.de<0.22058.0>-C-1-5: 1177te_Nachricht. C Out: 12.04 13:31:53,042|(1177) 12.04 13:31:56,044| ; C In: 12.04 13:31:58,100|
14-clientserver@lab22.cpt.haw-hamburg.de<0.22061.0>-C-1-5: 1178te_Nachricht. C Out: 12.04 13:31:53,043|(1178) 12.04 13:31:56,044| ; C In: 12.04 13:31:58,104|
16-clientserver@lab22.cpt.haw-hamburg.de<0.22063.0>-C-1-5: 1179te_Nachricht. C Out: 12.04 13:31:53,043|(1179) 12.04 13:31:56,045| ; C In: 12.04 13:31:58,108|
2-clientserver@lab22.cpt.haw-hamburg.de<0.22048.0>-C-1-5: 1180te_Nachricht. C Out: 12.04 13:31:53,043|(1180) 12.04 13:31:56,045| ; C In: 12.04 13:31:58,119|
4-clientserver@lab22.cpt.haw-hamburg.de<0.22051.0>-C-1-5: 1181te_Nachricht. C Out: 12.04 13:31:53,044|(1181) 12.04 13:31:56,046| ; C In: 12.04 13:31:58,123|
17-clientserver@lab22.cpt.haw-hamburg.de<0.22064.0>-C-1-5: 1182te_Nachricht. C Out: 12.04 13:31:53,044|(1182) 12.04 13:31:56,046| ; C In: 12.04 13:31:58,127|
6-clientserver@lab22.cpt.haw-hamburg.de<0.22053.0>-C-1-5: 1183te_Nachricht. C Out: 12.04 13:31:53,045|(1183) 12.04 13:31:56,047| ; C In: 12.04 13:31:58,131|
8-clientserver@lab22.cpt.haw-hamburg.de<0.22055.0>-C-1-5: 1184te_Nachricht. C Out: 12.04 13:31:53,046|(1184) 12.04 13:31:56,047| ; C In: 12.04 13:31:58,134|
5-clientserver@lab22.cpt.haw-hamburg.de<0.22052.0>-C-1-5: 1185te_Nachricht. C Out: 12.04 13:31:53,046|(1185) 12.04 13:31:56,048| ; C In: 12.04 13:31:58,138|
7-clientserver@lab22.cpt.haw-hamburg.de<0.22054.0>-C-1-5: 1186te_Nachricht. C Out: 12.04 13:31:53,046|(1186) 12.04 13:31:56,048| ; C In: 12.04 13:31:58,142|
10-clientserver@lab22.cpt.haw-hamburg.de<0.22057.0>-C-1-5: 1187te_Nachricht. C Out: 12.04 13:31:53,046|(1187) 12.04 13:31:56,048| ; C In: 12.04 13:31:58,146|
9-clientserver@lab22.cpt.haw-hamburg.de<0.22056.0>-C-1-5: 1188te_Nachricht. C Out: 12.04 13:31:53,047|(1188) 12.04 13:31:56,049| ; C In: 12.04 13:31:58,149|
12-clientserver@lab22.cpt.haw-hamburg.de<0.22059.0>-C-1-5: 1189te_Nachricht. C Out: 12.04 13:31:53,047|(1189) 12.04 13:31:56,049| ; C In: 12.04 13:31:58,153|
13-clientserver@lab22.cpt.haw-hamburg.de<0.22060.0>-C-1-5: 1190te_Nachricht. C Out: 12.04 13:31:53,048|(1190) 12.04 13:31:56,050| ; C In: 12.04 13:31:58,157|
18-clientserver@lab22.cpt.haw-hamburg.de<0.22065.0>-C-1-5: 1191te_Nachricht. C Out: 12.04 13:31:53,048|(1191) 12.04 13:31:56,050| ; C In: 12.04 13:31:58,160|
15-clientserver@lab22.cpt.haw-hamburg.de<0.22062.0>-C-1-5: 1192te_Nachricht. C Out: 12.04 13:31:53,048|(1192) 12.04 13:31:56,050| ; C In: 12.04 13:31:58,164|
19-clientserver@lab22.cpt.haw-hamburg.de<0.22066.0>-C-1-5: 1193te_Nachricht. C Out: 12.04 13:31:53,048|(1193) 12.04 13:31:56,051| ; C In: 12.04 13:31:58,168|
'clientNode2@lab26.cpt.haw-hamburg.de'-<0.384.0>-C-3-06:1194te Nachricht.C Out:12.04 13:31:56,730| 12.04 13:31:56,731| ; C In: 12.04 13:31:58,172|
'clientNode2@lab26.cpt.haw-hamburg.de'-<0.379.0>-C-3-06:1195te Nachricht.C Out:12.04 13:31:56,732| 12.04 13:31:56,733| ; C In: 12.04 13:31:58,176|
'clientNode2@lab26.cpt.haw-hamburg.de'-<0.370.0>-C-3-06:1196te Nachricht.C Out:12.04 13:31:56,732| 12.04 13:31:56,733| ; C In: 12.04 13:31:58,179|
'clientNode2@lab26.cpt.haw-hamburg.de'-<0.395.0>-C-3-06:1197te Nachricht.C Out:12.04 13:31:56,733| 12.04 13:31:56,734| ; C In: 12.04 13:31:58,183|
5-profB@lab31.cpt.haw-hamburg.de-<0.13167.0>-KLC: 1198te_Nachricht. C Out: 12.04 13:31:57,814| 12.04 13:31:57,815| ; C In: 12.04 13:31:58,187|
0-profB@lab31.cpt.haw-hamburg.de-<0.13162.0>-KLC: 1199te_Nachricht. C Out: 12.04 13:31:57,814| 12.04 13:31:57,816| ; C In: 12.04 13:31:58,191|
7-profB@lab31.cpt.haw-hamburg.de-<0.13169.0>-KLC: 1200te_Nachricht. C Out: 12.04 13:31:57,815| 12.04 13:31:57,816| ; C In: 12.04 13:31:58,196|
4-profB@lab31.cpt.haw-hamburg.de-<0.13166.0>-KLC: 1201te_Nachricht. C Out: 12.04 13:31:57,815| 12.04 13:31:57,817| ; C In: 12.04 13:31:58,199|
9-profB@lab31.cpt.haw-hamburg.de-<0.13171.0>-KLC: 1202te_Nachricht. C Out: 12.04 13:31:57,816| 12.04 13:31:57,817| ; C In: 12.04 13:31:58,203|
1-profB@lab31.cpt.haw-hamburg.de-<0.13163.0>-KLC: 1203te_Nachricht. C Out: 12.04 13:31:57,816| 12.04 13:31:57,818| ; C In: 12.04 13:31:58,206|
2-profB@lab31.cpt.haw-hamburg.de-<0.13164.0>-KLC: 1204te_Nachricht. C Out: 12.04 13:31:57,817| 12.04 13:31:57,818| ; C In: 12.04 13:31:58,209|
3-profB@lab31.cpt.haw-hamburg.de-<0.13165.0>-KLC: 1205te_Nachricht. C Out: 12.04 13:31:57,817| 12.04 13:31:57,819| ; C In: 12.04 13:31:58,212|
6-profB@lab31.cpt.haw-hamburg.de-<0.13168.0>-KLC: 1206te_Nachricht. C Out: 12.04 13:31:57,818| 12.04 13:31:57,819| ; C In: 12.04 13:31:58,214|
8-profB@lab31.cpt.haw-hamburg.de-<0.13170.0>-KLC: 1207te_Nachricht. C Out: 12.04 13:31:57,818| 12.04 13:31:57,820| ; C In: 12.04 13:31:58,216|
..getmessages..Done...
12-clientserver@lab22.cpt.haw-hamburg.de<0.22059.0>-C-1-5: 1340te_Nachricht. C Out: 12.04 13:31:58,217|(1340) gesendet
12-clientserver@lab22.cpt.haw-hamburg.de<0.22059.0>-C-1-5: 1397te_Nachricht. C Out: 12.04 13:32:00,220|(1397) gesendet
12-clientserver@lab22.cpt.haw-hamburg.de<0.22059.0>-C-1-5: 1482te_Nachricht. C Out: 12.04 13:32:02,221|(1482) gesendet
12-clientserver@lab22.cpt.haw-hamburg.de<0.22059.0>-C-1-5: 1646te_Nachricht. C Out: 12.04 13:32:04,223|(1646) gesendet
12-clientserver@lab22.cpt.haw-hamburg.de<0.22059.0>-C-1-5: 1810te_Nachricht. C Out: 12.04 13:32:06,232|(1810) gesendet
1871te_Nachricht um 12.04 13:32:08,233|- vergessen zu senden ******
Neues Sendeintervall: 2 Sekunden
0-clientserver@lab22.cpt.haw-hamburg.de<0.22046.0>-C-1-5: 1803te_Nachricht. C Out: 12.04 13:32:06,224|(1803) 12.04 13:32:08,226| ; C In: 12.04 13:32:10,235|
1-clientserver@lab22.cpt.haw-hamburg.de<0.22047.0>-C-1-5: 1804te_Nachricht. C Out: 12.04 13:32:06,224|(1804) 12.04 13:32:08,226| ; C In: 12.04 13:32:10,236|
11-clientserver@lab22.cpt.haw-hamburg.de<0.22058.0>-C-1-5: 1805te_Nachricht. C Out: 12.04 13:32:06,225|(1805) 12.04 13:32:08,227| ; C In: 12.04 13:32:10,238|
4-clientserver@lab22.cpt.haw-hamburg.de<0.22051.0>-C-1-5: 1806te_Nachricht. C Out: 12.04 13:32:06,227|(1806) 12.04 13:32:08,228| ; C In: 12.04 13:32:10,240|
5-clientserver@lab22.cpt.haw-hamburg.de<0.22052.0>-C-1-5: 1807te_Nachricht. C Out: 12.04 13:32:06,229|(1807) 12.04 13:32:08,230| ; C In: 12.04 13:32:10,241|
7-clientserver@lab22.cpt.haw-hamburg.de<0.22054.0>-C-1-5: 1808te_Nachricht. C Out: 12.04 13:32:06,230|(1808) 12.04 13:32:08,231| ; C In: 12.04 13:32:10,243|
10-clientserver@lab22.cpt.haw-hamburg.de<0.22057.0>-C-1-5: 1809te_Nachricht. C Out: 12.04 13:32:06,231|(1809) 12.04 13:32:08,233| ; C In: 12.04 13:32:10,245|
12-clientserver@lab22.cpt.haw-hamburg.de<0.22059.0>-C-1-5: 1810te_Nachricht. C Out: 12.04 13:32:06,232|(1810) 12.04 13:32:08,233| ; C In: 12.04 13:32:10,246|
13-clientserver@lab22.cpt.haw-hamburg.de<0.22060.0>-C-1-5: 1811te_Nachricht. C Out: 12.04 13:32:06,232|(1811) 12.04 13:32:08,233| ; C In: 12.04 13:32:10,248|
18-clientserver@lab22.cpt.haw-hamburg.de<0.22065.0>-C-1-5: 1812te_Nachricht. C Out: 12.04 13:32:06,232|(1812) 12.04 13:32:08,234| ; C In: 12.04 13:32:10,250|
15-clientserver@lab22.cpt.haw-hamburg.de<0.22062.0>-C-1-5: 1813te_Nachricht. C Out: 12.04 13:32:06,234|(1813) 12.04 13:32:08,235| ; C In: 12.04 13:32:10,251|
19-clientserver@lab22.cpt.haw-hamburg.de<0.22066.0>-C-1-5: 1814te_Nachricht. C Out: 12.04 13:32:06,234|(1814) 12.04 13:32:08,235| ; C In: 12.04 13:32:10,255|
lab29-1-1: message_number_1815. Sent time: 12.04 13:32:06,449| 12.04 13:32:08,450| ; C In: 12.04 13:32:10,257|
lab29-1-1: message_number_1816. Sent time: 12.04 13:32:06,449| 12.04 13:32:08,450| ; C In: 12.04 13:32:10,258|
lab29-1-1: message_number_1817. Sent time: 12.04 13:32:06,449| 12.04 13:32:08,451| ; C In: 12.04 13:32:10,260|
lab29-1-1: message_number_1818. Sent time: 12.04 13:32:06,449| 12.04 13:32:08,451| ; C In: 12.04 13:32:10,262|
lab29-1-1: message_number_1819. Sent time: 12.04 13:32:06,450| 12.04 13:32:08,452| ; C In: 12.04 13:32:10,263|
lab29-1-1: message_number_1820. Sent time: 12.04 13:32:06,450| 12.04 13:32:08,451| ; C In: 12.04 13:32:10,265|
lab29-1-1: message_number_1821. Sent time: 12.04 13:32:06,450| 12.04 13:32:08,452| ; C In: 12.04 13:32:10,267|
lab29-1-1: message_number_1822. Sent time: 12.04 13:32:06,450| 12.04 13:32:08,452| ; C In: 12.04 13:32:10,268|
lab29-1-1: message_number_1823. Sent time: 12.04 13:32:06,451| 12.04 13:32:08,453| ; C In: 12.04 13:32:10,270|
lab29-1-1: message_number_1824. Sent time: 12.04 13:32:06,451| 12.04 13:32:08,453| ; C In: 12.04 13:32:10,272|
lab29-1-1: message_number_1825. Sent time: 12.04 13:32:06,451| 12.04 13:32:08,453| ; C In: 12.04 13:32:10,274|
lab29-1-1: message_number_1826. Sent time: 12.04 13:32:06,451| 12.04 13:32:08,454| ; C In: 12.04 13:32:10,275|
lab29-1-1: message_number_1827. Sent time: 12.04 13:32:06,451| 12.04 13:32:08,454| ; C In: 12.04 13:32:10,277|
lab29-1-1: message_number_1828. Sent time: 12.04 13:32:06,451| 12.04 13:32:08,454| ; C In: 12.04 13:32:10,279|
lab29-1-1: message_number_1829. Sent time: 12.04 13:32:06,452| 12.04 13:32:08,455| ; C In: 12.04 13:32:10,280|
lab29-1-1: message_number_1830. Sent time: 12.04 13:32:06,452| 12.04 13:32:08,455| ; C In: 12.04 13:32:10,282|
lab29-1-1: message_number_1831. Sent time: 12.04 13:32:06,452| 12.04 13:32:08,456| ; C In: 12.04 13:32:10,283|
lab29-1-1: message_number_1832. Sent time: 12.04 13:32:06,452| 12.04 13:32:08,455| ; C In: 12.04 13:32:10,284|
lab29-1-1: message_number_1833. Sent time: 12.04 13:32:06,452| 12.04 13:32:08,456| ; C In: 12.04 13:32:10,286|
lab29-1-1: message_number_1834. Sent time: 12.04 13:32:06,453| 12.04 13:32:08,456| ; C In: 12.04 13:32:10,287|
No new messages ; C In: 12.04 13:32:10,288|
..getmessages..Done...
12-clientserver@lab22.cpt.haw-hamburg.de<0.22059.0>-C-1-5: 1931te_Nachricht. C Out: 12.04 13:32:10,289|(1931) gesendet
12-clientserver@lab22.cpt.haw-hamburg.de<0.22059.0>-C-1-5: 1991te_Nachricht. C Out: 12.04 13:32:12,291|(1991) gesendet
12-clientserver@lab22.cpt.haw-hamburg.de<0.22059.0>-C-1-5: 2052te_Nachricht. C Out: 12.04 13:32:14,292|(2052) gesendet
12-clientserver@lab22.cpt.haw-hamburg.de<0.22059.0>-C-1-5: 2109te_Nachricht. C Out: 12.04 13:32:16,293|(2109) gesendet
12-clientserver@lab22.cpt.haw-hamburg.de<0.22059.0>-C-1-5: 2187te_Nachricht. C Out: 12.04 13:32:18,294|(2187) gesendet
2245te_Nachricht um 12.04 13:32:20,295|- vergessen zu senden ******
Neues Sendeintervall: 2 Sekunden
3-profA@lab31.cpt.haw-hamburg.de-<0.11489.0>-KLC: 2133te_Nachricht. C Out: 12.04 13:32:20,513| 12.04 13:32:20,514| ; C In: 12.04 13:32:22,296|
5-profA@lab31.cpt.haw-hamburg.de-<0.11491.0>-KLC: 2134te_Nachricht. C Out: 12.04 13:32:20,514| 12.04 13:32:20,515| ; C In: 12.04 13:32:22,297|
8-profA@lab31.cpt.haw-hamburg.de-<0.11494.0>-KLC: 2135te_Nachricht. C Out: 12.04 13:32:20,514| 12.04 13:32:20,516| ; C In: 12.04 13:32:22,299|
1-profA@lab31.cpt.haw-hamburg.de-<0.11487.0>-KLC: 2136te_Nachricht. C Out: 12.04 13:32:20,514| 12.04 13:32:20,516| ; C In: 12.04 13:32:22,300|
0-profA@lab31.cpt.haw-hamburg.de-<0.11486.0>-KLC: 2137te_Nachricht. C Out: 12.04 13:32:20,514| 12.04 13:32:20,517| ; C In: 12.04 13:32:22,301|
7-profA@lab31.cpt.haw-hamburg.de-<0.11493.0>-KLC: 2138te_Nachricht. C Out: 12.04 13:32:20,514| 12.04 13:32:20,517| ; C In: 12.04 13:32:22,303|
6-profA@lab31.cpt.haw-hamburg.de-<0.11492.0>-KLC: 2139te_Nachricht. C Out: 12.04 13:32:20,514| 12.04 13:32:20,517| ; C In: 12.04 13:32:22,304|
4-profA@lab31.cpt.haw-hamburg.de-<0.11490.0>-KLC: 2140te_Nachricht. C Out: 12.04 13:32:20,514| 12.04 13:32:20,518| ; C In: 12.04 13:32:22,306|
9-profA@lab31.cpt.haw-hamburg.de-<0.11495.0>-KLC: 2141te_Nachricht. C Out: 12.04 13:32:20,514| 12.04 13:32:20,519| ; C In: 12.04 13:32:22,307|
2-profA@lab31.cpt.haw-hamburg.de-<0.11488.0>-KLC: 2142te_Nachricht. C Out: 12.04 13:32:20,515| 12.04 13:32:20,519| ; C In: 12.04 13:32:22,309|
Fehlernachricht fuer Nachrichtennummern 2143 bis 2177 ; C In: 12.04 13:32:22,310|
'clientNode2@lab26.cpt.haw-hamburg.de'-<0.395.0>-C-3-06:2178te Nachricht.C Out:12.04 13:32:19,823| 12.04 13:32:19,824| ; C In: 12.04 13:32:22,311|
Fehlernachricht fuer Nachrichtennummern 2179 bis 2181 ; C In: 12.04 13:32:22,313|
'clientNode@lab26.cpt.haw-hamburg.de'-<0.9109.0>-C-3-06:2182te Nachricht.C Out:12.04 13:32:19,968| 12.04 13:32:19,968| ; C In: 12.04 13:32:22,314|
'clientNode@lab26.cpt.haw-hamburg.de'-<0.9106.0>-C-3-06:2183te Nachricht.C Out:12.04 13:32:19,968| 12.04 13:32:19,969| ; C In: 12.04 13:32:22,315|
Fehlernachricht fuer Nachrichtennummern 2184 bis 2184 ; C In: 12.04 13:32:22,317|
5-clientserver@lab22.cpt.haw-hamburg.de<0.22052.0>-C-1-5: 2185te_Nachricht. C Out: 12.04 13:32:18,286|(2185) 12.04 13:32:20,289| ; C In: 12.04 13:32:22,318|
10-clientserver@lab22.cpt.haw-hamburg.de<0.22057.0>-C-1-5: 2186te_Nachricht. C Out: 12.04 13:32:18,292|(2186) 12.04 13:32:20,293| ; C In: 12.04 13:32:22,320|
12-clientserver@lab22.cpt.haw-hamburg.de<0.22059.0>-C-1-5: 2187te_Nachricht. C Out: 12.04 13:32:18,294|(2187) 12.04 13:32:20,295| ; C In: 12.04 13:32:22,321|
13-clientserver@lab22.cpt.haw-hamburg.de<0.22060.0>-C-1-5: 2188te_Nachricht. C Out: 12.04 13:32:18,295|(2188) 12.04 13:32:20,296| ; C In: 12.04 13:32:22,322|
18-clientserver@lab22.cpt.haw-hamburg.de<0.22065.0>-C-1-5: 2189te_Nachricht. C Out: 12.04 13:32:18,296|(2189) 12.04 13:32:20,297| ; C In: 12.04 13:32:22,323|
19-clientserver@lab22.cpt.haw-hamburg.de<0.22066.0>-C-1-5: 2190te_Nachricht. C Out: 12.04 13:32:18,297|(2190) 12.04 13:32:20,298| ; C In: 12.04 13:32:22,325|
lab29-1-1: message_number_2191. Sent time: 12.04 13:32:18,599| 12.04 13:32:20,602| ; C In: 12.04 13:32:22,326|
lab29-1-1: message_number_2192. Sent time: 12.04 13:32:18,601| 12.04 13:32:20,602| ; C In: 12.04 13:32:22,327|
lab29-1-1: message_number_2193. Sent time: 12.04 13:32:18,601| 12.04 13:32:20,603| ; C In: 12.04 13:32:22,329|
lab29-1-1: message_number_2194. Sent time: 12.04 13:32:18,602| 12.04 13:32:20,604| ; C In: 12.04 13:32:22,330|
lab29-1-1: message_number_2195. Sent time: 12.04 13:32:18,602| 12.04 13:32:20,603| ; C In: 12.04 13:32:22,331|
lab29-1-1: message_number_2196. Sent time: 12.04 13:32:18,602| 12.04 13:32:20,605| ; C In: 12.04 13:32:22,332|
lab29-1-1: message_number_2197. Sent time: 12.04 13:32:18,603| 12.04 13:32:20,604| ; C In: 12.04 13:32:22,334|
lab29-1-1: message_number_2198. Sent time: 12.04 13:32:18,603| 12.04 13:32:20,605| ; C In: 12.04 13:32:22,335|
lab29-1-1: message_number_2199. Sent time: 12.04 13:32:18,603| 12.04 13:32:20,605| ; C In: 12.04 13:32:22,336|
lab29-1-1: message_number_2200. Sent time: 12.04 13:32:18,604| 12.04 13:32:20,606| ; C In: 12.04 13:32:22,338|
lab29-1-1: message_number_2201. Sent time: 12.04 13:32:18,604| 12.04 13:32:20,606| ; C In: 12.04 13:32:22,339|
lab29-1-1: message_number_2202. Sent time: 12.04 13:32:18,604| 12.04 13:32:20,607| ; C In: 12.04 13:32:22,340|
lab29-1-1: message_number_2203. Sent time: 12.04 13:32:18,605| 12.04 13:32:20,607| ; C In: 12.04 13:32:22,341|
lab29-1-1: message_number_2204. Sent time: 12.04 13:32:18,605| 12.04 13:32:20,609| ; C In: 12.04 13:32:22,343|
lab29-1-1: message_number_2205. Sent time: 12.04 13:32:18,605| 12.04 13:32:20,608| ; C In: 12.04 13:32:22,344|
lab29-1-1: message_number_2206. Sent time: 12.04 13:32:18,605| 12.04 13:32:20,609| ; C In: 12.04 13:32:22,344|
lab29-1-1: message_number_2207. Sent time: 12.04 13:32:18,606| 12.04 13:32:20,608| ; C In: 12.04 13:32:22,345|
lab29-1-1: message_number_2208. Sent time: 12.04 13:32:18,606| 12.04 13:32:20,610| ; C In: 12.04 13:32:22,346|
lab29-1-1: message_number_2209. Sent time: 12.04 13:32:18,607| 12.04 13:32:20,610| ; C In: 12.04 13:32:22,347|
lab29-1-1: message_number_2210. Sent time: 12.04 13:32:18,607| 12.04 13:32:20,610| ; C In: 12.04 13:32:22,348|
..getmessages..Done...
12-clientserver@lab22.cpt.haw-hamburg.de<0.22059.0>-C-1-5: 2302te_Nachricht. C Out: 12.04 13:32:22,349|(2302) gesendet
12-clientserver@lab22.cpt.haw-hamburg.de<0.22059.0>-C-1-5: 2465te_Nachricht. C Out: 12.04 13:32:24,350|(2465) gesendet
12-clientserver@lab22.cpt.haw-hamburg.de<0.22059.0>-C-1-5: 2632te_Nachricht. C Out: 12.04 13:32:26,351|(2632) gesendet
12-clientserver@lab22.cpt.haw-hamburg.de<0.22059.0>-C-1-5: 2698te_Nachricht. C Out: 12.04 13:32:28,352|(2698) gesendet
12-clientserver@lab22.cpt.haw-hamburg.de<0.22059.0>-C-1-5: 2733te_Nachricht. C Out: 12.04 13:32:30,353|(2733) gesendet
2798te_Nachricht um 12.04 13:32:32,354|- vergessen zu senden ******
Neues Sendeintervall: 3 Sekunden
'clientNode@lab26.cpt.haw-hamburg.de'-<0.9112.0>-C-3-06:2679te Nachricht.C Out:12.04 13:32:32,869| 12.04 13:32:32,869| ; C In: 12.04 13:32:35,355|
Fehlernachricht fuer Nachrichtennummern 2680 bis 2687 ; C In: 12.04 13:32:35,356|
'clientNode@lab26.cpt.haw-hamburg.de'-<0.9115.0>-C-3-06:2688te Nachricht.C Out:12.04 13:32:33,951| 12.04 13:32:33,951| ; C In: 12.04 13:32:35,357|
Fehlernachricht fuer Nachrichtennummern 2689 bis 2711 ; C In: 12.04 13:32:35,357|
14-clientserver@lab22.cpt.haw-hamburg.de<0.22061.0>-C-1-5: 2712te_Nachricht. C Out: 12.04 13:32:29,946|(2712) 12.04 13:32:32,198| ; C In: 12.04 13:32:35,358|
16-clientserver@lab22.cpt.haw-hamburg.de<0.22063.0>-C-1-5: 2713te_Nachricht. C Out: 12.04 13:32:29,946|(2713) 12.04 13:32:32,198| ; C In: 12.04 13:32:35,359|
6-clientserver@lab22.cpt.haw-hamburg.de<0.22053.0>-C-1-5: 2714te_Nachricht. C Out: 12.04 13:32:29,947|(2714) 12.04 13:32:32,198| ; C In: 12.04 13:32:35,360|
9-clientserver@lab22.cpt.haw-hamburg.de<0.22056.0>-C-1-5: 2715te_Nachricht. C Out: 12.04 13:32:29,948|(2715) 12.04 13:32:32,199| ; C In: 12.04 13:32:35,362|
'clientNode@lab26.cpt.haw-hamburg.de'-<0.9128.0>-C-3-06:2716te Nachricht.C Out:12.04 13:32:33,980| 12.04 13:32:33,980| ; C In: 12.04 13:32:35,363|
Fehlernachricht fuer Nachrichtennummern 2717 bis 2726 ; C In: 12.04 13:32:35,364|
'clientNode@lab26.cpt.haw-hamburg.de'-<0.9109.0>-C-3-06:2727te Nachricht.C Out:12.04 13:32:32,005| 12.04 13:32:32,006| ; C In: 12.04 13:32:35,365|
'clientNode@lab26.cpt.haw-hamburg.de'-<0.9106.0>-C-3-06:2728te Nachricht.C Out:12.04 13:32:32,006| 12.04 13:32:32,006| ; C In: 12.04 13:32:35,366|
'clientNode@lab26.cpt.haw-hamburg.de'-<0.9123.0>-C-3-06:2729te Nachricht.C Out:12.04 13:32:32,013| 12.04 13:32:32,013| ; C In: 12.04 13:32:35,366|
4-clientserver@lab22.cpt.haw-hamburg.de<0.22051.0>-C-1-5: 2730te_Nachricht. C Out: 12.04 13:32:30,338|(2730) 12.04 13:32:32,339| ; C In: 12.04 13:32:35,367|
7-clientserver@lab22.cpt.haw-hamburg.de<0.22054.0>-C-1-5: 2731te_Nachricht. C Out: 12.04 13:32:30,338|(2731) 12.04 13:32:32,340| ; C In: 12.04 13:32:35,368|
5-clientserver@lab22.cpt.haw-hamburg.de<0.22052.0>-C-1-5: 2732te_Nachricht. C Out: 12.04 13:32:30,348|(2732) 12.04 13:32:32,349| ; C In: 12.04 13:32:35,369|
12-clientserver@lab22.cpt.haw-hamburg.de<0.22059.0>-C-1-5: 2733te_Nachricht. C Out: 12.04 13:32:30,353|(2733) 12.04 13:32:32,354| ; C In: 12.04 13:32:35,370|
13-clientserver@lab22.cpt.haw-hamburg.de<0.22060.0>-C-1-5: 2734te_Nachricht. C Out: 12.04 13:32:30,354|(2734) 12.04 13:32:32,355| ; C In: 12.04 13:32:35,371|
19-clientserver@lab22.cpt.haw-hamburg.de<0.22066.0>-C-1-5: 2735te_Nachricht. C Out: 12.04 13:32:30,355|(2735) 12.04 13:32:32,356| ; C In: 12.04 13:32:35,372|
Fehlernachricht fuer Nachrichtennummern 2736 bis 2748 ; C In: 12.04 13:32:35,373|
'clientNode2@lab26.cpt.haw-hamburg.de'-<0.382.0>-C-3-06:2749te Nachricht.C Out:12.04 13:32:33,792| 12.04 13:32:33,793| ; C In: 12.04 13:32:35,374|
Fehlernachricht fuer Nachrichtennummern 2750 bis 2758 ; C In: 12.04 13:32:35,375|
lab29-1-1: message_number_2759. Sent time: 12.04 13:32:30,834| 12.04 13:32:34,836| ; C In: 12.04 13:32:35,376|
lab29-1-1: message_number_2760. Sent time: 12.04 13:32:30,835| 12.04 13:32:34,837| ; C In: 12.04 13:32:35,377|
lab29-1-1: message_number_2761. Sent time: 12.04 13:32:30,836| 12.04 13:32:34,838| ; C In: 12.04 13:32:35,378|
lab29-1-1: message_number_2762. Sent time: 12.04 13:32:30,836| 12.04 13:32:34,837| ; C In: 12.04 13:32:35,379|
lab29-1-1: message_number_2763. Sent time: 12.04 13:32:30,836| 12.04 13:32:34,838| ; C In: 12.04 13:32:35,380|
lab29-1-1: message_number_2764. Sent time: 12.04 13:32:30,837| 12.04 13:32:34,839| ; C In: 12.04 13:32:35,381|
lab29-1-1: message_number_2765. Sent time: 12.04 13:32:30,837| 12.04 13:32:34,839| ; C In: 12.04 13:32:35,382|
lab29-1-1: message_number_2766. Sent time: 12.04 13:32:30,837| 12.04 13:32:34,841| ; C In: 12.04 13:32:35,383|
lab29-1-1: message_number_2767. Sent time: 12.04 13:32:30,838| 12.04 13:32:34,840| ; C In: 12.04 13:32:35,384|
lab29-1-1: message_number_2768. Sent time: 12.04 13:32:30,838| 12.04 13:32:34,841| ; C In: 12.04 13:32:35,385|
lab29-1-1: message_number_2769. Sent time: 12.04 13:32:30,838| 12.04 13:32:34,842| ; C In: 12.04 13:32:35,386|
lab29-1-1: message_number_2770. Sent time: 12.04 13:32:30,838| 12.04 13:32:34,843| ; C In: 12.04 13:32:35,386|
lab29-1-1: message_number_2771. Sent time: 12.04 13:32:30,839| 12.04 13:32:34,842| ; C In: 12.04 13:32:35,387|
lab29-1-1: message_number_2772. Sent time: 12.04 13:32:30,839| 12.04 13:32:34,845| ; C In: 12.04 13:32:35,387|
lab29-1-1: message_number_2773. Sent time: 12.04 13:32:30,839| 12.04 13:32:34,844| ; C In: 12.04 13:32:35,388|
lab29-1-1: message_number_2774. Sent time: 12.04 13:32:30,840| 12.04 13:32:34,846| ; C In: 12.04 13:32:35,389|
lab29-1-1: message_number_2775. Sent time: 12.04 13:32:30,840| 12.04 13:32:34,846| ; C In: 12.04 13:32:35,389|
lab29-1-1: message_number_2776. Sent time: 12.04 13:32:30,840| 12.04 13:32:34,847| ; C In: 12.04 13:32:35,390|
lab29-1-1: message_number_2777. Sent time: 12.04 13:32:30,841| 12.04 13:32:34,848| ; C In: 12.04 13:32:35,391|
lab29-1-1: message_number_2778. Sent time: 12.04 13:32:30,841| 12.04 13:32:34,848| ; C In: 12.04 13:32:35,391|
..getmessages..Done...
12-clientserver@lab22.cpt.haw-hamburg.de<0.22059.0>-C-1-5: 2857te_Nachricht. C Out: 12.04 13:32:35,392|(2857) gesendet
12-clientserver@lab22.cpt.haw-hamburg.de<0.22059.0>-C-1-5: 2922te_Nachricht. C Out: 12.04 13:32:38,393|(2922) gesendet
12-clientserver@lab22.cpt.haw-hamburg.de<0.22059.0>-C-1-5: 2979te_Nachricht. C Out: 12.04 13:32:41,394|(2979) gesendet
12-clientserver@lab22.cpt.haw-hamburg.de<0.22059.0>-C-1-5: 3062te_Nachricht. C Out: 12.04 13:32:44,395|(3062) gesendet
12-clientserver@lab22.cpt.haw-hamburg.de<0.22059.0>-C-1-5: 3137te_Nachricht. C Out: 12.04 13:32:47,396|(3137) gesendet
3221te_Nachricht um 12.04 13:32:50,397|- vergessen zu senden ******
Neues Sendeintervall: 4 Sekunden
Fehlernachricht fuer Nachrichtennummern 3150 bis 3146 ; C In: 12.04 13:32:54,898|
0-profB@lab31.cpt.haw-hamburg.de-<0.13162.0>-KLC: 3147te_Nachricht. C Out: 12.04 13:32:54,005| 12.04 13:32:54,007| ; C In: 12.04 13:32:54,898|
Fehlernachricht fuer Nachrichtennummern 3148 bis 3149 ; C In: 12.04 13:32:54,899|
9-profB@lab31.cpt.haw-hamburg.de-<0.13171.0>-KLC: 3150te_Nachricht. C Out: 12.04 13:32:54,006| 12.04 13:32:54,007| ; C In: 12.04 13:32:54,899|
6-profB@lab31.cpt.haw-hamburg.de-<0.13168.0>-KLC: 3151te_Nachricht. C Out: 12.04 13:32:54,007| 12.04 13:32:54,008| ; C In: 12.04 13:32:54,900|
Fehlernachricht fuer Nachrichtennummern 3152 bis 3152 ; C In: 12.04 13:32:54,900|
4-profB@lab31.cpt.haw-hamburg.de-<0.13166.0>-KLC: 3153te_Nachricht. C Out: 12.04 13:32:54,008| 12.04 13:32:54,008| ; C In: 12.04 13:32:54,901|
3-profB@lab31.cpt.haw-hamburg.de-<0.13165.0>-KLC: 3154te_Nachricht. C Out: 12.04 13:32:54,008| 12.04 13:32:54,009| ; C In: 12.04 13:32:54,901|
8-profB@lab31.cpt.haw-hamburg.de-<0.13170.0>-KLC: 3155te_Nachricht. C Out: 12.04 13:32:54,009| 12.04 13:32:54,010| ; C In: 12.04 13:32:54,902|
Fehlernachricht fuer Nachrichtennummern 3156 bis 3227 ; C In: 12.04 13:32:54,903|
'clientNode2@lab26.cpt.haw-hamburg.de'-<0.387.0>-C-3-06:3228te Nachricht.C Out:12.04 13:32:52,848| 12.04 13:32:52,849| ; C In: 12.04 13:32:54,903|
'clientNode2@lab26.cpt.haw-hamburg.de'-<0.373.0>-C-3-06:3229te Nachricht.C Out:12.04 13:32:52,848| 12.04 13:32:52,849| ; C In: 12.04 13:32:54,904|
Fehlernachricht fuer Nachrichtennummern 3230 bis 3230 ; C In: 12.04 13:32:54,904|
'clientNode2@lab26.cpt.haw-hamburg.de'-<0.395.0>-C-3-06:3231te Nachricht.C Out:12.04 13:32:52,902| 12.04 13:32:52,903| ; C In: 12.04 13:32:54,905|
'clientNode@lab26.cpt.haw-hamburg.de'-<0.9128.0>-C-3-06:3232te Nachricht.C Out:12.04 13:32:54,025| 12.04 13:32:54,029| ; C In: 12.04 13:32:54,906|
'clientNode@lab26.cpt.haw-hamburg.de'-<0.9123.0>-C-3-06:3233te Nachricht.C Out:12.04 13:32:54,071| 12.04 13:32:54,074| ; C In: 12.04 13:32:54,906|
'clientNode@lab26.cpt.haw-hamburg.de'-<0.9126.0>-C-3-06:3234te Nachricht.C Out:12.04 13:32:53,081| 12.04 13:32:53,082| ; C In: 12.04 13:32:54,907|
lab29-1-1: message_number_3235. Sent time: 12.04 13:32:51,123| 12.04 13:32:53,125| ; C In: 12.04 13:32:54,907|
lab29-1-1: message_number_3236. Sent time: 12.04 13:32:51,124| 12.04 13:32:53,125| ; C In: 12.04 13:32:54,908|
lab29-1-1: message_number_3237. Sent time: 12.04 13:32:51,124| 12.04 13:32:53,126| ; C In: 12.04 13:32:54,908|
lab29-1-1: message_number_3238. Sent time: 12.04 13:32:51,124| 12.04 13:32:53,126| ; C In: 12.04 13:32:54,909|
lab29-1-1: message_number_3239. Sent time: 12.04 13:32:51,125| 12.04 13:32:53,126| ; C In: 12.04 13:32:54,910|
lab29-1-1: message_number_3240. Sent time: 12.04 13:32:51,125| 12.04 13:32:53,127| ; C In: 12.04 13:32:54,910|
lab29-1-1: message_number_3241. Sent time: 12.04 13:32:51,125| 12.04 13:32:53,127| ; C In: 12.04 13:32:54,911|
lab29-1-1: message_number_3242. Sent time: 12.04 13:32:51,126| 12.04 13:32:53,128| ; C In: 12.04 13:32:54,911|
lab29-1-1: message_number_3243. Sent time: 12.04 13:32:51,126| 12.04 13:32:53,128| ; C In: 12.04 13:32:54,912|
lab29-1-1: message_number_3244. Sent time: 12.04 13:32:51,127| 12.04 13:32:53,128| ; C In: 12.04 13:32:54,912|
lab29-1-1: message_number_3245. Sent time: 12.04 13:32:51,127| 12.04 13:32:53,128| ; C In: 12.04 13:32:54,913|
lab29-1-1: message_number_3246. Sent time: 12.04 13:32:51,127| 12.04 13:32:53,129| ; C In: 12.04 13:32:54,913|
lab29-1-1: message_number_3247. Sent time: 12.04 13:32:51,127| 12.04 13:32:53,129| ; C In: 12.04 13:32:54,913|
lab29-1-1: message_number_3248. Sent time: 12.04 13:32:51,128| 12.04 13:32:53,129| ; C In: 12.04 13:32:54,914|
lab29-1-1: message_number_3249. Sent time: 12.04 13:32:51,128| 12.04 13:32:53,130| ; C In: 12.04 13:32:54,914|
lab29-1-1: message_number_3250. Sent time: 12.04 13:32:51,128| 12.04 13:32:53,130| ; C In: 12.04 13:32:54,914|
lab29-1-1: message_number_3251. Sent time: 12.04 13:32:51,129| 12.04 13:32:53,131| ; C In: 12.04 13:32:54,915|
lab29-1-1: message_number_3252. Sent time: 12.04 13:32:51,129| 12.04 13:32:53,131| ; C In: 12.04 13:32:54,915|
lab29-1-1: message_number_3253. Sent time: 12.04 13:32:51,130| 12.04 13:32:53,131| ; C In: 12.04 13:32:54,916|
lab29-1-1: message_number_3254. Sent time: 12.04 13:32:51,130| 12.04 13:32:53,132| ; C In: 12.04 13:32:54,916|
'clientNode2@lab26.cpt.haw-hamburg.de'-<0.382.0>-C-3-06:3255te Nachricht.C Out:12.04 13:32:53,827| 12.04 13:32:53,828| ; C In: 12.04 13:32:54,916|
'clientNode2@lab26.cpt.haw-hamburg.de'-<0.376.0>-C-3-06:3256te Nachricht.C Out:12.04 13:32:54,867| 12.04 13:32:54,868| ; C In: 12.04 13:32:54,917|
..getmessages..Done...
12-clientserver@lab22.cpt.haw-hamburg.de<0.22059.0>-C-1-5: 3562te_Nachricht. C Out: 12.04 13:32:54,917|(3562) gesendet
12-clientserver@lab22.cpt.haw-hamburg.de<0.22059.0>-C-1-5: 3761te_Nachricht. C Out: 12.04 13:32:59,418|(3761) gesendet
12-clientserver@lab22.cpt.haw-hamburg.de<0.22059.0>-C-1-5: 3925te_Nachricht. C Out: 12.04 13:33:03,919|(3925) gesendet
12-clientserver@lab22.cpt.haw-hamburg.de<0.22059.0>-C-1-5: 4127te_Nachricht. C Out: 12.04 13:33:08,420|(4127) gesendet
12-clientserver@lab22.cpt.haw-hamburg.de<0.22059.0>-C-1-5: 4467te_Nachricht. C Out: 12.04 13:33:12,921|(4467) gesendet
4638te_Nachricht um 12.04 13:33:17,422|- vergessen zu senden ******
Neues Sendeintervall: 2 Sekunden
6-profA@lab31.cpt.haw-hamburg.de-<0.11492.0>-KLC: 4542te_Nachricht. C Out: 12.04 13:33:17,864| 12.04 13:33:17,874| ; C In: 12.04 13:33:19,673|
4-profA@lab31.cpt.haw-hamburg.de-<0.11490.0>-KLC: 4543te_Nachricht. C Out: 12.04 13:33:17,865| 12.04 13:33:17,874| ; C In: 12.04 13:33:19,673|
9-profA@lab31.cpt.haw-hamburg.de-<0.11495.0>-KLC: 4544te_Nachricht. C Out: 12.04 13:33:17,865| 12.04 13:33:17,875| ; C In: 12.04 13:33:19,674|
2-profA@lab31.cpt.haw-hamburg.de-<0.11488.0>-KLC: 4545te_Nachricht. C Out: 12.04 13:33:17,865| 12.04 13:33:17,876| ; C In: 12.04 13:33:19,674|
Fehlernachricht fuer Nachrichtennummern 4477 bis 4552 ; C In: 12.04 13:33:19,675|
'clientNode2@lab26.cpt.haw-hamburg.de'-<0.382.0>-C-3-06:4553te Nachricht.C Out:12.04 13:33:17,871| 12.04 13:33:17,879| ; C In: 12.04 13:33:19,675|
Fehlernachricht fuer Nachrichtennummern 4554 bis 4558 ; C In: 12.04 13:33:19,676|
16-clientserver@lab22.cpt.haw-hamburg.de<0.22063.0>-C-1-5: 4559te_Nachricht. C Out: 12.04 13:33:15,084|(4559) 12.04 13:33:18,085| ; C In: 12.04 13:33:19,676|
6-clientserver@lab22.cpt.haw-hamburg.de<0.22053.0>-C-1-5: 4560te_Nachricht. C Out: 12.04 13:33:15,085|(4560) 12.04 13:33:18,085| ; C In: 12.04 13:33:19,677|
Fehlernachricht fuer Nachrichtennummern 4561 bis 4569 ; C In: 12.04 13:33:19,677|
lab29-1-1: message_number_4570. Sent time: 12.04 13:33:15,658| 12.04 13:33:17,660| ; C In: 12.04 13:33:19,678|
lab29-1-1: message_number_4571. Sent time: 12.04 13:33:15,658| 12.04 13:33:17,662| ; C In: 12.04 13:33:19,678|
lab29-1-1: message_number_4572. Sent time: 12.04 13:33:15,659| 12.04 13:33:17,662| ; C In: 12.04 13:33:19,679|
lab29-1-1: message_number_4573. Sent time: 12.04 13:33:15,659| 12.04 13:33:17,661| ; C In: 12.04 13:33:19,679|
lab29-1-1: message_number_4574. Sent time: 12.04 13:33:15,660| 12.04 13:33:17,663| ; C In: 12.04 13:33:19,680|
lab29-1-1: message_number_4575. Sent time: 12.04 13:33:15,660| 12.04 13:33:17,664| ; C In: 12.04 13:33:19,680|
Fehlernachricht fuer Nachrichtennummern 4457 bis 4577 ; C In: 12.04 13:33:19,681|
lab29-1-1: message_number_4578. Sent time: 12.04 13:33:15,660| 12.04 13:33:17,665| ; C In: 12.04 13:33:19,681|
Fehlernachricht fuer Nachrichtennummern 4480 bis 4579 ; C In: 12.04 13:33:19,682|
lab29-1-1: message_number_4580. Sent time: 12.04 13:33:15,661| 12.04 13:33:17,667| ; C In: 12.04 13:33:19,683|
lab29-1-1: message_number_4581. Sent time: 12.04 13:33:15,661| 12.04 13:33:17,667| ; C In: 12.04 13:33:19,683|
lab29-1-1: message_number_4582. Sent time: 12.04 13:33:15,662| 12.04 13:33:17,667| ; C In: 12.04 13:33:19,683|
[lab28|0304]: 4583te Nachricht. C Out: 12.04 13:33:17,662| 12.04 13:33:17,668| ; C In: 12.04 13:33:19,684|
lab29-1-1: message_number_4584. Sent time: 12.04 13:33:15,663| 12.04 13:33:17,670| ; C In: 12.04 13:33:19,684|
lab29-1-1: message_number_4585. Sent time: 12.04 13:33:15,664| 12.04 13:33:17,670| ; C In: 12.04 13:33:19,685|
lab29-1-1: message_number_4586. Sent time: 12.04 13:33:15,664| 12.04 13:33:17,671| ; C In: 12.04 13:33:19,685|
lab29-1-1: message_number_4587. Sent time: 12.04 13:33:15,664| 12.04 13:33:17,672| ; C In: 12.04 13:33:19,686|
[lab28|0304]: 4588te Nachricht. C Out: 12.04 13:33:17,664| 12.04 13:33:17,671| ; C In: 12.04 13:33:19,686|
[lab28|0304]: 4589te Nachricht. C Out: 12.04 13:33:17,665| 12.04 13:33:17,673| ; C In: 12.04 13:33:19,686|
[lab28|0304]: 4590te Nachricht. C Out: 12.04 13:33:17,665| 12.04 13:33:17,672| ; C In: 12.04 13:33:19,687|
[lab28|0304]: 4591te Nachricht. C Out: 12.04 13:33:17,665| 12.04 13:33:17,673| ; C In: 12.04 13:33:19,687|
[lab28|0304]: 4592te Nachricht. C Out: 12.04 13:33:17,666| 12.04 13:33:17,675| ; C In: 12.04 13:33:19,688|
[lab28|0304]: 4593te Nachricht. C Out: 12.04 13:33:17,666| 12.04 13:33:17,675| ; C In: 12.04 13:33:19,688|
[lab28|0304]: 4594te Nachricht. C Out: 12.04 13:33:17,666| 12.04 13:33:17,675| ; C In: 12.04 13:33:19,688|
9-clientserver@lab22.cpt.haw-hamburg.de<0.22056.0>-C-1-5: 4595te_Nachricht. C Out: 12.04 13:33:15,788|(4595) 12.04 13:33:18,789| ; C In: 12.04 13:33:19,689|
..getmessages..Done...
12-clientserver@lab22.cpt.haw-hamburg.de<0.22059.0>-C-1-5: 4742te_Nachricht. C Out: 12.04 13:33:19,689|(4742) gesendet
12-clientserver@lab22.cpt.haw-hamburg.de<0.22059.0>-C-1-5: 4822te_Nachricht. C Out: 12.04 13:33:21,940|(4822) gesendet
12-clientserver@lab22.cpt.haw-hamburg.de<0.22059.0>-C-1-5: 4896te_Nachricht. C Out: 12.04 13:33:24,191|(4896) gesendet
12-clientserver@lab22.cpt.haw-hamburg.de<0.22059.0>-C-1-5: 4946te_Nachricht. C Out: 12.04 13:33:26,442|(4946) gesendet
12-clientserver@lab22.cpt.haw-hamburg.de<0.22059.0>-C-1-5: 4993te_Nachricht. C Out: 12.04 13:33:28,694|(4993) gesendet
5026te_Nachricht um 12.04 13:33:30,946|- vergessen zu senden ******
Neues Sendeintervall: 2 Sekunden
19-clientserver@lab22.cpt.haw-hamburg.de<0.22066.0>-C-1-5: 4947te_Nachricht. C Out: 12.04 13:33:26,458|(4947) 12.04 13:33:28,459| ; C In: 12.04 13:33:32,947|
13-clientserver@lab22.cpt.haw-hamburg.de<0.22060.0>-C-1-5: 4948te_Nachricht. C Out: 12.04 13:33:26,463|(4948) 12.04 13:33:28,465| ; C In: 12.04 13:33:32,947|
[lab28|0304]: 4949te Nachricht. C Out: 12.04 13:33:30,743| 12.04 13:33:30,744| ; C In: 12.04 13:33:32,948|
[lab28|0304]: 4950te Nachricht. C Out: 12.04 13:33:30,745| 12.04 13:33:30,746| ; C In: 12.04 13:33:32,949|
[lab28|0304]: 4951te Nachricht. C Out: 12.04 13:33:28,747| 12.04 13:33:28,748| ; C In: 12.04 13:33:32,949|
[lab28|0304]: 4952te Nachricht. C Out: 12.04 13:33:28,748| 12.04 13:33:28,749| ; C In: 12.04 13:33:32,949|
[lab28|0304]: 4953te Nachricht. C Out: 12.04 13:33:28,748| 12.04 13:33:28,749| ; C In: 12.04 13:33:32,950|
9-clientserver@lab22.cpt.haw-hamburg.de<0.22056.0>-C-1-5: 4954te_Nachricht. C Out: 12.04 13:33:26,813|(4954) 12.04 13:33:28,814| ; C In: 12.04 13:33:32,950|
[lab28|0304]: 4955te Nachricht. C Out: 12.04 13:33:29,949| 12.04 13:33:29,950| ; C In: 12.04 13:33:32,951|
[lab28|0304]: 4956te Nachricht. C Out: 12.04 13:33:29,949| 12.04 13:33:29,951| ; C In: 12.04 13:33:32,951|
[lab28|0304]: 4957te Nachricht. C Out: 12.04 13:33:29,950| 12.04 13:33:29,951| ; C In: 12.04 13:33:32,951|
Fehlernachricht fuer Nachrichtennummern 4943 bis 4961 ; C In: 12.04 13:33:32,952|
14-clientserver@lab22.cpt.haw-hamburg.de<0.22061.0>-C-1-5: 4962te_Nachricht. C Out: 12.04 13:33:27,094|(4962) 12.04 13:33:30,096| ; C In: 12.04 13:33:32,953|
Fehlernachricht fuer Nachrichtennummern 4922 bis 4971 ; C In: 12.04 13:33:32,954|
[lab28|0304]: 4972te Nachricht. C Out: 12.04 13:33:30,727| 12.04 13:33:30,728| ; C In: 12.04 13:33:32,955|
[lab28|0304]: 4973te Nachricht. C Out: 12.04 13:33:30,728| 12.04 13:33:30,729| ; C In: 12.04 13:33:32,956|
[lab28|0304]: 4974te Nachricht. C Out: 12.04 13:33:30,728| 12.04 13:33:30,729| ; C In: 12.04 13:33:32,958|
Fehlernachricht fuer Nachrichtennummern 4975 bis 4975 ; C In: 12.04 13:33:32,959|
[lab28|0304]: 4976te Nachricht. C Out: 12.04 13:33:31,728| 12.04 13:33:31,729| ; C In: 12.04 13:33:32,960|
15-clientserver@lab22.cpt.haw-hamburg.de<0.22062.0>-C-1-5: 4977te_Nachricht. C Out: 12.04 13:33:27,909|(4977) 12.04 13:33:30,910| ; C In: 12.04 13:33:32,961|
Fehlernachricht fuer Nachrichtennummern 4978 bis 4982 ; C In: 12.04 13:33:32,962|
8-clientserver@lab22.cpt.haw-hamburg.de<0.22055.0>-C-1-5: 4983te_Nachricht. C Out: 12.04 13:33:27,995|(4983) 12.04 13:33:29,997| ; C In: 12.04 13:33:32,963|
[lab28|0304]: 4984te Nachricht. C Out: 12.04 13:33:31,006| 12.04 13:33:31,007| ; C In: 12.04 13:33:32,964|
[lab28|0304]: 4985te Nachricht. C Out: 12.04 13:33:31,007| 12.04 13:33:31,008| ; C In: 12.04 13:33:32,966|
[lab28|0304]: 4986te Nachricht. C Out: 12.04 13:33:30,007| 12.04 13:33:30,008| ; C In: 12.04 13:33:32,967|
[lab28|0304]: 4987te Nachricht. C Out: 12.04 13:33:30,007| 12.04 13:33:30,008| ; C In: 12.04 13:33:32,968|
[lab28|0304]: 4988te Nachricht. C Out: 12.04 13:33:30,007| 12.04 13:33:30,009| ; C In: 12.04 13:33:32,969|
4-clientserver@lab22.cpt.haw-hamburg.de<0.22051.0>-C-1-5: 4989te_Nachricht. C Out: 12.04 13:33:28,441|(4989) 12.04 13:33:30,443| ; C In: 12.04 13:33:32,970|
19-clientserver@lab22.cpt.haw-hamburg.de<0.22066.0>-C-1-5: 4990te_Nachricht. C Out: 12.04 13:33:28,459|(4990) 12.04 13:33:30,460| ; C In: 12.04 13:33:32,972|
13-clientserver@lab22.cpt.haw-hamburg.de<0.22060.0>-C-1-5: 4991te_Nachricht. C Out: 12.04 13:33:28,465|(4991) 12.04 13:33:30,466| ; C In: 12.04 13:33:32,973|
5-clientserver@lab22.cpt.haw-hamburg.de<0.22052.0>-C-1-5: 4992te_Nachricht. C Out: 12.04 13:33:28,690|(4992) 12.04 13:33:30,941| ; C In: 12.04 13:33:32,974|
12-clientserver@lab22.cpt.haw-hamburg.de<0.22059.0>-C-1-5: 4993te_Nachricht. C Out: 12.04 13:33:28,694|(4993) 12.04 13:33:30,946| ; C In: 12.04 13:33:32,975|
[lab28|0304]: 4994te Nachricht. C Out: 12.04 13:33:31,746| 12.04 13:33:31,747| ; C In: 12.04 13:33:32,976|
[lab28|0304]: 4995te Nachricht. C Out: 12.04 13:33:31,747| 12.04 13:33:31,748| ; C In: 12.04 13:33:32,977|
[lab28|0304]: 4996te Nachricht. C Out: 12.04 13:33:30,748| 12.04 13:33:30,749| ; C In: 12.04 13:33:32,979|
[lab28|0304]: 4997te Nachricht. C Out: 12.04 13:33:30,749| 12.04 13:33:30,750| ; C In: 12.04 13:33:32,980|
[lab28|0304]: 4998te Nachricht. C Out: 12.04 13:33:30,750| 12.04 13:33:30,751| ; C In: 12.04 13:33:32,981|
9-clientserver@lab22.cpt.haw-hamburg.de<0.22056.0>-C-1-5: 4999te_Nachricht. C Out: 12.04 13:33:28,814|(4999) 12.04 13:33:30,816| ; C In: 12.04 13:33:32,982|
..getmessages..Done...
12-clientserver@lab22.cpt.haw-hamburg.de<0.22059.0>-C-1-5: 5054te_Nachricht. C Out: 12.04 13:33:32,983|(5054) gesendet
12-clientserver@lab22.cpt.haw-hamburg.de<0.22059.0>-C-1-5: 5086te_Nachricht. C Out: 12.04 13:33:34,985|(5086) gesendet
12-clientserver@lab22.cpt.haw-hamburg.de<0.22059.0>-C-1-5: 5111te_Nachricht. C Out: 12.04 13:33:36,987|(5111) gesendet
12-clientserver@lab22.cpt.haw-hamburg.de<0.22059.0>-C-1-5: 5139te_Nachricht. C Out: 12.04 13:33:38,989|(5139) gesendet
12-clientserver@lab22.cpt.haw-hamburg.de<0.22059.0>-C-1-5: 5165te_Nachricht. C Out: 12.04 13:33:40,991|(5165) gesendet
12-clientserver@lab22.cpt.haw-hamburg.de<0.22059.0>-C-1-5: Lebenszeit um. Wird beendet.
