7-clientserver@lab22.cpt.haw-hamburg.de<0.22054.0>-C-1-5: Start: 12.04 13:31:41,034|.
7-clientserver@lab22.cpt.haw-hamburg.de<0.22054.0>-C-1-5: 618te_Nachricht. C Out: 12.04 13:31:41,034|(618) gesendet
7-clientserver@lab22.cpt.haw-hamburg.de<0.22054.0>-C-1-5: 696te_Nachricht. C Out: 12.04 13:31:44,039|(696) gesendet
7-clientserver@lab22.cpt.haw-hamburg.de<0.22054.0>-C-1-5: 798te_Nachricht. C Out: 12.04 13:31:47,042|(798) gesendet
7-clientserver@lab22.cpt.haw-hamburg.de<0.22054.0>-C-1-5: 1085te_Nachricht. C Out: 12.04 13:31:50,044|(1085) gesendet
7-clientserver@lab22.cpt.haw-hamburg.de<0.22054.0>-C-1-5: 1186te_Nachricht. C Out: 12.04 13:31:53,046|(1186) gesendet
1240te_Nachricht um 12.04 13:31:56,048|- vergessen zu senden ******
Neues Sendeintervall: 2 Sekunden
Fehlernachricht fuer Nachrichtennummern 1157 bis 1166 ; C In: 12.04 13:31:58,051|
'clientNode@lab26.cpt.haw-hamburg.de'-<0.9109.0>-C-3-06:1167te Nachricht.C Out:12.04 13:31:55,890| 12.04 13:31:55,890| ; C In: 12.04 13:31:58,056|
'clientNode@lab26.cpt.haw-hamburg.de'-<0.9123.0>-C-3-06:1168te Nachricht.C Out:12.04 13:31:54,891| 12.04 13:31:54,891| ; C In: 12.04 13:31:58,060|
'clientNode@lab26.cpt.haw-hamburg.de'-<0.9117.0>-C-3-06:1169te Nachricht.C Out:12.04 13:31:54,891| 12.04 13:31:54,892| ; C In: 12.04 13:31:58,065|
'clientNode@lab26.cpt.haw-hamburg.de'-<0.9115.0>-C-3-06:1170te Nachricht.C Out:12.04 13:31:55,892| 12.04 13:31:55,892| ; C In: 12.04 13:31:58,069|
'clientNode@lab26.cpt.haw-hamburg.de'-<0.9106.0>-C-3-06:1171te Nachricht.C Out:12.04 13:31:55,892| 12.04 13:31:55,893| ; C In: 12.04 13:31:58,074|
'clientNode@lab26.cpt.haw-hamburg.de'-<0.9126.0>-C-3-06:1172te Nachricht.C Out:12.04 13:31:54,892| 12.04 13:31:54,893| ; C In: 12.04 13:31:58,078|
'clientNode@lab26.cpt.haw-hamburg.de'-<0.9128.0>-C-3-06:1173te Nachricht.C Out:12.04 13:31:54,892| 12.04 13:31:54,893| ; C In: 12.04 13:31:58,082|
3-clientserver@lab22.cpt.haw-hamburg.de<0.22050.0>-C-1-5: 1174te_Nachricht. C Out: 12.04 13:31:53,041|(1174) 12.04 13:31:56,042| ; C In: 12.04 13:31:58,086|
0-clientserver@lab22.cpt.haw-hamburg.de<0.22046.0>-C-1-5: 1175te_Nachricht. C Out: 12.04 13:31:53,042|(1175) 12.04 13:31:56,043| ; C In: 12.04 13:31:58,090|
1-clientserver@lab22.cpt.haw-hamburg.de<0.22047.0>-C-1-5: 1176te_Nachricht. C Out: 12.04 13:31:53,042|(1176) 12.04 13:31:56,043| ; C In: 12.04 13:31:58,094|
11-clientserver@lab22.cpt.haw-hamburg.de<0.22058.0>-C-1-5: 1177te_Nachricht. C Out: 12.04 13:31:53,042|(1177) 12.04 13:31:56,044| ; C In: 12.04 13:31:58,098|
14-clientserver@lab22.cpt.haw-hamburg.de<0.22061.0>-C-1-5: 1178te_Nachricht. C Out: 12.04 13:31:53,043|(1178) 12.04 13:31:56,044| ; C In: 12.04 13:31:58,102|
16-clientserver@lab22.cpt.haw-hamburg.de<0.22063.0>-C-1-5: 1179te_Nachricht. C Out: 12.04 13:31:53,043|(1179) 12.04 13:31:56,045| ; C In: 12.04 13:31:58,106|
2-clientserver@lab22.cpt.haw-hamburg.de<0.22048.0>-C-1-5: 1180te_Nachricht. C Out: 12.04 13:31:53,043|(1180) 12.04 13:31:56,045| ; C In: 12.04 13:31:58,114|
4-clientserver@lab22.cpt.haw-hamburg.de<0.22051.0>-C-1-5: 1181te_Nachricht. C Out: 12.04 13:31:53,044|(1181) 12.04 13:31:56,046| ; C In: 12.04 13:31:58,121|
17-clientserver@lab22.cpt.haw-hamburg.de<0.22064.0>-C-1-5: 1182te_Nachricht. C Out: 12.04 13:31:53,044|(1182) 12.04 13:31:56,046| ; C In: 12.04 13:31:58,125|
6-clientserver@lab22.cpt.haw-hamburg.de<0.22053.0>-C-1-5: 1183te_Nachricht. C Out: 12.04 13:31:53,045|(1183) 12.04 13:31:56,047| ; C In: 12.04 13:31:58,129|
8-clientserver@lab22.cpt.haw-hamburg.de<0.22055.0>-C-1-5: 1184te_Nachricht. C Out: 12.04 13:31:53,046|(1184) 12.04 13:31:56,047| ; C In: 12.04 13:31:58,133|
5-clientserver@lab22.cpt.haw-hamburg.de<0.22052.0>-C-1-5: 1185te_Nachricht. C Out: 12.04 13:31:53,046|(1185) 12.04 13:31:56,048| ; C In: 12.04 13:31:58,136|
7-clientserver@lab22.cpt.haw-hamburg.de<0.22054.0>-C-1-5: 1186te_Nachricht. C Out: 12.04 13:31:53,046|(1186) 12.04 13:31:56,048| ; C In: 12.04 13:31:58,140|
10-clientserver@lab22.cpt.haw-hamburg.de<0.22057.0>-C-1-5: 1187te_Nachricht. C Out: 12.04 13:31:53,046|(1187) 12.04 13:31:56,048| ; C In: 12.04 13:31:58,144|
9-clientserver@lab22.cpt.haw-hamburg.de<0.22056.0>-C-1-5: 1188te_Nachricht. C Out: 12.04 13:31:53,047|(1188) 12.04 13:31:56,049| ; C In: 12.04 13:31:58,148|
12-clientserver@lab22.cpt.haw-hamburg.de<0.22059.0>-C-1-5: 1189te_Nachricht. C Out: 12.04 13:31:53,047|(1189) 12.04 13:31:56,049| ; C In: 12.04 13:31:58,151|
13-clientserver@lab22.cpt.haw-hamburg.de<0.22060.0>-C-1-5: 1190te_Nachricht. C Out: 12.04 13:31:53,048|(1190) 12.04 13:31:56,050| ; C In: 12.04 13:31:58,155|
18-clientserver@lab22.cpt.haw-hamburg.de<0.22065.0>-C-1-5: 1191te_Nachricht. C Out: 12.04 13:31:53,048|(1191) 12.04 13:31:56,050| ; C In: 12.04 13:31:58,159|
15-clientserver@lab22.cpt.haw-hamburg.de<0.22062.0>-C-1-5: 1192te_Nachricht. C Out: 12.04 13:31:53,048|(1192) 12.04 13:31:56,050| ; C In: 12.04 13:31:58,162|
19-clientserver@lab22.cpt.haw-hamburg.de<0.22066.0>-C-1-5: 1193te_Nachricht. C Out: 12.04 13:31:53,048|(1193) 12.04 13:31:56,051| ; C In: 12.04 13:31:58,166|
'clientNode2@lab26.cpt.haw-hamburg.de'-<0.384.0>-C-3-06:1194te Nachricht.C Out:12.04 13:31:56,730| 12.04 13:31:56,731| ; C In: 12.04 13:31:58,170|
'clientNode2@lab26.cpt.haw-hamburg.de'-<0.379.0>-C-3-06:1195te Nachricht.C Out:12.04 13:31:56,732| 12.04 13:31:56,733| ; C In: 12.04 13:31:58,174|
'clientNode2@lab26.cpt.haw-hamburg.de'-<0.370.0>-C-3-06:1196te Nachricht.C Out:12.04 13:31:56,732| 12.04 13:31:56,733| ; C In: 12.04 13:31:58,178|
'clientNode2@lab26.cpt.haw-hamburg.de'-<0.395.0>-C-3-06:1197te Nachricht.C Out:12.04 13:31:56,733| 12.04 13:31:56,734| ; C In: 12.04 13:31:58,182|
5-profB@lab31.cpt.haw-hamburg.de-<0.13167.0>-KLC: 1198te_Nachricht. C Out: 12.04 13:31:57,814| 12.04 13:31:57,815| ; C In: 12.04 13:31:58,185|
0-profB@lab31.cpt.haw-hamburg.de-<0.13162.0>-KLC: 1199te_Nachricht. C Out: 12.04 13:31:57,814| 12.04 13:31:57,816| ; C In: 12.04 13:31:58,189|
7-profB@lab31.cpt.haw-hamburg.de-<0.13169.0>-KLC: 1200te_Nachricht. C Out: 12.04 13:31:57,815| 12.04 13:31:57,816| ; C In: 12.04 13:31:58,193|
4-profB@lab31.cpt.haw-hamburg.de-<0.13166.0>-KLC: 1201te_Nachricht. C Out: 12.04 13:31:57,815| 12.04 13:31:57,817| ; C In: 12.04 13:31:58,198|
9-profB@lab31.cpt.haw-hamburg.de-<0.13171.0>-KLC: 1202te_Nachricht. C Out: 12.04 13:31:57,816| 12.04 13:31:57,817| ; C In: 12.04 13:31:58,201|
1-profB@lab31.cpt.haw-hamburg.de-<0.13163.0>-KLC: 1203te_Nachricht. C Out: 12.04 13:31:57,816| 12.04 13:31:57,818| ; C In: 12.04 13:31:58,205|
2-profB@lab31.cpt.haw-hamburg.de-<0.13164.0>-KLC: 1204te_Nachricht. C Out: 12.04 13:31:57,817| 12.04 13:31:57,818| ; C In: 12.04 13:31:58,208|
3-profB@lab31.cpt.haw-hamburg.de-<0.13165.0>-KLC: 1205te_Nachricht. C Out: 12.04 13:31:57,817| 12.04 13:31:57,819| ; C In: 12.04 13:31:58,211|
6-profB@lab31.cpt.haw-hamburg.de-<0.13168.0>-KLC: 1206te_Nachricht. C Out: 12.04 13:31:57,818| 12.04 13:31:57,819| ; C In: 12.04 13:31:58,213|
8-profB@lab31.cpt.haw-hamburg.de-<0.13170.0>-KLC: 1207te_Nachricht. C Out: 12.04 13:31:57,818| 12.04 13:31:57,820| ; C In: 12.04 13:31:58,215|
..getmessages..Done...
7-clientserver@lab22.cpt.haw-hamburg.de<0.22054.0>-C-1-5: 1338te_Nachricht. C Out: 12.04 13:31:58,217|(1338) gesendet
7-clientserver@lab22.cpt.haw-hamburg.de<0.22054.0>-C-1-5: 1395te_Nachricht. C Out: 12.04 13:32:00,219|(1395) gesendet
7-clientserver@lab22.cpt.haw-hamburg.de<0.22054.0>-C-1-5: 1480te_Nachricht. C Out: 12.04 13:32:02,220|(1480) gesendet
7-clientserver@lab22.cpt.haw-hamburg.de<0.22054.0>-C-1-5: 1644te_Nachricht. C Out: 12.04 13:32:04,221|(1644) gesendet
7-clientserver@lab22.cpt.haw-hamburg.de<0.22054.0>-C-1-5: 1808te_Nachricht. C Out: 12.04 13:32:06,230|(1808) gesendet
1869te_Nachricht um 12.04 13:32:08,231|- vergessen zu senden ******
Neues Sendeintervall: 3 Sekunden
17-clientserver@lab22.cpt.haw-hamburg.de<0.22064.0>-C-1-5: 1775te_Nachricht. C Out: 12.04 13:32:05,146|(1775) 12.04 13:32:09,647| ; C In: 12.04 13:32:11,233|
8-clientserver@lab22.cpt.haw-hamburg.de<0.22055.0>-C-1-5: 1776te_Nachricht. C Out: 12.04 13:32:05,146|(1776) 12.04 13:32:09,647| ; C In: 12.04 13:32:11,234|
6-clientserver@lab22.cpt.haw-hamburg.de<0.22053.0>-C-1-5: 1777te_Nachricht. C Out: 12.04 13:32:05,147|(1777) 12.04 13:32:09,648| ; C In: 12.04 13:32:11,236|
9-clientserver@lab22.cpt.haw-hamburg.de<0.22056.0>-C-1-5: 1778te_Nachricht. C Out: 12.04 13:32:05,147|(1778) 12.04 13:32:09,649| ; C In: 12.04 13:32:11,238|
Fehlernachricht fuer Nachrichtennummern 1779 bis 1779 ; C In: 12.04 13:32:11,239|
'clientNode2@lab26.cpt.haw-hamburg.de'-<0.384.0>-C-3-06:1780te Nachricht.C Out:12.04 13:32:09,751| 12.04 13:32:09,752| ; C In: 12.04 13:32:11,242|
'clientNode@lab26.cpt.haw-hamburg.de'-<0.9128.0>-C-3-06:1781te Nachricht.C Out:12.04 13:32:08,946| 12.04 13:32:08,946| ; C In: 12.04 13:32:11,243|
Fehlernachricht fuer Nachrichtennummern 1782 bis 1837 ; C In: 12.04 13:32:11,245|
'clientNode2@lab26.cpt.haw-hamburg.de'-<0.387.0>-C-3-06:1838te Nachricht.C Out:12.04 13:32:08,777| 12.04 13:32:08,778| ; C In: 12.04 13:32:11,247|
'clientNode2@lab26.cpt.haw-hamburg.de'-<0.376.0>-C-3-06:1839te Nachricht.C Out:12.04 13:32:08,778| 12.04 13:32:08,779| ; C In: 12.04 13:32:11,249|
'clientNode2@lab26.cpt.haw-hamburg.de'-<0.373.0>-C-3-06:1840te Nachricht.C Out:12.04 13:32:08,778| 12.04 13:32:08,779| ; C In: 12.04 13:32:11,251|
'clientNode2@lab26.cpt.haw-hamburg.de'-<0.395.0>-C-3-06:1841te Nachricht.C Out:12.04 13:32:09,800| 12.04 13:32:09,801| ; C In: 12.04 13:32:11,253|
'clientNode2@lab26.cpt.haw-hamburg.de'-<0.379.0>-C-3-06:1842te Nachricht.C Out:12.04 13:32:08,801| 12.04 13:32:08,802| ; C In: 12.04 13:32:11,255|
'clientNode2@lab26.cpt.haw-hamburg.de'-<0.370.0>-C-3-06:1843te Nachricht.C Out:12.04 13:32:08,802| 12.04 13:32:08,803| ; C In: 12.04 13:32:11,256|
'clientNode@lab26.cpt.haw-hamburg.de'-<0.9123.0>-C-3-06:1844te Nachricht.C Out:12.04 13:32:08,945| 12.04 13:32:08,945| ; C In: 12.04 13:32:11,258|
'clientNode@lab26.cpt.haw-hamburg.de'-<0.9117.0>-C-3-06:1845te Nachricht.C Out:12.04 13:32:08,947| 12.04 13:32:08,947| ; C In: 12.04 13:32:11,260|
'clientNode@lab26.cpt.haw-hamburg.de'-<0.9126.0>-C-3-06:1846te Nachricht.C Out:12.04 13:32:08,947| 12.04 13:32:08,947| ; C In: 12.04 13:32:11,262|
Fehlernachricht fuer Nachrichtennummern 1847 bis 1849 ; C In: 12.04 13:32:11,264|
'clientNode@lab26.cpt.haw-hamburg.de'-<0.9109.0>-C-3-06:1850te Nachricht.C Out:12.04 13:32:09,929| 12.04 13:32:09,929| ; C In: 12.04 13:32:11,265|
Fehlernachricht fuer Nachrichtennummern 1851 bis 1851 ; C In: 12.04 13:32:11,267|
'clientNode@lab26.cpt.haw-hamburg.de'-<0.9106.0>-C-3-06:1852te Nachricht.C Out:12.04 13:32:09,930| 12.04 13:32:09,930| ; C In: 12.04 13:32:11,269|
Fehlernachricht fuer Nachrichtennummern 1853 bis 1875 ; C In: 12.04 13:32:11,271|
lab29-1-1: message_number_1876. Sent time: 12.04 13:32:08,450| 12.04 13:32:10,452| ; C In: 12.04 13:32:11,273|
lab29-1-1: message_number_1877. Sent time: 12.04 13:32:08,451| 12.04 13:32:10,452| ; C In: 12.04 13:32:11,275|
lab29-1-1: message_number_1878. Sent time: 12.04 13:32:08,451| 12.04 13:32:10,453| ; C In: 12.04 13:32:11,277|
lab29-1-1: message_number_1879. Sent time: 12.04 13:32:08,452| 12.04 13:32:10,453| ; C In: 12.04 13:32:11,278|
lab29-1-1: message_number_1880. Sent time: 12.04 13:32:08,452| 12.04 13:32:10,454| ; C In: 12.04 13:32:11,280|
lab29-1-1: message_number_1881. Sent time: 12.04 13:32:08,452| 12.04 13:32:10,454| ; C In: 12.04 13:32:11,282|
lab29-1-1: message_number_1882. Sent time: 12.04 13:32:08,453| 12.04 13:32:10,454| ; C In: 12.04 13:32:11,284|
lab29-1-1: message_number_1883. Sent time: 12.04 13:32:08,453| 12.04 13:32:10,455| ; C In: 12.04 13:32:11,286|
lab29-1-1: message_number_1884. Sent time: 12.04 13:32:08,453| 12.04 13:32:10,455| ; C In: 12.04 13:32:11,288|
lab29-1-1: message_number_1885. Sent time: 12.04 13:32:08,454| 12.04 13:32:10,456| ; C In: 12.04 13:32:11,290|
lab29-1-1: message_number_1886. Sent time: 12.04 13:32:08,454| 12.04 13:32:10,455| ; C In: 12.04 13:32:11,292|
lab29-1-1: message_number_1887. Sent time: 12.04 13:32:08,454| 12.04 13:32:10,457| ; C In: 12.04 13:32:11,293|
lab29-1-1: message_number_1888. Sent time: 12.04 13:32:08,455| 12.04 13:32:10,456| ; C In: 12.04 13:32:11,295|
lab29-1-1: message_number_1889. Sent time: 12.04 13:32:08,456| 12.04 13:32:10,457| ; C In: 12.04 13:32:11,297|
lab29-1-1: message_number_1890. Sent time: 12.04 13:32:08,455| 12.04 13:32:10,457| ; C In: 12.04 13:32:11,299|
lab29-1-1: message_number_1891. Sent time: 12.04 13:32:08,456| 12.04 13:32:10,458| ; C In: 12.04 13:32:11,301|
lab29-1-1: message_number_1892. Sent time: 12.04 13:32:08,456| 12.04 13:32:10,458| ; C In: 12.04 13:32:11,303|
lab29-1-1: message_number_1893. Sent time: 12.04 13:32:08,456| 12.04 13:32:10,458| ; C In: 12.04 13:32:11,305|
lab29-1-1: message_number_1894. Sent time: 12.04 13:32:08,457| 12.04 13:32:10,459| ; C In: 12.04 13:32:11,306|
lab29-1-1: message_number_1895. Sent time: 12.04 13:32:08,457| 12.04 13:32:10,459| ; C In: 12.04 13:32:11,306|
..getmessages..Done...
7-clientserver@lab22.cpt.haw-hamburg.de<0.22054.0>-C-1-5: 1973te_Nachricht. C Out: 12.04 13:32:11,307|(1973) gesendet
7-clientserver@lab22.cpt.haw-hamburg.de<0.22054.0>-C-1-5: 2061te_Nachricht. C Out: 12.04 13:32:14,309|(2061) gesendet
7-clientserver@lab22.cpt.haw-hamburg.de<0.22054.0>-C-1-5: 2175te_Nachricht. C Out: 12.04 13:32:17,310|(2175) gesendet
7-clientserver@lab22.cpt.haw-hamburg.de<0.22054.0>-C-1-5: 2254te_Nachricht. C Out: 12.04 13:32:20,312|(2254) gesendet
7-clientserver@lab22.cpt.haw-hamburg.de<0.22054.0>-C-1-5: 2346te_Nachricht. C Out: 12.04 13:32:23,314|(2346) gesendet
2628te_Nachricht um 12.04 13:32:26,315|- vergessen zu senden ******
Neues Sendeintervall: 2 Sekunden
Fehlernachricht fuer Nachrichtennummern 2329 bis 2330 ; C In: 12.04 13:32:28,316|
'clientNode@lab26.cpt.haw-hamburg.de'-<0.9117.0>-C-3-06:2331te Nachricht.C Out:12.04 13:32:25,009| 12.04 13:32:25,009| ; C In: 12.04 13:32:28,317|
'clientNode@lab26.cpt.haw-hamburg.de'-<0.9126.0>-C-3-06:2332te Nachricht.C Out:12.04 13:32:25,010| 12.04 13:32:25,010| ; C In: 12.04 13:32:28,317|
Fehlernachricht fuer Nachrichtennummern 2333 bis 2339 ; C In: 12.04 13:32:28,318|
10-clientserver@lab22.cpt.haw-hamburg.de<0.22057.0>-C-1-5: 2340te_Nachricht. C Out: 12.04 13:32:23,308|(2340) 12.04 13:32:26,309| ; C In: 12.04 13:32:28,319|
3-clientserver@lab22.cpt.haw-hamburg.de<0.22050.0>-C-1-5: 2341te_Nachricht. C Out: 12.04 13:32:23,311|(2341) 12.04 13:32:26,312| ; C In: 12.04 13:32:28,319|
0-clientserver@lab22.cpt.haw-hamburg.de<0.22046.0>-C-1-5: 2342te_Nachricht. C Out: 12.04 13:32:23,312|(2342) 12.04 13:32:26,313| ; C In: 12.04 13:32:28,320|
1-clientserver@lab22.cpt.haw-hamburg.de<0.22047.0>-C-1-5: 2343te_Nachricht. C Out: 12.04 13:32:23,312|(2343) 12.04 13:32:26,313| ; C In: 12.04 13:32:28,320|
11-clientserver@lab22.cpt.haw-hamburg.de<0.22058.0>-C-1-5: 2344te_Nachricht. C Out: 12.04 13:32:23,312|(2344) 12.04 13:32:26,313| ; C In: 12.04 13:32:28,321|
4-clientserver@lab22.cpt.haw-hamburg.de<0.22051.0>-C-1-5: 2345te_Nachricht. C Out: 12.04 13:32:23,313|(2345) 12.04 13:32:26,314| ; C In: 12.04 13:32:28,321|
7-clientserver@lab22.cpt.haw-hamburg.de<0.22054.0>-C-1-5: 2346te_Nachricht. C Out: 12.04 13:32:23,314|(2346) 12.04 13:32:26,315| ; C In: 12.04 13:32:28,322|
15-clientserver@lab22.cpt.haw-hamburg.de<0.22062.0>-C-1-5: 2347te_Nachricht. C Out: 12.04 13:32:23,314|(2347) 12.04 13:32:26,316| ; C In: 12.04 13:32:28,323|
18-clientserver@lab22.cpt.haw-hamburg.de<0.22065.0>-C-1-5: 2348te_Nachricht. C Out: 12.04 13:32:23,318|(2348) 12.04 13:32:26,320| ; C In: 12.04 13:32:28,323|
'clientNode2@lab26.cpt.haw-hamburg.de'-<0.376.0>-C-3-06:2349te Nachricht.C Out:12.04 13:32:26,809| 12.04 13:32:26,815| ; C In: 12.04 13:32:28,324|
'clientNode2@lab26.cpt.haw-hamburg.de'-<0.395.0>-C-3-06:2350te Nachricht.C Out:12.04 13:32:25,829| 12.04 13:32:25,830| ; C In: 12.04 13:32:28,324|
Fehlernachricht fuer Nachrichtennummern 2293 bis 2401 ; C In: 12.04 13:32:28,325|
'clientNode@lab26.cpt.haw-hamburg.de'-<0.9109.0>-C-3-06:2402te Nachricht.C Out:12.04 13:32:25,975| 12.04 13:32:25,975| ; C In: 12.04 13:32:28,325|
'clientNode@lab26.cpt.haw-hamburg.de'-<0.9106.0>-C-3-06:2403te Nachricht.C Out:12.04 13:32:25,975| 12.04 13:32:25,976| ; C In: 12.04 13:32:28,326|
Fehlernachricht fuer Nachrichtennummern 2404 bis 2463 ; C In: 12.04 13:32:28,326|
5-clientserver@lab22.cpt.haw-hamburg.de<0.22052.0>-C-1-5: 2464te_Nachricht. C Out: 12.04 13:32:24,344|(2464) 12.04 13:32:26,346| ; C In: 12.04 13:32:28,327|
12-clientserver@lab22.cpt.haw-hamburg.de<0.22059.0>-C-1-5: 2465te_Nachricht. C Out: 12.04 13:32:24,350|(2465) 12.04 13:32:26,351| ; C In: 12.04 13:32:28,328|
13-clientserver@lab22.cpt.haw-hamburg.de<0.22060.0>-C-1-5: 2466te_Nachricht. C Out: 12.04 13:32:24,351|(2466) 12.04 13:32:26,351| ; C In: 12.04 13:32:28,328|
19-clientserver@lab22.cpt.haw-hamburg.de<0.22066.0>-C-1-5: 2467te_Nachricht. C Out: 12.04 13:32:24,351|(2467) 12.04 13:32:26,352| ; C In: 12.04 13:32:28,329|
Fehlernachricht fuer Nachrichtennummern 2468 bis 2517 ; C In: 12.04 13:32:28,329|
lab29-1-1: message_number_2518. Sent time: 12.04 13:32:24,609| 12.04 13:32:26,610| ; C In: 12.04 13:32:28,330|
lab29-1-1: message_number_2519. Sent time: 12.04 13:32:24,609| 12.04 13:32:26,611| ; C In: 12.04 13:32:28,331|
Fehlernachricht fuer Nachrichtennummern 2352 bis 2520 ; C In: 12.04 13:32:28,331|
lab29-1-1: message_number_2521. Sent time: 12.04 13:32:24,610| 12.04 13:32:26,612| ; C In: 12.04 13:32:28,332|
Fehlernachricht fuer Nachrichtennummern 2522 bis 2523 ; C In: 12.04 13:32:28,332|
lab29-1-1: message_number_2524. Sent time: 12.04 13:32:24,611| 12.04 13:32:26,612| ; C In: 12.04 13:32:28,333|
lab29-1-1: message_number_2525. Sent time: 12.04 13:32:24,611| 12.04 13:32:26,613| ; C In: 12.04 13:32:28,333|
lab29-1-1: message_number_2526. Sent time: 12.04 13:32:24,613| 12.04 13:32:26,615| ; C In: 12.04 13:32:28,334|
lab29-1-1: message_number_2527. Sent time: 12.04 13:32:24,613| 12.04 13:32:26,616| ; C In: 12.04 13:32:28,335|
lab29-1-1: message_number_2528. Sent time: 12.04 13:32:24,614| 12.04 13:32:26,617| ; C In: 12.04 13:32:28,335|
lab29-1-1: message_number_2529. Sent time: 12.04 13:32:24,615| 12.04 13:32:26,618| ; C In: 12.04 13:32:28,336|
lab29-1-1: message_number_2530. Sent time: 12.04 13:32:24,615| 12.04 13:32:26,619| ; C In: 12.04 13:32:28,336|
..getmessages..Done...
7-clientserver@lab22.cpt.haw-hamburg.de<0.22054.0>-C-1-5: 2696te_Nachricht. C Out: 12.04 13:32:28,337|(2696) gesendet
7-clientserver@lab22.cpt.haw-hamburg.de<0.22054.0>-C-1-5: 2731te_Nachricht. C Out: 12.04 13:32:30,338|(2731) gesendet
7-clientserver@lab22.cpt.haw-hamburg.de<0.22054.0>-C-1-5: 2796te_Nachricht. C Out: 12.04 13:32:32,340|(2796) gesendet
7-clientserver@lab22.cpt.haw-hamburg.de<0.22054.0>-C-1-5: 2821te_Nachricht. C Out: 12.04 13:32:34,341|(2821) gesendet
7-clientserver@lab22.cpt.haw-hamburg.de<0.22054.0>-C-1-5: 2882te_Nachricht. C Out: 12.04 13:32:36,344|(2882) gesendet
2919te_Nachricht um 12.04 13:32:38,345|- vergessen zu senden ******
Neues Sendeintervall: 2 Sekunden
'clientNode@lab26.cpt.haw-hamburg.de'-<0.9109.0>-C-3-06:2817te Nachricht.C Out:12.04 13:32:36,009| 12.04 13:32:36,009| ; C In: 12.04 13:32:40,347|
'clientNode@lab26.cpt.haw-hamburg.de'-<0.9106.0>-C-3-06:2818te Nachricht.C Out:12.04 13:32:36,009| 12.04 13:32:36,010| ; C In: 12.04 13:32:40,347|
'clientNode@lab26.cpt.haw-hamburg.de'-<0.9123.0>-C-3-06:2819te Nachricht.C Out:12.04 13:32:36,015| 12.04 13:32:36,015| ; C In: 12.04 13:32:40,347|
4-clientserver@lab22.cpt.haw-hamburg.de<0.22051.0>-C-1-5: 2820te_Nachricht. C Out: 12.04 13:32:34,340|(2820) 12.04 13:32:36,343| ; C In: 12.04 13:32:40,348|
7-clientserver@lab22.cpt.haw-hamburg.de<0.22054.0>-C-1-5: 2821te_Nachricht. C Out: 12.04 13:32:34,341|(2821) 12.04 13:32:36,343| ; C In: 12.04 13:32:40,348|
19-clientserver@lab22.cpt.haw-hamburg.de<0.22066.0>-C-1-5: 2822te_Nachricht. C Out: 12.04 13:32:34,363|(2822) 12.04 13:32:36,365| ; C In: 12.04 13:32:40,349|
14-clientserver@lab22.cpt.haw-hamburg.de<0.22061.0>-C-1-5: 2823te_Nachricht. C Out: 12.04 13:32:34,449|(2823) 12.04 13:32:36,701| ; C In: 12.04 13:32:40,349|
16-clientserver@lab22.cpt.haw-hamburg.de<0.22063.0>-C-1-5: 2824te_Nachricht. C Out: 12.04 13:32:34,450|(2824) 12.04 13:32:36,701| ; C In: 12.04 13:32:40,349|
6-clientserver@lab22.cpt.haw-hamburg.de<0.22053.0>-C-1-5: 2825te_Nachricht. C Out: 12.04 13:32:34,450|(2825) 12.04 13:32:36,702| ; C In: 12.04 13:32:40,350|
9-clientserver@lab22.cpt.haw-hamburg.de<0.22056.0>-C-1-5: 2826te_Nachricht. C Out: 12.04 13:32:34,451|(2826) 12.04 13:32:36,702| ; C In: 12.04 13:32:40,350|
lab29-1-1: message_number_2827. Sent time: 12.04 13:32:34,838| 12.04 13:32:38,840| ; C In: 12.04 13:32:40,351|
lab29-1-1: message_number_2828. Sent time: 12.04 13:32:34,838| 12.04 13:32:38,840| ; C In: 12.04 13:32:40,351|
lab29-1-1: message_number_2829. Sent time: 12.04 13:32:34,839| 12.04 13:32:38,841| ; C In: 12.04 13:32:40,351|
lab29-1-1: message_number_2830. Sent time: 12.04 13:32:34,840| 12.04 13:32:38,841| ; C In: 12.04 13:32:40,352|
lab29-1-1: message_number_2831. Sent time: 12.04 13:32:34,840| 12.04 13:32:38,842| ; C In: 12.04 13:32:40,352|
lab29-1-1: message_number_2832. Sent time: 12.04 13:32:34,842| 12.04 13:32:38,844| ; C In: 12.04 13:32:40,352|
lab29-1-1: message_number_2833. Sent time: 12.04 13:32:34,843| 12.04 13:32:38,845| ; C In: 12.04 13:32:40,353|
lab29-1-1: message_number_2834. Sent time: 12.04 13:32:34,844| 12.04 13:32:38,846| ; C In: 12.04 13:32:40,353|
lab29-1-1: message_number_2835. Sent time: 12.04 13:32:34,845| 12.04 13:32:38,846| ; C In: 12.04 13:32:40,354|
lab29-1-1: message_number_2836. Sent time: 12.04 13:32:34,845| 12.04 13:32:38,846| ; C In: 12.04 13:32:40,354|
lab29-1-1: message_number_2837. Sent time: 12.04 13:32:34,846| 12.04 13:32:38,848| ; C In: 12.04 13:32:40,354|
lab29-1-1: message_number_2838. Sent time: 12.04 13:32:34,847| 12.04 13:32:38,848| ; C In: 12.04 13:32:40,355|
lab29-1-1: message_number_2839. Sent time: 12.04 13:32:34,847| 12.04 13:32:38,849| ; C In: 12.04 13:32:40,355|
lab29-1-1: message_number_2840. Sent time: 12.04 13:32:34,847| 12.04 13:32:38,849| ; C In: 12.04 13:32:40,355|
lab29-1-1: message_number_2841. Sent time: 12.04 13:32:34,848| 12.04 13:32:38,850| ; C In: 12.04 13:32:40,356|
lab29-1-1: message_number_2842. Sent time: 12.04 13:32:34,848| 12.04 13:32:38,850| ; C In: 12.04 13:32:40,356|
lab29-1-1: message_number_2843. Sent time: 12.04 13:32:34,849| 12.04 13:32:38,850| ; C In: 12.04 13:32:40,357|
lab29-1-1: message_number_2844. Sent time: 12.04 13:32:34,849| 12.04 13:32:38,850| ; C In: 12.04 13:32:40,357|
lab29-1-1: message_number_2845. Sent time: 12.04 13:32:34,849| 12.04 13:32:38,851| ; C In: 12.04 13:32:40,357|
lab29-1-1: message_number_2846. Sent time: 12.04 13:32:34,850| 12.04 13:32:38,851| ; C In: 12.04 13:32:40,358|
'clientNode2@lab26.cpt.haw-hamburg.de'-<0.395.0>-C-3-06:2847te Nachricht.C Out:12.04 13:32:37,850| 12.04 13:32:37,851| ; C In: 12.04 13:32:40,358|
'clientNode@lab26.cpt.haw-hamburg.de'-<0.9126.0>-C-3-06:2848te Nachricht.C Out:12.04 13:32:37,045| 12.04 13:32:37,045| ; C In: 12.04 13:32:40,358|
10-clientserver@lab22.cpt.haw-hamburg.de<0.22057.0>-C-1-5: 2849te_Nachricht. C Out: 12.04 13:32:35,315|(2849) 12.04 13:32:38,318| ; C In: 12.04 13:32:40,359|
18-clientserver@lab22.cpt.haw-hamburg.de<0.22065.0>-C-1-5: 2850te_Nachricht. C Out: 12.04 13:32:35,324|(2850) 12.04 13:32:38,326| ; C In: 12.04 13:32:40,359|
3-clientserver@lab22.cpt.haw-hamburg.de<0.22050.0>-C-1-5: 2851te_Nachricht. C Out: 12.04 13:32:35,326|(2851) 12.04 13:32:39,827| ; C In: 12.04 13:32:40,360|
0-clientserver@lab22.cpt.haw-hamburg.de<0.22046.0>-C-1-5: 2852te_Nachricht. C Out: 12.04 13:32:35,328|(2852) 12.04 13:32:39,829| ; C In: 12.04 13:32:40,360|
1-clientserver@lab22.cpt.haw-hamburg.de<0.22047.0>-C-1-5: 2853te_Nachricht. C Out: 12.04 13:32:35,329|(2853) 12.04 13:32:39,830| ; C In: 12.04 13:32:40,360|
11-clientserver@lab22.cpt.haw-hamburg.de<0.22058.0>-C-1-5: 2854te_Nachricht. C Out: 12.04 13:32:35,330|(2854) 12.04 13:32:39,831| ; C In: 12.04 13:32:40,361|
15-clientserver@lab22.cpt.haw-hamburg.de<0.22062.0>-C-1-5: 2855te_Nachricht. C Out: 12.04 13:32:35,330|(2855) 12.04 13:32:39,831| ; C In: 12.04 13:32:40,361|
5-clientserver@lab22.cpt.haw-hamburg.de<0.22052.0>-C-1-5: 2856te_Nachricht. C Out: 12.04 13:32:35,385|(2856) 12.04 13:32:38,387| ; C In: 12.04 13:32:40,362|
12-clientserver@lab22.cpt.haw-hamburg.de<0.22059.0>-C-1-5: 2857te_Nachricht. C Out: 12.04 13:32:35,392|(2857) 12.04 13:32:38,393| ; C In: 12.04 13:32:40,362|
13-clientserver@lab22.cpt.haw-hamburg.de<0.22060.0>-C-1-5: 2858te_Nachricht. C Out: 12.04 13:32:35,392|(2858) 12.04 13:32:38,393| ; C In: 12.04 13:32:40,362|
..getmessages..Done...
7-clientserver@lab22.cpt.haw-hamburg.de<0.22054.0>-C-1-5: 2965te_Nachricht. C Out: 12.04 13:32:40,363|(2965) gesendet
7-clientserver@lab22.cpt.haw-hamburg.de<0.22054.0>-C-1-5: 2999te_Nachricht. C Out: 12.04 13:32:42,364|(2999) gesendet
7-clientserver@lab22.cpt.haw-hamburg.de<0.22054.0>-C-1-5: 3058te_Nachricht. C Out: 12.04 13:32:44,366|(3058) gesendet
7-clientserver@lab22.cpt.haw-hamburg.de<0.22054.0>-C-1-5: 3084te_Nachricht. C Out: 12.04 13:32:46,367|(3084) gesendet
7-clientserver@lab22.cpt.haw-hamburg.de<0.22054.0>-C-1-5: 3163te_Nachricht. C Out: 12.04 13:32:48,368|(3163) gesendet
3218te_Nachricht um 12.04 13:32:50,369|- vergessen zu senden ******
Neues Sendeintervall: 2 Sekunden
lab29-1-1: message_number_3117. Sent time: 12.04 13:32:47,119| 12.04 13:32:49,121| ; C In: 12.04 13:32:52,371|
lab29-1-1: message_number_3118. Sent time: 12.04 13:32:47,119| 12.04 13:32:49,122| ; C In: 12.04 13:32:52,372|
lab29-1-1: message_number_3119. Sent time: 12.04 13:32:47,120| 12.04 13:32:49,121| ; C In: 12.04 13:32:52,372|
lab29-1-1: message_number_3120. Sent time: 12.04 13:32:47,120| 12.04 13:32:49,123| ; C In: 12.04 13:32:52,373|
lab29-1-1: message_number_3121. Sent time: 12.04 13:32:47,120| 12.04 13:32:49,124| ; C In: 12.04 13:32:52,373|
lab29-1-1: message_number_3122. Sent time: 12.04 13:32:47,120| 12.04 13:32:49,124| ; C In: 12.04 13:32:52,374|
lab29-1-1: message_number_3123. Sent time: 12.04 13:32:47,120| 12.04 13:32:49,123| ; C In: 12.04 13:32:52,374|
lab29-1-1: message_number_3124. Sent time: 12.04 13:32:47,121| 12.04 13:32:49,123| ; C In: 12.04 13:32:52,375|
lab29-1-1: message_number_3125. Sent time: 12.04 13:32:47,121| 12.04 13:32:49,124| ; C In: 12.04 13:32:52,376|
lab29-1-1: message_number_3126. Sent time: 12.04 13:32:47,121| 12.04 13:32:49,125| ; C In: 12.04 13:32:52,376|
lab29-1-1: message_number_3127. Sent time: 12.04 13:32:47,121| 12.04 13:32:49,125| ; C In: 12.04 13:32:52,376|
lab29-1-1: message_number_3128. Sent time: 12.04 13:32:47,122| 12.04 13:32:49,125| ; C In: 12.04 13:32:52,377|
lab29-1-1: message_number_3129. Sent time: 12.04 13:32:47,122| 12.04 13:32:49,126| ; C In: 12.04 13:32:52,377|
lab29-1-1: message_number_3130. Sent time: 12.04 13:32:47,122| 12.04 13:32:49,126| ; C In: 12.04 13:32:52,378|
lab29-1-1: message_number_3131. Sent time: 12.04 13:32:47,122| 12.04 13:32:49,127| ; C In: 12.04 13:32:52,378|
lab29-1-1: message_number_3132. Sent time: 12.04 13:32:47,122| 12.04 13:32:49,126| ; C In: 12.04 13:32:52,379|
lab29-1-1: message_number_3133. Sent time: 12.04 13:32:47,122| 12.04 13:32:49,126| ; C In: 12.04 13:32:52,379|
4-clientserver@lab22.cpt.haw-hamburg.de<0.22051.0>-C-1-5: 3134te_Nachricht. C Out: 12.04 13:32:47,368|(3134) 12.04 13:32:50,369| ; C In: 12.04 13:32:52,380|
Fehlernachricht fuer Nachrichtennummern 3074 bis 3135 ; C In: 12.04 13:32:52,381|
..getmessages..Done...
7-clientserver@lab22.cpt.haw-hamburg.de<0.22054.0>-C-1-5: 3262te_Nachricht. C Out: 12.04 13:32:52,381|(3262) gesendet
7-clientserver@lab22.cpt.haw-hamburg.de<0.22054.0>-C-1-5: 3443te_Nachricht. C Out: 12.04 13:32:54,382|(3443) gesendet
7-clientserver@lab22.cpt.haw-hamburg.de<0.22054.0>-C-1-5: 3619te_Nachricht. C Out: 12.04 13:32:56,384|(3619) gesendet
7-clientserver@lab22.cpt.haw-hamburg.de<0.22054.0>-C-1-5: 3705te_Nachricht. C Out: 12.04 13:32:58,385|(3705) gesendet
7-clientserver@lab22.cpt.haw-hamburg.de<0.22054.0>-C-1-5: 3782te_Nachricht. C Out: 12.04 13:33:00,386|(3782) gesendet
3861te_Nachricht um 12.04 13:33:02,387|- vergessen zu senden ******
Neues Sendeintervall: 2 Sekunden
2-profB@lab31.cpt.haw-hamburg.de-<0.13164.0>-KLC: 3769te_Nachricht. C Out: 12.04 13:33:03,087| 12.04 13:33:03,089| ; C In: 12.04 13:33:04,388|
0-profB@lab31.cpt.haw-hamburg.de-<0.13162.0>-KLC: 3770te_Nachricht. C Out: 12.04 13:33:03,088| 12.04 13:33:03,089| ; C In: 12.04 13:33:04,389|
9-profB@lab31.cpt.haw-hamburg.de-<0.13171.0>-KLC: 3771te_Nachricht. C Out: 12.04 13:33:03,089| 12.04 13:33:03,090| ; C In: 12.04 13:33:04,389|
6-profB@lab31.cpt.haw-hamburg.de-<0.13168.0>-KLC: 3772te_Nachricht. C Out: 12.04 13:33:03,089| 12.04 13:33:03,090| ; C In: 12.04 13:33:04,390|
4-profB@lab31.cpt.haw-hamburg.de-<0.13166.0>-KLC: 3773te_Nachricht. C Out: 12.04 13:33:03,089| 12.04 13:33:03,091| ; C In: 12.04 13:33:04,391|
1-profB@lab31.cpt.haw-hamburg.de-<0.13163.0>-KLC: 3774te_Nachricht. C Out: 12.04 13:33:03,089| 12.04 13:33:03,091| ; C In: 12.04 13:33:04,391|
3-profB@lab31.cpt.haw-hamburg.de-<0.13165.0>-KLC: 3775te_Nachricht. C Out: 12.04 13:33:03,090| 12.04 13:33:03,092| ; C In: 12.04 13:33:04,392|
8-profB@lab31.cpt.haw-hamburg.de-<0.13170.0>-KLC: 3776te_Nachricht. C Out: 12.04 13:33:03,090| 12.04 13:33:03,092| ; C In: 12.04 13:33:04,393|
1-clientserver@lab22.cpt.haw-hamburg.de<0.22047.0>-C-1-5: 3777te_Nachricht. C Out: 12.04 13:33:00,108|(3777) 12.04 13:33:02,359| ; C In: 12.04 13:33:04,393|
15-clientserver@lab22.cpt.haw-hamburg.de<0.22062.0>-C-1-5: 3778te_Nachricht. C Out: 12.04 13:33:00,109|(3778) 12.04 13:33:02,361| ; C In: 12.04 13:33:04,394|
Fehlernachricht fuer Nachrichtennummern 3779 bis 3781 ; C In: 12.04 13:33:04,394|
7-clientserver@lab22.cpt.haw-hamburg.de<0.22054.0>-C-1-5: 3782te_Nachricht. C Out: 12.04 13:33:00,386|(3782) 12.04 13:33:02,387| ; C In: 12.04 13:33:04,394|
4-clientserver@lab22.cpt.haw-hamburg.de<0.22051.0>-C-1-5: 3783te_Nachricht. C Out: 12.04 13:33:00,390|(3783) 12.04 13:33:02,391| ; C In: 12.04 13:33:04,395|
19-clientserver@lab22.cpt.haw-hamburg.de<0.22066.0>-C-1-5: 3784te_Nachricht. C Out: 12.04 13:33:00,408|(3784) 12.04 13:33:02,409| ; C In: 12.04 13:33:04,396|
13-clientserver@lab22.cpt.haw-hamburg.de<0.22060.0>-C-1-5: 3785te_Nachricht. C Out: 12.04 13:33:00,415|(3785) 12.04 13:33:02,417| ; C In: 12.04 13:33:04,396|
3-profA@lab31.cpt.haw-hamburg.de-<0.11489.0>-KLC: 3786te_Nachricht. C Out: 12.04 13:33:03,744| 12.04 13:33:03,744| ; C In: 12.04 13:33:04,397|
5-profA@lab31.cpt.haw-hamburg.de-<0.11491.0>-KLC: 3787te_Nachricht. C Out: 12.04 13:33:03,744| 12.04 13:33:03,745| ; C In: 12.04 13:33:04,397|
8-profA@lab31.cpt.haw-hamburg.de-<0.11494.0>-KLC: 3788te_Nachricht. C Out: 12.04 13:33:03,744| 12.04 13:33:03,745| ; C In: 12.04 13:33:04,398|
1-profA@lab31.cpt.haw-hamburg.de-<0.11487.0>-KLC: 3789te_Nachricht. C Out: 12.04 13:33:03,744| 12.04 13:33:03,746| ; C In: 12.04 13:33:04,398|
0-profA@lab31.cpt.haw-hamburg.de-<0.11486.0>-KLC: 3790te_Nachricht. C Out: 12.04 13:33:03,744| 12.04 13:33:03,746| ; C In: 12.04 13:33:04,399|
7-profA@lab31.cpt.haw-hamburg.de-<0.11493.0>-KLC: 3791te_Nachricht. C Out: 12.04 13:33:03,745| 12.04 13:33:03,747| ; C In: 12.04 13:33:04,399|
6-profA@lab31.cpt.haw-hamburg.de-<0.11492.0>-KLC: 3792te_Nachricht. C Out: 12.04 13:33:03,746| 12.04 13:33:03,747| ; C In: 12.04 13:33:04,400|
4-profA@lab31.cpt.haw-hamburg.de-<0.11490.0>-KLC: 3793te_Nachricht. C Out: 12.04 13:33:03,746| 12.04 13:33:03,747| ; C In: 12.04 13:33:04,400|
9-profA@lab31.cpt.haw-hamburg.de-<0.11495.0>-KLC: 3794te_Nachricht. C Out: 12.04 13:33:03,746| 12.04 13:33:03,748| ; C In: 12.04 13:33:04,400|
2-profA@lab31.cpt.haw-hamburg.de-<0.11488.0>-KLC: 3795te_Nachricht. C Out: 12.04 13:33:03,746| 12.04 13:33:03,748| ; C In: 12.04 13:33:04,401|
Fehlernachricht fuer Nachrichtennummern 3762 bis 3802 ; C In: 12.04 13:33:04,401|
'clientNode2@lab26.cpt.haw-hamburg.de'-<0.387.0>-C-3-06:3803te Nachricht.C Out:12.04 13:33:03,885| 12.04 13:33:03,886| ; C In: 12.04 13:33:04,402|
'clientNode2@lab26.cpt.haw-hamburg.de'-<0.373.0>-C-3-06:3804te Nachricht.C Out:12.04 13:33:02,886| 12.04 13:33:02,887| ; C In: 12.04 13:33:04,402|
Fehlernachricht fuer Nachrichtennummern 3805 bis 3806 ; C In: 12.04 13:33:04,403|
'clientNode2@lab26.cpt.haw-hamburg.de'-<0.395.0>-C-3-06:3807te Nachricht.C Out:12.04 13:33:03,926| 12.04 13:33:03,927| ; C In: 12.04 13:33:04,403|
'clientNode@lab26.cpt.haw-hamburg.de'-<0.9115.0>-C-3-06:3808te Nachricht.C Out:12.04 13:33:03,975| 12.04 13:33:03,975| ; C In: 12.04 13:33:04,404|
14-clientserver@lab22.cpt.haw-hamburg.de<0.22061.0>-C-1-5: 3809te_Nachricht. C Out: 12.04 13:33:01,049|(3809) 12.04 13:33:03,050| ; C In: 12.04 13:33:04,404|
16-clientserver@lab22.cpt.haw-hamburg.de<0.22063.0>-C-1-5: 3810te_Nachricht. C Out: 12.04 13:33:01,050|(3810) 12.04 13:33:03,051| ; C In: 12.04 13:33:04,405|
6-clientserver@lab22.cpt.haw-hamburg.de<0.22053.0>-C-1-5: 3811te_Nachricht. C Out: 12.04 13:33:01,050|(3811) 12.04 13:33:03,052| ; C In: 12.04 13:33:04,405|
..getmessages..Done...
7-clientserver@lab22.cpt.haw-hamburg.de<0.22054.0>-C-1-5: 3931te_Nachricht. C Out: 12.04 13:33:04,406|(3931) gesendet
7-clientserver@lab22.cpt.haw-hamburg.de<0.22054.0>-C-1-5: 4004te_Nachricht. C Out: 12.04 13:33:06,407|(4004) gesendet
7-clientserver@lab22.cpt.haw-hamburg.de<0.22054.0>-C-1-5: 4124te_Nachricht. C Out: 12.04 13:33:08,409|(4124) gesendet
7-clientserver@lab22.cpt.haw-hamburg.de<0.22054.0>-C-1-5: 4394te_Nachricht. C Out: 12.04 13:33:10,410|(4394) gesendet
7-clientserver@lab22.cpt.haw-hamburg.de<0.22054.0>-C-1-5: 4457te_Nachricht. C Out: 12.04 13:33:12,411|(4457) gesendet
4549te_Nachricht um 12.04 13:33:14,412|- vergessen zu senden ******
Neues Sendeintervall: 3 Sekunden
lab29-1-1: message_number_4506. Sent time: 12.04 13:33:13,656| 12.04 13:33:15,658| ; C In: 12.04 13:33:17,413|
lab29-1-1: message_number_4507. Sent time: 12.04 13:33:13,656| 12.04 13:33:15,658| ; C In: 12.04 13:33:17,414|
lab29-1-1: message_number_4508. Sent time: 12.04 13:33:13,657| 12.04 13:33:15,659| ; C In: 12.04 13:33:17,414|
lab29-1-1: message_number_4509. Sent time: 12.04 13:33:13,657| 12.04 13:33:15,659| ; C In: 12.04 13:33:17,414|
[lab28|0304]: 4510te Nachricht. C Out: 12.04 13:33:16,657| 12.04 13:33:16,659| ; C In: 12.04 13:33:17,415|
[lab28|0304]: 4511te Nachricht. C Out: 12.04 13:33:16,658| 12.04 13:33:16,659| ; C In: 12.04 13:33:17,415|
lab29-1-1: message_number_4512. Sent time: 12.04 13:33:13,658| 12.04 13:33:15,660| ; C In: 12.04 13:33:17,416|
[lab28|0304]: 4513te Nachricht. C Out: 12.04 13:33:16,658| 12.04 13:33:16,659| ; C In: 12.04 13:33:17,416|
[lab28|0304]: 4514te Nachricht. C Out: 12.04 13:33:16,659| 12.04 13:33:16,660| ; C In: 12.04 13:33:17,417|
lab29-1-1: message_number_4515. Sent time: 12.04 13:33:13,659| 12.04 13:33:15,660| ; C In: 12.04 13:33:17,417|
lab29-1-1: message_number_4516. Sent time: 12.04 13:33:13,659| 12.04 13:33:15,661| ; C In: 12.04 13:33:17,418|
lab29-1-1: message_number_4517. Sent time: 12.04 13:33:13,659| 12.04 13:33:15,661| ; C In: 12.04 13:33:17,418|
[lab28|0304]: 4518te Nachricht. C Out: 12.04 13:33:16,659| 12.04 13:33:16,660| ; C In: 12.04 13:33:17,419|
[lab28|0304]: 4519te Nachricht. C Out: 12.04 13:33:16,660| 12.04 13:33:16,661| ; C In: 12.04 13:33:17,419|
[lab28|0304]: 4520te Nachricht. C Out: 12.04 13:33:16,660| 12.04 13:33:16,661| ; C In: 12.04 13:33:17,419|
[lab28|0304]: 4521te Nachricht. C Out: 12.04 13:33:15,660| 12.04 13:33:15,661| ; C In: 12.04 13:33:17,420|
lab29-1-1: message_number_4522. Sent time: 12.04 13:33:13,661| 12.04 13:33:15,663| ; C In: 12.04 13:33:17,420|
lab29-1-1: message_number_4523. Sent time: 12.04 13:33:13,661| 12.04 13:33:15,663| ; C In: 12.04 13:33:17,421|
lab29-1-1: message_number_4524. Sent time: 12.04 13:33:13,661| 12.04 13:33:15,663| ; C In: 12.04 13:33:17,421|
lab29-1-1: message_number_4525. Sent time: 12.04 13:33:13,662| 12.04 13:33:15,663| ; C In: 12.04 13:33:17,421|
[lab28|0304]: 4526te Nachricht. C Out: 12.04 13:33:15,662| 12.04 13:33:15,664| ; C In: 12.04 13:33:17,422|
[lab28|0304]: 4527te Nachricht. C Out: 12.04 13:33:15,662| 12.04 13:33:15,664| ; C In: 12.04 13:33:17,422|
[lab28|0304]: 4528te Nachricht. C Out: 12.04 13:33:15,663| 12.04 13:33:15,665| ; C In: 12.04 13:33:17,423|
[lab28|0304]: 4529te Nachricht. C Out: 12.04 13:33:15,663| 12.04 13:33:15,665| ; C In: 12.04 13:33:17,423|
[lab28|0304]: 4530te Nachricht. C Out: 12.04 13:33:15,663| 12.04 13:33:15,665| ; C In: 12.04 13:33:17,423|
[lab28|0304]: 4531te Nachricht. C Out: 12.04 13:33:15,664| 12.04 13:33:15,666| ; C In: 12.04 13:33:17,424|
[lab28|0304]: 4532te Nachricht. C Out: 12.04 13:33:15,664| 12.04 13:33:15,666| ; C In: 12.04 13:33:17,424|
..getmessages..Done...
7-clientserver@lab22.cpt.haw-hamburg.de<0.22054.0>-C-1-5: 4639te_Nachricht. C Out: 12.04 13:33:17,425|(4639) gesendet
7-clientserver@lab22.cpt.haw-hamburg.de<0.22054.0>-C-1-5: 4759te_Nachricht. C Out: 12.04 13:33:20,426|(4759) gesendet
7-clientserver@lab22.cpt.haw-hamburg.de<0.22054.0>-C-1-5: 4869te_Nachricht. C Out: 12.04 13:33:23,427|(4869) gesendet
7-clientserver@lab22.cpt.haw-hamburg.de<0.22054.0>-C-1-5: 4943te_Nachricht. C Out: 12.04 13:33:26,429|(4943) gesendet
7-clientserver@lab22.cpt.haw-hamburg.de<0.22054.0>-C-1-5: 5002te_Nachricht. C Out: 12.04 13:33:29,431|(5002) gesendet
5040te_Nachricht um 12.04 13:33:32,432|- vergessen zu senden ******
Neues Sendeintervall: 2 Sekunden
[lab28|0304]: 4984te Nachricht. C Out: 12.04 13:33:31,006| 12.04 13:33:31,007| ; C In: 12.04 13:33:34,434|
[lab28|0304]: 4985te Nachricht. C Out: 12.04 13:33:31,007| 12.04 13:33:31,008| ; C In: 12.04 13:33:34,434|
[lab28|0304]: 4986te Nachricht. C Out: 12.04 13:33:30,007| 12.04 13:33:30,008| ; C In: 12.04 13:33:34,435|
[lab28|0304]: 4987te Nachricht. C Out: 12.04 13:33:30,007| 12.04 13:33:30,008| ; C In: 12.04 13:33:34,435|
[lab28|0304]: 4988te Nachricht. C Out: 12.04 13:33:30,007| 12.04 13:33:30,009| ; C In: 12.04 13:33:34,436|
4-clientserver@lab22.cpt.haw-hamburg.de<0.22051.0>-C-1-5: 4989te_Nachricht. C Out: 12.04 13:33:28,441|(4989) 12.04 13:33:30,443| ; C In: 12.04 13:33:34,436|
19-clientserver@lab22.cpt.haw-hamburg.de<0.22066.0>-C-1-5: 4990te_Nachricht. C Out: 12.04 13:33:28,459|(4990) 12.04 13:33:30,460| ; C In: 12.04 13:33:34,437|
13-clientserver@lab22.cpt.haw-hamburg.de<0.22060.0>-C-1-5: 4991te_Nachricht. C Out: 12.04 13:33:28,465|(4991) 12.04 13:33:30,466| ; C In: 12.04 13:33:34,437|
5-clientserver@lab22.cpt.haw-hamburg.de<0.22052.0>-C-1-5: 4992te_Nachricht. C Out: 12.04 13:33:28,690|(4992) 12.04 13:33:30,941| ; C In: 12.04 13:33:34,438|
12-clientserver@lab22.cpt.haw-hamburg.de<0.22059.0>-C-1-5: 4993te_Nachricht. C Out: 12.04 13:33:28,694|(4993) 12.04 13:33:30,946| ; C In: 12.04 13:33:34,438|
[lab28|0304]: 4994te Nachricht. C Out: 12.04 13:33:31,746| 12.04 13:33:31,747| ; C In: 12.04 13:33:34,439|
[lab28|0304]: 4995te Nachricht. C Out: 12.04 13:33:31,747| 12.04 13:33:31,748| ; C In: 12.04 13:33:34,439|
[lab28|0304]: 4996te Nachricht. C Out: 12.04 13:33:30,748| 12.04 13:33:30,749| ; C In: 12.04 13:33:34,439|
[lab28|0304]: 4997te Nachricht. C Out: 12.04 13:33:30,749| 12.04 13:33:30,750| ; C In: 12.04 13:33:34,440|
[lab28|0304]: 4998te Nachricht. C Out: 12.04 13:33:30,750| 12.04 13:33:30,751| ; C In: 12.04 13:33:34,440|
9-clientserver@lab22.cpt.haw-hamburg.de<0.22056.0>-C-1-5: 4999te_Nachricht. C Out: 12.04 13:33:28,814|(4999) 12.04 13:33:30,816| ; C In: 12.04 13:33:34,441|
2-clientserver@lab22.cpt.haw-hamburg.de<0.22048.0>-C-1-5: 5000te_Nachricht. C Out: 12.04 13:33:29,057|(5000) 12.04 13:33:34,120| ; C In: 12.04 13:33:34,441|
1-clientserver@lab22.cpt.haw-hamburg.de<0.22047.0>-C-1-5: 5001te_Nachricht. C Out: 12.04 13:33:29,160|(5001) 12.04 13:33:31,161| ; C In: 12.04 13:33:34,441|
7-clientserver@lab22.cpt.haw-hamburg.de<0.22054.0>-C-1-5: 5002te_Nachricht. C Out: 12.04 13:33:29,431|(5002) 12.04 13:33:32,432| ; C In: 12.04 13:33:34,442|
[lab28|0304]: 5003te Nachricht. C Out: 12.04 13:33:32,951| 12.04 13:33:32,952| ; C In: 12.04 13:33:34,442|
[lab28|0304]: 5004te Nachricht. C Out: 12.04 13:33:32,951| 12.04 13:33:32,953| ; C In: 12.04 13:33:34,443|
[lab28|0304]: 5005te Nachricht. C Out: 12.04 13:33:32,951| 12.04 13:33:32,953| ; C In: 12.04 13:33:34,443|
8-clientserver@lab22.cpt.haw-hamburg.de<0.22055.0>-C-1-5: 5006te_Nachricht. C Out: 12.04 13:33:29,998|(5006) 12.04 13:33:31,999| ; C In: 12.04 13:33:34,443|
[lab28|0304]: 5007te Nachricht. C Out: 12.04 13:33:32,009| 12.04 13:33:32,010| ; C In: 12.04 13:33:34,444|
[lab28|0304]: 5008te Nachricht. C Out: 12.04 13:33:32,009| 12.04 13:33:32,011| ; C In: 12.04 13:33:34,444|
[lab28|0304]: 5009te Nachricht. C Out: 12.04 13:33:32,009| 12.04 13:33:32,010| ; C In: 12.04 13:33:34,445|
14-clientserver@lab22.cpt.haw-hamburg.de<0.22061.0>-C-1-5: 5010te_Nachricht. C Out: 12.04 13:33:30,097|(5010) 12.04 13:33:33,098| ; C In: 12.04 13:33:34,445|
4-clientserver@lab22.cpt.haw-hamburg.de<0.22051.0>-C-1-5: 5011te_Nachricht. C Out: 12.04 13:33:30,444|(5011) 12.04 13:33:32,445| ; C In: 12.04 13:33:34,446|
19-clientserver@lab22.cpt.haw-hamburg.de<0.22066.0>-C-1-5: 5012te_Nachricht. C Out: 12.04 13:33:30,460|(5012) 12.04 13:33:32,462| ; C In: 12.04 13:33:34,446|
13-clientserver@lab22.cpt.haw-hamburg.de<0.22060.0>-C-1-5: 5013te_Nachricht. C Out: 12.04 13:33:30,466|(5013) 12.04 13:33:32,467| ; C In: 12.04 13:33:34,447|
[lab28|0304]: 5014te Nachricht. C Out: 12.04 13:33:33,729| 12.04 13:33:33,730| ; C In: 12.04 13:33:34,447|
[lab28|0304]: 5015te Nachricht. C Out: 12.04 13:33:33,729| 12.04 13:33:33,730| ; C In: 12.04 13:33:34,448|
[lab28|0304]: 5016te Nachricht. C Out: 12.04 13:33:33,730| 12.04 13:33:33,731| ; C In: 12.04 13:33:34,449|
..getmessages..Done...
7-clientserver@lab22.cpt.haw-hamburg.de<0.22054.0>-C-1-5: 5077te_Nachricht. C Out: 12.04 13:33:34,449|(5077) gesendet
7-clientserver@lab22.cpt.haw-hamburg.de<0.22054.0>-C-1-5: 5102te_Nachricht. C Out: 12.04 13:33:36,451|(5102) gesendet
7-clientserver@lab22.cpt.haw-hamburg.de<0.22054.0>-C-1-5: 5129te_Nachricht. C Out: 12.04 13:33:38,452|(5129) gesendet
7-clientserver@lab22.cpt.haw-hamburg.de<0.22054.0>-C-1-5: 5156te_Nachricht. C Out: 12.04 13:33:40,454|(5156) gesendet
7-clientserver@lab22.cpt.haw-hamburg.de<0.22054.0>-C-1-5: Lebenszeit um. Wird beendet.
