13-clientserver@lab22.cpt.haw-hamburg.de<0.22060.0>-C-1-5: Start: 12.04 13:31:41,034|.
13-clientserver@lab22.cpt.haw-hamburg.de<0.22060.0>-C-1-5: 624te_Nachricht. C Out: 12.04 13:31:41,034|(624) gesendet
13-clientserver@lab22.cpt.haw-hamburg.de<0.22060.0>-C-1-5: 701te_Nachricht. C Out: 12.04 13:31:44,040|(701) gesendet
13-clientserver@lab22.cpt.haw-hamburg.de<0.22060.0>-C-1-5: 802te_Nachricht. C Out: 12.04 13:31:47,044|(802) gesendet
13-clientserver@lab22.cpt.haw-hamburg.de<0.22060.0>-C-1-5: 1089te_Nachricht. C Out: 12.04 13:31:50,046|(1089) gesendet
13-clientserver@lab22.cpt.haw-hamburg.de<0.22060.0>-C-1-5: 1190te_Nachricht. C Out: 12.04 13:31:53,048|(1190) gesendet
1244te_Nachricht um 12.04 13:31:56,050|- vergessen zu senden ******
Neues Sendeintervall: 2 Sekunden
Fehlernachricht fuer Nachrichtennummern 1157 bis 1166 ; C In: 12.04 13:31:58,054|
'clientNode@lab26.cpt.haw-hamburg.de'-<0.9109.0>-C-3-06:1167te Nachricht.C Out:12.04 13:31:55,890| 12.04 13:31:55,890| ; C In: 12.04 13:31:58,058|
'clientNode@lab26.cpt.haw-hamburg.de'-<0.9123.0>-C-3-06:1168te Nachricht.C Out:12.04 13:31:54,891| 12.04 13:31:54,891| ; C In: 12.04 13:31:58,063|
'clientNode@lab26.cpt.haw-hamburg.de'-<0.9117.0>-C-3-06:1169te Nachricht.C Out:12.04 13:31:54,891| 12.04 13:31:54,892| ; C In: 12.04 13:31:58,067|
'clientNode@lab26.cpt.haw-hamburg.de'-<0.9115.0>-C-3-06:1170te Nachricht.C Out:12.04 13:31:55,892| 12.04 13:31:55,892| ; C In: 12.04 13:31:58,072|
'clientNode@lab26.cpt.haw-hamburg.de'-<0.9106.0>-C-3-06:1171te Nachricht.C Out:12.04 13:31:55,892| 12.04 13:31:55,893| ; C In: 12.04 13:31:58,076|
'clientNode@lab26.cpt.haw-hamburg.de'-<0.9126.0>-C-3-06:1172te Nachricht.C Out:12.04 13:31:54,892| 12.04 13:31:54,893| ; C In: 12.04 13:31:58,080|
'clientNode@lab26.cpt.haw-hamburg.de'-<0.9128.0>-C-3-06:1173te Nachricht.C Out:12.04 13:31:54,892| 12.04 13:31:54,893| ; C In: 12.04 13:31:58,084|
3-clientserver@lab22.cpt.haw-hamburg.de<0.22050.0>-C-1-5: 1174te_Nachricht. C Out: 12.04 13:31:53,041|(1174) 12.04 13:31:56,042| ; C In: 12.04 13:31:58,088|
0-clientserver@lab22.cpt.haw-hamburg.de<0.22046.0>-C-1-5: 1175te_Nachricht. C Out: 12.04 13:31:53,042|(1175) 12.04 13:31:56,043| ; C In: 12.04 13:31:58,093|
1-clientserver@lab22.cpt.haw-hamburg.de<0.22047.0>-C-1-5: 1176te_Nachricht. C Out: 12.04 13:31:53,042|(1176) 12.04 13:31:56,043| ; C In: 12.04 13:31:58,097|
11-clientserver@lab22.cpt.haw-hamburg.de<0.22058.0>-C-1-5: 1177te_Nachricht. C Out: 12.04 13:31:53,042|(1177) 12.04 13:31:56,044| ; C In: 12.04 13:31:58,101|
14-clientserver@lab22.cpt.haw-hamburg.de<0.22061.0>-C-1-5: 1178te_Nachricht. C Out: 12.04 13:31:53,043|(1178) 12.04 13:31:56,044| ; C In: 12.04 13:31:58,104|
16-clientserver@lab22.cpt.haw-hamburg.de<0.22063.0>-C-1-5: 1179te_Nachricht. C Out: 12.04 13:31:53,043|(1179) 12.04 13:31:56,045| ; C In: 12.04 13:31:58,110|
2-clientserver@lab22.cpt.haw-hamburg.de<0.22048.0>-C-1-5: 1180te_Nachricht. C Out: 12.04 13:31:53,043|(1180) 12.04 13:31:56,045| ; C In: 12.04 13:31:58,119|
4-clientserver@lab22.cpt.haw-hamburg.de<0.22051.0>-C-1-5: 1181te_Nachricht. C Out: 12.04 13:31:53,044|(1181) 12.04 13:31:56,046| ; C In: 12.04 13:31:58,123|
17-clientserver@lab22.cpt.haw-hamburg.de<0.22064.0>-C-1-5: 1182te_Nachricht. C Out: 12.04 13:31:53,044|(1182) 12.04 13:31:56,046| ; C In: 12.04 13:31:58,127|
6-clientserver@lab22.cpt.haw-hamburg.de<0.22053.0>-C-1-5: 1183te_Nachricht. C Out: 12.04 13:31:53,045|(1183) 12.04 13:31:56,047| ; C In: 12.04 13:31:58,131|
8-clientserver@lab22.cpt.haw-hamburg.de<0.22055.0>-C-1-5: 1184te_Nachricht. C Out: 12.04 13:31:53,046|(1184) 12.04 13:31:56,047| ; C In: 12.04 13:31:58,134|
5-clientserver@lab22.cpt.haw-hamburg.de<0.22052.0>-C-1-5: 1185te_Nachricht. C Out: 12.04 13:31:53,046|(1185) 12.04 13:31:56,048| ; C In: 12.04 13:31:58,138|
7-clientserver@lab22.cpt.haw-hamburg.de<0.22054.0>-C-1-5: 1186te_Nachricht. C Out: 12.04 13:31:53,046|(1186) 12.04 13:31:56,048| ; C In: 12.04 13:31:58,142|
10-clientserver@lab22.cpt.haw-hamburg.de<0.22057.0>-C-1-5: 1187te_Nachricht. C Out: 12.04 13:31:53,046|(1187) 12.04 13:31:56,048| ; C In: 12.04 13:31:58,146|
9-clientserver@lab22.cpt.haw-hamburg.de<0.22056.0>-C-1-5: 1188te_Nachricht. C Out: 12.04 13:31:53,047|(1188) 12.04 13:31:56,049| ; C In: 12.04 13:31:58,149|
12-clientserver@lab22.cpt.haw-hamburg.de<0.22059.0>-C-1-5: 1189te_Nachricht. C Out: 12.04 13:31:53,047|(1189) 12.04 13:31:56,049| ; C In: 12.04 13:31:58,153|
13-clientserver@lab22.cpt.haw-hamburg.de<0.22060.0>-C-1-5: 1190te_Nachricht. C Out: 12.04 13:31:53,048|(1190) 12.04 13:31:56,050| ; C In: 12.04 13:31:58,157|
18-clientserver@lab22.cpt.haw-hamburg.de<0.22065.0>-C-1-5: 1191te_Nachricht. C Out: 12.04 13:31:53,048|(1191) 12.04 13:31:56,050| ; C In: 12.04 13:31:58,161|
15-clientserver@lab22.cpt.haw-hamburg.de<0.22062.0>-C-1-5: 1192te_Nachricht. C Out: 12.04 13:31:53,048|(1192) 12.04 13:31:56,050| ; C In: 12.04 13:31:58,164|
19-clientserver@lab22.cpt.haw-hamburg.de<0.22066.0>-C-1-5: 1193te_Nachricht. C Out: 12.04 13:31:53,048|(1193) 12.04 13:31:56,051| ; C In: 12.04 13:31:58,169|
'clientNode2@lab26.cpt.haw-hamburg.de'-<0.384.0>-C-3-06:1194te Nachricht.C Out:12.04 13:31:56,730| 12.04 13:31:56,731| ; C In: 12.04 13:31:58,172|
'clientNode2@lab26.cpt.haw-hamburg.de'-<0.379.0>-C-3-06:1195te Nachricht.C Out:12.04 13:31:56,732| 12.04 13:31:56,733| ; C In: 12.04 13:31:58,176|
'clientNode2@lab26.cpt.haw-hamburg.de'-<0.370.0>-C-3-06:1196te Nachricht.C Out:12.04 13:31:56,732| 12.04 13:31:56,733| ; C In: 12.04 13:31:58,180|
'clientNode2@lab26.cpt.haw-hamburg.de'-<0.395.0>-C-3-06:1197te Nachricht.C Out:12.04 13:31:56,733| 12.04 13:31:56,734| ; C In: 12.04 13:31:58,184|
5-profB@lab31.cpt.haw-hamburg.de-<0.13167.0>-KLC: 1198te_Nachricht. C Out: 12.04 13:31:57,814| 12.04 13:31:57,815| ; C In: 12.04 13:31:58,187|
0-profB@lab31.cpt.haw-hamburg.de-<0.13162.0>-KLC: 1199te_Nachricht. C Out: 12.04 13:31:57,814| 12.04 13:31:57,816| ; C In: 12.04 13:31:58,191|
7-profB@lab31.cpt.haw-hamburg.de-<0.13169.0>-KLC: 1200te_Nachricht. C Out: 12.04 13:31:57,815| 12.04 13:31:57,816| ; C In: 12.04 13:31:58,196|
4-profB@lab31.cpt.haw-hamburg.de-<0.13166.0>-KLC: 1201te_Nachricht. C Out: 12.04 13:31:57,815| 12.04 13:31:57,817| ; C In: 12.04 13:31:58,199|
9-profB@lab31.cpt.haw-hamburg.de-<0.13171.0>-KLC: 1202te_Nachricht. C Out: 12.04 13:31:57,816| 12.04 13:31:57,817| ; C In: 12.04 13:31:58,203|
1-profB@lab31.cpt.haw-hamburg.de-<0.13163.0>-KLC: 1203te_Nachricht. C Out: 12.04 13:31:57,816| 12.04 13:31:57,818| ; C In: 12.04 13:31:58,206|
2-profB@lab31.cpt.haw-hamburg.de-<0.13164.0>-KLC: 1204te_Nachricht. C Out: 12.04 13:31:57,817| 12.04 13:31:57,818| ; C In: 12.04 13:31:58,210|
3-profB@lab31.cpt.haw-hamburg.de-<0.13165.0>-KLC: 1205te_Nachricht. C Out: 12.04 13:31:57,817| 12.04 13:31:57,819| ; C In: 12.04 13:31:58,212|
6-profB@lab31.cpt.haw-hamburg.de-<0.13168.0>-KLC: 1206te_Nachricht. C Out: 12.04 13:31:57,818| 12.04 13:31:57,819| ; C In: 12.04 13:31:58,214|
8-profB@lab31.cpt.haw-hamburg.de-<0.13170.0>-KLC: 1207te_Nachricht. C Out: 12.04 13:31:57,818| 12.04 13:31:57,820| ; C In: 12.04 13:31:58,216|
..getmessages..Done...
13-clientserver@lab22.cpt.haw-hamburg.de<0.22060.0>-C-1-5: 1341te_Nachricht. C Out: 12.04 13:31:58,217|(1341) gesendet
13-clientserver@lab22.cpt.haw-hamburg.de<0.22060.0>-C-1-5: 1398te_Nachricht. C Out: 12.04 13:32:00,220|(1398) gesendet
13-clientserver@lab22.cpt.haw-hamburg.de<0.22060.0>-C-1-5: 1483te_Nachricht. C Out: 12.04 13:32:02,222|(1483) gesendet
13-clientserver@lab22.cpt.haw-hamburg.de<0.22060.0>-C-1-5: 1647te_Nachricht. C Out: 12.04 13:32:04,223|(1647) gesendet
13-clientserver@lab22.cpt.haw-hamburg.de<0.22060.0>-C-1-5: 1811te_Nachricht. C Out: 12.04 13:32:06,232|(1811) gesendet
1872te_Nachricht um 12.04 13:32:08,234|- vergessen zu senden ******
Neues Sendeintervall: 2 Sekunden
0-clientserver@lab22.cpt.haw-hamburg.de<0.22046.0>-C-1-5: 1803te_Nachricht. C Out: 12.04 13:32:06,224|(1803) 12.04 13:32:08,226| ; C In: 12.04 13:32:10,235|
1-clientserver@lab22.cpt.haw-hamburg.de<0.22047.0>-C-1-5: 1804te_Nachricht. C Out: 12.04 13:32:06,224|(1804) 12.04 13:32:08,226| ; C In: 12.04 13:32:10,236|
11-clientserver@lab22.cpt.haw-hamburg.de<0.22058.0>-C-1-5: 1805te_Nachricht. C Out: 12.04 13:32:06,225|(1805) 12.04 13:32:08,227| ; C In: 12.04 13:32:10,238|
4-clientserver@lab22.cpt.haw-hamburg.de<0.22051.0>-C-1-5: 1806te_Nachricht. C Out: 12.04 13:32:06,227|(1806) 12.04 13:32:08,228| ; C In: 12.04 13:32:10,240|
5-clientserver@lab22.cpt.haw-hamburg.de<0.22052.0>-C-1-5: 1807te_Nachricht. C Out: 12.04 13:32:06,229|(1807) 12.04 13:32:08,230| ; C In: 12.04 13:32:10,242|
7-clientserver@lab22.cpt.haw-hamburg.de<0.22054.0>-C-1-5: 1808te_Nachricht. C Out: 12.04 13:32:06,230|(1808) 12.04 13:32:08,231| ; C In: 12.04 13:32:10,243|
10-clientserver@lab22.cpt.haw-hamburg.de<0.22057.0>-C-1-5: 1809te_Nachricht. C Out: 12.04 13:32:06,231|(1809) 12.04 13:32:08,233| ; C In: 12.04 13:32:10,245|
12-clientserver@lab22.cpt.haw-hamburg.de<0.22059.0>-C-1-5: 1810te_Nachricht. C Out: 12.04 13:32:06,232|(1810) 12.04 13:32:08,233| ; C In: 12.04 13:32:10,247|
13-clientserver@lab22.cpt.haw-hamburg.de<0.22060.0>-C-1-5: 1811te_Nachricht. C Out: 12.04 13:32:06,232|(1811) 12.04 13:32:08,233| ; C In: 12.04 13:32:10,248|
18-clientserver@lab22.cpt.haw-hamburg.de<0.22065.0>-C-1-5: 1812te_Nachricht. C Out: 12.04 13:32:06,232|(1812) 12.04 13:32:08,234| ; C In: 12.04 13:32:10,250|
15-clientserver@lab22.cpt.haw-hamburg.de<0.22062.0>-C-1-5: 1813te_Nachricht. C Out: 12.04 13:32:06,234|(1813) 12.04 13:32:08,235| ; C In: 12.04 13:32:10,252|
19-clientserver@lab22.cpt.haw-hamburg.de<0.22066.0>-C-1-5: 1814te_Nachricht. C Out: 12.04 13:32:06,234|(1814) 12.04 13:32:08,235| ; C In: 12.04 13:32:10,255|
lab29-1-1: message_number_1815. Sent time: 12.04 13:32:06,449| 12.04 13:32:08,450| ; C In: 12.04 13:32:10,257|
lab29-1-1: message_number_1816. Sent time: 12.04 13:32:06,449| 12.04 13:32:08,450| ; C In: 12.04 13:32:10,258|
lab29-1-1: message_number_1817. Sent time: 12.04 13:32:06,449| 12.04 13:32:08,451| ; C In: 12.04 13:32:10,260|
lab29-1-1: message_number_1818. Sent time: 12.04 13:32:06,449| 12.04 13:32:08,451| ; C In: 12.04 13:32:10,262|
lab29-1-1: message_number_1819. Sent time: 12.04 13:32:06,450| 12.04 13:32:08,452| ; C In: 12.04 13:32:10,264|
lab29-1-1: message_number_1820. Sent time: 12.04 13:32:06,450| 12.04 13:32:08,451| ; C In: 12.04 13:32:10,265|
lab29-1-1: message_number_1821. Sent time: 12.04 13:32:06,450| 12.04 13:32:08,452| ; C In: 12.04 13:32:10,267|
lab29-1-1: message_number_1822. Sent time: 12.04 13:32:06,450| 12.04 13:32:08,452| ; C In: 12.04 13:32:10,269|
lab29-1-1: message_number_1823. Sent time: 12.04 13:32:06,451| 12.04 13:32:08,453| ; C In: 12.04 13:32:10,270|
lab29-1-1: message_number_1824. Sent time: 12.04 13:32:06,451| 12.04 13:32:08,453| ; C In: 12.04 13:32:10,272|
lab29-1-1: message_number_1825. Sent time: 12.04 13:32:06,451| 12.04 13:32:08,453| ; C In: 12.04 13:32:10,274|
lab29-1-1: message_number_1826. Sent time: 12.04 13:32:06,451| 12.04 13:32:08,454| ; C In: 12.04 13:32:10,276|
lab29-1-1: message_number_1827. Sent time: 12.04 13:32:06,451| 12.04 13:32:08,454| ; C In: 12.04 13:32:10,277|
lab29-1-1: message_number_1828. Sent time: 12.04 13:32:06,451| 12.04 13:32:08,454| ; C In: 12.04 13:32:10,279|
lab29-1-1: message_number_1829. Sent time: 12.04 13:32:06,452| 12.04 13:32:08,455| ; C In: 12.04 13:32:10,281|
lab29-1-1: message_number_1830. Sent time: 12.04 13:32:06,452| 12.04 13:32:08,455| ; C In: 12.04 13:32:10,282|
lab29-1-1: message_number_1831. Sent time: 12.04 13:32:06,452| 12.04 13:32:08,456| ; C In: 12.04 13:32:10,283|
lab29-1-1: message_number_1832. Sent time: 12.04 13:32:06,452| 12.04 13:32:08,455| ; C In: 12.04 13:32:10,285|
lab29-1-1: message_number_1833. Sent time: 12.04 13:32:06,452| 12.04 13:32:08,456| ; C In: 12.04 13:32:10,286|
lab29-1-1: message_number_1834. Sent time: 12.04 13:32:06,453| 12.04 13:32:08,456| ; C In: 12.04 13:32:10,287|
No new messages ; C In: 12.04 13:32:10,288|
..getmessages..Done...
13-clientserver@lab22.cpt.haw-hamburg.de<0.22060.0>-C-1-5: 1932te_Nachricht. C Out: 12.04 13:32:10,289|(1932) gesendet
13-clientserver@lab22.cpt.haw-hamburg.de<0.22060.0>-C-1-5: 1992te_Nachricht. C Out: 12.04 13:32:12,291|(1992) gesendet
13-clientserver@lab22.cpt.haw-hamburg.de<0.22060.0>-C-1-5: 2053te_Nachricht. C Out: 12.04 13:32:14,293|(2053) gesendet
13-clientserver@lab22.cpt.haw-hamburg.de<0.22060.0>-C-1-5: 2110te_Nachricht. C Out: 12.04 13:32:16,294|(2110) gesendet
13-clientserver@lab22.cpt.haw-hamburg.de<0.22060.0>-C-1-5: 2188te_Nachricht. C Out: 12.04 13:32:18,295|(2188) gesendet
2246te_Nachricht um 12.04 13:32:20,296|- vergessen zu senden ******
Neues Sendeintervall: 2 Sekunden
3-profA@lab31.cpt.haw-hamburg.de-<0.11489.0>-KLC: 2133te_Nachricht. C Out: 12.04 13:32:20,513| 12.04 13:32:20,514| ; C In: 12.04 13:32:22,297|
5-profA@lab31.cpt.haw-hamburg.de-<0.11491.0>-KLC: 2134te_Nachricht. C Out: 12.04 13:32:20,514| 12.04 13:32:20,515| ; C In: 12.04 13:32:22,298|
8-profA@lab31.cpt.haw-hamburg.de-<0.11494.0>-KLC: 2135te_Nachricht. C Out: 12.04 13:32:20,514| 12.04 13:32:20,516| ; C In: 12.04 13:32:22,299|
1-profA@lab31.cpt.haw-hamburg.de-<0.11487.0>-KLC: 2136te_Nachricht. C Out: 12.04 13:32:20,514| 12.04 13:32:20,516| ; C In: 12.04 13:32:22,301|
0-profA@lab31.cpt.haw-hamburg.de-<0.11486.0>-KLC: 2137te_Nachricht. C Out: 12.04 13:32:20,514| 12.04 13:32:20,517| ; C In: 12.04 13:32:22,302|
7-profA@lab31.cpt.haw-hamburg.de-<0.11493.0>-KLC: 2138te_Nachricht. C Out: 12.04 13:32:20,514| 12.04 13:32:20,517| ; C In: 12.04 13:32:22,304|
6-profA@lab31.cpt.haw-hamburg.de-<0.11492.0>-KLC: 2139te_Nachricht. C Out: 12.04 13:32:20,514| 12.04 13:32:20,517| ; C In: 12.04 13:32:22,305|
4-profA@lab31.cpt.haw-hamburg.de-<0.11490.0>-KLC: 2140te_Nachricht. C Out: 12.04 13:32:20,514| 12.04 13:32:20,518| ; C In: 12.04 13:32:22,307|
9-profA@lab31.cpt.haw-hamburg.de-<0.11495.0>-KLC: 2141te_Nachricht. C Out: 12.04 13:32:20,514| 12.04 13:32:20,519| ; C In: 12.04 13:32:22,308|
2-profA@lab31.cpt.haw-hamburg.de-<0.11488.0>-KLC: 2142te_Nachricht. C Out: 12.04 13:32:20,515| 12.04 13:32:20,519| ; C In: 12.04 13:32:22,309|
Fehlernachricht fuer Nachrichtennummern 2143 bis 2177 ; C In: 12.04 13:32:22,311|
'clientNode2@lab26.cpt.haw-hamburg.de'-<0.395.0>-C-3-06:2178te Nachricht.C Out:12.04 13:32:19,823| 12.04 13:32:19,824| ; C In: 12.04 13:32:22,312|
Fehlernachricht fuer Nachrichtennummern 2179 bis 2181 ; C In: 12.04 13:32:22,314|
'clientNode@lab26.cpt.haw-hamburg.de'-<0.9109.0>-C-3-06:2182te Nachricht.C Out:12.04 13:32:19,968| 12.04 13:32:19,968| ; C In: 12.04 13:32:22,315|
'clientNode@lab26.cpt.haw-hamburg.de'-<0.9106.0>-C-3-06:2183te Nachricht.C Out:12.04 13:32:19,968| 12.04 13:32:19,969| ; C In: 12.04 13:32:22,316|
Fehlernachricht fuer Nachrichtennummern 2184 bis 2184 ; C In: 12.04 13:32:22,318|
5-clientserver@lab22.cpt.haw-hamburg.de<0.22052.0>-C-1-5: 2185te_Nachricht. C Out: 12.04 13:32:18,286|(2185) 12.04 13:32:20,289| ; C In: 12.04 13:32:22,319|
10-clientserver@lab22.cpt.haw-hamburg.de<0.22057.0>-C-1-5: 2186te_Nachricht. C Out: 12.04 13:32:18,292|(2186) 12.04 13:32:20,293| ; C In: 12.04 13:32:22,320|
12-clientserver@lab22.cpt.haw-hamburg.de<0.22059.0>-C-1-5: 2187te_Nachricht. C Out: 12.04 13:32:18,294|(2187) 12.04 13:32:20,295| ; C In: 12.04 13:32:22,322|
13-clientserver@lab22.cpt.haw-hamburg.de<0.22060.0>-C-1-5: 2188te_Nachricht. C Out: 12.04 13:32:18,295|(2188) 12.04 13:32:20,296| ; C In: 12.04 13:32:22,323|
18-clientserver@lab22.cpt.haw-hamburg.de<0.22065.0>-C-1-5: 2189te_Nachricht. C Out: 12.04 13:32:18,296|(2189) 12.04 13:32:20,297| ; C In: 12.04 13:32:22,324|
19-clientserver@lab22.cpt.haw-hamburg.de<0.22066.0>-C-1-5: 2190te_Nachricht. C Out: 12.04 13:32:18,297|(2190) 12.04 13:32:20,298| ; C In: 12.04 13:32:22,326|
lab29-1-1: message_number_2191. Sent time: 12.04 13:32:18,599| 12.04 13:32:20,602| ; C In: 12.04 13:32:22,327|
lab29-1-1: message_number_2192. Sent time: 12.04 13:32:18,601| 12.04 13:32:20,602| ; C In: 12.04 13:32:22,328|
lab29-1-1: message_number_2193. Sent time: 12.04 13:32:18,601| 12.04 13:32:20,603| ; C In: 12.04 13:32:22,330|
lab29-1-1: message_number_2194. Sent time: 12.04 13:32:18,602| 12.04 13:32:20,604| ; C In: 12.04 13:32:22,331|
lab29-1-1: message_number_2195. Sent time: 12.04 13:32:18,602| 12.04 13:32:20,603| ; C In: 12.04 13:32:22,332|
lab29-1-1: message_number_2196. Sent time: 12.04 13:32:18,602| 12.04 13:32:20,605| ; C In: 12.04 13:32:22,333|
lab29-1-1: message_number_2197. Sent time: 12.04 13:32:18,603| 12.04 13:32:20,604| ; C In: 12.04 13:32:22,335|
lab29-1-1: message_number_2198. Sent time: 12.04 13:32:18,603| 12.04 13:32:20,605| ; C In: 12.04 13:32:22,336|
lab29-1-1: message_number_2199. Sent time: 12.04 13:32:18,603| 12.04 13:32:20,605| ; C In: 12.04 13:32:22,337|
lab29-1-1: message_number_2200. Sent time: 12.04 13:32:18,604| 12.04 13:32:20,606| ; C In: 12.04 13:32:22,339|
lab29-1-1: message_number_2201. Sent time: 12.04 13:32:18,604| 12.04 13:32:20,606| ; C In: 12.04 13:32:22,340|
lab29-1-1: message_number_2202. Sent time: 12.04 13:32:18,604| 12.04 13:32:20,607| ; C In: 12.04 13:32:22,341|
lab29-1-1: message_number_2203. Sent time: 12.04 13:32:18,605| 12.04 13:32:20,607| ; C In: 12.04 13:32:22,342|
lab29-1-1: message_number_2204. Sent time: 12.04 13:32:18,605| 12.04 13:32:20,609| ; C In: 12.04 13:32:22,343|
lab29-1-1: message_number_2205. Sent time: 12.04 13:32:18,605| 12.04 13:32:20,608| ; C In: 12.04 13:32:22,344|
lab29-1-1: message_number_2206. Sent time: 12.04 13:32:18,605| 12.04 13:32:20,609| ; C In: 12.04 13:32:22,345|
lab29-1-1: message_number_2207. Sent time: 12.04 13:32:18,606| 12.04 13:32:20,608| ; C In: 12.04 13:32:22,346|
lab29-1-1: message_number_2208. Sent time: 12.04 13:32:18,606| 12.04 13:32:20,610| ; C In: 12.04 13:32:22,347|
lab29-1-1: message_number_2209. Sent time: 12.04 13:32:18,607| 12.04 13:32:20,610| ; C In: 12.04 13:32:22,348|
lab29-1-1: message_number_2210. Sent time: 12.04 13:32:18,607| 12.04 13:32:20,610| ; C In: 12.04 13:32:22,349|
..getmessages..Done...
13-clientserver@lab22.cpt.haw-hamburg.de<0.22060.0>-C-1-5: 2303te_Nachricht. C Out: 12.04 13:32:22,350|(2303) gesendet
13-clientserver@lab22.cpt.haw-hamburg.de<0.22060.0>-C-1-5: 2466te_Nachricht. C Out: 12.04 13:32:24,351|(2466) gesendet
13-clientserver@lab22.cpt.haw-hamburg.de<0.22060.0>-C-1-5: 2633te_Nachricht. C Out: 12.04 13:32:26,352|(2633) gesendet
13-clientserver@lab22.cpt.haw-hamburg.de<0.22060.0>-C-1-5: 2699te_Nachricht. C Out: 12.04 13:32:28,353|(2699) gesendet
13-clientserver@lab22.cpt.haw-hamburg.de<0.22060.0>-C-1-5: 2734te_Nachricht. C Out: 12.04 13:32:30,354|(2734) gesendet
2799te_Nachricht um 12.04 13:32:32,355|- vergessen zu senden ******
Neues Sendeintervall: 3 Sekunden
'clientNode@lab26.cpt.haw-hamburg.de'-<0.9112.0>-C-3-06:2679te Nachricht.C Out:12.04 13:32:32,869| 12.04 13:32:32,869| ; C In: 12.04 13:32:35,356|
Fehlernachricht fuer Nachrichtennummern 2680 bis 2687 ; C In: 12.04 13:32:35,357|
'clientNode@lab26.cpt.haw-hamburg.de'-<0.9115.0>-C-3-06:2688te Nachricht.C Out:12.04 13:32:33,951| 12.04 13:32:33,951| ; C In: 12.04 13:32:35,358|
Fehlernachricht fuer Nachrichtennummern 2689 bis 2711 ; C In: 12.04 13:32:35,359|
14-clientserver@lab22.cpt.haw-hamburg.de<0.22061.0>-C-1-5: 2712te_Nachricht. C Out: 12.04 13:32:29,946|(2712) 12.04 13:32:32,198| ; C In: 12.04 13:32:35,360|
16-clientserver@lab22.cpt.haw-hamburg.de<0.22063.0>-C-1-5: 2713te_Nachricht. C Out: 12.04 13:32:29,946|(2713) 12.04 13:32:32,198| ; C In: 12.04 13:32:35,361|
6-clientserver@lab22.cpt.haw-hamburg.de<0.22053.0>-C-1-5: 2714te_Nachricht. C Out: 12.04 13:32:29,947|(2714) 12.04 13:32:32,198| ; C In: 12.04 13:32:35,362|
9-clientserver@lab22.cpt.haw-hamburg.de<0.22056.0>-C-1-5: 2715te_Nachricht. C Out: 12.04 13:32:29,948|(2715) 12.04 13:32:32,199| ; C In: 12.04 13:32:35,363|
'clientNode@lab26.cpt.haw-hamburg.de'-<0.9128.0>-C-3-06:2716te Nachricht.C Out:12.04 13:32:33,980| 12.04 13:32:33,980| ; C In: 12.04 13:32:35,364|
Fehlernachricht fuer Nachrichtennummern 2717 bis 2726 ; C In: 12.04 13:32:35,365|
'clientNode@lab26.cpt.haw-hamburg.de'-<0.9109.0>-C-3-06:2727te Nachricht.C Out:12.04 13:32:32,005| 12.04 13:32:32,006| ; C In: 12.04 13:32:35,366|
'clientNode@lab26.cpt.haw-hamburg.de'-<0.9106.0>-C-3-06:2728te Nachricht.C Out:12.04 13:32:32,006| 12.04 13:32:32,006| ; C In: 12.04 13:32:35,367|
'clientNode@lab26.cpt.haw-hamburg.de'-<0.9123.0>-C-3-06:2729te Nachricht.C Out:12.04 13:32:32,013| 12.04 13:32:32,013| ; C In: 12.04 13:32:35,368|
4-clientserver@lab22.cpt.haw-hamburg.de<0.22051.0>-C-1-5: 2730te_Nachricht. C Out: 12.04 13:32:30,338|(2730) 12.04 13:32:32,339| ; C In: 12.04 13:32:35,369|
7-clientserver@lab22.cpt.haw-hamburg.de<0.22054.0>-C-1-5: 2731te_Nachricht. C Out: 12.04 13:32:30,338|(2731) 12.04 13:32:32,340| ; C In: 12.04 13:32:35,370|
5-clientserver@lab22.cpt.haw-hamburg.de<0.22052.0>-C-1-5: 2732te_Nachricht. C Out: 12.04 13:32:30,348|(2732) 12.04 13:32:32,349| ; C In: 12.04 13:32:35,371|
12-clientserver@lab22.cpt.haw-hamburg.de<0.22059.0>-C-1-5: 2733te_Nachricht. C Out: 12.04 13:32:30,353|(2733) 12.04 13:32:32,354| ; C In: 12.04 13:32:35,372|
13-clientserver@lab22.cpt.haw-hamburg.de<0.22060.0>-C-1-5: 2734te_Nachricht. C Out: 12.04 13:32:30,354|(2734) 12.04 13:32:32,355| ; C In: 12.04 13:32:35,373|
19-clientserver@lab22.cpt.haw-hamburg.de<0.22066.0>-C-1-5: 2735te_Nachricht. C Out: 12.04 13:32:30,355|(2735) 12.04 13:32:32,356| ; C In: 12.04 13:32:35,374|
Fehlernachricht fuer Nachrichtennummern 2736 bis 2748 ; C In: 12.04 13:32:35,375|
'clientNode2@lab26.cpt.haw-hamburg.de'-<0.382.0>-C-3-06:2749te Nachricht.C Out:12.04 13:32:33,792| 12.04 13:32:33,793| ; C In: 12.04 13:32:35,376|
Fehlernachricht fuer Nachrichtennummern 2750 bis 2758 ; C In: 12.04 13:32:35,376|
lab29-1-1: message_number_2759. Sent time: 12.04 13:32:30,834| 12.04 13:32:34,836| ; C In: 12.04 13:32:35,378|
lab29-1-1: message_number_2760. Sent time: 12.04 13:32:30,835| 12.04 13:32:34,837| ; C In: 12.04 13:32:35,378|
lab29-1-1: message_number_2761. Sent time: 12.04 13:32:30,836| 12.04 13:32:34,838| ; C In: 12.04 13:32:35,380|
lab29-1-1: message_number_2762. Sent time: 12.04 13:32:30,836| 12.04 13:32:34,837| ; C In: 12.04 13:32:35,380|
lab29-1-1: message_number_2763. Sent time: 12.04 13:32:30,836| 12.04 13:32:34,838| ; C In: 12.04 13:32:35,381|
lab29-1-1: message_number_2764. Sent time: 12.04 13:32:30,837| 12.04 13:32:34,839| ; C In: 12.04 13:32:35,382|
lab29-1-1: message_number_2765. Sent time: 12.04 13:32:30,837| 12.04 13:32:34,839| ; C In: 12.04 13:32:35,383|
lab29-1-1: message_number_2766. Sent time: 12.04 13:32:30,837| 12.04 13:32:34,841| ; C In: 12.04 13:32:35,384|
lab29-1-1: message_number_2767. Sent time: 12.04 13:32:30,838| 12.04 13:32:34,840| ; C In: 12.04 13:32:35,385|
lab29-1-1: message_number_2768. Sent time: 12.04 13:32:30,838| 12.04 13:32:34,841| ; C In: 12.04 13:32:35,386|
lab29-1-1: message_number_2769. Sent time: 12.04 13:32:30,838| 12.04 13:32:34,842| ; C In: 12.04 13:32:35,387|
lab29-1-1: message_number_2770. Sent time: 12.04 13:32:30,838| 12.04 13:32:34,843| ; C In: 12.04 13:32:35,387|
lab29-1-1: message_number_2771. Sent time: 12.04 13:32:30,839| 12.04 13:32:34,842| ; C In: 12.04 13:32:35,388|
lab29-1-1: message_number_2772. Sent time: 12.04 13:32:30,839| 12.04 13:32:34,845| ; C In: 12.04 13:32:35,388|
lab29-1-1: message_number_2773. Sent time: 12.04 13:32:30,839| 12.04 13:32:34,844| ; C In: 12.04 13:32:35,389|
lab29-1-1: message_number_2774. Sent time: 12.04 13:32:30,840| 12.04 13:32:34,846| ; C In: 12.04 13:32:35,390|
lab29-1-1: message_number_2775. Sent time: 12.04 13:32:30,840| 12.04 13:32:34,846| ; C In: 12.04 13:32:35,390|
lab29-1-1: message_number_2776. Sent time: 12.04 13:32:30,840| 12.04 13:32:34,847| ; C In: 12.04 13:32:35,391|
lab29-1-1: message_number_2777. Sent time: 12.04 13:32:30,841| 12.04 13:32:34,848| ; C In: 12.04 13:32:35,392|
lab29-1-1: message_number_2778. Sent time: 12.04 13:32:30,841| 12.04 13:32:34,848| ; C In: 12.04 13:32:35,392|
..getmessages..Done...
13-clientserver@lab22.cpt.haw-hamburg.de<0.22060.0>-C-1-5: 2858te_Nachricht. C Out: 12.04 13:32:35,392|(2858) gesendet
13-clientserver@lab22.cpt.haw-hamburg.de<0.22060.0>-C-1-5: 2923te_Nachricht. C Out: 12.04 13:32:38,393|(2923) gesendet
13-clientserver@lab22.cpt.haw-hamburg.de<0.22060.0>-C-1-5: 2980te_Nachricht. C Out: 12.04 13:32:41,394|(2980) gesendet
13-clientserver@lab22.cpt.haw-hamburg.de<0.22060.0>-C-1-5: 3063te_Nachricht. C Out: 12.04 13:32:44,396|(3063) gesendet
13-clientserver@lab22.cpt.haw-hamburg.de<0.22060.0>-C-1-5: 3138te_Nachricht. C Out: 12.04 13:32:47,397|(3138) gesendet
3222te_Nachricht um 12.04 13:32:50,398|- vergessen zu senden ******
Neues Sendeintervall: 2 Sekunden
lab29-1-1: message_number_3119. Sent time: 12.04 13:32:47,120| 12.04 13:32:49,121| ; C In: 12.04 13:32:52,399|
lab29-1-1: message_number_3120. Sent time: 12.04 13:32:47,120| 12.04 13:32:49,123| ; C In: 12.04 13:32:52,399|
lab29-1-1: message_number_3121. Sent time: 12.04 13:32:47,120| 12.04 13:32:49,124| ; C In: 12.04 13:32:52,400|
lab29-1-1: message_number_3122. Sent time: 12.04 13:32:47,120| 12.04 13:32:49,124| ; C In: 12.04 13:32:52,400|
lab29-1-1: message_number_3123. Sent time: 12.04 13:32:47,120| 12.04 13:32:49,123| ; C In: 12.04 13:32:52,401|
lab29-1-1: message_number_3124. Sent time: 12.04 13:32:47,121| 12.04 13:32:49,123| ; C In: 12.04 13:32:52,401|
lab29-1-1: message_number_3125. Sent time: 12.04 13:32:47,121| 12.04 13:32:49,124| ; C In: 12.04 13:32:52,401|
lab29-1-1: message_number_3126. Sent time: 12.04 13:32:47,121| 12.04 13:32:49,125| ; C In: 12.04 13:32:52,402|
lab29-1-1: message_number_3127. Sent time: 12.04 13:32:47,121| 12.04 13:32:49,125| ; C In: 12.04 13:32:52,402|
lab29-1-1: message_number_3128. Sent time: 12.04 13:32:47,122| 12.04 13:32:49,125| ; C In: 12.04 13:32:52,403|
lab29-1-1: message_number_3129. Sent time: 12.04 13:32:47,122| 12.04 13:32:49,126| ; C In: 12.04 13:32:52,403|
lab29-1-1: message_number_3130. Sent time: 12.04 13:32:47,122| 12.04 13:32:49,126| ; C In: 12.04 13:32:52,404|
lab29-1-1: message_number_3131. Sent time: 12.04 13:32:47,122| 12.04 13:32:49,127| ; C In: 12.04 13:32:52,404|
lab29-1-1: message_number_3132. Sent time: 12.04 13:32:47,122| 12.04 13:32:49,126| ; C In: 12.04 13:32:52,405|
lab29-1-1: message_number_3133. Sent time: 12.04 13:32:47,122| 12.04 13:32:49,126| ; C In: 12.04 13:32:52,405|
4-clientserver@lab22.cpt.haw-hamburg.de<0.22051.0>-C-1-5: 3134te_Nachricht. C Out: 12.04 13:32:47,368|(3134) 12.04 13:32:50,369| ; C In: 12.04 13:32:52,405|
Fehlernachricht fuer Nachrichtennummern 3074 bis 3135 ; C In: 12.04 13:32:52,406|
5-clientserver@lab22.cpt.haw-hamburg.de<0.22052.0>-C-1-5: 3136te_Nachricht. C Out: 12.04 13:32:47,390|(3136) 12.04 13:32:50,391| ; C In: 12.04 13:32:52,406|
12-clientserver@lab22.cpt.haw-hamburg.de<0.22059.0>-C-1-5: 3137te_Nachricht. C Out: 12.04 13:32:47,396|(3137) 12.04 13:32:50,397| ; C In: 12.04 13:32:52,407|
13-clientserver@lab22.cpt.haw-hamburg.de<0.22060.0>-C-1-5: 3138te_Nachricht. C Out: 12.04 13:32:47,397|(3138) 12.04 13:32:50,398| ; C In: 12.04 13:32:52,407|
'clientNode2@lab26.cpt.haw-hamburg.de'-<0.382.0>-C-3-06:3139te Nachricht.C Out:12.04 13:32:49,821| 12.04 13:32:49,822| ; C In: 12.04 13:32:52,408|
'clientNode2@lab26.cpt.haw-hamburg.de'-<0.379.0>-C-3-06:3140te Nachricht.C Out:12.04 13:32:49,887| 12.04 13:32:49,888| ; C In: 12.04 13:32:52,408|
'clientNode2@lab26.cpt.haw-hamburg.de'-<0.370.0>-C-3-06:3141te Nachricht.C Out:12.04 13:32:49,887| 12.04 13:32:49,888| ; C In: 12.04 13:32:52,409|
Fehlernachricht fuer Nachrichtennummern 3142 bis 3156 ; C In: 12.04 13:32:52,409|
'clientNode@lab26.cpt.haw-hamburg.de'-<0.9128.0>-C-3-06:3157te Nachricht.C Out:12.04 13:32:51,024| 12.04 13:32:51,024| ; C In: 12.04 13:32:52,410|
Fehlernachricht fuer Nachrichtennummern 3158 bis 3160 ; C In: 12.04 13:32:52,410|
..getmessages..Done...
13-clientserver@lab22.cpt.haw-hamburg.de<0.22060.0>-C-1-5: 3264te_Nachricht. C Out: 12.04 13:32:52,411|(3264) gesendet
13-clientserver@lab22.cpt.haw-hamburg.de<0.22060.0>-C-1-5: 3445te_Nachricht. C Out: 12.04 13:32:54,412|(3445) gesendet
13-clientserver@lab22.cpt.haw-hamburg.de<0.22060.0>-C-1-5: 3621te_Nachricht. C Out: 12.04 13:32:56,413|(3621) gesendet
13-clientserver@lab22.cpt.haw-hamburg.de<0.22060.0>-C-1-5: 3708te_Nachricht. C Out: 12.04 13:32:58,414|(3708) gesendet
13-clientserver@lab22.cpt.haw-hamburg.de<0.22060.0>-C-1-5: 3785te_Nachricht. C Out: 12.04 13:33:00,415|(3785) gesendet
3864te_Nachricht um 12.04 13:33:02,417|- vergessen zu senden ******
Neues Sendeintervall: 3 Sekunden
lab29-1-1: message_number_3829. Sent time: 12.04 13:33:01,350| 12.04 13:33:03,352| ; C In: 12.04 13:33:05,418|
lab29-1-1: message_number_3830. Sent time: 12.04 13:33:01,351| 12.04 13:33:03,352| ; C In: 12.04 13:33:05,419|
lab29-1-1: message_number_3831. Sent time: 12.04 13:33:01,351| 12.04 13:33:03,353| ; C In: 12.04 13:33:05,419|
lab29-1-1: message_number_3832. Sent time: 12.04 13:33:01,351| 12.04 13:33:03,353| ; C In: 12.04 13:33:05,420|
lab29-1-1: message_number_3833. Sent time: 12.04 13:33:01,352| 12.04 13:33:03,353| ; C In: 12.04 13:33:05,420|
[lab28|0304]: 3834te Nachricht. C Out: 12.04 13:33:04,450| 12.04 13:33:04,452| ; C In: 12.04 13:33:05,421|
[lab28|0304]: 3835te Nachricht. C Out: 12.04 13:33:04,451| 12.04 13:33:04,452| ; C In: 12.04 13:33:05,421|
[lab28|0304]: 3836te Nachricht. C Out: 12.04 13:33:04,452| 12.04 13:33:04,453| ; C In: 12.04 13:33:05,422|
[lab28|0304]: 3837te Nachricht. C Out: 12.04 13:33:04,452| 12.04 13:33:04,454| ; C In: 12.04 13:33:05,422|
[lab28|0304]: 3838te Nachricht. C Out: 12.04 13:33:04,452| 12.04 13:33:04,454| ; C In: 12.04 13:33:05,422|
[lab28|0304]: 3839te Nachricht. C Out: 12.04 13:33:04,453| 12.04 13:33:04,455| ; C In: 12.04 13:33:05,423|
[lab28|0304]: 3840te Nachricht. C Out: 12.04 13:33:04,453| 12.04 13:33:04,455| ; C In: 12.04 13:33:05,423|
[lab28|0304]: 3841te Nachricht. C Out: 12.04 13:33:04,453| 12.04 13:33:04,455| ; C In: 12.04 13:33:05,424|
[lab28|0304]: 3842te Nachricht. C Out: 12.04 13:33:04,454| 12.04 13:33:04,456| ; C In: 12.04 13:33:05,424|
[lab28|0304]: 3843te Nachricht. C Out: 12.04 13:33:04,454| 12.04 13:33:04,456| ; C In: 12.04 13:33:05,425|
[lab28|0304]: 3844te Nachricht. C Out: 12.04 13:33:04,455| 12.04 13:33:04,457| ; C In: 12.04 13:33:05,425|
[lab28|0304]: 3845te Nachricht. C Out: 12.04 13:33:04,455| 12.04 13:33:04,457| ; C In: 12.04 13:33:05,426|
[lab28|0304]: 3846te Nachricht. C Out: 12.04 13:33:04,455| 12.04 13:33:04,458| ; C In: 12.04 13:33:05,426|
[lab28|0304]: 3847te Nachricht. C Out: 12.04 13:33:04,455| 12.04 13:33:04,457| ; C In: 12.04 13:33:05,427|
[lab28|0304]: 3848te Nachricht. C Out: 12.04 13:33:04,455| 12.04 13:33:04,458| ; C In: 12.04 13:33:05,427|
[lab28|0304]: 3849te Nachricht. C Out: 12.04 13:33:04,456| 12.04 13:33:04,458| ; C In: 12.04 13:33:05,428|
[lab28|0304]: 3850te Nachricht. C Out: 12.04 13:33:04,457| 12.04 13:33:04,459| ; C In: 12.04 13:33:05,428|
[lab28|0304]: 3851te Nachricht. C Out: 12.04 13:33:04,457| 12.04 13:33:04,459| ; C In: 12.04 13:33:05,429|
[lab28|0304]: 3852te Nachricht. C Out: 12.04 13:33:04,457| 12.04 13:33:04,459| ; C In: 12.04 13:33:05,429|
[lab28|0304]: 3853te Nachricht. C Out: 12.04 13:33:04,457| 12.04 13:33:04,460| ; C In: 12.04 13:33:05,430|
'clientNode2@lab26.cpt.haw-hamburg.de'-<0.382.0>-C-3-06:3854te Nachricht.C Out:12.04 13:33:03,851| 12.04 13:33:03,852| ; C In: 12.04 13:33:05,430|
'clientNode2@lab26.cpt.haw-hamburg.de'-<0.379.0>-C-3-06:3855te Nachricht.C Out:12.04 13:33:04,918| 12.04 13:33:04,919| ; C In: 12.04 13:33:05,430|
'clientNode2@lab26.cpt.haw-hamburg.de'-<0.370.0>-C-3-06:3856te Nachricht.C Out:12.04 13:33:03,919| 12.04 13:33:03,920| ; C In: 12.04 13:33:05,431|
'clientNode@lab26.cpt.haw-hamburg.de'-<0.9126.0>-C-3-06:3857te Nachricht.C Out:12.04 13:33:05,103| 12.04 13:33:05,103| ; C In: 12.04 13:33:05,431|
Fehlernachricht fuer Nachrichtennummern 3858 bis 3858 ; C In: 12.04 13:33:05,432|
1-clientserver@lab22.cpt.haw-hamburg.de<0.22047.0>-C-1-5: 3859te_Nachricht. C Out: 12.04 13:33:02,359|(3859) 12.04 13:33:04,611| ; C In: 12.04 13:33:05,432|
15-clientserver@lab22.cpt.haw-hamburg.de<0.22062.0>-C-1-5: 3860te_Nachricht. C Out: 12.04 13:33:02,361|(3860) 12.04 13:33:04,612| ; C In: 12.04 13:33:05,433|
Fehlernachricht fuer Nachrichtennummern 3861 bis 3861 ; C In: 12.04 13:33:05,433|
4-clientserver@lab22.cpt.haw-hamburg.de<0.22051.0>-C-1-5: 3862te_Nachricht. C Out: 12.04 13:33:02,391|(3862) 12.04 13:33:04,392| ; C In: 12.04 13:33:05,433|
19-clientserver@lab22.cpt.haw-hamburg.de<0.22066.0>-C-1-5: 3863te_Nachricht. C Out: 12.04 13:33:02,409|(3863) 12.04 13:33:04,410| ; C In: 12.04 13:33:05,434|
No new messages ; C In: 12.04 13:33:05,434|
..getmessages..Done...
13-clientserver@lab22.cpt.haw-hamburg.de<0.22060.0>-C-1-5: 3987te_Nachricht. C Out: 12.04 13:33:05,435|(3987) gesendet
13-clientserver@lab22.cpt.haw-hamburg.de<0.22060.0>-C-1-5: 4128te_Nachricht. C Out: 12.04 13:33:08,436|(4128) gesendet
13-clientserver@lab22.cpt.haw-hamburg.de<0.22060.0>-C-1-5: 4416te_Nachricht. C Out: 12.04 13:33:11,437|(4416) gesendet
13-clientserver@lab22.cpt.haw-hamburg.de<0.22060.0>-C-1-5: 4552te_Nachricht. C Out: 12.04 13:33:14,439|(4552) gesendet
13-clientserver@lab22.cpt.haw-hamburg.de<0.22060.0>-C-1-5: 4640te_Nachricht. C Out: 12.04 13:33:17,440|(4640) gesendet
4761te_Nachricht um 12.04 13:33:20,441|- vergessen zu senden ******
Neues Sendeintervall: 2 Sekunden
1-profA@lab31.cpt.haw-hamburg.de-<0.11487.0>-KLC: 4672te_Nachricht. C Out: 12.04 13:33:21,873| 12.04 13:33:21,874| ; C In: 12.04 13:33:22,442|
0-profA@lab31.cpt.haw-hamburg.de-<0.11486.0>-KLC: 4673te_Nachricht. C Out: 12.04 13:33:21,874| 12.04 13:33:21,875| ; C In: 12.04 13:33:22,442|
7-profA@lab31.cpt.haw-hamburg.de-<0.11493.0>-KLC: 4674te_Nachricht. C Out: 12.04 13:33:21,874| 12.04 13:33:21,875| ; C In: 12.04 13:33:22,443|
6-profA@lab31.cpt.haw-hamburg.de-<0.11492.0>-KLC: 4675te_Nachricht. C Out: 12.04 13:33:21,874| 12.04 13:33:21,875| ; C In: 12.04 13:33:22,443|
4-profA@lab31.cpt.haw-hamburg.de-<0.11490.0>-KLC: 4676te_Nachricht. C Out: 12.04 13:33:21,875| 12.04 13:33:21,876| ; C In: 12.04 13:33:22,444|
9-profA@lab31.cpt.haw-hamburg.de-<0.11495.0>-KLC: 4677te_Nachricht. C Out: 12.04 13:33:21,876| 12.04 13:33:21,876| ; C In: 12.04 13:33:22,445|
2-profA@lab31.cpt.haw-hamburg.de-<0.11488.0>-KLC: 4678te_Nachricht. C Out: 12.04 13:33:21,876| 12.04 13:33:21,877| ; C In: 12.04 13:33:22,445|
lab29-1-1: message_number_4679. Sent time: 12.04 13:33:17,877| 12.04 13:33:21,879| ; C In: 12.04 13:33:22,446|
lab29-1-1: message_number_4680. Sent time: 12.04 13:33:17,877| 12.04 13:33:21,879| ; C In: 12.04 13:33:22,446|
lab29-1-1: message_number_4681. Sent time: 12.04 13:33:17,878| 12.04 13:33:21,879| ; C In: 12.04 13:33:22,446|
lab29-1-1: message_number_4682. Sent time: 12.04 13:33:17,878| 12.04 13:33:21,880| ; C In: 12.04 13:33:22,447|
lab29-1-1: message_number_4683. Sent time: 12.04 13:33:17,878| 12.04 13:33:21,880| ; C In: 12.04 13:33:22,448|
lab29-1-1: message_number_4684. Sent time: 12.04 13:33:17,878| 12.04 13:33:21,880| ; C In: 12.04 13:33:22,448|
lab29-1-1: message_number_4685. Sent time: 12.04 13:33:17,879| 12.04 13:33:21,880| ; C In: 12.04 13:33:22,449|
lab29-1-1: message_number_4686. Sent time: 12.04 13:33:17,879| 12.04 13:33:21,881| ; C In: 12.04 13:33:22,449|
lab29-1-1: message_number_4687. Sent time: 12.04 13:33:17,879| 12.04 13:33:21,881| ; C In: 12.04 13:33:22,450|
'clientNode2@lab26.cpt.haw-hamburg.de'-<0.382.0>-C-3-06:4688te Nachricht.C Out:12.04 13:33:20,880| 12.04 13:33:20,881| ; C In: 12.04 13:33:22,450|
lab29-1-1: message_number_4689. Sent time: 12.04 13:33:17,879| 12.04 13:33:21,881| ; C In: 12.04 13:33:22,451|
lab29-1-1: message_number_4690. Sent time: 12.04 13:33:17,880| 12.04 13:33:21,882| ; C In: 12.04 13:33:22,451|
lab29-1-1: message_number_4691. Sent time: 12.04 13:33:17,884| 12.04 13:33:21,886| ; C In: 12.04 13:33:22,452|
lab29-1-1: message_number_4692. Sent time: 12.04 13:33:17,884| 12.04 13:33:21,886| ; C In: 12.04 13:33:22,453|
lab29-1-1: message_number_4693. Sent time: 12.04 13:33:17,885| 12.04 13:33:21,886| ; C In: 12.04 13:33:22,453|
'clientNode2@lab26.cpt.haw-hamburg.de'-<0.387.0>-C-3-06:4694te Nachricht.C Out:12.04 13:33:19,918| 12.04 13:33:19,919| ; C In: 12.04 13:33:22,454|
lab29-1-1: message_number_4695. Sent time: 12.04 13:33:17,943| 12.04 13:33:21,945| ; C In: 12.04 13:33:22,454|
lab29-1-1: message_number_4696. Sent time: 12.04 13:33:17,943| 12.04 13:33:21,945| ; C In: 12.04 13:33:22,455|
lab29-1-1: message_number_4697. Sent time: 12.04 13:33:17,945| 12.04 13:33:21,946| ; C In: 12.04 13:33:22,455|
lab29-1-1: message_number_4698. Sent time: 12.04 13:33:17,945| 12.04 13:33:21,947| ; C In: 12.04 13:33:22,456|
[lab28|0304]: 4699te Nachricht. C Out: 12.04 13:33:19,945| 12.04 13:33:19,946| ; C In: 12.04 13:33:22,456|
lab29-1-1: message_number_4700. Sent time: 12.04 13:33:17,945| 12.04 13:33:21,947| ; C In: 12.04 13:33:22,457|
lab29-1-1: message_number_4701. Sent time: 12.04 13:33:17,945| 12.04 13:33:21,947| ; C In: 12.04 13:33:22,457|
[lab28|0304]: 4702te Nachricht. C Out: 12.04 13:33:19,945| 12.04 13:33:19,946| ; C In: 12.04 13:33:22,458|
[lab28|0304]: 4703te Nachricht. C Out: 12.04 13:33:19,945| 12.04 13:33:19,947| ; C In: 12.04 13:33:22,458|
[lab28|0304]: 4704te Nachricht. C Out: 12.04 13:33:19,946| 12.04 13:33:19,947| ; C In: 12.04 13:33:22,458|
[lab28|0304]: 4705te Nachricht. C Out: 12.04 13:33:19,946| 12.04 13:33:19,947| ; C In: 12.04 13:33:22,459|
[lab28|0304]: 4706te Nachricht. C Out: 12.04 13:33:20,945| 12.04 13:33:20,946| ; C In: 12.04 13:33:22,459|
[lab28|0304]: 4707te Nachricht. C Out: 12.04 13:33:20,945| 12.04 13:33:20,946| ; C In: 12.04 13:33:22,459|
[lab28|0304]: 4708te Nachricht. C Out: 12.04 13:33:20,945| 12.04 13:33:20,947| ; C In: 12.04 13:33:22,460|
'clientNode2@lab26.cpt.haw-hamburg.de'-<0.395.0>-C-3-06:4709te Nachricht.C Out:12.04 13:33:19,952| 12.04 13:33:19,953| ; C In: 12.04 13:33:22,460|
'clientNode2@lab26.cpt.haw-hamburg.de'-<0.370.0>-C-3-06:4710te Nachricht.C Out:12.04 13:33:19,958| 12.04 13:33:19,959| ; C In: 12.04 13:33:22,461|
..getmessages..Done...
13-clientserver@lab22.cpt.haw-hamburg.de<0.22060.0>-C-1-5: 4840te_Nachricht. C Out: 12.04 13:33:22,461|(4840) gesendet
13-clientserver@lab22.cpt.haw-hamburg.de<0.22060.0>-C-1-5: 4899te_Nachricht. C Out: 12.04 13:33:24,462|(4899) gesendet
13-clientserver@lab22.cpt.haw-hamburg.de<0.22060.0>-C-1-5: 4948te_Nachricht. C Out: 12.04 13:33:26,463|(4948) gesendet
13-clientserver@lab22.cpt.haw-hamburg.de<0.22060.0>-C-1-5: 4991te_Nachricht. C Out: 12.04 13:33:28,465|(4991) gesendet
13-clientserver@lab22.cpt.haw-hamburg.de<0.22060.0>-C-1-5: 5013te_Nachricht. C Out: 12.04 13:33:30,466|(5013) gesendet
5043te_Nachricht um 12.04 13:33:32,467|- vergessen zu senden ******
Neues Sendeintervall: 3 Sekunden
4-clientserver@lab22.cpt.haw-hamburg.de<0.22051.0>-C-1-5: 4989te_Nachricht. C Out: 12.04 13:33:28,441|(4989) 12.04 13:33:30,443| ; C In: 12.04 13:33:35,469|
19-clientserver@lab22.cpt.haw-hamburg.de<0.22066.0>-C-1-5: 4990te_Nachricht. C Out: 12.04 13:33:28,459|(4990) 12.04 13:33:30,460| ; C In: 12.04 13:33:35,470|
13-clientserver@lab22.cpt.haw-hamburg.de<0.22060.0>-C-1-5: 4991te_Nachricht. C Out: 12.04 13:33:28,465|(4991) 12.04 13:33:30,466| ; C In: 12.04 13:33:35,470|
5-clientserver@lab22.cpt.haw-hamburg.de<0.22052.0>-C-1-5: 4992te_Nachricht. C Out: 12.04 13:33:28,690|(4992) 12.04 13:33:30,941| ; C In: 12.04 13:33:35,471|
12-clientserver@lab22.cpt.haw-hamburg.de<0.22059.0>-C-1-5: 4993te_Nachricht. C Out: 12.04 13:33:28,694|(4993) 12.04 13:33:30,946| ; C In: 12.04 13:33:35,472|
[lab28|0304]: 4994te Nachricht. C Out: 12.04 13:33:31,746| 12.04 13:33:31,747| ; C In: 12.04 13:33:35,473|
[lab28|0304]: 4995te Nachricht. C Out: 12.04 13:33:31,747| 12.04 13:33:31,748| ; C In: 12.04 13:33:35,474|
[lab28|0304]: 4996te Nachricht. C Out: 12.04 13:33:30,748| 12.04 13:33:30,749| ; C In: 12.04 13:33:35,474|
[lab28|0304]: 4997te Nachricht. C Out: 12.04 13:33:30,749| 12.04 13:33:30,750| ; C In: 12.04 13:33:35,475|
[lab28|0304]: 4998te Nachricht. C Out: 12.04 13:33:30,750| 12.04 13:33:30,751| ; C In: 12.04 13:33:35,476|
9-clientserver@lab22.cpt.haw-hamburg.de<0.22056.0>-C-1-5: 4999te_Nachricht. C Out: 12.04 13:33:28,814|(4999) 12.04 13:33:30,816| ; C In: 12.04 13:33:35,477|
2-clientserver@lab22.cpt.haw-hamburg.de<0.22048.0>-C-1-5: 5000te_Nachricht. C Out: 12.04 13:33:29,057|(5000) 12.04 13:33:34,120| ; C In: 12.04 13:33:35,478|
1-clientserver@lab22.cpt.haw-hamburg.de<0.22047.0>-C-1-5: 5001te_Nachricht. C Out: 12.04 13:33:29,160|(5001) 12.04 13:33:31,161| ; C In: 12.04 13:33:35,478|
7-clientserver@lab22.cpt.haw-hamburg.de<0.22054.0>-C-1-5: 5002te_Nachricht. C Out: 12.04 13:33:29,431|(5002) 12.04 13:33:32,432| ; C In: 12.04 13:33:35,479|
[lab28|0304]: 5003te Nachricht. C Out: 12.04 13:33:32,951| 12.04 13:33:32,952| ; C In: 12.04 13:33:35,480|
[lab28|0304]: 5004te Nachricht. C Out: 12.04 13:33:32,951| 12.04 13:33:32,953| ; C In: 12.04 13:33:35,481|
[lab28|0304]: 5005te Nachricht. C Out: 12.04 13:33:32,951| 12.04 13:33:32,953| ; C In: 12.04 13:33:35,481|
8-clientserver@lab22.cpt.haw-hamburg.de<0.22055.0>-C-1-5: 5006te_Nachricht. C Out: 12.04 13:33:29,998|(5006) 12.04 13:33:31,999| ; C In: 12.04 13:33:35,482|
[lab28|0304]: 5007te Nachricht. C Out: 12.04 13:33:32,009| 12.04 13:33:32,010| ; C In: 12.04 13:33:35,483|
[lab28|0304]: 5008te Nachricht. C Out: 12.04 13:33:32,009| 12.04 13:33:32,011| ; C In: 12.04 13:33:35,483|
[lab28|0304]: 5009te Nachricht. C Out: 12.04 13:33:32,009| 12.04 13:33:32,010| ; C In: 12.04 13:33:35,484|
14-clientserver@lab22.cpt.haw-hamburg.de<0.22061.0>-C-1-5: 5010te_Nachricht. C Out: 12.04 13:33:30,097|(5010) 12.04 13:33:33,098| ; C In: 12.04 13:33:35,485|
4-clientserver@lab22.cpt.haw-hamburg.de<0.22051.0>-C-1-5: 5011te_Nachricht. C Out: 12.04 13:33:30,444|(5011) 12.04 13:33:32,445| ; C In: 12.04 13:33:35,486|
19-clientserver@lab22.cpt.haw-hamburg.de<0.22066.0>-C-1-5: 5012te_Nachricht. C Out: 12.04 13:33:30,460|(5012) 12.04 13:33:32,462| ; C In: 12.04 13:33:35,486|
13-clientserver@lab22.cpt.haw-hamburg.de<0.22060.0>-C-1-5: 5013te_Nachricht. C Out: 12.04 13:33:30,466|(5013) 12.04 13:33:32,467| ; C In: 12.04 13:33:35,487|
[lab28|0304]: 5014te Nachricht. C Out: 12.04 13:33:33,729| 12.04 13:33:33,730| ; C In: 12.04 13:33:35,487|
[lab28|0304]: 5015te Nachricht. C Out: 12.04 13:33:33,729| 12.04 13:33:33,730| ; C In: 12.04 13:33:35,488|
[lab28|0304]: 5016te Nachricht. C Out: 12.04 13:33:33,730| 12.04 13:33:33,731| ; C In: 12.04 13:33:35,488|
[lab28|0304]: 5017te Nachricht. C Out: 12.04 13:33:34,745| 12.04 13:33:34,747| ; C In: 12.04 13:33:35,489|
[lab28|0304]: 5018te Nachricht. C Out: 12.04 13:33:34,746| 12.04 13:33:34,747| ; C In: 12.04 13:33:35,489|
[lab28|0304]: 5019te Nachricht. C Out: 12.04 13:33:32,749| 12.04 13:33:32,750| ; C In: 12.04 13:33:35,489|
[lab28|0304]: 5020te Nachricht. C Out: 12.04 13:33:32,750| 12.04 13:33:32,751| ; C In: 12.04 13:33:35,490|
[lab28|0304]: 5021te Nachricht. C Out: 12.04 13:33:32,751| 12.04 13:33:32,753| ; C In: 12.04 13:33:35,490|
..getmessages..Done...
13-clientserver@lab22.cpt.haw-hamburg.de<0.22060.0>-C-1-5: 5090te_Nachricht. C Out: 12.04 13:33:35,491|(5090) gesendet
13-clientserver@lab22.cpt.haw-hamburg.de<0.22060.0>-C-1-5: 5132te_Nachricht. C Out: 12.04 13:33:38,492|(5132) gesendet
13-clientserver@lab22.cpt.haw-hamburg.de<0.22060.0>-C-1-5: Lebenszeit um. Wird beendet.
