16-clientserver@lab22.cpt.haw-hamburg.de<0.22063.0>-C-1-5: Start: 12.04 13:31:41,034|.
16-clientserver@lab22.cpt.haw-hamburg.de<0.22063.0>-C-1-5: 627te_Nachricht. C Out: 12.04 13:31:41,034|(627) gesendet
16-clientserver@lab22.cpt.haw-hamburg.de<0.22063.0>-C-1-5: 691te_Nachricht. C Out: 12.04 13:31:44,037|(691) gesendet
16-clientserver@lab22.cpt.haw-hamburg.de<0.22063.0>-C-1-5: 792te_Nachricht. C Out: 12.04 13:31:47,039|(792) gesendet
16-clientserver@lab22.cpt.haw-hamburg.de<0.22063.0>-C-1-5: 1079te_Nachricht. C Out: 12.04 13:31:50,041|(1079) gesendet
16-clientserver@lab22.cpt.haw-hamburg.de<0.22063.0>-C-1-5: 1179te_Nachricht. C Out: 12.04 13:31:53,043|(1179) gesendet
1234te_Nachricht um 12.04 13:31:56,046|- vergessen zu senden ******
Neues Sendeintervall: 4 Sekunden
'clientNode2@lab26.cpt.haw-hamburg.de'-<0.384.0>-C-3-06:1294te Nachricht.C Out:12.04 13:31:59,732| 12.04 13:31:59,733| ; C In: 12.04 13:32:00,548|
'clientNode2@lab26.cpt.haw-hamburg.de'-<0.379.0>-C-3-06:1295te Nachricht.C Out:12.04 13:31:58,733| 12.04 13:31:58,734| ; C In: 12.04 13:32:00,549|
'clientNode2@lab26.cpt.haw-hamburg.de'-<0.370.0>-C-3-06:1296te Nachricht.C Out:12.04 13:31:58,734| 12.04 13:31:58,735| ; C In: 12.04 13:32:00,552|
'clientNode2@lab26.cpt.haw-hamburg.de'-<0.395.0>-C-3-06:1297te Nachricht.C Out:12.04 13:31:58,734| 12.04 13:31:58,735| ; C In: 12.04 13:32:00,554|
'clientNode@lab26.cpt.haw-hamburg.de'-<0.9123.0>-C-3-06:1298te Nachricht.C Out:12.04 13:31:58,895| 12.04 13:31:58,895| ; C In: 12.04 13:32:00,557|
'clientNode@lab26.cpt.haw-hamburg.de'-<0.9117.0>-C-3-06:1299te Nachricht.C Out:12.04 13:31:58,895| 12.04 13:31:58,895| ; C In: 12.04 13:32:00,560|
'clientNode@lab26.cpt.haw-hamburg.de'-<0.9126.0>-C-3-06:1300te Nachricht.C Out:12.04 13:31:58,896| 12.04 13:31:58,896| ; C In: 12.04 13:32:00,562|
'clientNode@lab26.cpt.haw-hamburg.de'-<0.9128.0>-C-3-06:1301te Nachricht.C Out:12.04 13:31:58,896| 12.04 13:31:58,896| ; C In: 12.04 13:32:00,565|
Fehlernachricht fuer Nachrichtennummern 1302 bis 1311 ; C In: 12.04 13:32:00,567|
lab29-1-1: message_number_1312. Sent time: 12.04 13:31:58,108| 12.04 13:32:00,109| ; C In: 12.04 13:32:00,570|
lab29-1-1: message_number_1313. Sent time: 12.04 13:31:58,110| 12.04 13:32:00,111| ; C In: 12.04 13:32:00,572|
lab29-1-1: message_number_1314. Sent time: 12.04 13:31:58,109| 12.04 13:32:00,111| ; C In: 12.04 13:32:00,575|
lab29-1-1: message_number_1315. Sent time: 12.04 13:31:58,110| 12.04 13:32:00,111| ; C In: 12.04 13:32:00,577|
lab29-1-1: message_number_1316. Sent time: 12.04 13:31:58,110| 12.04 13:32:00,112| ; C In: 12.04 13:32:00,580|
lab29-1-1: message_number_1317. Sent time: 12.04 13:31:58,110| 12.04 13:32:00,112| ; C In: 12.04 13:32:00,582|
lab29-1-1: message_number_1318. Sent time: 12.04 13:31:58,112| 12.04 13:32:00,113| ; C In: 12.04 13:32:00,584|
lab29-1-1: message_number_1319. Sent time: 12.04 13:31:58,112| 12.04 13:32:00,114| ; C In: 12.04 13:32:00,587|
lab29-1-1: message_number_1320. Sent time: 12.04 13:31:58,113| 12.04 13:32:00,114| ; C In: 12.04 13:32:00,589|
lab29-1-1: message_number_1321. Sent time: 12.04 13:31:58,113| 12.04 13:32:00,115| ; C In: 12.04 13:32:00,591|
lab29-1-1: message_number_1322. Sent time: 12.04 13:31:58,114| 12.04 13:32:00,116| ; C In: 12.04 13:32:00,594|
lab29-1-1: message_number_1323. Sent time: 12.04 13:31:58,115| 12.04 13:32:00,116| ; C In: 12.04 13:32:00,596|
lab29-1-1: message_number_1324. Sent time: 12.04 13:31:58,115| 12.04 13:32:00,117| ; C In: 12.04 13:32:00,598|
lab29-1-1: message_number_1325. Sent time: 12.04 13:31:58,116| 12.04 13:32:00,117| ; C In: 12.04 13:32:00,601|
lab29-1-1: message_number_1326. Sent time: 12.04 13:31:58,116| 12.04 13:32:00,118| ; C In: 12.04 13:32:00,603|
lab29-1-1: message_number_1327. Sent time: 12.04 13:31:58,116| 12.04 13:32:00,118| ; C In: 12.04 13:32:00,605|
lab29-1-1: message_number_1328. Sent time: 12.04 13:31:58,117| 12.04 13:32:00,119| ; C In: 12.04 13:32:00,607|
lab29-1-1: message_number_1329. Sent time: 12.04 13:31:58,118| 12.04 13:32:00,119| ; C In: 12.04 13:32:00,610|
lab29-1-1: message_number_1330. Sent time: 12.04 13:31:58,118| 12.04 13:32:00,120| ; C In: 12.04 13:32:00,612|
lab29-1-1: message_number_1331. Sent time: 12.04 13:31:58,118| 12.04 13:32:00,120| ; C In: 12.04 13:32:00,614|
3-clientserver@lab22.cpt.haw-hamburg.de<0.22050.0>-C-1-5: 1332te_Nachricht. C Out: 12.04 13:31:58,209|(1332) 12.04 13:32:00,210| ; C In: 12.04 13:32:00,616|
0-clientserver@lab22.cpt.haw-hamburg.de<0.22046.0>-C-1-5: 1333te_Nachricht. C Out: 12.04 13:31:58,209|(1333) 12.04 13:32:00,211| ; C In: 12.04 13:32:00,619|
1-clientserver@lab22.cpt.haw-hamburg.de<0.22047.0>-C-1-5: 1334te_Nachricht. C Out: 12.04 13:31:58,210|(1334) 12.04 13:32:00,211| ; C In: 12.04 13:32:00,621|
11-clientserver@lab22.cpt.haw-hamburg.de<0.22058.0>-C-1-5: 1335te_Nachricht. C Out: 12.04 13:31:58,212|(1335) 12.04 13:32:00,213| ; C In: 12.04 13:32:00,623|
4-clientserver@lab22.cpt.haw-hamburg.de<0.22051.0>-C-1-5: 1336te_Nachricht. C Out: 12.04 13:31:58,214|(1336) 12.04 13:32:00,216| ; C In: 12.04 13:32:00,626|
5-clientserver@lab22.cpt.haw-hamburg.de<0.22052.0>-C-1-5: 1337te_Nachricht. C Out: 12.04 13:31:58,217|(1337) 12.04 13:32:00,218| ; C In: 12.04 13:32:00,628|
7-clientserver@lab22.cpt.haw-hamburg.de<0.22054.0>-C-1-5: 1338te_Nachricht. C Out: 12.04 13:31:58,217|(1338) 12.04 13:32:00,218| ; C In: 12.04 13:32:00,630|
10-clientserver@lab22.cpt.haw-hamburg.de<0.22057.0>-C-1-5: 1339te_Nachricht. C Out: 12.04 13:31:58,217|(1339) 12.04 13:32:00,219| ; C In: 12.04 13:32:00,632|
12-clientserver@lab22.cpt.haw-hamburg.de<0.22059.0>-C-1-5: 1340te_Nachricht. C Out: 12.04 13:31:58,217|(1340) 12.04 13:32:00,219| ; C In: 12.04 13:32:00,634|
13-clientserver@lab22.cpt.haw-hamburg.de<0.22060.0>-C-1-5: 1341te_Nachricht. C Out: 12.04 13:31:58,217|(1341) 12.04 13:32:00,220| ; C In: 12.04 13:32:00,636|
18-clientserver@lab22.cpt.haw-hamburg.de<0.22065.0>-C-1-5: 1342te_Nachricht. C Out: 12.04 13:31:58,217|(1342) 12.04 13:32:00,220| ; C In: 12.04 13:32:00,638|
15-clientserver@lab22.cpt.haw-hamburg.de<0.22062.0>-C-1-5: 1343te_Nachricht. C Out: 12.04 13:31:58,217|(1343) 12.04 13:32:00,220| ; C In: 12.04 13:32:00,641|
19-clientserver@lab22.cpt.haw-hamburg.de<0.22066.0>-C-1-5: 1344te_Nachricht. C Out: 12.04 13:31:58,218|(1344) 12.04 13:32:00,221| ; C In: 12.04 13:32:00,643|
..getmessages..Done...
16-clientserver@lab22.cpt.haw-hamburg.de<0.22063.0>-C-1-5: 1404te_Nachricht. C Out: 12.04 13:32:00,644|(1404) gesendet
16-clientserver@lab22.cpt.haw-hamburg.de<0.22063.0>-C-1-5: 1774te_Nachricht. C Out: 12.04 13:32:05,145|(1774) gesendet
16-clientserver@lab22.cpt.haw-hamburg.de<0.22063.0>-C-1-5: 1920te_Nachricht. C Out: 12.04 13:32:09,647|(1920) gesendet
16-clientserver@lab22.cpt.haw-hamburg.de<0.22063.0>-C-1-5: 2045te_Nachricht. C Out: 12.04 13:32:14,148|(2045) gesendet
16-clientserver@lab22.cpt.haw-hamburg.de<0.22063.0>-C-1-5: 2213te_Nachricht. C Out: 12.04 13:32:18,649|(2213) gesendet
2335te_Nachricht um 12.04 13:32:23,151|- vergessen zu senden ******
Neues Sendeintervall: 2 Sekunden
2-profA@lab31.cpt.haw-hamburg.de-<0.11488.0>-KLC: 2265te_Nachricht. C Out: 12.04 13:32:24,519| 12.04 13:32:24,521| ; C In: 12.04 13:32:25,402|
Fehlernachricht fuer Nachrichtennummern 2266 bis 2286 ; C In: 12.04 13:32:25,403|
'clientNode2@lab26.cpt.haw-hamburg.de'-<0.376.0>-C-3-06:2287te Nachricht.C Out:12.04 13:32:23,807| 12.04 13:32:23,808| ; C In: 12.04 13:32:25,403|
Fehlernachricht fuer Nachrichtennummern 2288 bis 2288 ; C In: 12.04 13:32:25,404|
'clientNode2@lab26.cpt.haw-hamburg.de'-<0.370.0>-C-3-06:2289te Nachricht.C Out:12.04 13:32:22,837| 12.04 13:32:22,838| ; C In: 12.04 13:32:25,406|
Fehlernachricht fuer Nachrichtennummern 2290 bis 2292 ; C In: 12.04 13:32:25,407|
'clientNode@lab26.cpt.haw-hamburg.de'-<0.9117.0>-C-3-06:2293te Nachricht.C Out:12.04 13:32:22,989| 12.04 13:32:22,989| ; C In: 12.04 13:32:25,408|
'clientNode@lab26.cpt.haw-hamburg.de'-<0.9126.0>-C-3-06:2294te Nachricht.C Out:12.04 13:32:22,990| 12.04 13:32:22,990| ; C In: 12.04 13:32:25,409|
Fehlernachricht fuer Nachrichtennummern 2221 bis 2295 ; C In: 12.04 13:32:25,411|
'clientNode2@lab26.cpt.haw-hamburg.de'-<0.395.0>-C-3-06:2296te Nachricht.C Out:12.04 13:32:23,827| 12.04 13:32:23,828| ; C In: 12.04 13:32:25,412|
'clientNode@lab26.cpt.haw-hamburg.de'-<0.9109.0>-C-3-06:2297te Nachricht.C Out:12.04 13:32:23,971| 12.04 13:32:23,974| ; C In: 12.04 13:32:25,413|
'clientNode@lab26.cpt.haw-hamburg.de'-<0.9106.0>-C-3-06:2298te Nachricht.C Out:12.04 13:32:23,971| 12.04 13:32:23,974| ; C In: 12.04 13:32:25,414|
Fehlernachricht fuer Nachrichtennummern 2299 bis 2299 ; C In: 12.04 13:32:25,415|
'clientNode@lab26.cpt.haw-hamburg.de'-<0.9123.0>-C-3-06:2300te Nachricht.C Out:12.04 13:32:24,988| 12.04 13:32:24,988| ; C In: 12.04 13:32:25,417|
5-clientserver@lab22.cpt.haw-hamburg.de<0.22052.0>-C-1-5: 2301te_Nachricht. C Out: 12.04 13:32:22,343|(2301) 12.04 13:32:24,344| ; C In: 12.04 13:32:25,418|
12-clientserver@lab22.cpt.haw-hamburg.de<0.22059.0>-C-1-5: 2302te_Nachricht. C Out: 12.04 13:32:22,349|(2302) 12.04 13:32:24,350| ; C In: 12.04 13:32:25,419|
13-clientserver@lab22.cpt.haw-hamburg.de<0.22060.0>-C-1-5: 2303te_Nachricht. C Out: 12.04 13:32:22,350|(2303) 12.04 13:32:24,351| ; C In: 12.04 13:32:25,420|
19-clientserver@lab22.cpt.haw-hamburg.de<0.22066.0>-C-1-5: 2304te_Nachricht. C Out: 12.04 13:32:22,350|(2304) 12.04 13:32:24,351| ; C In: 12.04 13:32:25,421|
lab29-1-1: message_number_2305. Sent time: 12.04 13:32:22,604| 12.04 13:32:24,608| ; C In: 12.04 13:32:25,422|
lab29-1-1: message_number_2306. Sent time: 12.04 13:32:22,604| 12.04 13:32:24,609| ; C In: 12.04 13:32:25,424|
lab29-1-1: message_number_2307. Sent time: 12.04 13:32:22,605| 12.04 13:32:24,610| ; C In: 12.04 13:32:25,425|
lab29-1-1: message_number_2308. Sent time: 12.04 13:32:22,607| 12.04 13:32:24,610| ; C In: 12.04 13:32:25,426|
lab29-1-1: message_number_2309. Sent time: 12.04 13:32:22,607| 12.04 13:32:24,611| ; C In: 12.04 13:32:25,427|
lab29-1-1: message_number_2310. Sent time: 12.04 13:32:22,607| 12.04 13:32:24,612| ; C In: 12.04 13:32:25,428|
lab29-1-1: message_number_2311. Sent time: 12.04 13:32:22,607| 12.04 13:32:24,613| ; C In: 12.04 13:32:25,430|
lab29-1-1: message_number_2312. Sent time: 12.04 13:32:22,608| 12.04 13:32:24,614| ; C In: 12.04 13:32:25,431|
lab29-1-1: message_number_2313. Sent time: 12.04 13:32:22,608| 12.04 13:32:24,613| ; C In: 12.04 13:32:25,432|
lab29-1-1: message_number_2314. Sent time: 12.04 13:32:22,609| 12.04 13:32:24,614| ; C In: 12.04 13:32:25,433|
lab29-1-1: message_number_2315. Sent time: 12.04 13:32:22,609| 12.04 13:32:24,616| ; C In: 12.04 13:32:25,434|
lab29-1-1: message_number_2316. Sent time: 12.04 13:32:22,610| 12.04 13:32:24,615| ; C In: 12.04 13:32:25,435|
lab29-1-1: message_number_2317. Sent time: 12.04 13:32:22,610| 12.04 13:32:24,615| ; C In: 12.04 13:32:25,436|
lab29-1-1: message_number_2318. Sent time: 12.04 13:32:22,610| 12.04 13:32:24,616| ; C In: 12.04 13:32:25,437|
lab29-1-1: message_number_2319. Sent time: 12.04 13:32:22,611| 12.04 13:32:24,617| ; C In: 12.04 13:32:25,438|
lab29-1-1: message_number_2320. Sent time: 12.04 13:32:22,612| 12.04 13:32:24,617| ; C In: 12.04 13:32:25,439|
lab29-1-1: message_number_2321. Sent time: 12.04 13:32:22,612| 12.04 13:32:24,617| ; C In: 12.04 13:32:25,440|
lab29-1-1: message_number_2322. Sent time: 12.04 13:32:22,613| 12.04 13:32:24,618| ; C In: 12.04 13:32:25,441|
lab29-1-1: message_number_2323. Sent time: 12.04 13:32:22,613| 12.04 13:32:24,619| ; C In: 12.04 13:32:25,442|
lab29-1-1: message_number_2324. Sent time: 12.04 13:32:22,613| 12.04 13:32:24,619| ; C In: 12.04 13:32:25,443|
..getmessages..Done...
16-clientserver@lab22.cpt.haw-hamburg.de<0.22063.0>-C-1-5: 2606te_Nachricht. C Out: 12.04 13:32:25,444|(2606) gesendet
16-clientserver@lab22.cpt.haw-hamburg.de<0.22063.0>-C-1-5: 2683te_Nachricht. C Out: 12.04 13:32:27,695|(2683) gesendet
16-clientserver@lab22.cpt.haw-hamburg.de<0.22063.0>-C-1-5: 2713te_Nachricht. C Out: 12.04 13:32:29,946|(2713) gesendet
16-clientserver@lab22.cpt.haw-hamburg.de<0.22063.0>-C-1-5: 2790te_Nachricht. C Out: 12.04 13:32:32,198|(2790) gesendet
16-clientserver@lab22.cpt.haw-hamburg.de<0.22063.0>-C-1-5: 2824te_Nachricht. C Out: 12.04 13:32:34,450|(2824) gesendet
2898te_Nachricht um 12.04 13:32:36,701|- vergessen zu senden ******
Neues Sendeintervall: 3 Sekunden
'clientNode@lab26.cpt.haw-hamburg.de'-<0.9109.0>-C-3-06:2817te Nachricht.C Out:12.04 13:32:36,009| 12.04 13:32:36,009| ; C In: 12.04 13:32:40,078|
'clientNode@lab26.cpt.haw-hamburg.de'-<0.9106.0>-C-3-06:2818te Nachricht.C Out:12.04 13:32:36,009| 12.04 13:32:36,010| ; C In: 12.04 13:32:40,079|
'clientNode@lab26.cpt.haw-hamburg.de'-<0.9123.0>-C-3-06:2819te Nachricht.C Out:12.04 13:32:36,015| 12.04 13:32:36,015| ; C In: 12.04 13:32:40,080|
4-clientserver@lab22.cpt.haw-hamburg.de<0.22051.0>-C-1-5: 2820te_Nachricht. C Out: 12.04 13:32:34,340|(2820) 12.04 13:32:36,343| ; C In: 12.04 13:32:40,081|
7-clientserver@lab22.cpt.haw-hamburg.de<0.22054.0>-C-1-5: 2821te_Nachricht. C Out: 12.04 13:32:34,341|(2821) 12.04 13:32:36,343| ; C In: 12.04 13:32:40,083|
19-clientserver@lab22.cpt.haw-hamburg.de<0.22066.0>-C-1-5: 2822te_Nachricht. C Out: 12.04 13:32:34,363|(2822) 12.04 13:32:36,365| ; C In: 12.04 13:32:40,084|
14-clientserver@lab22.cpt.haw-hamburg.de<0.22061.0>-C-1-5: 2823te_Nachricht. C Out: 12.04 13:32:34,449|(2823) 12.04 13:32:36,701| ; C In: 12.04 13:32:40,085|
16-clientserver@lab22.cpt.haw-hamburg.de<0.22063.0>-C-1-5: 2824te_Nachricht. C Out: 12.04 13:32:34,450|(2824) 12.04 13:32:36,701| ; C In: 12.04 13:32:40,086|
6-clientserver@lab22.cpt.haw-hamburg.de<0.22053.0>-C-1-5: 2825te_Nachricht. C Out: 12.04 13:32:34,450|(2825) 12.04 13:32:36,702| ; C In: 12.04 13:32:40,087|
9-clientserver@lab22.cpt.haw-hamburg.de<0.22056.0>-C-1-5: 2826te_Nachricht. C Out: 12.04 13:32:34,451|(2826) 12.04 13:32:36,702| ; C In: 12.04 13:32:40,089|
lab29-1-1: message_number_2827. Sent time: 12.04 13:32:34,838| 12.04 13:32:38,840| ; C In: 12.04 13:32:40,090|
lab29-1-1: message_number_2828. Sent time: 12.04 13:32:34,838| 12.04 13:32:38,840| ; C In: 12.04 13:32:40,091|
lab29-1-1: message_number_2829. Sent time: 12.04 13:32:34,839| 12.04 13:32:38,841| ; C In: 12.04 13:32:40,092|
lab29-1-1: message_number_2830. Sent time: 12.04 13:32:34,840| 12.04 13:32:38,841| ; C In: 12.04 13:32:40,093|
lab29-1-1: message_number_2831. Sent time: 12.04 13:32:34,840| 12.04 13:32:38,842| ; C In: 12.04 13:32:40,094|
lab29-1-1: message_number_2832. Sent time: 12.04 13:32:34,842| 12.04 13:32:38,844| ; C In: 12.04 13:32:40,095|
lab29-1-1: message_number_2833. Sent time: 12.04 13:32:34,843| 12.04 13:32:38,845| ; C In: 12.04 13:32:40,096|
lab29-1-1: message_number_2834. Sent time: 12.04 13:32:34,844| 12.04 13:32:38,846| ; C In: 12.04 13:32:40,097|
lab29-1-1: message_number_2835. Sent time: 12.04 13:32:34,845| 12.04 13:32:38,846| ; C In: 12.04 13:32:40,098|
lab29-1-1: message_number_2836. Sent time: 12.04 13:32:34,845| 12.04 13:32:38,846| ; C In: 12.04 13:32:40,099|
lab29-1-1: message_number_2837. Sent time: 12.04 13:32:34,846| 12.04 13:32:38,848| ; C In: 12.04 13:32:40,100|
lab29-1-1: message_number_2838. Sent time: 12.04 13:32:34,847| 12.04 13:32:38,848| ; C In: 12.04 13:32:40,101|
lab29-1-1: message_number_2839. Sent time: 12.04 13:32:34,847| 12.04 13:32:38,849| ; C In: 12.04 13:32:40,102|
lab29-1-1: message_number_2840. Sent time: 12.04 13:32:34,847| 12.04 13:32:38,849| ; C In: 12.04 13:32:40,103|
lab29-1-1: message_number_2841. Sent time: 12.04 13:32:34,848| 12.04 13:32:38,850| ; C In: 12.04 13:32:40,104|
lab29-1-1: message_number_2842. Sent time: 12.04 13:32:34,848| 12.04 13:32:38,850| ; C In: 12.04 13:32:40,105|
lab29-1-1: message_number_2843. Sent time: 12.04 13:32:34,849| 12.04 13:32:38,850| ; C In: 12.04 13:32:40,106|
lab29-1-1: message_number_2844. Sent time: 12.04 13:32:34,849| 12.04 13:32:38,850| ; C In: 12.04 13:32:40,107|
lab29-1-1: message_number_2845. Sent time: 12.04 13:32:34,849| 12.04 13:32:38,851| ; C In: 12.04 13:32:40,108|
lab29-1-1: message_number_2846. Sent time: 12.04 13:32:34,850| 12.04 13:32:38,851| ; C In: 12.04 13:32:40,109|
'clientNode2@lab26.cpt.haw-hamburg.de'-<0.395.0>-C-3-06:2847te Nachricht.C Out:12.04 13:32:37,850| 12.04 13:32:37,851| ; C In: 12.04 13:32:40,110|
'clientNode@lab26.cpt.haw-hamburg.de'-<0.9126.0>-C-3-06:2848te Nachricht.C Out:12.04 13:32:37,045| 12.04 13:32:37,045| ; C In: 12.04 13:32:40,111|
10-clientserver@lab22.cpt.haw-hamburg.de<0.22057.0>-C-1-5: 2849te_Nachricht. C Out: 12.04 13:32:35,315|(2849) 12.04 13:32:38,318| ; C In: 12.04 13:32:40,112|
18-clientserver@lab22.cpt.haw-hamburg.de<0.22065.0>-C-1-5: 2850te_Nachricht. C Out: 12.04 13:32:35,324|(2850) 12.04 13:32:38,326| ; C In: 12.04 13:32:40,113|
3-clientserver@lab22.cpt.haw-hamburg.de<0.22050.0>-C-1-5: 2851te_Nachricht. C Out: 12.04 13:32:35,326|(2851) 12.04 13:32:39,827| ; C In: 12.04 13:32:40,114|
0-clientserver@lab22.cpt.haw-hamburg.de<0.22046.0>-C-1-5: 2852te_Nachricht. C Out: 12.04 13:32:35,328|(2852) 12.04 13:32:39,829| ; C In: 12.04 13:32:40,115|
1-clientserver@lab22.cpt.haw-hamburg.de<0.22047.0>-C-1-5: 2853te_Nachricht. C Out: 12.04 13:32:35,329|(2853) 12.04 13:32:39,830| ; C In: 12.04 13:32:40,116|
11-clientserver@lab22.cpt.haw-hamburg.de<0.22058.0>-C-1-5: 2854te_Nachricht. C Out: 12.04 13:32:35,330|(2854) 12.04 13:32:39,831| ; C In: 12.04 13:32:40,118|
15-clientserver@lab22.cpt.haw-hamburg.de<0.22062.0>-C-1-5: 2855te_Nachricht. C Out: 12.04 13:32:35,330|(2855) 12.04 13:32:39,831| ; C In: 12.04 13:32:40,119|
5-clientserver@lab22.cpt.haw-hamburg.de<0.22052.0>-C-1-5: 2856te_Nachricht. C Out: 12.04 13:32:35,385|(2856) 12.04 13:32:38,387| ; C In: 12.04 13:32:40,120|
12-clientserver@lab22.cpt.haw-hamburg.de<0.22059.0>-C-1-5: 2857te_Nachricht. C Out: 12.04 13:32:35,392|(2857) 12.04 13:32:38,393| ; C In: 12.04 13:32:40,121|
13-clientserver@lab22.cpt.haw-hamburg.de<0.22060.0>-C-1-5: 2858te_Nachricht. C Out: 12.04 13:32:35,392|(2858) 12.04 13:32:38,393| ; C In: 12.04 13:32:40,122|
..getmessages..Done...
16-clientserver@lab22.cpt.haw-hamburg.de<0.22063.0>-C-1-5: 2962te_Nachricht. C Out: 12.04 13:32:40,122|(2962) gesendet
16-clientserver@lab22.cpt.haw-hamburg.de<0.22063.0>-C-1-5: 3043te_Nachricht. C Out: 12.04 13:32:43,499|(3043) gesendet
16-clientserver@lab22.cpt.haw-hamburg.de<0.22063.0>-C-1-5: 3108te_Nachricht. C Out: 12.04 13:32:46,883|(3108) gesendet
16-clientserver@lab22.cpt.haw-hamburg.de<0.22063.0>-C-1-5: 3214te_Nachricht. C Out: 12.04 13:32:50,260|(3214) gesendet
16-clientserver@lab22.cpt.haw-hamburg.de<0.22063.0>-C-1-5: 3326te_Nachricht. C Out: 12.04 13:32:53,636|(3326) gesendet
3630te_Nachricht um 12.04 13:32:57,013|- vergessen zu senden ******
Neues Sendeintervall: 2 Sekunden
lab29-1-1: message_number_3564. Sent time: 12.04 13:32:55,128| 12.04 13:32:57,130| ; C In: 12.04 13:32:59,014|
lab29-1-1: message_number_3565. Sent time: 12.04 13:32:55,128| 12.04 13:32:57,130| ; C In: 12.04 13:32:59,015|
lab29-1-1: message_number_3566. Sent time: 12.04 13:32:55,129| 12.04 13:32:57,131| ; C In: 12.04 13:32:59,016|
lab29-1-1: message_number_3567. Sent time: 12.04 13:32:55,129| 12.04 13:32:57,131| ; C In: 12.04 13:32:59,016|
lab29-1-1: message_number_3568. Sent time: 12.04 13:32:55,129| 12.04 13:32:57,131| ; C In: 12.04 13:32:59,017|
lab29-1-1: message_number_3569. Sent time: 12.04 13:32:55,130| 12.04 13:32:57,132| ; C In: 12.04 13:32:59,018|
lab29-1-1: message_number_3570. Sent time: 12.04 13:32:55,130| 12.04 13:32:57,133| ; C In: 12.04 13:32:59,019|
lab29-1-1: message_number_3571. Sent time: 12.04 13:32:55,131| 12.04 13:32:57,133| ; C In: 12.04 13:32:59,020|
lab29-1-1: message_number_3572. Sent time: 12.04 13:32:55,131| 12.04 13:32:57,133| ; C In: 12.04 13:32:59,021|
lab29-1-1: message_number_3573. Sent time: 12.04 13:32:55,132| 12.04 13:32:57,135| ; C In: 12.04 13:32:59,022|
lab29-1-1: message_number_3574. Sent time: 12.04 13:32:55,132| 12.04 13:32:57,136| ; C In: 12.04 13:32:59,023|
lab29-1-1: message_number_3575. Sent time: 12.04 13:32:55,132| 12.04 13:32:57,136| ; C In: 12.04 13:32:59,023|
lab29-1-1: message_number_3576. Sent time: 12.04 13:32:55,132| 12.04 13:32:57,137| ; C In: 12.04 13:32:59,024|
lab29-1-1: message_number_3577. Sent time: 12.04 13:32:55,133| 12.04 13:32:57,137| ; C In: 12.04 13:32:59,025|
lab29-1-1: message_number_3578. Sent time: 12.04 13:32:55,133| 12.04 13:32:57,139| ; C In: 12.04 13:32:59,026|
lab29-1-1: message_number_3579. Sent time: 12.04 13:32:55,133| 12.04 13:32:57,139| ; C In: 12.04 13:32:59,027|
lab29-1-1: message_number_3580. Sent time: 12.04 13:32:55,134| 12.04 13:32:57,140| ; C In: 12.04 13:32:59,028|
lab29-1-1: message_number_3581. Sent time: 12.04 13:32:55,134| 12.04 13:32:57,141| ; C In: 12.04 13:32:59,028|
lab29-1-1: message_number_3582. Sent time: 12.04 13:32:55,135| 12.04 13:32:57,141| ; C In: 12.04 13:32:59,029|
lab29-1-1: message_number_3583. Sent time: 12.04 13:32:55,135| 12.04 13:32:57,141| ; C In: 12.04 13:32:59,030|
[lab28|0304]: 3584te Nachricht. C Out: 12.04 13:32:58,445| 12.04 13:32:58,447| ; C In: 12.04 13:32:59,031|
[lab28|0304]: 3585te Nachricht. C Out: 12.04 13:32:58,446| 12.04 13:32:58,447| ; C In: 12.04 13:32:59,032|
[lab28|0304]: 3586te Nachricht. C Out: 12.04 13:32:58,445| 12.04 13:32:58,447| ; C In: 12.04 13:32:59,032|
[lab28|0304]: 3587te Nachricht. C Out: 12.04 13:32:58,446| 12.04 13:32:58,448| ; C In: 12.04 13:32:59,033|
[lab28|0304]: 3588te Nachricht. C Out: 12.04 13:32:58,446| 12.04 13:32:58,448| ; C In: 12.04 13:32:59,034|
[lab28|0304]: 3589te Nachricht. C Out: 12.04 13:32:58,446| 12.04 13:32:58,448| ; C In: 12.04 13:32:59,036|
[lab28|0304]: 3590te Nachricht. C Out: 12.04 13:32:58,446| 12.04 13:32:58,448| ; C In: 12.04 13:32:59,036|
[lab28|0304]: 3591te Nachricht. C Out: 12.04 13:32:58,447| 12.04 13:32:58,449| ; C In: 12.04 13:32:59,037|
[lab28|0304]: 3592te Nachricht. C Out: 12.04 13:32:58,447| 12.04 13:32:58,449| ; C In: 12.04 13:32:59,038|
[lab28|0304]: 3593te Nachricht. C Out: 12.04 13:32:58,447| 12.04 13:32:58,449| ; C In: 12.04 13:32:59,039|
[lab28|0304]: 3594te Nachricht. C Out: 12.04 13:32:58,449| 12.04 13:32:58,451| ; C In: 12.04 13:32:59,040|
[lab28|0304]: 3595te Nachricht. C Out: 12.04 13:32:58,449| 12.04 13:32:58,450| ; C In: 12.04 13:32:59,040|
[lab28|0304]: 3596te Nachricht. C Out: 12.04 13:32:58,449| 12.04 13:32:58,450| ; C In: 12.04 13:32:59,041|
[lab28|0304]: 3597te Nachricht. C Out: 12.04 13:32:58,449| 12.04 13:32:58,451| ; C In: 12.04 13:32:59,042|
[lab28|0304]: 3598te Nachricht. C Out: 12.04 13:32:58,450| 12.04 13:32:58,451| ; C In: 12.04 13:32:59,043|
[lab28|0304]: 3599te Nachricht. C Out: 12.04 13:32:58,450| 12.04 13:32:58,452| ; C In: 12.04 13:32:59,044|
[lab28|0304]: 3600te Nachricht. C Out: 12.04 13:32:58,451| 12.04 13:32:58,453| ; C In: 12.04 13:32:59,044|
[lab28|0304]: 3601te Nachricht. C Out: 12.04 13:32:58,452| 12.04 13:32:58,453| ; C In: 12.04 13:32:59,045|
[lab28|0304]: 3602te Nachricht. C Out: 12.04 13:32:58,451| 12.04 13:32:58,452| ; C In: 12.04 13:32:59,046|
[lab28|0304]: 3603te Nachricht. C Out: 12.04 13:32:58,451| 12.04 13:32:58,453| ; C In: 12.04 13:32:59,047|
1-clientserver@lab22.cpt.haw-hamburg.de<0.22047.0>-C-1-5: 3604te_Nachricht. C Out: 12.04 13:32:55,606|(3604) 12.04 13:32:57,857| ; C In: 12.04 13:32:59,048|
15-clientserver@lab22.cpt.haw-hamburg.de<0.22062.0>-C-1-5: 3605te_Nachricht. C Out: 12.04 13:32:55,607|(3605) 12.04 13:32:57,858| ; C In: 12.04 13:32:59,048|
..getmessages..Done...
16-clientserver@lab22.cpt.haw-hamburg.de<0.22063.0>-C-1-5: 3735te_Nachricht. C Out: 12.04 13:32:59,048|(3735) gesendet
16-clientserver@lab22.cpt.haw-hamburg.de<0.22063.0>-C-1-5: 3810te_Nachricht. C Out: 12.04 13:33:01,050|(3810) gesendet
16-clientserver@lab22.cpt.haw-hamburg.de<0.22063.0>-C-1-5: 3871te_Nachricht. C Out: 12.04 13:33:03,052|(3871) gesendet
16-clientserver@lab22.cpt.haw-hamburg.de<0.22063.0>-C-1-5: 3959te_Nachricht. C Out: 12.04 13:33:05,053|(3959) gesendet
16-clientserver@lab22.cpt.haw-hamburg.de<0.22063.0>-C-1-5: 4027te_Nachricht. C Out: 12.04 13:33:07,055|(4027) gesendet
4134te_Nachricht um 12.04 13:33:09,056|- vergessen zu senden ******
Neues Sendeintervall: 3 Sekunden
'clientNode2@lab26.cpt.haw-hamburg.de'-<0.370.0>-C-3-06:4114te Nachricht.C Out:12.04 13:33:09,936| 12.04 13:33:09,937| ; C In: 12.04 13:33:12,058|
Fehlernachricht fuer Nachrichtennummern 4115 bis 4118 ; C In: 12.04 13:33:12,059|
'clientNode@lab26.cpt.haw-hamburg.de'-<0.9117.0>-C-3-06:4119te Nachricht.C Out:12.04 13:33:10,081| 12.04 13:33:10,081| ; C In: 12.04 13:33:12,060|
Fehlernachricht fuer Nachrichtennummern 4120 bis 4123 ; C In: 12.04 13:33:12,060|
7-clientserver@lab22.cpt.haw-hamburg.de<0.22054.0>-C-1-5: 4124te_Nachricht. C Out: 12.04 13:33:08,409|(4124) 12.04 13:33:10,410| ; C In: 12.04 13:33:12,061|
Fehlernachricht fuer Nachrichtennummern 4125 bis 4127 ; C In: 12.04 13:33:12,062|
13-clientserver@lab22.cpt.haw-hamburg.de<0.22060.0>-C-1-5: 4128te_Nachricht. C Out: 12.04 13:33:08,436|(4128) 12.04 13:33:11,437| ; C In: 12.04 13:33:12,062|
Fehlernachricht fuer Nachrichtennummern 4129 bis 4129 ; C In: 12.04 13:33:12,063|
15-clientserver@lab22.cpt.haw-hamburg.de<0.22062.0>-C-1-5: 4130te_Nachricht. C Out: 12.04 13:33:08,881|(4130) 12.04 13:33:10,883| ; C In: 12.04 13:33:12,063|
'clientNode2@lab26.cpt.haw-hamburg.de'-<0.373.0>-C-3-06:4131te Nachricht.C Out:12.04 13:33:10,892| 12.04 13:33:10,893| ; C In: 12.04 13:33:12,064|
Fehlernachricht fuer Nachrichtennummern 4132 bis 4186 ; C In: 12.04 13:33:12,065|
'clientNode@lab26.cpt.haw-hamburg.de'-<0.9123.0>-C-3-06:4187te Nachricht.C Out:12.04 13:33:11,111| 12.04 13:33:11,111| ; C In: 12.04 13:33:12,065|
'clientNode@lab26.cpt.haw-hamburg.de'-<0.9109.0>-C-3-06:4188te Nachricht.C Out:12.04 13:33:11,121| 12.04 13:33:11,121| ; C In: 12.04 13:33:12,066|
Fehlernachricht fuer Nachrichtennummern 4189 bis 4248 ; C In: 12.04 13:33:12,066|
lab29-1-1: message_number_4249. Sent time: 12.04 13:33:09,648| 12.04 13:33:11,650| ; C In: 12.04 13:33:12,067|
lab29-1-1: message_number_4250. Sent time: 12.04 13:33:09,649| 12.04 13:33:11,651| ; C In: 12.04 13:33:12,068|
lab29-1-1: message_number_4251. Sent time: 12.04 13:33:09,649| 12.04 13:33:11,651| ; C In: 12.04 13:33:12,068|
lab29-1-1: message_number_4252. Sent time: 12.04 13:33:09,650| 12.04 13:33:11,651| ; C In: 12.04 13:33:12,069|
lab29-1-1: message_number_4253. Sent time: 12.04 13:33:09,650| 12.04 13:33:11,652| ; C In: 12.04 13:33:12,069|
lab29-1-1: message_number_4254. Sent time: 12.04 13:33:09,651| 12.04 13:33:11,652| ; C In: 12.04 13:33:12,070|
lab29-1-1: message_number_4255. Sent time: 12.04 13:33:09,651| 12.04 13:33:11,653| ; C In: 12.04 13:33:12,070|
lab29-1-1: message_number_4256. Sent time: 12.04 13:33:09,652| 12.04 13:33:11,653| ; C In: 12.04 13:33:12,071|
lab29-1-1: message_number_4257. Sent time: 12.04 13:33:09,652| 12.04 13:33:11,653| ; C In: 12.04 13:33:12,072|
lab29-1-1: message_number_4258. Sent time: 12.04 13:33:09,652| 12.04 13:33:11,654| ; C In: 12.04 13:33:12,072|
lab29-1-1: message_number_4259. Sent time: 12.04 13:33:09,653| 12.04 13:33:11,654| ; C In: 12.04 13:33:12,073|
lab29-1-1: message_number_4260. Sent time: 12.04 13:33:09,653| 12.04 13:33:11,654| ; C In: 12.04 13:33:12,073|
lab29-1-1: message_number_4261. Sent time: 12.04 13:33:09,653| 12.04 13:33:11,656| ; C In: 12.04 13:33:12,074|
lab29-1-1: message_number_4262. Sent time: 12.04 13:33:09,653| 12.04 13:33:11,655| ; C In: 12.04 13:33:12,074|
lab29-1-1: message_number_4263. Sent time: 12.04 13:33:09,654| 12.04 13:33:11,656| ; C In: 12.04 13:33:12,075|
lab29-1-1: message_number_4264. Sent time: 12.04 13:33:09,654| 12.04 13:33:11,656| ; C In: 12.04 13:33:12,076|
lab29-1-1: message_number_4265. Sent time: 12.04 13:33:09,654| 12.04 13:33:11,658| ; C In: 12.04 13:33:12,076|
lab29-1-1: message_number_4266. Sent time: 12.04 13:33:09,655| 12.04 13:33:11,659| ; C In: 12.04 13:33:12,077|
lab29-1-1: message_number_4267. Sent time: 12.04 13:33:09,655| 12.04 13:33:11,659| ; C In: 12.04 13:33:12,077|
lab29-1-1: message_number_4268. Sent time: 12.04 13:33:09,656| 12.04 13:33:11,658| ; C In: 12.04 13:33:12,078|
[lab28|0304]: 4269te Nachricht. C Out: 12.04 13:33:11,655| 12.04 13:33:11,658| ; C In: 12.04 13:33:12,079|
[lab28|0304]: 4270te Nachricht. C Out: 12.04 13:33:11,656| 12.04 13:33:11,659| ; C In: 12.04 13:33:12,079|
[lab28|0304]: 4271te Nachricht. C Out: 12.04 13:33:11,656| 12.04 13:33:11,660| ; C In: 12.04 13:33:12,080|
[lab28|0304]: 4272te Nachricht. C Out: 12.04 13:33:11,656| 12.04 13:33:11,660| ; C In: 12.04 13:33:12,080|
[lab28|0304]: 4273te Nachricht. C Out: 12.04 13:33:11,657| 12.04 13:33:11,660| ; C In: 12.04 13:33:12,081|
[lab28|0304]: 4274te Nachricht. C Out: 12.04 13:33:11,657| 12.04 13:33:11,661| ; C In: 12.04 13:33:12,081|
[lab28|0304]: 4275te Nachricht. C Out: 12.04 13:33:11,657| 12.04 13:33:11,661| ; C In: 12.04 13:33:12,082|
[lab28|0304]: 4276te Nachricht. C Out: 12.04 13:33:11,658| 12.04 13:33:11,661| ; C In: 12.04 13:33:12,082|
..getmessages..Done...
16-clientserver@lab22.cpt.haw-hamburg.de<0.22063.0>-C-1-5: 4453te_Nachricht. C Out: 12.04 13:33:12,083|(4453) gesendet
16-clientserver@lab22.cpt.haw-hamburg.de<0.22063.0>-C-1-5: 4559te_Nachricht. C Out: 12.04 13:33:15,084|(4559) gesendet
16-clientserver@lab22.cpt.haw-hamburg.de<0.22063.0>-C-1-5: 4713te_Nachricht. C Out: 12.04 13:33:18,085|(4713) gesendet
16-clientserver@lab22.cpt.haw-hamburg.de<0.22063.0>-C-1-5: 4781te_Nachricht. C Out: 12.04 13:33:21,087|(4781) gesendet
16-clientserver@lab22.cpt.haw-hamburg.de<0.22063.0>-C-1-5: 4890te_Nachricht. C Out: 12.04 13:33:24,088|(4890) gesendet
4960te_Nachricht um 12.04 13:33:27,090|- vergessen zu senden ******
Neues Sendeintervall: 4 Sekunden
'clientNode@lab26.cpt.haw-hamburg.de'-<0.9117.0>-C-3-06:4893te Nachricht.C Out:12.04 13:33:26,099| 12.04 13:33:26,099| ; C In: 12.04 13:33:31,591|
Fehlernachricht fuer Nachrichtennummern 4894 bis 4894 ; C In: 12.04 13:33:31,592|
5-clientserver@lab22.cpt.haw-hamburg.de<0.22052.0>-C-1-5: 4895te_Nachricht. C Out: 12.04 13:33:24,187|(4895) 12.04 13:33:26,438| ; C In: 12.04 13:33:31,593|
12-clientserver@lab22.cpt.haw-hamburg.de<0.22059.0>-C-1-5: 4896te_Nachricht. C Out: 12.04 13:33:24,191|(4896) 12.04 13:33:26,442| ; C In: 12.04 13:33:31,594|
4-clientserver@lab22.cpt.haw-hamburg.de<0.22051.0>-C-1-5: 4897te_Nachricht. C Out: 12.04 13:33:24,439|(4897) 12.04 13:33:26,440| ; C In: 12.04 13:33:31,594|
19-clientserver@lab22.cpt.haw-hamburg.de<0.22066.0>-C-1-5: 4898te_Nachricht. C Out: 12.04 13:33:24,457|(4898) 12.04 13:33:26,458| ; C In: 12.04 13:33:31,595|
13-clientserver@lab22.cpt.haw-hamburg.de<0.22060.0>-C-1-5: 4899te_Nachricht. C Out: 12.04 13:33:24,462|(4899) 12.04 13:33:26,463| ; C In: 12.04 13:33:31,596|
[lab28|0304]: 4900te Nachricht. C Out: 12.04 13:33:26,745| 12.04 13:33:26,746| ; C In: 12.04 13:33:31,596|
[lab28|0304]: 4901te Nachricht. C Out: 12.04 13:33:26,745| 12.04 13:33:26,747| ; C In: 12.04 13:33:31,597|
[lab28|0304]: 4902te Nachricht. C Out: 12.04 13:33:26,745| 12.04 13:33:26,747| ; C In: 12.04 13:33:31,598|
9-clientserver@lab22.cpt.haw-hamburg.de<0.22056.0>-C-1-5: 4903te_Nachricht. C Out: 12.04 13:33:24,811|(4903) 12.04 13:33:26,812| ; C In: 12.04 13:33:31,599|
Fehlernachricht fuer Nachrichtennummern 4904 bis 4904 ; C In: 12.04 13:33:31,599|
15-clientserver@lab22.cpt.haw-hamburg.de<0.22062.0>-C-1-5: 4905te_Nachricht. C Out: 12.04 13:33:24,908|(4905) 12.04 13:33:27,909| ; C In: 12.04 13:33:31,600|
Fehlernachricht fuer Nachrichtennummern 4906 bis 4906 ; C In: 12.04 13:33:31,601|
'clientNode@lab26.cpt.haw-hamburg.de'-<0.9103.0>-C-3-06:4907te Nachricht.C Out:12.04 13:33:27,005| 12.04 13:33:27,005| ; C In: 12.04 13:33:31,601|
'clientNode@lab26.cpt.haw-hamburg.de'-<0.9112.0>-C-3-06:4908te Nachricht.C Out:12.04 13:33:27,006| 12.04 13:33:27,006| ; C In: 12.04 13:33:31,602|
Fehlernachricht fuer Nachrichtennummern 4909 bis 4921 ; C In: 12.04 13:33:31,603|
[lab28|0304]: 4922te Nachricht. C Out: 12.04 13:33:28,745| 12.04 13:33:28,746| ; C In: 12.04 13:33:31,604|
[lab28|0304]: 4923te Nachricht. C Out: 12.04 13:33:28,745| 12.04 13:33:28,746| ; C In: 12.04 13:33:31,604|
Fehlernachricht fuer Nachrichtennummern 4924 bis 4933 ; C In: 12.04 13:33:31,605|
[lab28|0304]: 4934te Nachricht. C Out: 12.04 13:33:27,951| 12.04 13:33:27,952| ; C In: 12.04 13:33:31,606|
[lab28|0304]: 4935te Nachricht. C Out: 12.04 13:33:27,952| 12.04 13:33:27,953| ; C In: 12.04 13:33:31,606|
[lab28|0304]: 4936te Nachricht. C Out: 12.04 13:33:27,953| 12.04 13:33:27,954| ; C In: 12.04 13:33:31,607|
[lab28|0304]: 4937te Nachricht. C Out: 12.04 13:33:27,953| 12.04 13:33:27,955| ; C In: 12.04 13:33:31,608|
[lab28|0304]: 4938te Nachricht. C Out: 12.04 13:33:27,953| 12.04 13:33:27,954| ; C In: 12.04 13:33:31,609|
8-clientserver@lab22.cpt.haw-hamburg.de<0.22055.0>-C-1-5: 4939te_Nachricht. C Out: 12.04 13:33:25,993|(4939) 12.04 13:33:27,995| ; C In: 12.04 13:33:31,609|
Fehlernachricht fuer Nachrichtennummern 4940 bis 4942 ; C In: 12.04 13:33:31,610|
7-clientserver@lab22.cpt.haw-hamburg.de<0.22054.0>-C-1-5: 4943te_Nachricht. C Out: 12.04 13:33:26,429|(4943) 12.04 13:33:29,430| ; C In: 12.04 13:33:31,611|
5-clientserver@lab22.cpt.haw-hamburg.de<0.22052.0>-C-1-5: 4944te_Nachricht. C Out: 12.04 13:33:26,438|(4944) 12.04 13:33:28,689| ; C In: 12.04 13:33:31,611|
4-clientserver@lab22.cpt.haw-hamburg.de<0.22051.0>-C-1-5: 4945te_Nachricht. C Out: 12.04 13:33:26,440|(4945) 12.04 13:33:28,441| ; C In: 12.04 13:33:31,612|
12-clientserver@lab22.cpt.haw-hamburg.de<0.22059.0>-C-1-5: 4946te_Nachricht. C Out: 12.04 13:33:26,442|(4946) 12.04 13:33:28,694| ; C In: 12.04 13:33:31,613|
19-clientserver@lab22.cpt.haw-hamburg.de<0.22066.0>-C-1-5: 4947te_Nachricht. C Out: 12.04 13:33:26,458|(4947) 12.04 13:33:28,459| ; C In: 12.04 13:33:31,613|
13-clientserver@lab22.cpt.haw-hamburg.de<0.22060.0>-C-1-5: 4948te_Nachricht. C Out: 12.04 13:33:26,463|(4948) 12.04 13:33:28,465| ; C In: 12.04 13:33:31,614|
[lab28|0304]: 4949te Nachricht. C Out: 12.04 13:33:30,743| 12.04 13:33:30,744| ; C In: 12.04 13:33:31,615|
[lab28|0304]: 4950te Nachricht. C Out: 12.04 13:33:30,745| 12.04 13:33:30,746| ; C In: 12.04 13:33:31,615|
[lab28|0304]: 4951te Nachricht. C Out: 12.04 13:33:28,747| 12.04 13:33:28,748| ; C In: 12.04 13:33:31,616|
[lab28|0304]: 4952te Nachricht. C Out: 12.04 13:33:28,748| 12.04 13:33:28,749| ; C In: 12.04 13:33:31,617|
[lab28|0304]: 4953te Nachricht. C Out: 12.04 13:33:28,748| 12.04 13:33:28,749| ; C In: 12.04 13:33:31,617|
9-clientserver@lab22.cpt.haw-hamburg.de<0.22056.0>-C-1-5: 4954te_Nachricht. C Out: 12.04 13:33:26,813|(4954) 12.04 13:33:28,814| ; C In: 12.04 13:33:31,618|
[lab28|0304]: 4955te Nachricht. C Out: 12.04 13:33:29,949| 12.04 13:33:29,950| ; C In: 12.04 13:33:31,619|
[lab28|0304]: 4956te Nachricht. C Out: 12.04 13:33:29,949| 12.04 13:33:29,951| ; C In: 12.04 13:33:31,619|
[lab28|0304]: 4957te Nachricht. C Out: 12.04 13:33:29,950| 12.04 13:33:29,951| ; C In: 12.04 13:33:31,620|
..getmessages..Done...
16-clientserver@lab22.cpt.haw-hamburg.de<0.22063.0>-C-1-5: 5030te_Nachricht. C Out: 12.04 13:33:31,621|(5030) gesendet
16-clientserver@lab22.cpt.haw-hamburg.de<0.22063.0>-C-1-5: 5100te_Nachricht. C Out: 12.04 13:33:36,122|(5100) gesendet
16-clientserver@lab22.cpt.haw-hamburg.de<0.22063.0>-C-1-5: 5158te_Nachricht. C Out: 12.04 13:33:40,625|(5158) gesendet
16-clientserver@lab22.cpt.haw-hamburg.de<0.22063.0>-C-1-5: Lebenszeit um. Wird beendet.
