15-clientserver@lab22.cpt.haw-hamburg.de<0.22062.0>-C-1-5: Start: 12.04 13:31:41,034|.
15-clientserver@lab22.cpt.haw-hamburg.de<0.22062.0>-C-1-5: 626te_Nachricht. C Out: 12.04 13:31:41,034|(626) gesendet
15-clientserver@lab22.cpt.haw-hamburg.de<0.22062.0>-C-1-5: 702te_Nachricht. C Out: 12.04 13:31:44,041|(702) gesendet
15-clientserver@lab22.cpt.haw-hamburg.de<0.22062.0>-C-1-5: 803te_Nachricht. C Out: 12.04 13:31:47,044|(803) gesendet
15-clientserver@lab22.cpt.haw-hamburg.de<0.22062.0>-C-1-5: 1091te_Nachricht. C Out: 12.04 13:31:50,046|(1091) gesendet
15-clientserver@lab22.cpt.haw-hamburg.de<0.22062.0>-C-1-5: 1192te_Nachricht. C Out: 12.04 13:31:53,048|(1192) gesendet
1246te_Nachricht um 12.04 13:31:56,051|- vergessen zu senden ******
Neues Sendeintervall: 2 Sekunden
Fehlernachricht fuer Nachrichtennummern 1157 bis 1166 ; C In: 12.04 13:31:58,055|
'clientNode@lab26.cpt.haw-hamburg.de'-<0.9109.0>-C-3-06:1167te Nachricht.C Out:12.04 13:31:55,890| 12.04 13:31:55,890| ; C In: 12.04 13:31:58,060|
'clientNode@lab26.cpt.haw-hamburg.de'-<0.9123.0>-C-3-06:1168te Nachricht.C Out:12.04 13:31:54,891| 12.04 13:31:54,891| ; C In: 12.04 13:31:58,064|
'clientNode@lab26.cpt.haw-hamburg.de'-<0.9117.0>-C-3-06:1169te Nachricht.C Out:12.04 13:31:54,891| 12.04 13:31:54,892| ; C In: 12.04 13:31:58,069|
'clientNode@lab26.cpt.haw-hamburg.de'-<0.9115.0>-C-3-06:1170te Nachricht.C Out:12.04 13:31:55,892| 12.04 13:31:55,892| ; C In: 12.04 13:31:58,073|
'clientNode@lab26.cpt.haw-hamburg.de'-<0.9106.0>-C-3-06:1171te Nachricht.C Out:12.04 13:31:55,892| 12.04 13:31:55,893| ; C In: 12.04 13:31:58,077|
'clientNode@lab26.cpt.haw-hamburg.de'-<0.9126.0>-C-3-06:1172te Nachricht.C Out:12.04 13:31:54,892| 12.04 13:31:54,893| ; C In: 12.04 13:31:58,082|
'clientNode@lab26.cpt.haw-hamburg.de'-<0.9128.0>-C-3-06:1173te Nachricht.C Out:12.04 13:31:54,892| 12.04 13:31:54,893| ; C In: 12.04 13:31:58,086|
3-clientserver@lab22.cpt.haw-hamburg.de<0.22050.0>-C-1-5: 1174te_Nachricht. C Out: 12.04 13:31:53,041|(1174) 12.04 13:31:56,042| ; C In: 12.04 13:31:58,090|
0-clientserver@lab22.cpt.haw-hamburg.de<0.22046.0>-C-1-5: 1175te_Nachricht. C Out: 12.04 13:31:53,042|(1175) 12.04 13:31:56,043| ; C In: 12.04 13:31:58,094|
1-clientserver@lab22.cpt.haw-hamburg.de<0.22047.0>-C-1-5: 1176te_Nachricht. C Out: 12.04 13:31:53,042|(1176) 12.04 13:31:56,043| ; C In: 12.04 13:31:58,098|
11-clientserver@lab22.cpt.haw-hamburg.de<0.22058.0>-C-1-5: 1177te_Nachricht. C Out: 12.04 13:31:53,042|(1177) 12.04 13:31:56,044| ; C In: 12.04 13:31:58,102|
14-clientserver@lab22.cpt.haw-hamburg.de<0.22061.0>-C-1-5: 1178te_Nachricht. C Out: 12.04 13:31:53,043|(1178) 12.04 13:31:56,044| ; C In: 12.04 13:31:58,106|
16-clientserver@lab22.cpt.haw-hamburg.de<0.22063.0>-C-1-5: 1179te_Nachricht. C Out: 12.04 13:31:53,043|(1179) 12.04 13:31:56,045| ; C In: 12.04 13:31:58,114|
2-clientserver@lab22.cpt.haw-hamburg.de<0.22048.0>-C-1-5: 1180te_Nachricht. C Out: 12.04 13:31:53,043|(1180) 12.04 13:31:56,045| ; C In: 12.04 13:31:58,121|
4-clientserver@lab22.cpt.haw-hamburg.de<0.22051.0>-C-1-5: 1181te_Nachricht. C Out: 12.04 13:31:53,044|(1181) 12.04 13:31:56,046| ; C In: 12.04 13:31:58,125|
17-clientserver@lab22.cpt.haw-hamburg.de<0.22064.0>-C-1-5: 1182te_Nachricht. C Out: 12.04 13:31:53,044|(1182) 12.04 13:31:56,046| ; C In: 12.04 13:31:58,129|
6-clientserver@lab22.cpt.haw-hamburg.de<0.22053.0>-C-1-5: 1183te_Nachricht. C Out: 12.04 13:31:53,045|(1183) 12.04 13:31:56,047| ; C In: 12.04 13:31:58,132|
8-clientserver@lab22.cpt.haw-hamburg.de<0.22055.0>-C-1-5: 1184te_Nachricht. C Out: 12.04 13:31:53,046|(1184) 12.04 13:31:56,047| ; C In: 12.04 13:31:58,136|
5-clientserver@lab22.cpt.haw-hamburg.de<0.22052.0>-C-1-5: 1185te_Nachricht. C Out: 12.04 13:31:53,046|(1185) 12.04 13:31:56,048| ; C In: 12.04 13:31:58,140|
7-clientserver@lab22.cpt.haw-hamburg.de<0.22054.0>-C-1-5: 1186te_Nachricht. C Out: 12.04 13:31:53,046|(1186) 12.04 13:31:56,048| ; C In: 12.04 13:31:58,143|
10-clientserver@lab22.cpt.haw-hamburg.de<0.22057.0>-C-1-5: 1187te_Nachricht. C Out: 12.04 13:31:53,046|(1187) 12.04 13:31:56,048| ; C In: 12.04 13:31:58,147|
9-clientserver@lab22.cpt.haw-hamburg.de<0.22056.0>-C-1-5: 1188te_Nachricht. C Out: 12.04 13:31:53,047|(1188) 12.04 13:31:56,049| ; C In: 12.04 13:31:58,151|
12-clientserver@lab22.cpt.haw-hamburg.de<0.22059.0>-C-1-5: 1189te_Nachricht. C Out: 12.04 13:31:53,047|(1189) 12.04 13:31:56,049| ; C In: 12.04 13:31:58,155|
13-clientserver@lab22.cpt.haw-hamburg.de<0.22060.0>-C-1-5: 1190te_Nachricht. C Out: 12.04 13:31:53,048|(1190) 12.04 13:31:56,050| ; C In: 12.04 13:31:58,158|
18-clientserver@lab22.cpt.haw-hamburg.de<0.22065.0>-C-1-5: 1191te_Nachricht. C Out: 12.04 13:31:53,048|(1191) 12.04 13:31:56,050| ; C In: 12.04 13:31:58,162|
15-clientserver@lab22.cpt.haw-hamburg.de<0.22062.0>-C-1-5: 1192te_Nachricht. C Out: 12.04 13:31:53,048|(1192) 12.04 13:31:56,050| ; C In: 12.04 13:31:58,166|
19-clientserver@lab22.cpt.haw-hamburg.de<0.22066.0>-C-1-5: 1193te_Nachricht. C Out: 12.04 13:31:53,048|(1193) 12.04 13:31:56,051| ; C In: 12.04 13:31:58,170|
'clientNode2@lab26.cpt.haw-hamburg.de'-<0.384.0>-C-3-06:1194te Nachricht.C Out:12.04 13:31:56,730| 12.04 13:31:56,731| ; C In: 12.04 13:31:58,174|
'clientNode2@lab26.cpt.haw-hamburg.de'-<0.379.0>-C-3-06:1195te Nachricht.C Out:12.04 13:31:56,732| 12.04 13:31:56,733| ; C In: 12.04 13:31:58,177|
'clientNode2@lab26.cpt.haw-hamburg.de'-<0.370.0>-C-3-06:1196te Nachricht.C Out:12.04 13:31:56,732| 12.04 13:31:56,733| ; C In: 12.04 13:31:58,181|
'clientNode2@lab26.cpt.haw-hamburg.de'-<0.395.0>-C-3-06:1197te Nachricht.C Out:12.04 13:31:56,733| 12.04 13:31:56,734| ; C In: 12.04 13:31:58,185|
5-profB@lab31.cpt.haw-hamburg.de-<0.13167.0>-KLC: 1198te_Nachricht. C Out: 12.04 13:31:57,814| 12.04 13:31:57,815| ; C In: 12.04 13:31:58,189|
0-profB@lab31.cpt.haw-hamburg.de-<0.13162.0>-KLC: 1199te_Nachricht. C Out: 12.04 13:31:57,814| 12.04 13:31:57,816| ; C In: 12.04 13:31:58,192|
7-profB@lab31.cpt.haw-hamburg.de-<0.13169.0>-KLC: 1200te_Nachricht. C Out: 12.04 13:31:57,815| 12.04 13:31:57,816| ; C In: 12.04 13:31:58,197|
4-profB@lab31.cpt.haw-hamburg.de-<0.13166.0>-KLC: 1201te_Nachricht. C Out: 12.04 13:31:57,815| 12.04 13:31:57,817| ; C In: 12.04 13:31:58,201|
9-profB@lab31.cpt.haw-hamburg.de-<0.13171.0>-KLC: 1202te_Nachricht. C Out: 12.04 13:31:57,816| 12.04 13:31:57,817| ; C In: 12.04 13:31:58,204|
1-profB@lab31.cpt.haw-hamburg.de-<0.13163.0>-KLC: 1203te_Nachricht. C Out: 12.04 13:31:57,816| 12.04 13:31:57,818| ; C In: 12.04 13:31:58,208|
2-profB@lab31.cpt.haw-hamburg.de-<0.13164.0>-KLC: 1204te_Nachricht. C Out: 12.04 13:31:57,817| 12.04 13:31:57,818| ; C In: 12.04 13:31:58,211|
3-profB@lab31.cpt.haw-hamburg.de-<0.13165.0>-KLC: 1205te_Nachricht. C Out: 12.04 13:31:57,817| 12.04 13:31:57,819| ; C In: 12.04 13:31:58,213|
6-profB@lab31.cpt.haw-hamburg.de-<0.13168.0>-KLC: 1206te_Nachricht. C Out: 12.04 13:31:57,818| 12.04 13:31:57,819| ; C In: 12.04 13:31:58,215|
8-profB@lab31.cpt.haw-hamburg.de-<0.13170.0>-KLC: 1207te_Nachricht. C Out: 12.04 13:31:57,818| 12.04 13:31:57,820| ; C In: 12.04 13:31:58,217|
..getmessages..Done...
15-clientserver@lab22.cpt.haw-hamburg.de<0.22062.0>-C-1-5: 1343te_Nachricht. C Out: 12.04 13:31:58,217|(1343) gesendet
15-clientserver@lab22.cpt.haw-hamburg.de<0.22062.0>-C-1-5: 1400te_Nachricht. C Out: 12.04 13:32:00,221|(1400) gesendet
15-clientserver@lab22.cpt.haw-hamburg.de<0.22062.0>-C-1-5: 1485te_Nachricht. C Out: 12.04 13:32:02,223|(1485) gesendet
15-clientserver@lab22.cpt.haw-hamburg.de<0.22062.0>-C-1-5: 1649te_Nachricht. C Out: 12.04 13:32:04,224|(1649) gesendet
15-clientserver@lab22.cpt.haw-hamburg.de<0.22062.0>-C-1-5: 1813te_Nachricht. C Out: 12.04 13:32:06,234|(1813) gesendet
1874te_Nachricht um 12.04 13:32:08,235|- vergessen zu senden ******
Neues Sendeintervall: 3 Sekunden
17-clientserver@lab22.cpt.haw-hamburg.de<0.22064.0>-C-1-5: 1775te_Nachricht. C Out: 12.04 13:32:05,146|(1775) 12.04 13:32:09,647| ; C In: 12.04 13:32:11,237|
8-clientserver@lab22.cpt.haw-hamburg.de<0.22055.0>-C-1-5: 1776te_Nachricht. C Out: 12.04 13:32:05,146|(1776) 12.04 13:32:09,647| ; C In: 12.04 13:32:11,239|
6-clientserver@lab22.cpt.haw-hamburg.de<0.22053.0>-C-1-5: 1777te_Nachricht. C Out: 12.04 13:32:05,147|(1777) 12.04 13:32:09,648| ; C In: 12.04 13:32:11,241|
9-clientserver@lab22.cpt.haw-hamburg.de<0.22056.0>-C-1-5: 1778te_Nachricht. C Out: 12.04 13:32:05,147|(1778) 12.04 13:32:09,649| ; C In: 12.04 13:32:11,243|
Fehlernachricht fuer Nachrichtennummern 1779 bis 1779 ; C In: 12.04 13:32:11,245|
'clientNode2@lab26.cpt.haw-hamburg.de'-<0.384.0>-C-3-06:1780te Nachricht.C Out:12.04 13:32:09,751| 12.04 13:32:09,752| ; C In: 12.04 13:32:11,246|
'clientNode@lab26.cpt.haw-hamburg.de'-<0.9128.0>-C-3-06:1781te Nachricht.C Out:12.04 13:32:08,946| 12.04 13:32:08,946| ; C In: 12.04 13:32:11,248|
Fehlernachricht fuer Nachrichtennummern 1782 bis 1837 ; C In: 12.04 13:32:11,250|
'clientNode2@lab26.cpt.haw-hamburg.de'-<0.387.0>-C-3-06:1838te Nachricht.C Out:12.04 13:32:08,777| 12.04 13:32:08,778| ; C In: 12.04 13:32:11,252|
'clientNode2@lab26.cpt.haw-hamburg.de'-<0.376.0>-C-3-06:1839te Nachricht.C Out:12.04 13:32:08,778| 12.04 13:32:08,779| ; C In: 12.04 13:32:11,254|
'clientNode2@lab26.cpt.haw-hamburg.de'-<0.373.0>-C-3-06:1840te Nachricht.C Out:12.04 13:32:08,778| 12.04 13:32:08,779| ; C In: 12.04 13:32:11,255|
'clientNode2@lab26.cpt.haw-hamburg.de'-<0.395.0>-C-3-06:1841te Nachricht.C Out:12.04 13:32:09,800| 12.04 13:32:09,801| ; C In: 12.04 13:32:11,257|
'clientNode2@lab26.cpt.haw-hamburg.de'-<0.379.0>-C-3-06:1842te Nachricht.C Out:12.04 13:32:08,801| 12.04 13:32:08,802| ; C In: 12.04 13:32:11,259|
'clientNode2@lab26.cpt.haw-hamburg.de'-<0.370.0>-C-3-06:1843te Nachricht.C Out:12.04 13:32:08,802| 12.04 13:32:08,803| ; C In: 12.04 13:32:11,261|
'clientNode@lab26.cpt.haw-hamburg.de'-<0.9123.0>-C-3-06:1844te Nachricht.C Out:12.04 13:32:08,945| 12.04 13:32:08,945| ; C In: 12.04 13:32:11,263|
'clientNode@lab26.cpt.haw-hamburg.de'-<0.9117.0>-C-3-06:1845te Nachricht.C Out:12.04 13:32:08,947| 12.04 13:32:08,947| ; C In: 12.04 13:32:11,265|
'clientNode@lab26.cpt.haw-hamburg.de'-<0.9126.0>-C-3-06:1846te Nachricht.C Out:12.04 13:32:08,947| 12.04 13:32:08,947| ; C In: 12.04 13:32:11,267|
Fehlernachricht fuer Nachrichtennummern 1847 bis 1849 ; C In: 12.04 13:32:11,269|
'clientNode@lab26.cpt.haw-hamburg.de'-<0.9109.0>-C-3-06:1850te Nachricht.C Out:12.04 13:32:09,929| 12.04 13:32:09,929| ; C In: 12.04 13:32:11,271|
Fehlernachricht fuer Nachrichtennummern 1851 bis 1851 ; C In: 12.04 13:32:11,272|
'clientNode@lab26.cpt.haw-hamburg.de'-<0.9106.0>-C-3-06:1852te Nachricht.C Out:12.04 13:32:09,930| 12.04 13:32:09,930| ; C In: 12.04 13:32:11,274|
Fehlernachricht fuer Nachrichtennummern 1853 bis 1875 ; C In: 12.04 13:32:11,276|
lab29-1-1: message_number_1876. Sent time: 12.04 13:32:08,450| 12.04 13:32:10,452| ; C In: 12.04 13:32:11,278|
lab29-1-1: message_number_1877. Sent time: 12.04 13:32:08,451| 12.04 13:32:10,452| ; C In: 12.04 13:32:11,279|
lab29-1-1: message_number_1878. Sent time: 12.04 13:32:08,451| 12.04 13:32:10,453| ; C In: 12.04 13:32:11,281|
lab29-1-1: message_number_1879. Sent time: 12.04 13:32:08,452| 12.04 13:32:10,453| ; C In: 12.04 13:32:11,283|
lab29-1-1: message_number_1880. Sent time: 12.04 13:32:08,452| 12.04 13:32:10,454| ; C In: 12.04 13:32:11,285|
lab29-1-1: message_number_1881. Sent time: 12.04 13:32:08,452| 12.04 13:32:10,454| ; C In: 12.04 13:32:11,287|
lab29-1-1: message_number_1882. Sent time: 12.04 13:32:08,453| 12.04 13:32:10,454| ; C In: 12.04 13:32:11,289|
lab29-1-1: message_number_1883. Sent time: 12.04 13:32:08,453| 12.04 13:32:10,455| ; C In: 12.04 13:32:11,291|
lab29-1-1: message_number_1884. Sent time: 12.04 13:32:08,453| 12.04 13:32:10,455| ; C In: 12.04 13:32:11,293|
lab29-1-1: message_number_1885. Sent time: 12.04 13:32:08,454| 12.04 13:32:10,456| ; C In: 12.04 13:32:11,295|
lab29-1-1: message_number_1886. Sent time: 12.04 13:32:08,454| 12.04 13:32:10,455| ; C In: 12.04 13:32:11,296|
lab29-1-1: message_number_1887. Sent time: 12.04 13:32:08,454| 12.04 13:32:10,457| ; C In: 12.04 13:32:11,298|
lab29-1-1: message_number_1888. Sent time: 12.04 13:32:08,455| 12.04 13:32:10,456| ; C In: 12.04 13:32:11,300|
lab29-1-1: message_number_1889. Sent time: 12.04 13:32:08,456| 12.04 13:32:10,457| ; C In: 12.04 13:32:11,302|
lab29-1-1: message_number_1890. Sent time: 12.04 13:32:08,455| 12.04 13:32:10,457| ; C In: 12.04 13:32:11,304|
lab29-1-1: message_number_1891. Sent time: 12.04 13:32:08,456| 12.04 13:32:10,458| ; C In: 12.04 13:32:11,306|
lab29-1-1: message_number_1892. Sent time: 12.04 13:32:08,456| 12.04 13:32:10,458| ; C In: 12.04 13:32:11,306|
lab29-1-1: message_number_1893. Sent time: 12.04 13:32:08,456| 12.04 13:32:10,458| ; C In: 12.04 13:32:11,307|
lab29-1-1: message_number_1894. Sent time: 12.04 13:32:08,457| 12.04 13:32:10,459| ; C In: 12.04 13:32:11,307|
lab29-1-1: message_number_1895. Sent time: 12.04 13:32:08,457| 12.04 13:32:10,459| ; C In: 12.04 13:32:11,307|
..getmessages..Done...
15-clientserver@lab22.cpt.haw-hamburg.de<0.22062.0>-C-1-5: 1974te_Nachricht. C Out: 12.04 13:32:11,308|(1974) gesendet
15-clientserver@lab22.cpt.haw-hamburg.de<0.22062.0>-C-1-5: 2062te_Nachricht. C Out: 12.04 13:32:14,309|(2062) gesendet
15-clientserver@lab22.cpt.haw-hamburg.de<0.22062.0>-C-1-5: 2176te_Nachricht. C Out: 12.04 13:32:17,311|(2176) gesendet
15-clientserver@lab22.cpt.haw-hamburg.de<0.22062.0>-C-1-5: 2255te_Nachricht. C Out: 12.04 13:32:20,313|(2255) gesendet
15-clientserver@lab22.cpt.haw-hamburg.de<0.22062.0>-C-1-5: 2347te_Nachricht. C Out: 12.04 13:32:23,314|(2347) gesendet
2629te_Nachricht um 12.04 13:32:26,316|- vergessen zu senden ******
Neues Sendeintervall: 4 Sekunden
16-clientserver@lab22.cpt.haw-hamburg.de<0.22063.0>-C-1-5: 2606te_Nachricht. C Out: 12.04 13:32:25,444|(2606) 12.04 13:32:27,695| ; C In: 12.04 13:32:30,818|
6-clientserver@lab22.cpt.haw-hamburg.de<0.22053.0>-C-1-5: 2607te_Nachricht. C Out: 12.04 13:32:25,445|(2607) 12.04 13:32:27,695| ; C In: 12.04 13:32:30,819|
9-clientserver@lab22.cpt.haw-hamburg.de<0.22056.0>-C-1-5: 2608te_Nachricht. C Out: 12.04 13:32:25,445|(2608) 12.04 13:32:27,697| ; C In: 12.04 13:32:30,820|
Fehlernachricht fuer Nachrichtennummern 2464 bis 2616 ; C In: 12.04 13:32:30,822|
'clientNode2@lab26.cpt.haw-hamburg.de'-<0.379.0>-C-3-06:2617te Nachricht.C Out:12.04 13:32:27,835| 12.04 13:32:27,836| ; C In: 12.04 13:32:30,823|
'clientNode2@lab26.cpt.haw-hamburg.de'-<0.395.0>-C-3-06:2618te Nachricht.C Out:12.04 13:32:28,846| 12.04 13:32:28,847| ; C In: 12.04 13:32:30,825|
'clientNode@lab26.cpt.haw-hamburg.de'-<0.9109.0>-C-3-06:2619te Nachricht.C Out:12.04 13:32:27,976| 12.04 13:32:27,976| ; C In: 12.04 13:32:30,826|
'clientNode@lab26.cpt.haw-hamburg.de'-<0.9106.0>-C-3-06:2620te Nachricht.C Out:12.04 13:32:27,977| 12.04 13:32:27,977| ; C In: 12.04 13:32:30,827|
'clientNode@lab26.cpt.haw-hamburg.de'-<0.9128.0>-C-3-06:2621te Nachricht.C Out:12.04 13:32:29,978| 12.04 13:32:29,978| ; C In: 12.04 13:32:30,827|
10-clientserver@lab22.cpt.haw-hamburg.de<0.22057.0>-C-1-5: 2622te_Nachricht. C Out: 12.04 13:32:26,309|(2622) 12.04 13:32:29,310| ; C In: 12.04 13:32:30,828|
No new messages ; C In: 12.04 13:32:30,828|
..getmessages..Done...
15-clientserver@lab22.cpt.haw-hamburg.de<0.22062.0>-C-1-5: 2758te_Nachricht. C Out: 12.04 13:32:30,828|(2758) gesendet
15-clientserver@lab22.cpt.haw-hamburg.de<0.22062.0>-C-1-5: 2855te_Nachricht. C Out: 12.04 13:32:35,330|(2855) gesendet
15-clientserver@lab22.cpt.haw-hamburg.de<0.22062.0>-C-1-5: 2954te_Nachricht. C Out: 12.04 13:32:39,832|(2954) gesendet
15-clientserver@lab22.cpt.haw-hamburg.de<0.22062.0>-C-1-5: 3056te_Nachricht. C Out: 12.04 13:32:44,333|(3056) gesendet
15-clientserver@lab22.cpt.haw-hamburg.de<0.22062.0>-C-1-5: 3180te_Nachricht. C Out: 12.04 13:32:48,835|(3180) gesendet
3322te_Nachricht um 12.04 13:32:53,336|- vergessen zu senden ******
Neues Sendeintervall: 2 Sekunden
Fehlernachricht fuer Nachrichtennummern 3257 bis 3164 ; C In: 12.04 13:32:55,587|
3-profA@lab31.cpt.haw-hamburg.de-<0.11489.0>-KLC: 3165te_Nachricht. C Out: 12.04 13:32:54,637| 12.04 13:32:54,637| ; C In: 12.04 13:32:55,587|
5-profA@lab31.cpt.haw-hamburg.de-<0.11491.0>-KLC: 3166te_Nachricht. C Out: 12.04 13:32:54,637| 12.04 13:32:54,638| ; C In: 12.04 13:32:55,588|
8-profA@lab31.cpt.haw-hamburg.de-<0.11494.0>-KLC: 3167te_Nachricht. C Out: 12.04 13:32:54,637| 12.04 13:32:54,638| ; C In: 12.04 13:32:55,588|
1-profA@lab31.cpt.haw-hamburg.de-<0.11487.0>-KLC: 3168te_Nachricht. C Out: 12.04 13:32:54,637| 12.04 13:32:54,639| ; C In: 12.04 13:32:55,589|
0-profA@lab31.cpt.haw-hamburg.de-<0.11486.0>-KLC: 3169te_Nachricht. C Out: 12.04 13:32:54,638| 12.04 13:32:54,639| ; C In: 12.04 13:32:55,589|
7-profA@lab31.cpt.haw-hamburg.de-<0.11493.0>-KLC: 3170te_Nachricht. C Out: 12.04 13:32:54,639| 12.04 13:32:54,640| ; C In: 12.04 13:32:55,590|
6-profA@lab31.cpt.haw-hamburg.de-<0.11492.0>-KLC: 3171te_Nachricht. C Out: 12.04 13:32:54,639| 12.04 13:32:54,641| ; C In: 12.04 13:32:55,590|
4-profA@lab31.cpt.haw-hamburg.de-<0.11490.0>-KLC: 3172te_Nachricht. C Out: 12.04 13:32:54,639| 12.04 13:32:54,641| ; C In: 12.04 13:32:55,591|
9-profA@lab31.cpt.haw-hamburg.de-<0.11495.0>-KLC: 3173te_Nachricht. C Out: 12.04 13:32:54,640| 12.04 13:32:54,642| ; C In: 12.04 13:32:55,591|
2-profA@lab31.cpt.haw-hamburg.de-<0.11488.0>-KLC: 3174te_Nachricht. C Out: 12.04 13:32:54,640| 12.04 13:32:54,642| ; C In: 12.04 13:32:55,592|
Fehlernachricht fuer Nachrichtennummern 3175 bis 3257 ; C In: 12.04 13:32:55,592|
'clientNode2@lab26.cpt.haw-hamburg.de'-<0.379.0>-C-3-06:3258te Nachricht.C Out:12.04 13:32:53,890| 12.04 13:32:53,891| ; C In: 12.04 13:32:55,593|
'clientNode2@lab26.cpt.haw-hamburg.de'-<0.370.0>-C-3-06:3259te Nachricht.C Out:12.04 13:32:53,891| 12.04 13:32:53,892| ; C In: 12.04 13:32:55,593|
Fehlernachricht fuer Nachrichtennummern 3260 bis 3261 ; C In: 12.04 13:32:55,594|
7-clientserver@lab22.cpt.haw-hamburg.de<0.22054.0>-C-1-5: 3262te_Nachricht. C Out: 12.04 13:32:52,381|(3262) 12.04 13:32:54,382| ; C In: 12.04 13:32:55,594|
19-clientserver@lab22.cpt.haw-hamburg.de<0.22066.0>-C-1-5: 3263te_Nachricht. C Out: 12.04 13:32:52,390|(3263) 12.04 13:32:54,391| ; C In: 12.04 13:32:55,595|
13-clientserver@lab22.cpt.haw-hamburg.de<0.22060.0>-C-1-5: 3264te_Nachricht. C Out: 12.04 13:32:52,411|(3264) 12.04 13:32:54,412| ; C In: 12.04 13:32:55,595|
[lab28|0304]: 3265te Nachricht. C Out: 12.04 13:32:55,439| 12.04 13:32:55,444| ; C In: 12.04 13:32:55,596|
[lab28|0304]: 3266te Nachricht. C Out: 12.04 13:32:55,439| 12.04 13:32:55,444| ; C In: 12.04 13:32:55,596|
[lab28|0304]: 3267te Nachricht. C Out: 12.04 13:32:55,439| 12.04 13:32:55,444| ; C In: 12.04 13:32:55,597|
[lab28|0304]: 3268te Nachricht. C Out: 12.04 13:32:55,440| 12.04 13:32:55,445| ; C In: 12.04 13:32:55,597|
[lab28|0304]: 3269te Nachricht. C Out: 12.04 13:32:55,439| 12.04 13:32:55,445| ; C In: 12.04 13:32:55,598|
[lab28|0304]: 3270te Nachricht. C Out: 12.04 13:32:55,440| 12.04 13:32:55,445| ; C In: 12.04 13:32:55,598|
[lab28|0304]: 3271te Nachricht. C Out: 12.04 13:32:55,440| 12.04 13:32:55,446| ; C In: 12.04 13:32:55,599|
[lab28|0304]: 3272te Nachricht. C Out: 12.04 13:32:55,440| 12.04 13:32:55,446| ; C In: 12.04 13:32:55,599|
[lab28|0304]: 3273te Nachricht. C Out: 12.04 13:32:55,440| 12.04 13:32:55,446| ; C In: 12.04 13:32:55,600|
[lab28|0304]: 3274te Nachricht. C Out: 12.04 13:32:55,440| 12.04 13:32:55,447| ; C In: 12.04 13:32:55,600|
[lab28|0304]: 3275te Nachricht. C Out: 12.04 13:32:55,440| 12.04 13:32:55,447| ; C In: 12.04 13:32:55,601|
[lab28|0304]: 3276te Nachricht. C Out: 12.04 13:32:55,440| 12.04 13:32:55,448| ; C In: 12.04 13:32:55,601|
[lab28|0304]: 3277te Nachricht. C Out: 12.04 13:32:55,440| 12.04 13:32:55,448| ; C In: 12.04 13:32:55,602|
[lab28|0304]: 3278te Nachricht. C Out: 12.04 13:32:55,440| 12.04 13:32:55,448| ; C In: 12.04 13:32:55,602|
[lab28|0304]: 3279te Nachricht. C Out: 12.04 13:32:55,440| 12.04 13:32:55,447| ; C In: 12.04 13:32:55,603|
[lab28|0304]: 3280te Nachricht. C Out: 12.04 13:32:55,441| 12.04 13:32:55,449| ; C In: 12.04 13:32:55,603|
[lab28|0304]: 3281te Nachricht. C Out: 12.04 13:32:55,441| 12.04 13:32:55,449| ; C In: 12.04 13:32:55,604|
[lab28|0304]: 3282te Nachricht. C Out: 12.04 13:32:55,441| 12.04 13:32:55,450| ; C In: 12.04 13:32:55,604|
[lab28|0304]: 3283te Nachricht. C Out: 12.04 13:32:55,441| 12.04 13:32:55,450| ; C In: 12.04 13:32:55,605|
[lab28|0304]: 3284te Nachricht. C Out: 12.04 13:32:55,441| 12.04 13:32:55,450| ; C In: 12.04 13:32:55,605|
9-clientserver@lab22.cpt.haw-hamburg.de<0.22056.0>-C-1-5: 3285te_Nachricht. C Out: 12.04 13:32:52,754|(3285) 12.04 13:32:54,755| ; C In: 12.04 13:32:55,606|
'clientNode2@lab26.cpt.haw-hamburg.de'-<0.387.0>-C-3-06:3286te Nachricht.C Out:12.04 13:32:54,850| 12.04 13:32:54,851| ; C In: 12.04 13:32:55,606|
'clientNode2@lab26.cpt.haw-hamburg.de'-<0.373.0>-C-3-06:3287te Nachricht.C Out:12.04 13:32:54,851| 12.04 13:32:54,851| ; C In: 12.04 13:32:55,607|
'clientNode2@lab26.cpt.haw-hamburg.de'-<0.395.0>-C-3-06:3288te Nachricht.C Out:12.04 13:32:54,904| 12.04 13:32:54,905| ; C In: 12.04 13:32:55,607|
..getmessages..Done...
15-clientserver@lab22.cpt.haw-hamburg.de<0.22062.0>-C-1-5: 3605te_Nachricht. C Out: 12.04 13:32:55,607|(3605) gesendet
15-clientserver@lab22.cpt.haw-hamburg.de<0.22062.0>-C-1-5: 3698te_Nachricht. C Out: 12.04 13:32:57,858|(3698) gesendet
15-clientserver@lab22.cpt.haw-hamburg.de<0.22062.0>-C-1-5: 3778te_Nachricht. C Out: 12.04 13:33:00,109|(3778) gesendet
15-clientserver@lab22.cpt.haw-hamburg.de<0.22062.0>-C-1-5: 3860te_Nachricht. C Out: 12.04 13:33:02,361|(3860) gesendet
15-clientserver@lab22.cpt.haw-hamburg.de<0.22062.0>-C-1-5: 3954te_Nachricht. C Out: 12.04 13:33:04,612|(3954) gesendet
4018te_Nachricht um 12.04 13:33:06,864|- vergessen zu senden ******
Neues Sendeintervall: 2 Sekunden
[lab28|0304]: 3948te Nachricht. C Out: 12.04 13:33:07,459| 12.04 13:33:07,471| ; C In: 12.04 13:33:08,865|
[lab28|0304]: 3949te Nachricht. C Out: 12.04 13:33:07,459| 12.04 13:33:07,470| ; C In: 12.04 13:33:08,866|
[lab28|0304]: 3950te Nachricht. C Out: 12.04 13:33:07,459| 12.04 13:33:07,471| ; C In: 12.04 13:33:08,866|
[lab28|0304]: 3951te Nachricht. C Out: 12.04 13:33:07,460| 12.04 13:33:07,472| ; C In: 12.04 13:33:08,867|
[lab28|0304]: 3952te Nachricht. C Out: 12.04 13:33:07,460| 12.04 13:33:07,472| ; C In: 12.04 13:33:08,867|
Fehlernachricht fuer Nachrichtennummern 3930 bis 3956 ; C In: 12.04 13:33:08,868|
'clientNode2@lab26.cpt.haw-hamburg.de'-<0.379.0>-C-3-06:3957te Nachricht.C Out:12.04 13:33:07,920| 12.04 13:33:07,921| ; C In: 12.04 13:33:08,868|
14-clientserver@lab22.cpt.haw-hamburg.de<0.22061.0>-C-1-5: 3958te_Nachricht. C Out: 12.04 13:33:05,053|(3958) 12.04 13:33:07,054| ; C In: 12.04 13:33:08,869|
16-clientserver@lab22.cpt.haw-hamburg.de<0.22063.0>-C-1-5: 3959te_Nachricht. C Out: 12.04 13:33:05,053|(3959) 12.04 13:33:07,054| ; C In: 12.04 13:33:08,869|
6-clientserver@lab22.cpt.haw-hamburg.de<0.22053.0>-C-1-5: 3960te_Nachricht. C Out: 12.04 13:33:05,054|(3960) 12.04 13:33:07,055| ; C In: 12.04 13:33:08,869|
Fehlernachricht fuer Nachrichtennummern 3961 bis 3961 ; C In: 12.04 13:33:08,870|
'clientNode@lab26.cpt.haw-hamburg.de'-<0.9126.0>-C-3-06:3962te Nachricht.C Out:12.04 13:33:08,105| 12.04 13:33:08,105| ; C In: 12.04 13:33:08,870|
'clientNode@lab26.cpt.haw-hamburg.de'-<0.9123.0>-C-3-06:3963te Nachricht.C Out:12.04 13:33:07,105| 12.04 13:33:07,105| ; C In: 12.04 13:33:08,871|
'clientNode@lab26.cpt.haw-hamburg.de'-<0.9109.0>-C-3-06:3964te Nachricht.C Out:12.04 13:33:07,115| 12.04 13:33:07,115| ; C In: 12.04 13:33:08,871|
lab29-1-1: message_number_3965. Sent time: 12.04 13:33:05,348| 12.04 13:33:07,350| ; C In: 12.04 13:33:08,872|
lab29-1-1: message_number_3966. Sent time: 12.04 13:33:05,349| 12.04 13:33:07,351| ; C In: 12.04 13:33:08,872|
lab29-1-1: message_number_3967. Sent time: 12.04 13:33:05,351| 12.04 13:33:07,352| ; C In: 12.04 13:33:08,873|
lab29-1-1: message_number_3968. Sent time: 12.04 13:33:05,351| 12.04 13:33:07,352| ; C In: 12.04 13:33:08,874|
lab29-1-1: message_number_3969. Sent time: 12.04 13:33:05,351| 12.04 13:33:07,354| ; C In: 12.04 13:33:08,874|
lab29-1-1: message_number_3970. Sent time: 12.04 13:33:05,352| 12.04 13:33:07,354| ; C In: 12.04 13:33:08,875|
lab29-1-1: message_number_3971. Sent time: 12.04 13:33:05,352| 12.04 13:33:07,355| ; C In: 12.04 13:33:08,875|
lab29-1-1: message_number_3972. Sent time: 12.04 13:33:05,353| 12.04 13:33:07,356| ; C In: 12.04 13:33:08,876|
lab29-1-1: message_number_3973. Sent time: 12.04 13:33:05,353| 12.04 13:33:07,357| ; C In: 12.04 13:33:08,876|
lab29-1-1: message_number_3974. Sent time: 12.04 13:33:05,353| 12.04 13:33:07,357| ; C In: 12.04 13:33:08,877|
lab29-1-1: message_number_3975. Sent time: 12.04 13:33:05,354| 12.04 13:33:07,359| ; C In: 12.04 13:33:08,877|
lab29-1-1: message_number_3976. Sent time: 12.04 13:33:05,354| 12.04 13:33:07,359| ; C In: 12.04 13:33:08,877|
lab29-1-1: message_number_3977. Sent time: 12.04 13:33:05,355| 12.04 13:33:07,359| ; C In: 12.04 13:33:08,878|
lab29-1-1: message_number_3978. Sent time: 12.04 13:33:05,355| 12.04 13:33:07,361| ; C In: 12.04 13:33:08,878|
lab29-1-1: message_number_3979. Sent time: 12.04 13:33:05,356| 12.04 13:33:07,361| ; C In: 12.04 13:33:08,879|
lab29-1-1: message_number_3980. Sent time: 12.04 13:33:05,356| 12.04 13:33:07,362| ; C In: 12.04 13:33:08,879|
lab29-1-1: message_number_3981. Sent time: 12.04 13:33:05,356| 12.04 13:33:07,363| ; C In: 12.04 13:33:08,879|
lab29-1-1: message_number_3982. Sent time: 12.04 13:33:05,357| 12.04 13:33:07,363| ; C In: 12.04 13:33:08,880|
lab29-1-1: message_number_3983. Sent time: 12.04 13:33:05,357| 12.04 13:33:07,364| ; C In: 12.04 13:33:08,880|
lab29-1-1: message_number_3984. Sent time: 12.04 13:33:05,358| 12.04 13:33:07,364| ; C In: 12.04 13:33:08,881|
10-clientserver@lab22.cpt.haw-hamburg.de<0.22057.0>-C-1-5: 3985te_Nachricht. C Out: 12.04 13:33:05,358|(3985) 12.04 13:33:08,360| ; C In: 12.04 13:33:08,881|
..getmessages..Done...
15-clientserver@lab22.cpt.haw-hamburg.de<0.22062.0>-C-1-5: 4130te_Nachricht. C Out: 12.04 13:33:08,881|(4130) gesendet
15-clientserver@lab22.cpt.haw-hamburg.de<0.22062.0>-C-1-5: 4408te_Nachricht. C Out: 12.04 13:33:10,883|(4408) gesendet
15-clientserver@lab22.cpt.haw-hamburg.de<0.22062.0>-C-1-5: 4462te_Nachricht. C Out: 12.04 13:33:12,885|(4462) gesendet
15-clientserver@lab22.cpt.haw-hamburg.de<0.22062.0>-C-1-5: 4554te_Nachricht. C Out: 12.04 13:33:14,887|(4554) gesendet
15-clientserver@lab22.cpt.haw-hamburg.de<0.22062.0>-C-1-5: 4615te_Nachricht. C Out: 12.04 13:33:16,889|(4615) gesendet
4720te_Nachricht um 12.04 13:33:18,890|- vergessen zu senden ******
Neues Sendeintervall: 3 Sekunden
'clientNode@lab26.cpt.haw-hamburg.de'-<0.9109.0>-C-3-06:4623te Nachricht.C Out:12.04 13:33:19,145| 12.04 13:33:19,145| ; C In: 12.04 13:33:21,892|
7-profB@lab31.cpt.haw-hamburg.de-<0.13169.0>-KLC: 4624te_Nachricht. C Out: 12.04 13:33:21,195| 12.04 13:33:21,196| ; C In: 12.04 13:33:21,892|
5-profB@lab31.cpt.haw-hamburg.de-<0.13167.0>-KLC: 4625te_Nachricht. C Out: 12.04 13:33:21,196| 12.04 13:33:21,197| ; C In: 12.04 13:33:21,893|
2-profB@lab31.cpt.haw-hamburg.de-<0.13164.0>-KLC: 4626te_Nachricht. C Out: 12.04 13:33:21,196| 12.04 13:33:21,197| ; C In: 12.04 13:33:21,893|
0-profB@lab31.cpt.haw-hamburg.de-<0.13162.0>-KLC: 4627te_Nachricht. C Out: 12.04 13:33:21,197| 12.04 13:33:21,197| ; C In: 12.04 13:33:21,893|
4-profB@lab31.cpt.haw-hamburg.de-<0.13166.0>-KLC: 4628te_Nachricht. C Out: 12.04 13:33:21,197| 12.04 13:33:21,198| ; C In: 12.04 13:33:21,894|
9-profB@lab31.cpt.haw-hamburg.de-<0.13171.0>-KLC: 4629te_Nachricht. C Out: 12.04 13:33:21,197| 12.04 13:33:21,198| ; C In: 12.04 13:33:21,894|
6-profB@lab31.cpt.haw-hamburg.de-<0.13168.0>-KLC: 4630te_Nachricht. C Out: 12.04 13:33:21,198| 12.04 13:33:21,199| ; C In: 12.04 13:33:21,894|
1-profB@lab31.cpt.haw-hamburg.de-<0.13163.0>-KLC: 4631te_Nachricht. C Out: 12.04 13:33:21,198| 12.04 13:33:21,199| ; C In: 12.04 13:33:21,895|
8-profB@lab31.cpt.haw-hamburg.de-<0.13170.0>-KLC: 4632te_Nachricht. C Out: 12.04 13:33:21,198| 12.04 13:33:21,199| ; C In: 12.04 13:33:21,895|
3-profB@lab31.cpt.haw-hamburg.de-<0.13165.0>-KLC: 4633te_Nachricht. C Out: 12.04 13:33:21,199| 12.04 13:33:21,200| ; C In: 12.04 13:33:21,895|
2-clientserver@lab22.cpt.haw-hamburg.de<0.22048.0>-C-1-5: 4634te_Nachricht. C Out: 12.04 13:33:17,221|(4634) 12.04 13:33:20,598| ; C In: 12.04 13:33:21,896|
8-clientserver@lab22.cpt.haw-hamburg.de<0.22055.0>-C-1-5: 4635te_Nachricht. C Out: 12.04 13:33:17,222|(4635) 12.04 13:33:20,598| ; C In: 12.04 13:33:21,896|
Fehlernachricht fuer Nachrichtennummern 4636 bis 4638 ; C In: 12.04 13:33:21,897|
7-clientserver@lab22.cpt.haw-hamburg.de<0.22054.0>-C-1-5: 4639te_Nachricht. C Out: 12.04 13:33:17,425|(4639) 12.04 13:33:20,426| ; C In: 12.04 13:33:21,897|
13-clientserver@lab22.cpt.haw-hamburg.de<0.22060.0>-C-1-5: 4640te_Nachricht. C Out: 12.04 13:33:17,440|(4640) 12.04 13:33:20,441| ; C In: 12.04 13:33:21,897|
Fehlernachricht fuer Nachrichtennummern 4641 bis 4668 ; C In: 12.04 13:33:21,898|
3-profA@lab31.cpt.haw-hamburg.de-<0.11489.0>-KLC: 4669te_Nachricht. C Out: 12.04 13:33:21,873| 12.04 13:33:21,873| ; C In: 12.04 13:33:21,898|
5-profA@lab31.cpt.haw-hamburg.de-<0.11491.0>-KLC: 4670te_Nachricht. C Out: 12.04 13:33:21,873| 12.04 13:33:21,874| ; C In: 12.04 13:33:21,899|
8-profA@lab31.cpt.haw-hamburg.de-<0.11494.0>-KLC: 4671te_Nachricht. C Out: 12.04 13:33:21,873| 12.04 13:33:21,874| ; C In: 12.04 13:33:21,899|
1-profA@lab31.cpt.haw-hamburg.de-<0.11487.0>-KLC: 4672te_Nachricht. C Out: 12.04 13:33:21,873| 12.04 13:33:21,874| ; C In: 12.04 13:33:21,899|
0-profA@lab31.cpt.haw-hamburg.de-<0.11486.0>-KLC: 4673te_Nachricht. C Out: 12.04 13:33:21,874| 12.04 13:33:21,875| ; C In: 12.04 13:33:21,900|
7-profA@lab31.cpt.haw-hamburg.de-<0.11493.0>-KLC: 4674te_Nachricht. C Out: 12.04 13:33:21,874| 12.04 13:33:21,875| ; C In: 12.04 13:33:21,900|
6-profA@lab31.cpt.haw-hamburg.de-<0.11492.0>-KLC: 4675te_Nachricht. C Out: 12.04 13:33:21,874| 12.04 13:33:21,875| ; C In: 12.04 13:33:21,900|
4-profA@lab31.cpt.haw-hamburg.de-<0.11490.0>-KLC: 4676te_Nachricht. C Out: 12.04 13:33:21,875| 12.04 13:33:21,876| ; C In: 12.04 13:33:21,901|
9-profA@lab31.cpt.haw-hamburg.de-<0.11495.0>-KLC: 4677te_Nachricht. C Out: 12.04 13:33:21,876| 12.04 13:33:21,876| ; C In: 12.04 13:33:21,901|
2-profA@lab31.cpt.haw-hamburg.de-<0.11488.0>-KLC: 4678te_Nachricht. C Out: 12.04 13:33:21,876| 12.04 13:33:21,877| ; C In: 12.04 13:33:21,901|
lab29-1-1: message_number_4679. Sent time: 12.04 13:33:17,877| 12.04 13:33:21,879| ; C In: 12.04 13:33:21,902|
lab29-1-1: message_number_4680. Sent time: 12.04 13:33:17,877| 12.04 13:33:21,879| ; C In: 12.04 13:33:21,902|
lab29-1-1: message_number_4681. Sent time: 12.04 13:33:17,878| 12.04 13:33:21,879| ; C In: 12.04 13:33:21,902|
lab29-1-1: message_number_4682. Sent time: 12.04 13:33:17,878| 12.04 13:33:21,880| ; C In: 12.04 13:33:21,903|
lab29-1-1: message_number_4683. Sent time: 12.04 13:33:17,878| 12.04 13:33:21,880| ; C In: 12.04 13:33:21,903|
lab29-1-1: message_number_4684. Sent time: 12.04 13:33:17,878| 12.04 13:33:21,880| ; C In: 12.04 13:33:21,903|
lab29-1-1: message_number_4685. Sent time: 12.04 13:33:17,879| 12.04 13:33:21,880| ; C In: 12.04 13:33:21,904|
lab29-1-1: message_number_4686. Sent time: 12.04 13:33:17,879| 12.04 13:33:21,881| ; C In: 12.04 13:33:21,904|
lab29-1-1: message_number_4687. Sent time: 12.04 13:33:17,879| 12.04 13:33:21,881| ; C In: 12.04 13:33:21,904|
'clientNode2@lab26.cpt.haw-hamburg.de'-<0.382.0>-C-3-06:4688te Nachricht.C Out:12.04 13:33:20,880| 12.04 13:33:20,881| ; C In: 12.04 13:33:21,905|
lab29-1-1: message_number_4689. Sent time: 12.04 13:33:17,879| 12.04 13:33:21,881| ; C In: 12.04 13:33:21,905|
lab29-1-1: message_number_4690. Sent time: 12.04 13:33:17,880| 12.04 13:33:21,882| ; C In: 12.04 13:33:21,905|
lab29-1-1: message_number_4691. Sent time: 12.04 13:33:17,884| 12.04 13:33:21,886| ; C In: 12.04 13:33:21,906|
lab29-1-1: message_number_4692. Sent time: 12.04 13:33:17,884| 12.04 13:33:21,886| ; C In: 12.04 13:33:21,906|
lab29-1-1: message_number_4693. Sent time: 12.04 13:33:17,885| 12.04 13:33:21,886| ; C In: 12.04 13:33:21,906|
..getmessages..Done...
15-clientserver@lab22.cpt.haw-hamburg.de<0.22062.0>-C-1-5: 4819te_Nachricht. C Out: 12.04 13:33:21,907|(4819) gesendet
15-clientserver@lab22.cpt.haw-hamburg.de<0.22062.0>-C-1-5: 4905te_Nachricht. C Out: 12.04 13:33:24,908|(4905) gesendet
15-clientserver@lab22.cpt.haw-hamburg.de<0.22062.0>-C-1-5: 4977te_Nachricht. C Out: 12.04 13:33:27,909|(4977) gesendet
15-clientserver@lab22.cpt.haw-hamburg.de<0.22062.0>-C-1-5: 5024te_Nachricht. C Out: 12.04 13:33:30,910|(5024) gesendet
15-clientserver@lab22.cpt.haw-hamburg.de<0.22062.0>-C-1-5: 5067te_Nachricht. C Out: 12.04 13:33:33,912|(5067) gesendet
5110te_Nachricht um 12.04 13:33:36,913|- vergessen zu senden ******
Neues Sendeintervall: 4 Sekunden
15-clientserver@lab22.cpt.haw-hamburg.de<0.22062.0>-C-1-5: Lebenszeit um. Wird beendet.
