2-clientserver@lab22.cpt.haw-hamburg.de<0.22048.0>-C-1-5: Start: 12.04 13:31:41,034|.
2-clientserver@lab22.cpt.haw-hamburg.de<0.22048.0>-C-1-5: 613te_Nachricht. C Out: 12.04 13:31:41,034|(613) gesendet
2-clientserver@lab22.cpt.haw-hamburg.de<0.22048.0>-C-1-5: 687te_Nachricht. C Out: 12.04 13:31:44,035|(687) gesendet
2-clientserver@lab22.cpt.haw-hamburg.de<0.22048.0>-C-1-5: 788te_Nachricht. C Out: 12.04 13:31:47,037|(788) gesendet
2-clientserver@lab22.cpt.haw-hamburg.de<0.22048.0>-C-1-5: 1076te_Nachricht. C Out: 12.04 13:31:50,040|(1076) gesendet
2-clientserver@lab22.cpt.haw-hamburg.de<0.22048.0>-C-1-5: 1180te_Nachricht. C Out: 12.04 13:31:53,043|(1180) gesendet
1233te_Nachricht um 12.04 13:31:56,045|- vergessen zu senden ******
Neues Sendeintervall: 4 Sekunden
'clientNode2@lab26.cpt.haw-hamburg.de'-<0.384.0>-C-3-06:1294te Nachricht.C Out:12.04 13:31:59,732| 12.04 13:31:59,733| ; C In: 12.04 13:32:00,547|
'clientNode2@lab26.cpt.haw-hamburg.de'-<0.379.0>-C-3-06:1295te Nachricht.C Out:12.04 13:31:58,733| 12.04 13:31:58,734| ; C In: 12.04 13:32:00,549|
'clientNode2@lab26.cpt.haw-hamburg.de'-<0.370.0>-C-3-06:1296te Nachricht.C Out:12.04 13:31:58,734| 12.04 13:31:58,735| ; C In: 12.04 13:32:00,551|
'clientNode2@lab26.cpt.haw-hamburg.de'-<0.395.0>-C-3-06:1297te Nachricht.C Out:12.04 13:31:58,734| 12.04 13:31:58,735| ; C In: 12.04 13:32:00,554|
'clientNode@lab26.cpt.haw-hamburg.de'-<0.9123.0>-C-3-06:1298te Nachricht.C Out:12.04 13:31:58,895| 12.04 13:31:58,895| ; C In: 12.04 13:32:00,556|
'clientNode@lab26.cpt.haw-hamburg.de'-<0.9117.0>-C-3-06:1299te Nachricht.C Out:12.04 13:31:58,895| 12.04 13:31:58,895| ; C In: 12.04 13:32:00,559|
'clientNode@lab26.cpt.haw-hamburg.de'-<0.9126.0>-C-3-06:1300te Nachricht.C Out:12.04 13:31:58,896| 12.04 13:31:58,896| ; C In: 12.04 13:32:00,561|
'clientNode@lab26.cpt.haw-hamburg.de'-<0.9128.0>-C-3-06:1301te Nachricht.C Out:12.04 13:31:58,896| 12.04 13:31:58,896| ; C In: 12.04 13:32:00,564|
Fehlernachricht fuer Nachrichtennummern 1302 bis 1311 ; C In: 12.04 13:32:00,567|
lab29-1-1: message_number_1312. Sent time: 12.04 13:31:58,108| 12.04 13:32:00,109| ; C In: 12.04 13:32:00,569|
lab29-1-1: message_number_1313. Sent time: 12.04 13:31:58,110| 12.04 13:32:00,111| ; C In: 12.04 13:32:00,572|
lab29-1-1: message_number_1314. Sent time: 12.04 13:31:58,109| 12.04 13:32:00,111| ; C In: 12.04 13:32:00,574|
lab29-1-1: message_number_1315. Sent time: 12.04 13:31:58,110| 12.04 13:32:00,111| ; C In: 12.04 13:32:00,577|
lab29-1-1: message_number_1316. Sent time: 12.04 13:31:58,110| 12.04 13:32:00,112| ; C In: 12.04 13:32:00,579|
lab29-1-1: message_number_1317. Sent time: 12.04 13:31:58,110| 12.04 13:32:00,112| ; C In: 12.04 13:32:00,581|
lab29-1-1: message_number_1318. Sent time: 12.04 13:31:58,112| 12.04 13:32:00,113| ; C In: 12.04 13:32:00,584|
lab29-1-1: message_number_1319. Sent time: 12.04 13:31:58,112| 12.04 13:32:00,114| ; C In: 12.04 13:32:00,586|
lab29-1-1: message_number_1320. Sent time: 12.04 13:31:58,113| 12.04 13:32:00,114| ; C In: 12.04 13:32:00,588|
lab29-1-1: message_number_1321. Sent time: 12.04 13:31:58,113| 12.04 13:32:00,115| ; C In: 12.04 13:32:00,591|
lab29-1-1: message_number_1322. Sent time: 12.04 13:31:58,114| 12.04 13:32:00,116| ; C In: 12.04 13:32:00,593|
lab29-1-1: message_number_1323. Sent time: 12.04 13:31:58,115| 12.04 13:32:00,116| ; C In: 12.04 13:32:00,596|
lab29-1-1: message_number_1324. Sent time: 12.04 13:31:58,115| 12.04 13:32:00,117| ; C In: 12.04 13:32:00,598|
lab29-1-1: message_number_1325. Sent time: 12.04 13:31:58,116| 12.04 13:32:00,117| ; C In: 12.04 13:32:00,600|
lab29-1-1: message_number_1326. Sent time: 12.04 13:31:58,116| 12.04 13:32:00,118| ; C In: 12.04 13:32:00,602|
lab29-1-1: message_number_1327. Sent time: 12.04 13:31:58,116| 12.04 13:32:00,118| ; C In: 12.04 13:32:00,604|
lab29-1-1: message_number_1328. Sent time: 12.04 13:31:58,117| 12.04 13:32:00,119| ; C In: 12.04 13:32:00,607|
lab29-1-1: message_number_1329. Sent time: 12.04 13:31:58,118| 12.04 13:32:00,119| ; C In: 12.04 13:32:00,609|
lab29-1-1: message_number_1330. Sent time: 12.04 13:31:58,118| 12.04 13:32:00,120| ; C In: 12.04 13:32:00,611|
lab29-1-1: message_number_1331. Sent time: 12.04 13:31:58,118| 12.04 13:32:00,120| ; C In: 12.04 13:32:00,614|
3-clientserver@lab22.cpt.haw-hamburg.de<0.22050.0>-C-1-5: 1332te_Nachricht. C Out: 12.04 13:31:58,209|(1332) 12.04 13:32:00,210| ; C In: 12.04 13:32:00,616|
0-clientserver@lab22.cpt.haw-hamburg.de<0.22046.0>-C-1-5: 1333te_Nachricht. C Out: 12.04 13:31:58,209|(1333) 12.04 13:32:00,211| ; C In: 12.04 13:32:00,618|
1-clientserver@lab22.cpt.haw-hamburg.de<0.22047.0>-C-1-5: 1334te_Nachricht. C Out: 12.04 13:31:58,210|(1334) 12.04 13:32:00,211| ; C In: 12.04 13:32:00,620|
11-clientserver@lab22.cpt.haw-hamburg.de<0.22058.0>-C-1-5: 1335te_Nachricht. C Out: 12.04 13:31:58,212|(1335) 12.04 13:32:00,213| ; C In: 12.04 13:32:00,623|
4-clientserver@lab22.cpt.haw-hamburg.de<0.22051.0>-C-1-5: 1336te_Nachricht. C Out: 12.04 13:31:58,214|(1336) 12.04 13:32:00,216| ; C In: 12.04 13:32:00,625|
5-clientserver@lab22.cpt.haw-hamburg.de<0.22052.0>-C-1-5: 1337te_Nachricht. C Out: 12.04 13:31:58,217|(1337) 12.04 13:32:00,218| ; C In: 12.04 13:32:00,627|
7-clientserver@lab22.cpt.haw-hamburg.de<0.22054.0>-C-1-5: 1338te_Nachricht. C Out: 12.04 13:31:58,217|(1338) 12.04 13:32:00,218| ; C In: 12.04 13:32:00,629|
10-clientserver@lab22.cpt.haw-hamburg.de<0.22057.0>-C-1-5: 1339te_Nachricht. C Out: 12.04 13:31:58,217|(1339) 12.04 13:32:00,219| ; C In: 12.04 13:32:00,631|
12-clientserver@lab22.cpt.haw-hamburg.de<0.22059.0>-C-1-5: 1340te_Nachricht. C Out: 12.04 13:31:58,217|(1340) 12.04 13:32:00,219| ; C In: 12.04 13:32:00,634|
13-clientserver@lab22.cpt.haw-hamburg.de<0.22060.0>-C-1-5: 1341te_Nachricht. C Out: 12.04 13:31:58,217|(1341) 12.04 13:32:00,220| ; C In: 12.04 13:32:00,636|
18-clientserver@lab22.cpt.haw-hamburg.de<0.22065.0>-C-1-5: 1342te_Nachricht. C Out: 12.04 13:31:58,217|(1342) 12.04 13:32:00,220| ; C In: 12.04 13:32:00,638|
15-clientserver@lab22.cpt.haw-hamburg.de<0.22062.0>-C-1-5: 1343te_Nachricht. C Out: 12.04 13:31:58,217|(1343) 12.04 13:32:00,220| ; C In: 12.04 13:32:00,640|
19-clientserver@lab22.cpt.haw-hamburg.de<0.22066.0>-C-1-5: 1344te_Nachricht. C Out: 12.04 13:31:58,218|(1344) 12.04 13:32:00,221| ; C In: 12.04 13:32:00,642|
..getmessages..Done...
2-clientserver@lab22.cpt.haw-hamburg.de<0.22048.0>-C-1-5: 1403te_Nachricht. C Out: 12.04 13:32:00,644|(1403) gesendet
2-clientserver@lab22.cpt.haw-hamburg.de<0.22048.0>-C-1-5: 1773te_Nachricht. C Out: 12.04 13:32:05,145|(1773) gesendet
2-clientserver@lab22.cpt.haw-hamburg.de<0.22048.0>-C-1-5: 1919te_Nachricht. C Out: 12.04 13:32:09,646|(1919) gesendet
2-clientserver@lab22.cpt.haw-hamburg.de<0.22048.0>-C-1-5: 2044te_Nachricht. C Out: 12.04 13:32:14,147|(2044) gesendet
2-clientserver@lab22.cpt.haw-hamburg.de<0.22048.0>-C-1-5: 2212te_Nachricht. C Out: 12.04 13:32:18,649|(2212) gesendet
2334te_Nachricht um 12.04 13:32:23,150|- vergessen zu senden ******
Neues Sendeintervall: 6 Sekunden
18-clientserver@lab22.cpt.haw-hamburg.de<0.22065.0>-C-1-5: 2348te_Nachricht. C Out: 12.04 13:32:23,318|(2348) 12.04 13:32:26,320| ; C In: 12.04 13:32:29,902|
'clientNode2@lab26.cpt.haw-hamburg.de'-<0.376.0>-C-3-06:2349te Nachricht.C Out:12.04 13:32:26,809| 12.04 13:32:26,815| ; C In: 12.04 13:32:29,902|
'clientNode2@lab26.cpt.haw-hamburg.de'-<0.395.0>-C-3-06:2350te Nachricht.C Out:12.04 13:32:25,829| 12.04 13:32:25,830| ; C In: 12.04 13:32:29,903|
Fehlernachricht fuer Nachrichtennummern 2293 bis 2401 ; C In: 12.04 13:32:29,903|
'clientNode@lab26.cpt.haw-hamburg.de'-<0.9109.0>-C-3-06:2402te Nachricht.C Out:12.04 13:32:25,975| 12.04 13:32:25,975| ; C In: 12.04 13:32:29,904|
'clientNode@lab26.cpt.haw-hamburg.de'-<0.9106.0>-C-3-06:2403te Nachricht.C Out:12.04 13:32:25,975| 12.04 13:32:25,976| ; C In: 12.04 13:32:29,905|
Fehlernachricht fuer Nachrichtennummern 2404 bis 2463 ; C In: 12.04 13:32:29,906|
5-clientserver@lab22.cpt.haw-hamburg.de<0.22052.0>-C-1-5: 2464te_Nachricht. C Out: 12.04 13:32:24,344|(2464) 12.04 13:32:26,346| ; C In: 12.04 13:32:29,907|
12-clientserver@lab22.cpt.haw-hamburg.de<0.22059.0>-C-1-5: 2465te_Nachricht. C Out: 12.04 13:32:24,350|(2465) 12.04 13:32:26,351| ; C In: 12.04 13:32:29,908|
13-clientserver@lab22.cpt.haw-hamburg.de<0.22060.0>-C-1-5: 2466te_Nachricht. C Out: 12.04 13:32:24,351|(2466) 12.04 13:32:26,351| ; C In: 12.04 13:32:29,909|
19-clientserver@lab22.cpt.haw-hamburg.de<0.22066.0>-C-1-5: 2467te_Nachricht. C Out: 12.04 13:32:24,351|(2467) 12.04 13:32:26,352| ; C In: 12.04 13:32:29,910|
Fehlernachricht fuer Nachrichtennummern 2468 bis 2517 ; C In: 12.04 13:32:29,910|
lab29-1-1: message_number_2518. Sent time: 12.04 13:32:24,609| 12.04 13:32:26,610| ; C In: 12.04 13:32:29,911|
lab29-1-1: message_number_2519. Sent time: 12.04 13:32:24,609| 12.04 13:32:26,611| ; C In: 12.04 13:32:29,912|
Fehlernachricht fuer Nachrichtennummern 2352 bis 2520 ; C In: 12.04 13:32:29,913|
lab29-1-1: message_number_2521. Sent time: 12.04 13:32:24,610| 12.04 13:32:26,612| ; C In: 12.04 13:32:29,913|
Fehlernachricht fuer Nachrichtennummern 2522 bis 2523 ; C In: 12.04 13:32:29,914|
lab29-1-1: message_number_2524. Sent time: 12.04 13:32:24,611| 12.04 13:32:26,612| ; C In: 12.04 13:32:29,915|
lab29-1-1: message_number_2525. Sent time: 12.04 13:32:24,611| 12.04 13:32:26,613| ; C In: 12.04 13:32:29,916|
lab29-1-1: message_number_2526. Sent time: 12.04 13:32:24,613| 12.04 13:32:26,615| ; C In: 12.04 13:32:29,917|
lab29-1-1: message_number_2527. Sent time: 12.04 13:32:24,613| 12.04 13:32:26,616| ; C In: 12.04 13:32:29,918|
lab29-1-1: message_number_2528. Sent time: 12.04 13:32:24,614| 12.04 13:32:26,617| ; C In: 12.04 13:32:29,918|
lab29-1-1: message_number_2529. Sent time: 12.04 13:32:24,615| 12.04 13:32:26,618| ; C In: 12.04 13:32:29,919|
lab29-1-1: message_number_2530. Sent time: 12.04 13:32:24,615| 12.04 13:32:26,619| ; C In: 12.04 13:32:29,920|
Fehlernachricht fuer Nachrichtennummern 2531 bis 2535 ; C In: 12.04 13:32:29,921|
lab29-1-1: message_number_2536. Sent time: 12.04 13:32:24,615| 12.04 13:32:26,619| ; C In: 12.04 13:32:29,922|
lab29-1-1: message_number_2537. Sent time: 12.04 13:32:24,616| 12.04 13:32:26,619| ; C In: 12.04 13:32:29,923|
lab29-1-1: message_number_2538. Sent time: 12.04 13:32:24,616| 12.04 13:32:26,620| ; C In: 12.04 13:32:29,924|
lab29-1-1: message_number_2539. Sent time: 12.04 13:32:24,617| 12.04 13:32:26,622| ; C In: 12.04 13:32:29,925|
Fehlernachricht fuer Nachrichtennummern 2540 bis 2540 ; C In: 12.04 13:32:29,925|
lab29-1-1: message_number_2541. Sent time: 12.04 13:32:24,617| 12.04 13:32:26,622| ; C In: 12.04 13:32:29,926|
lab29-1-1: message_number_2542. Sent time: 12.04 13:32:24,618| 12.04 13:32:26,622| ; C In: 12.04 13:32:29,927|
lab29-1-1: message_number_2543. Sent time: 12.04 13:32:24,618| 12.04 13:32:26,624| ; C In: 12.04 13:32:29,928|
lab29-1-1: message_number_2544. Sent time: 12.04 13:32:24,619| 12.04 13:32:26,625| ; C In: 12.04 13:32:29,929|
lab29-1-1: message_number_2545. Sent time: 12.04 13:32:24,619| 12.04 13:32:26,625| ; C In: 12.04 13:32:29,930|
lab29-1-1: message_number_2546. Sent time: 12.04 13:32:24,619| 12.04 13:32:26,626| ; C In: 12.04 13:32:29,930|
..getmessages..Done...
2-clientserver@lab22.cpt.haw-hamburg.de<0.22048.0>-C-1-5: 2709te_Nachricht. C Out: 12.04 13:32:29,931|(2709) gesendet
2-clientserver@lab22.cpt.haw-hamburg.de<0.22048.0>-C-1-5: 2894te_Nachricht. C Out: 12.04 13:32:36,682|(2894) gesendet
2-clientserver@lab22.cpt.haw-hamburg.de<0.22048.0>-C-1-5: 3039te_Nachricht. C Out: 12.04 13:32:43,434|(3039) gesendet
2-clientserver@lab22.cpt.haw-hamburg.de<0.22048.0>-C-1-5: 3210te_Nachricht. C Out: 12.04 13:32:50,187|(3210) gesendet
2-clientserver@lab22.cpt.haw-hamburg.de<0.22048.0>-C-1-5: 3626te_Nachricht. C Out: 12.04 13:32:56,938|(3626) gesendet
3908te_Nachricht um 12.04 13:33:03,690|- vergessen zu senden ******
Neues Sendeintervall: 3 Sekunden
Fehlernachricht fuer Nachrichtennummern 3866 bis 3869 ; C In: 12.04 13:33:07,066|
14-clientserver@lab22.cpt.haw-hamburg.de<0.22061.0>-C-1-5: 3870te_Nachricht. C Out: 12.04 13:33:03,051|(3870) 12.04 13:33:05,052| ; C In: 12.04 13:33:07,066|
16-clientserver@lab22.cpt.haw-hamburg.de<0.22063.0>-C-1-5: 3871te_Nachricht. C Out: 12.04 13:33:03,052|(3871) 12.04 13:33:05,053| ; C In: 12.04 13:33:07,067|
6-clientserver@lab22.cpt.haw-hamburg.de<0.22053.0>-C-1-5: 3872te_Nachricht. C Out: 12.04 13:33:03,052|(3872) 12.04 13:33:05,053| ; C In: 12.04 13:33:07,068|
Fehlernachricht fuer Nachrichtennummern 3873 bis 3874 ; C In: 12.04 13:33:07,069|
7-profB@lab31.cpt.haw-hamburg.de-<0.13169.0>-KLC: 3875te_Nachricht. C Out: 12.04 13:33:06,090| 12.04 13:33:06,091| ; C In: 12.04 13:33:07,070|
5-profB@lab31.cpt.haw-hamburg.de-<0.13167.0>-KLC: 3876te_Nachricht. C Out: 12.04 13:33:06,090| 12.04 13:33:06,091| ; C In: 12.04 13:33:07,070|
2-profB@lab31.cpt.haw-hamburg.de-<0.13164.0>-KLC: 3877te_Nachricht. C Out: 12.04 13:33:06,090| 12.04 13:33:06,092| ; C In: 12.04 13:33:07,071|
0-profB@lab31.cpt.haw-hamburg.de-<0.13162.0>-KLC: 3878te_Nachricht. C Out: 12.04 13:33:06,090| 12.04 13:33:06,092| ; C In: 12.04 13:33:07,072|
9-profB@lab31.cpt.haw-hamburg.de-<0.13171.0>-KLC: 3879te_Nachricht. C Out: 12.04 13:33:06,091| 12.04 13:33:06,092| ; C In: 12.04 13:33:07,073|
6-profB@lab31.cpt.haw-hamburg.de-<0.13168.0>-KLC: 3880te_Nachricht. C Out: 12.04 13:33:06,091| 12.04 13:33:06,093| ; C In: 12.04 13:33:07,073|
4-profB@lab31.cpt.haw-hamburg.de-<0.13166.0>-KLC: 3881te_Nachricht. C Out: 12.04 13:33:06,092| 12.04 13:33:06,093| ; C In: 12.04 13:33:07,074|
1-profB@lab31.cpt.haw-hamburg.de-<0.13163.0>-KLC: 3882te_Nachricht. C Out: 12.04 13:33:06,092| 12.04 13:33:06,094| ; C In: 12.04 13:33:07,075|
Fehlernachricht fuer Nachrichtennummern 3883 bis 3883 ; C In: 12.04 13:33:07,075|
3-profB@lab31.cpt.haw-hamburg.de-<0.13165.0>-KLC: 3884te_Nachricht. C Out: 12.04 13:33:06,093| 12.04 13:33:06,094| ; C In: 12.04 13:33:07,076|
8-profB@lab31.cpt.haw-hamburg.de-<0.13170.0>-KLC: 3885te_Nachricht. C Out: 12.04 13:33:06,093| 12.04 13:33:06,094| ; C In: 12.04 13:33:07,077|
'clientNode@lab26.cpt.haw-hamburg.de'-<0.9123.0>-C-3-06:3886te Nachricht.C Out:12.04 13:33:05,103| 12.04 13:33:05,104| ; C In: 12.04 13:33:07,077|
'clientNode@lab26.cpt.haw-hamburg.de'-<0.9109.0>-C-3-06:3887te Nachricht.C Out:12.04 13:33:05,113| 12.04 13:33:05,113| ; C In: 12.04 13:33:07,078|
lab29-1-1: message_number_3888. Sent time: 12.04 13:33:03,346| 12.04 13:33:05,348| ; C In: 12.04 13:33:07,079|
lab29-1-1: message_number_3889. Sent time: 12.04 13:33:03,347| 12.04 13:33:05,349| ; C In: 12.04 13:33:07,080|
lab29-1-1: message_number_3890. Sent time: 12.04 13:33:03,349| 12.04 13:33:05,350| ; C In: 12.04 13:33:07,080|
lab29-1-1: message_number_3891. Sent time: 12.04 13:33:03,349| 12.04 13:33:05,350| ; C In: 12.04 13:33:07,081|
lab29-1-1: message_number_3892. Sent time: 12.04 13:33:03,349| 12.04 13:33:05,351| ; C In: 12.04 13:33:07,081|
lab29-1-1: message_number_3893. Sent time: 12.04 13:33:03,349| 12.04 13:33:05,351| ; C In: 12.04 13:33:07,082|
lab29-1-1: message_number_3894. Sent time: 12.04 13:33:03,349| 12.04 13:33:05,352| ; C In: 12.04 13:33:07,083|
lab29-1-1: message_number_3895. Sent time: 12.04 13:33:03,350| 12.04 13:33:05,352| ; C In: 12.04 13:33:07,084|
lab29-1-1: message_number_3896. Sent time: 12.04 13:33:03,350| 12.04 13:33:05,352| ; C In: 12.04 13:33:07,084|
lab29-1-1: message_number_3897. Sent time: 12.04 13:33:03,351| 12.04 13:33:05,353| ; C In: 12.04 13:33:07,085|
lab29-1-1: message_number_3898. Sent time: 12.04 13:33:03,351| 12.04 13:33:05,353| ; C In: 12.04 13:33:07,086|
lab29-1-1: message_number_3899. Sent time: 12.04 13:33:03,351| 12.04 13:33:05,354| ; C In: 12.04 13:33:07,086|
lab29-1-1: message_number_3900. Sent time: 12.04 13:33:03,352| 12.04 13:33:05,354| ; C In: 12.04 13:33:07,087|
lab29-1-1: message_number_3901. Sent time: 12.04 13:33:03,352| 12.04 13:33:05,355| ; C In: 12.04 13:33:07,087|
lab29-1-1: message_number_3902. Sent time: 12.04 13:33:03,352| 12.04 13:33:05,355| ; C In: 12.04 13:33:07,088|
lab29-1-1: message_number_3903. Sent time: 12.04 13:33:03,353| 12.04 13:33:05,356| ; C In: 12.04 13:33:07,089|
lab29-1-1: message_number_3904. Sent time: 12.04 13:33:03,353| 12.04 13:33:05,356| ; C In: 12.04 13:33:07,090|
lab29-1-1: message_number_3905. Sent time: 12.04 13:33:03,353| 12.04 13:33:05,356| ; C In: 12.04 13:33:07,090|
lab29-1-1: message_number_3906. Sent time: 12.04 13:33:03,353| 12.04 13:33:05,357| ; C In: 12.04 13:33:07,091|
lab29-1-1: message_number_3907. Sent time: 12.04 13:33:03,354| 12.04 13:33:05,357| ; C In: 12.04 13:33:07,092|
No new messages ; C In: 12.04 13:33:07,092|
..getmessages..Done...
2-clientserver@lab22.cpt.haw-hamburg.de<0.22048.0>-C-1-5: 4029te_Nachricht. C Out: 12.04 13:33:07,093|(4029) gesendet
2-clientserver@lab22.cpt.haw-hamburg.de<0.22048.0>-C-1-5: 4397te_Nachricht. C Out: 12.04 13:33:10,469|(4397) gesendet
2-clientserver@lab22.cpt.haw-hamburg.de<0.22048.0>-C-1-5: 4534te_Nachricht. C Out: 12.04 13:33:13,845|(4534) gesendet
2-clientserver@lab22.cpt.haw-hamburg.de<0.22048.0>-C-1-5: 4634te_Nachricht. C Out: 12.04 13:33:17,221|(4634) gesendet
2-clientserver@lab22.cpt.haw-hamburg.de<0.22048.0>-C-1-5: 4762te_Nachricht. C Out: 12.04 13:33:20,598|(4762) gesendet
4888te_Nachricht um 12.04 13:33:23,974|- vergessen zu senden ******
Neues Sendeintervall: 5 Sekunden
Fehlernachricht fuer Nachrichtennummern 4857 bis 4859 ; C In: 12.04 13:33:29,037|
'clientNode2@lab26.cpt.haw-hamburg.de'-<0.379.0>-C-3-06:4860te Nachricht.C Out:12.04 13:33:24,958| 12.04 13:33:24,959| ; C In: 12.04 13:33:29,038|
Fehlernachricht fuer Nachrichtennummern 4757 bis 4863 ; C In: 12.04 13:33:29,039|
'clientNode@lab26.cpt.haw-hamburg.de'-<0.9103.0>-C-3-06:4864te Nachricht.C Out:12.04 13:33:25,004| 12.04 13:33:25,004| ; C In: 12.04 13:33:29,039|
'clientNode@lab26.cpt.haw-hamburg.de'-<0.9112.0>-C-3-06:4865te Nachricht.C Out:12.04 13:33:25,005| 12.04 13:33:25,005| ; C In: 12.04 13:33:29,040|
Fehlernachricht fuer Nachrichtennummern 4866 bis 4867 ; C In: 12.04 13:33:29,041|
'clientNode@lab26.cpt.haw-hamburg.de'-<0.9109.0>-C-3-06:4868te Nachricht.C Out:12.04 13:33:26,158| 12.04 13:33:26,158| ; C In: 12.04 13:33:29,041|
7-clientserver@lab22.cpt.haw-hamburg.de<0.22054.0>-C-1-5: 4869te_Nachricht. C Out: 12.04 13:33:23,427|(4869) 12.04 13:33:26,428| ; C In: 12.04 13:33:29,042|
[lab28|0304]: 4870te Nachricht. C Out: 12.04 13:33:27,660| 12.04 13:33:27,661| ; C In: 12.04 13:33:29,042|
[lab28|0304]: 4871te Nachricht. C Out: 12.04 13:33:27,660| 12.04 13:33:27,662| ; C In: 12.04 13:33:29,043|
[lab28|0304]: 4872te Nachricht. C Out: 12.04 13:33:27,662| 12.04 13:33:27,663| ; C In: 12.04 13:33:29,044|
[lab28|0304]: 4873te Nachricht. C Out: 12.04 13:33:27,662| 12.04 13:33:27,664| ; C In: 12.04 13:33:29,044|
[lab28|0304]: 4874te Nachricht. C Out: 12.04 13:33:27,663| 12.04 13:33:27,665| ; C In: 12.04 13:33:29,045|
1-clientserver@lab22.cpt.haw-hamburg.de<0.22047.0>-C-1-5: 4875te_Nachricht. C Out: 12.04 13:33:23,767|(4875) 12.04 13:33:27,144| ; C In: 12.04 13:33:29,045|
Fehlernachricht fuer Nachrichtennummern 4876 bis 4876 ; C In: 12.04 13:33:29,046|
[lab28|0304]: 4877te Nachricht. C Out: 12.04 13:33:26,947| 12.04 13:33:26,948| ; C In: 12.04 13:33:29,046|
[lab28|0304]: 4878te Nachricht. C Out: 12.04 13:33:26,948| 12.04 13:33:26,949| ; C In: 12.04 13:33:29,047|
[lab28|0304]: 4879te Nachricht. C Out: 12.04 13:33:26,949| 12.04 13:33:26,950| ; C In: 12.04 13:33:29,047|
[lab28|0304]: 4880te Nachricht. C Out: 12.04 13:33:25,949| 12.04 13:33:25,950| ; C In: 12.04 13:33:29,048|
[lab28|0304]: 4881te Nachricht. C Out: 12.04 13:33:25,950| 12.04 13:33:25,951| ; C In: 12.04 13:33:29,048|
[lab28|0304]: 4882te Nachricht. C Out: 12.04 13:33:25,951| 12.04 13:33:25,952| ; C In: 12.04 13:33:29,049|
[lab28|0304]: 4883te Nachricht. C Out: 12.04 13:33:25,951| 12.04 13:33:25,953| ; C In: 12.04 13:33:29,049|
[lab28|0304]: 4884te Nachricht. C Out: 12.04 13:33:25,951| 12.04 13:33:25,953| ; C In: 12.04 13:33:29,050|
Fehlernachricht fuer Nachrichtennummern 4885 bis 4889 ; C In: 12.04 13:33:29,050|
16-clientserver@lab22.cpt.haw-hamburg.de<0.22063.0>-C-1-5: 4890te_Nachricht. C Out: 12.04 13:33:24,088|(4890) 12.04 13:33:27,089| ; C In: 12.04 13:33:29,051|
6-clientserver@lab22.cpt.haw-hamburg.de<0.22053.0>-C-1-5: 4891te_Nachricht. C Out: 12.04 13:33:24,089|(4891) 12.04 13:33:27,090| ; C In: 12.04 13:33:29,051|
14-clientserver@lab22.cpt.haw-hamburg.de<0.22061.0>-C-1-5: 4892te_Nachricht. C Out: 12.04 13:33:24,093|(4892) 12.04 13:33:27,094| ; C In: 12.04 13:33:29,052|
'clientNode@lab26.cpt.haw-hamburg.de'-<0.9117.0>-C-3-06:4893te Nachricht.C Out:12.04 13:33:26,099| 12.04 13:33:26,099| ; C In: 12.04 13:33:29,052|
Fehlernachricht fuer Nachrichtennummern 4894 bis 4894 ; C In: 12.04 13:33:29,052|
5-clientserver@lab22.cpt.haw-hamburg.de<0.22052.0>-C-1-5: 4895te_Nachricht. C Out: 12.04 13:33:24,187|(4895) 12.04 13:33:26,438| ; C In: 12.04 13:33:29,053|
12-clientserver@lab22.cpt.haw-hamburg.de<0.22059.0>-C-1-5: 4896te_Nachricht. C Out: 12.04 13:33:24,191|(4896) 12.04 13:33:26,442| ; C In: 12.04 13:33:29,053|
4-clientserver@lab22.cpt.haw-hamburg.de<0.22051.0>-C-1-5: 4897te_Nachricht. C Out: 12.04 13:33:24,439|(4897) 12.04 13:33:26,440| ; C In: 12.04 13:33:29,054|
19-clientserver@lab22.cpt.haw-hamburg.de<0.22066.0>-C-1-5: 4898te_Nachricht. C Out: 12.04 13:33:24,457|(4898) 12.04 13:33:26,458| ; C In: 12.04 13:33:29,054|
13-clientserver@lab22.cpt.haw-hamburg.de<0.22060.0>-C-1-5: 4899te_Nachricht. C Out: 12.04 13:33:24,462|(4899) 12.04 13:33:26,463| ; C In: 12.04 13:33:29,055|
[lab28|0304]: 4900te Nachricht. C Out: 12.04 13:33:26,745| 12.04 13:33:26,746| ; C In: 12.04 13:33:29,055|
[lab28|0304]: 4901te Nachricht. C Out: 12.04 13:33:26,745| 12.04 13:33:26,747| ; C In: 12.04 13:33:29,056|
[lab28|0304]: 4902te Nachricht. C Out: 12.04 13:33:26,745| 12.04 13:33:26,747| ; C In: 12.04 13:33:29,056|
9-clientserver@lab22.cpt.haw-hamburg.de<0.22056.0>-C-1-5: 4903te_Nachricht. C Out: 12.04 13:33:24,811|(4903) 12.04 13:33:26,812| ; C In: 12.04 13:33:29,057|
..getmessages..Done...
2-clientserver@lab22.cpt.haw-hamburg.de<0.22048.0>-C-1-5: 5000te_Nachricht. C Out: 12.04 13:33:29,057|(5000) gesendet
2-clientserver@lab22.cpt.haw-hamburg.de<0.22048.0>-C-1-5: 5075te_Nachricht. C Out: 12.04 13:33:34,120|(5075) gesendet
2-clientserver@lab22.cpt.haw-hamburg.de<0.22048.0>-C-1-5: 5145te_Nachricht. C Out: 12.04 13:33:39,184|(5145) gesendet
2-clientserver@lab22.cpt.haw-hamburg.de<0.22048.0>-C-1-5: Lebenszeit um. Wird beendet.
