4-clientserver@lab22.cpt.haw-hamburg.de<0.22051.0>-C-1-5: Start: 12.04 13:31:41,034|.
4-clientserver@lab22.cpt.haw-hamburg.de<0.22051.0>-C-1-5: 615te_Nachricht. C Out: 12.04 13:31:41,034|(615) gesendet
4-clientserver@lab22.cpt.haw-hamburg.de<0.22051.0>-C-1-5: 693te_Nachricht. C Out: 12.04 13:31:44,038|(693) gesendet
4-clientserver@lab22.cpt.haw-hamburg.de<0.22051.0>-C-1-5: 794te_Nachricht. C Out: 12.04 13:31:47,040|(794) gesendet
4-clientserver@lab22.cpt.haw-hamburg.de<0.22051.0>-C-1-5: 1081te_Nachricht. C Out: 12.04 13:31:50,042|(1081) gesendet
4-clientserver@lab22.cpt.haw-hamburg.de<0.22051.0>-C-1-5: 1181te_Nachricht. C Out: 12.04 13:31:53,044|(1181) gesendet
1235te_Nachricht um 12.04 13:31:56,047|- vergessen zu senden ******
Neues Sendeintervall: 2 Sekunden
Fehlernachricht fuer Nachrichtennummern 1157 bis 1166 ; C In: 12.04 13:31:58,049|
'clientNode@lab26.cpt.haw-hamburg.de'-<0.9109.0>-C-3-06:1167te Nachricht.C Out:12.04 13:31:55,890| 12.04 13:31:55,890| ; C In: 12.04 13:31:58,051|
'clientNode@lab26.cpt.haw-hamburg.de'-<0.9123.0>-C-3-06:1168te Nachricht.C Out:12.04 13:31:54,891| 12.04 13:31:54,891| ; C In: 12.04 13:31:58,054|
'clientNode@lab26.cpt.haw-hamburg.de'-<0.9117.0>-C-3-06:1169te Nachricht.C Out:12.04 13:31:54,891| 12.04 13:31:54,892| ; C In: 12.04 13:31:58,059|
'clientNode@lab26.cpt.haw-hamburg.de'-<0.9115.0>-C-3-06:1170te Nachricht.C Out:12.04 13:31:55,892| 12.04 13:31:55,892| ; C In: 12.04 13:31:58,063|
'clientNode@lab26.cpt.haw-hamburg.de'-<0.9106.0>-C-3-06:1171te Nachricht.C Out:12.04 13:31:55,892| 12.04 13:31:55,893| ; C In: 12.04 13:31:58,068|
'clientNode@lab26.cpt.haw-hamburg.de'-<0.9126.0>-C-3-06:1172te Nachricht.C Out:12.04 13:31:54,892| 12.04 13:31:54,893| ; C In: 12.04 13:31:58,072|
'clientNode@lab26.cpt.haw-hamburg.de'-<0.9128.0>-C-3-06:1173te Nachricht.C Out:12.04 13:31:54,892| 12.04 13:31:54,893| ; C In: 12.04 13:31:58,076|
3-clientserver@lab22.cpt.haw-hamburg.de<0.22050.0>-C-1-5: 1174te_Nachricht. C Out: 12.04 13:31:53,041|(1174) 12.04 13:31:56,042| ; C In: 12.04 13:31:58,081|
0-clientserver@lab22.cpt.haw-hamburg.de<0.22046.0>-C-1-5: 1175te_Nachricht. C Out: 12.04 13:31:53,042|(1175) 12.04 13:31:56,043| ; C In: 12.04 13:31:58,085|
1-clientserver@lab22.cpt.haw-hamburg.de<0.22047.0>-C-1-5: 1176te_Nachricht. C Out: 12.04 13:31:53,042|(1176) 12.04 13:31:56,043| ; C In: 12.04 13:31:58,089|
11-clientserver@lab22.cpt.haw-hamburg.de<0.22058.0>-C-1-5: 1177te_Nachricht. C Out: 12.04 13:31:53,042|(1177) 12.04 13:31:56,044| ; C In: 12.04 13:31:58,093|
14-clientserver@lab22.cpt.haw-hamburg.de<0.22061.0>-C-1-5: 1178te_Nachricht. C Out: 12.04 13:31:53,043|(1178) 12.04 13:31:56,044| ; C In: 12.04 13:31:58,097|
16-clientserver@lab22.cpt.haw-hamburg.de<0.22063.0>-C-1-5: 1179te_Nachricht. C Out: 12.04 13:31:53,043|(1179) 12.04 13:31:56,045| ; C In: 12.04 13:31:58,101|
2-clientserver@lab22.cpt.haw-hamburg.de<0.22048.0>-C-1-5: 1180te_Nachricht. C Out: 12.04 13:31:53,043|(1180) 12.04 13:31:56,045| ; C In: 12.04 13:31:58,105|
4-clientserver@lab22.cpt.haw-hamburg.de<0.22051.0>-C-1-5: 1181te_Nachricht. C Out: 12.04 13:31:53,044|(1181) 12.04 13:31:56,046| ; C In: 12.04 13:31:58,111|
17-clientserver@lab22.cpt.haw-hamburg.de<0.22064.0>-C-1-5: 1182te_Nachricht. C Out: 12.04 13:31:53,044|(1182) 12.04 13:31:56,046| ; C In: 12.04 13:31:58,120|
6-clientserver@lab22.cpt.haw-hamburg.de<0.22053.0>-C-1-5: 1183te_Nachricht. C Out: 12.04 13:31:53,045|(1183) 12.04 13:31:56,047| ; C In: 12.04 13:31:58,124|
8-clientserver@lab22.cpt.haw-hamburg.de<0.22055.0>-C-1-5: 1184te_Nachricht. C Out: 12.04 13:31:53,046|(1184) 12.04 13:31:56,047| ; C In: 12.04 13:31:58,128|
5-clientserver@lab22.cpt.haw-hamburg.de<0.22052.0>-C-1-5: 1185te_Nachricht. C Out: 12.04 13:31:53,046|(1185) 12.04 13:31:56,048| ; C In: 12.04 13:31:58,131|
7-clientserver@lab22.cpt.haw-hamburg.de<0.22054.0>-C-1-5: 1186te_Nachricht. C Out: 12.04 13:31:53,046|(1186) 12.04 13:31:56,048| ; C In: 12.04 13:31:58,135|
10-clientserver@lab22.cpt.haw-hamburg.de<0.22057.0>-C-1-5: 1187te_Nachricht. C Out: 12.04 13:31:53,046|(1187) 12.04 13:31:56,048| ; C In: 12.04 13:31:58,139|
9-clientserver@lab22.cpt.haw-hamburg.de<0.22056.0>-C-1-5: 1188te_Nachricht. C Out: 12.04 13:31:53,047|(1188) 12.04 13:31:56,049| ; C In: 12.04 13:31:58,143|
12-clientserver@lab22.cpt.haw-hamburg.de<0.22059.0>-C-1-5: 1189te_Nachricht. C Out: 12.04 13:31:53,047|(1189) 12.04 13:31:56,049| ; C In: 12.04 13:31:58,146|
13-clientserver@lab22.cpt.haw-hamburg.de<0.22060.0>-C-1-5: 1190te_Nachricht. C Out: 12.04 13:31:53,048|(1190) 12.04 13:31:56,050| ; C In: 12.04 13:31:58,150|
18-clientserver@lab22.cpt.haw-hamburg.de<0.22065.0>-C-1-5: 1191te_Nachricht. C Out: 12.04 13:31:53,048|(1191) 12.04 13:31:56,050| ; C In: 12.04 13:31:58,154|
15-clientserver@lab22.cpt.haw-hamburg.de<0.22062.0>-C-1-5: 1192te_Nachricht. C Out: 12.04 13:31:53,048|(1192) 12.04 13:31:56,050| ; C In: 12.04 13:31:58,157|
19-clientserver@lab22.cpt.haw-hamburg.de<0.22066.0>-C-1-5: 1193te_Nachricht. C Out: 12.04 13:31:53,048|(1193) 12.04 13:31:56,051| ; C In: 12.04 13:31:58,161|
'clientNode2@lab26.cpt.haw-hamburg.de'-<0.384.0>-C-3-06:1194te Nachricht.C Out:12.04 13:31:56,730| 12.04 13:31:56,731| ; C In: 12.04 13:31:58,165|
'clientNode2@lab26.cpt.haw-hamburg.de'-<0.379.0>-C-3-06:1195te Nachricht.C Out:12.04 13:31:56,732| 12.04 13:31:56,733| ; C In: 12.04 13:31:58,169|
'clientNode2@lab26.cpt.haw-hamburg.de'-<0.370.0>-C-3-06:1196te Nachricht.C Out:12.04 13:31:56,732| 12.04 13:31:56,733| ; C In: 12.04 13:31:58,173|
'clientNode2@lab26.cpt.haw-hamburg.de'-<0.395.0>-C-3-06:1197te Nachricht.C Out:12.04 13:31:56,733| 12.04 13:31:56,734| ; C In: 12.04 13:31:58,177|
5-profB@lab31.cpt.haw-hamburg.de-<0.13167.0>-KLC: 1198te_Nachricht. C Out: 12.04 13:31:57,814| 12.04 13:31:57,815| ; C In: 12.04 13:31:58,180|
0-profB@lab31.cpt.haw-hamburg.de-<0.13162.0>-KLC: 1199te_Nachricht. C Out: 12.04 13:31:57,814| 12.04 13:31:57,816| ; C In: 12.04 13:31:58,184|
7-profB@lab31.cpt.haw-hamburg.de-<0.13169.0>-KLC: 1200te_Nachricht. C Out: 12.04 13:31:57,815| 12.04 13:31:57,816| ; C In: 12.04 13:31:58,188|
4-profB@lab31.cpt.haw-hamburg.de-<0.13166.0>-KLC: 1201te_Nachricht. C Out: 12.04 13:31:57,815| 12.04 13:31:57,817| ; C In: 12.04 13:31:58,192|
9-profB@lab31.cpt.haw-hamburg.de-<0.13171.0>-KLC: 1202te_Nachricht. C Out: 12.04 13:31:57,816| 12.04 13:31:57,817| ; C In: 12.04 13:31:58,196|
1-profB@lab31.cpt.haw-hamburg.de-<0.13163.0>-KLC: 1203te_Nachricht. C Out: 12.04 13:31:57,816| 12.04 13:31:57,818| ; C In: 12.04 13:31:58,200|
2-profB@lab31.cpt.haw-hamburg.de-<0.13164.0>-KLC: 1204te_Nachricht. C Out: 12.04 13:31:57,817| 12.04 13:31:57,818| ; C In: 12.04 13:31:58,203|
3-profB@lab31.cpt.haw-hamburg.de-<0.13165.0>-KLC: 1205te_Nachricht. C Out: 12.04 13:31:57,817| 12.04 13:31:57,819| ; C In: 12.04 13:31:58,207|
6-profB@lab31.cpt.haw-hamburg.de-<0.13168.0>-KLC: 1206te_Nachricht. C Out: 12.04 13:31:57,818| 12.04 13:31:57,819| ; C In: 12.04 13:31:58,210|
8-profB@lab31.cpt.haw-hamburg.de-<0.13170.0>-KLC: 1207te_Nachricht. C Out: 12.04 13:31:57,818| 12.04 13:31:57,820| ; C In: 12.04 13:31:58,212|
..getmessages..Done...
4-clientserver@lab22.cpt.haw-hamburg.de<0.22051.0>-C-1-5: 1336te_Nachricht. C Out: 12.04 13:31:58,214|(1336) gesendet
4-clientserver@lab22.cpt.haw-hamburg.de<0.22051.0>-C-1-5: 1393te_Nachricht. C Out: 12.04 13:32:00,216|(1393) gesendet
4-clientserver@lab22.cpt.haw-hamburg.de<0.22051.0>-C-1-5: 1478te_Nachricht. C Out: 12.04 13:32:02,218|(1478) gesendet
4-clientserver@lab22.cpt.haw-hamburg.de<0.22051.0>-C-1-5: 1642te_Nachricht. C Out: 12.04 13:32:04,219|(1642) gesendet
4-clientserver@lab22.cpt.haw-hamburg.de<0.22051.0>-C-1-5: 1806te_Nachricht. C Out: 12.04 13:32:06,227|(1806) gesendet
1867te_Nachricht um 12.04 13:32:08,228|- vergessen zu senden ******
Neues Sendeintervall: 3 Sekunden
17-clientserver@lab22.cpt.haw-hamburg.de<0.22064.0>-C-1-5: 1775te_Nachricht. C Out: 12.04 13:32:05,146|(1775) 12.04 13:32:09,647| ; C In: 12.04 13:32:11,230|
8-clientserver@lab22.cpt.haw-hamburg.de<0.22055.0>-C-1-5: 1776te_Nachricht. C Out: 12.04 13:32:05,146|(1776) 12.04 13:32:09,647| ; C In: 12.04 13:32:11,231|
6-clientserver@lab22.cpt.haw-hamburg.de<0.22053.0>-C-1-5: 1777te_Nachricht. C Out: 12.04 13:32:05,147|(1777) 12.04 13:32:09,648| ; C In: 12.04 13:32:11,233|
9-clientserver@lab22.cpt.haw-hamburg.de<0.22056.0>-C-1-5: 1778te_Nachricht. C Out: 12.04 13:32:05,147|(1778) 12.04 13:32:09,649| ; C In: 12.04 13:32:11,234|
Fehlernachricht fuer Nachrichtennummern 1779 bis 1779 ; C In: 12.04 13:32:11,236|
'clientNode2@lab26.cpt.haw-hamburg.de'-<0.384.0>-C-3-06:1780te Nachricht.C Out:12.04 13:32:09,751| 12.04 13:32:09,752| ; C In: 12.04 13:32:11,237|
'clientNode@lab26.cpt.haw-hamburg.de'-<0.9128.0>-C-3-06:1781te Nachricht.C Out:12.04 13:32:08,946| 12.04 13:32:08,946| ; C In: 12.04 13:32:11,239|
Fehlernachricht fuer Nachrichtennummern 1782 bis 1837 ; C In: 12.04 13:32:11,241|
'clientNode2@lab26.cpt.haw-hamburg.de'-<0.387.0>-C-3-06:1838te Nachricht.C Out:12.04 13:32:08,777| 12.04 13:32:08,778| ; C In: 12.04 13:32:11,243|
'clientNode2@lab26.cpt.haw-hamburg.de'-<0.376.0>-C-3-06:1839te Nachricht.C Out:12.04 13:32:08,778| 12.04 13:32:08,779| ; C In: 12.04 13:32:11,245|
'clientNode2@lab26.cpt.haw-hamburg.de'-<0.373.0>-C-3-06:1840te Nachricht.C Out:12.04 13:32:08,778| 12.04 13:32:08,779| ; C In: 12.04 13:32:11,247|
'clientNode2@lab26.cpt.haw-hamburg.de'-<0.395.0>-C-3-06:1841te Nachricht.C Out:12.04 13:32:09,800| 12.04 13:32:09,801| ; C In: 12.04 13:32:11,249|
'clientNode2@lab26.cpt.haw-hamburg.de'-<0.379.0>-C-3-06:1842te Nachricht.C Out:12.04 13:32:08,801| 12.04 13:32:08,802| ; C In: 12.04 13:32:11,251|
'clientNode2@lab26.cpt.haw-hamburg.de'-<0.370.0>-C-3-06:1843te Nachricht.C Out:12.04 13:32:08,802| 12.04 13:32:08,803| ; C In: 12.04 13:32:11,252|
'clientNode@lab26.cpt.haw-hamburg.de'-<0.9123.0>-C-3-06:1844te Nachricht.C Out:12.04 13:32:08,945| 12.04 13:32:08,945| ; C In: 12.04 13:32:11,254|
'clientNode@lab26.cpt.haw-hamburg.de'-<0.9117.0>-C-3-06:1845te Nachricht.C Out:12.04 13:32:08,947| 12.04 13:32:08,947| ; C In: 12.04 13:32:11,256|
'clientNode@lab26.cpt.haw-hamburg.de'-<0.9126.0>-C-3-06:1846te Nachricht.C Out:12.04 13:32:08,947| 12.04 13:32:08,947| ; C In: 12.04 13:32:11,258|
Fehlernachricht fuer Nachrichtennummern 1847 bis 1849 ; C In: 12.04 13:32:11,260|
'clientNode@lab26.cpt.haw-hamburg.de'-<0.9109.0>-C-3-06:1850te Nachricht.C Out:12.04 13:32:09,929| 12.04 13:32:09,929| ; C In: 12.04 13:32:11,261|
Fehlernachricht fuer Nachrichtennummern 1851 bis 1851 ; C In: 12.04 13:32:11,263|
'clientNode@lab26.cpt.haw-hamburg.de'-<0.9106.0>-C-3-06:1852te Nachricht.C Out:12.04 13:32:09,930| 12.04 13:32:09,930| ; C In: 12.04 13:32:11,265|
Fehlernachricht fuer Nachrichtennummern 1853 bis 1875 ; C In: 12.04 13:32:11,267|
lab29-1-1: message_number_1876. Sent time: 12.04 13:32:08,450| 12.04 13:32:10,452| ; C In: 12.04 13:32:11,269|
lab29-1-1: message_number_1877. Sent time: 12.04 13:32:08,451| 12.04 13:32:10,452| ; C In: 12.04 13:32:11,271|
lab29-1-1: message_number_1878. Sent time: 12.04 13:32:08,451| 12.04 13:32:10,453| ; C In: 12.04 13:32:11,273|
lab29-1-1: message_number_1879. Sent time: 12.04 13:32:08,452| 12.04 13:32:10,453| ; C In: 12.04 13:32:11,275|
lab29-1-1: message_number_1880. Sent time: 12.04 13:32:08,452| 12.04 13:32:10,454| ; C In: 12.04 13:32:11,276|
lab29-1-1: message_number_1881. Sent time: 12.04 13:32:08,452| 12.04 13:32:10,454| ; C In: 12.04 13:32:11,278|
lab29-1-1: message_number_1882. Sent time: 12.04 13:32:08,453| 12.04 13:32:10,454| ; C In: 12.04 13:32:11,280|
lab29-1-1: message_number_1883. Sent time: 12.04 13:32:08,453| 12.04 13:32:10,455| ; C In: 12.04 13:32:11,282|
lab29-1-1: message_number_1884. Sent time: 12.04 13:32:08,453| 12.04 13:32:10,455| ; C In: 12.04 13:32:11,284|
lab29-1-1: message_number_1885. Sent time: 12.04 13:32:08,454| 12.04 13:32:10,456| ; C In: 12.04 13:32:11,286|
lab29-1-1: message_number_1886. Sent time: 12.04 13:32:08,454| 12.04 13:32:10,455| ; C In: 12.04 13:32:11,287|
lab29-1-1: message_number_1887. Sent time: 12.04 13:32:08,454| 12.04 13:32:10,457| ; C In: 12.04 13:32:11,289|
lab29-1-1: message_number_1888. Sent time: 12.04 13:32:08,455| 12.04 13:32:10,456| ; C In: 12.04 13:32:11,291|
lab29-1-1: message_number_1889. Sent time: 12.04 13:32:08,456| 12.04 13:32:10,457| ; C In: 12.04 13:32:11,293|
lab29-1-1: message_number_1890. Sent time: 12.04 13:32:08,455| 12.04 13:32:10,457| ; C In: 12.04 13:32:11,295|
lab29-1-1: message_number_1891. Sent time: 12.04 13:32:08,456| 12.04 13:32:10,458| ; C In: 12.04 13:32:11,297|
lab29-1-1: message_number_1892. Sent time: 12.04 13:32:08,456| 12.04 13:32:10,458| ; C In: 12.04 13:32:11,299|
lab29-1-1: message_number_1893. Sent time: 12.04 13:32:08,456| 12.04 13:32:10,458| ; C In: 12.04 13:32:11,301|
lab29-1-1: message_number_1894. Sent time: 12.04 13:32:08,457| 12.04 13:32:10,459| ; C In: 12.04 13:32:11,303|
lab29-1-1: message_number_1895. Sent time: 12.04 13:32:08,457| 12.04 13:32:10,459| ; C In: 12.04 13:32:11,305|
..getmessages..Done...
4-clientserver@lab22.cpt.haw-hamburg.de<0.22051.0>-C-1-5: 1972te_Nachricht. C Out: 12.04 13:32:11,306|(1972) gesendet
4-clientserver@lab22.cpt.haw-hamburg.de<0.22051.0>-C-1-5: 2060te_Nachricht. C Out: 12.04 13:32:14,308|(2060) gesendet
4-clientserver@lab22.cpt.haw-hamburg.de<0.22051.0>-C-1-5: 2174te_Nachricht. C Out: 12.04 13:32:17,310|(2174) gesendet
4-clientserver@lab22.cpt.haw-hamburg.de<0.22051.0>-C-1-5: 2253te_Nachricht. C Out: 12.04 13:32:20,311|(2253) gesendet
4-clientserver@lab22.cpt.haw-hamburg.de<0.22051.0>-C-1-5: 2345te_Nachricht. C Out: 12.04 13:32:23,313|(2345) gesendet
2627te_Nachricht um 12.04 13:32:26,315|- vergessen zu senden ******
Neues Sendeintervall: 2 Sekunden
Fehlernachricht fuer Nachrichtennummern 2329 bis 2330 ; C In: 12.04 13:32:28,316|
'clientNode@lab26.cpt.haw-hamburg.de'-<0.9117.0>-C-3-06:2331te Nachricht.C Out:12.04 13:32:25,009| 12.04 13:32:25,009| ; C In: 12.04 13:32:28,316|
'clientNode@lab26.cpt.haw-hamburg.de'-<0.9126.0>-C-3-06:2332te Nachricht.C Out:12.04 13:32:25,010| 12.04 13:32:25,010| ; C In: 12.04 13:32:28,317|
Fehlernachricht fuer Nachrichtennummern 2333 bis 2339 ; C In: 12.04 13:32:28,318|
10-clientserver@lab22.cpt.haw-hamburg.de<0.22057.0>-C-1-5: 2340te_Nachricht. C Out: 12.04 13:32:23,308|(2340) 12.04 13:32:26,309| ; C In: 12.04 13:32:28,318|
3-clientserver@lab22.cpt.haw-hamburg.de<0.22050.0>-C-1-5: 2341te_Nachricht. C Out: 12.04 13:32:23,311|(2341) 12.04 13:32:26,312| ; C In: 12.04 13:32:28,319|
0-clientserver@lab22.cpt.haw-hamburg.de<0.22046.0>-C-1-5: 2342te_Nachricht. C Out: 12.04 13:32:23,312|(2342) 12.04 13:32:26,313| ; C In: 12.04 13:32:28,319|
1-clientserver@lab22.cpt.haw-hamburg.de<0.22047.0>-C-1-5: 2343te_Nachricht. C Out: 12.04 13:32:23,312|(2343) 12.04 13:32:26,313| ; C In: 12.04 13:32:28,320|
11-clientserver@lab22.cpt.haw-hamburg.de<0.22058.0>-C-1-5: 2344te_Nachricht. C Out: 12.04 13:32:23,312|(2344) 12.04 13:32:26,313| ; C In: 12.04 13:32:28,321|
4-clientserver@lab22.cpt.haw-hamburg.de<0.22051.0>-C-1-5: 2345te_Nachricht. C Out: 12.04 13:32:23,313|(2345) 12.04 13:32:26,314| ; C In: 12.04 13:32:28,321|
7-clientserver@lab22.cpt.haw-hamburg.de<0.22054.0>-C-1-5: 2346te_Nachricht. C Out: 12.04 13:32:23,314|(2346) 12.04 13:32:26,315| ; C In: 12.04 13:32:28,322|
15-clientserver@lab22.cpt.haw-hamburg.de<0.22062.0>-C-1-5: 2347te_Nachricht. C Out: 12.04 13:32:23,314|(2347) 12.04 13:32:26,316| ; C In: 12.04 13:32:28,322|
18-clientserver@lab22.cpt.haw-hamburg.de<0.22065.0>-C-1-5: 2348te_Nachricht. C Out: 12.04 13:32:23,318|(2348) 12.04 13:32:26,320| ; C In: 12.04 13:32:28,323|
'clientNode2@lab26.cpt.haw-hamburg.de'-<0.376.0>-C-3-06:2349te Nachricht.C Out:12.04 13:32:26,809| 12.04 13:32:26,815| ; C In: 12.04 13:32:28,323|
'clientNode2@lab26.cpt.haw-hamburg.de'-<0.395.0>-C-3-06:2350te Nachricht.C Out:12.04 13:32:25,829| 12.04 13:32:25,830| ; C In: 12.04 13:32:28,324|
Fehlernachricht fuer Nachrichtennummern 2293 bis 2401 ; C In: 12.04 13:32:28,325|
'clientNode@lab26.cpt.haw-hamburg.de'-<0.9109.0>-C-3-06:2402te Nachricht.C Out:12.04 13:32:25,975| 12.04 13:32:25,975| ; C In: 12.04 13:32:28,325|
'clientNode@lab26.cpt.haw-hamburg.de'-<0.9106.0>-C-3-06:2403te Nachricht.C Out:12.04 13:32:25,975| 12.04 13:32:25,976| ; C In: 12.04 13:32:28,325|
Fehlernachricht fuer Nachrichtennummern 2404 bis 2463 ; C In: 12.04 13:32:28,326|
5-clientserver@lab22.cpt.haw-hamburg.de<0.22052.0>-C-1-5: 2464te_Nachricht. C Out: 12.04 13:32:24,344|(2464) 12.04 13:32:26,346| ; C In: 12.04 13:32:28,327|
12-clientserver@lab22.cpt.haw-hamburg.de<0.22059.0>-C-1-5: 2465te_Nachricht. C Out: 12.04 13:32:24,350|(2465) 12.04 13:32:26,351| ; C In: 12.04 13:32:28,327|
13-clientserver@lab22.cpt.haw-hamburg.de<0.22060.0>-C-1-5: 2466te_Nachricht. C Out: 12.04 13:32:24,351|(2466) 12.04 13:32:26,351| ; C In: 12.04 13:32:28,328|
19-clientserver@lab22.cpt.haw-hamburg.de<0.22066.0>-C-1-5: 2467te_Nachricht. C Out: 12.04 13:32:24,351|(2467) 12.04 13:32:26,352| ; C In: 12.04 13:32:28,328|
Fehlernachricht fuer Nachrichtennummern 2468 bis 2517 ; C In: 12.04 13:32:28,329|
lab29-1-1: message_number_2518. Sent time: 12.04 13:32:24,609| 12.04 13:32:26,610| ; C In: 12.04 13:32:28,330|
lab29-1-1: message_number_2519. Sent time: 12.04 13:32:24,609| 12.04 13:32:26,611| ; C In: 12.04 13:32:28,330|
Fehlernachricht fuer Nachrichtennummern 2352 bis 2520 ; C In: 12.04 13:32:28,331|
lab29-1-1: message_number_2521. Sent time: 12.04 13:32:24,610| 12.04 13:32:26,612| ; C In: 12.04 13:32:28,331|
Fehlernachricht fuer Nachrichtennummern 2522 bis 2523 ; C In: 12.04 13:32:28,332|
lab29-1-1: message_number_2524. Sent time: 12.04 13:32:24,611| 12.04 13:32:26,612| ; C In: 12.04 13:32:28,333|
lab29-1-1: message_number_2525. Sent time: 12.04 13:32:24,611| 12.04 13:32:26,613| ; C In: 12.04 13:32:28,333|
lab29-1-1: message_number_2526. Sent time: 12.04 13:32:24,613| 12.04 13:32:26,615| ; C In: 12.04 13:32:28,334|
lab29-1-1: message_number_2527. Sent time: 12.04 13:32:24,613| 12.04 13:32:26,616| ; C In: 12.04 13:32:28,334|
lab29-1-1: message_number_2528. Sent time: 12.04 13:32:24,614| 12.04 13:32:26,617| ; C In: 12.04 13:32:28,335|
lab29-1-1: message_number_2529. Sent time: 12.04 13:32:24,615| 12.04 13:32:26,618| ; C In: 12.04 13:32:28,335|
lab29-1-1: message_number_2530. Sent time: 12.04 13:32:24,615| 12.04 13:32:26,619| ; C In: 12.04 13:32:28,336|
..getmessages..Done...
4-clientserver@lab22.cpt.haw-hamburg.de<0.22051.0>-C-1-5: 2695te_Nachricht. C Out: 12.04 13:32:28,337|(2695) gesendet
4-clientserver@lab22.cpt.haw-hamburg.de<0.22051.0>-C-1-5: 2730te_Nachricht. C Out: 12.04 13:32:30,338|(2730) gesendet
4-clientserver@lab22.cpt.haw-hamburg.de<0.22051.0>-C-1-5: 2795te_Nachricht. C Out: 12.04 13:32:32,339|(2795) gesendet
4-clientserver@lab22.cpt.haw-hamburg.de<0.22051.0>-C-1-5: 2820te_Nachricht. C Out: 12.04 13:32:34,340|(2820) gesendet
4-clientserver@lab22.cpt.haw-hamburg.de<0.22051.0>-C-1-5: 2881te_Nachricht. C Out: 12.04 13:32:36,343|(2881) gesendet
2918te_Nachricht um 12.04 13:32:38,345|- vergessen zu senden ******
Neues Sendeintervall: 3 Sekunden
4-clientserver@lab22.cpt.haw-hamburg.de<0.22051.0>-C-1-5: 2820te_Nachricht. C Out: 12.04 13:32:34,340|(2820) 12.04 13:32:36,343| ; C In: 12.04 13:32:41,347|
7-clientserver@lab22.cpt.haw-hamburg.de<0.22054.0>-C-1-5: 2821te_Nachricht. C Out: 12.04 13:32:34,341|(2821) 12.04 13:32:36,343| ; C In: 12.04 13:32:41,347|
19-clientserver@lab22.cpt.haw-hamburg.de<0.22066.0>-C-1-5: 2822te_Nachricht. C Out: 12.04 13:32:34,363|(2822) 12.04 13:32:36,365| ; C In: 12.04 13:32:41,348|
14-clientserver@lab22.cpt.haw-hamburg.de<0.22061.0>-C-1-5: 2823te_Nachricht. C Out: 12.04 13:32:34,449|(2823) 12.04 13:32:36,701| ; C In: 12.04 13:32:41,348|
16-clientserver@lab22.cpt.haw-hamburg.de<0.22063.0>-C-1-5: 2824te_Nachricht. C Out: 12.04 13:32:34,450|(2824) 12.04 13:32:36,701| ; C In: 12.04 13:32:41,349|
6-clientserver@lab22.cpt.haw-hamburg.de<0.22053.0>-C-1-5: 2825te_Nachricht. C Out: 12.04 13:32:34,450|(2825) 12.04 13:32:36,702| ; C In: 12.04 13:32:41,349|
9-clientserver@lab22.cpt.haw-hamburg.de<0.22056.0>-C-1-5: 2826te_Nachricht. C Out: 12.04 13:32:34,451|(2826) 12.04 13:32:36,702| ; C In: 12.04 13:32:41,350|
lab29-1-1: message_number_2827. Sent time: 12.04 13:32:34,838| 12.04 13:32:38,840| ; C In: 12.04 13:32:41,350|
lab29-1-1: message_number_2828. Sent time: 12.04 13:32:34,838| 12.04 13:32:38,840| ; C In: 12.04 13:32:41,351|
lab29-1-1: message_number_2829. Sent time: 12.04 13:32:34,839| 12.04 13:32:38,841| ; C In: 12.04 13:32:41,351|
lab29-1-1: message_number_2830. Sent time: 12.04 13:32:34,840| 12.04 13:32:38,841| ; C In: 12.04 13:32:41,351|
lab29-1-1: message_number_2831. Sent time: 12.04 13:32:34,840| 12.04 13:32:38,842| ; C In: 12.04 13:32:41,352|
lab29-1-1: message_number_2832. Sent time: 12.04 13:32:34,842| 12.04 13:32:38,844| ; C In: 12.04 13:32:41,352|
lab29-1-1: message_number_2833. Sent time: 12.04 13:32:34,843| 12.04 13:32:38,845| ; C In: 12.04 13:32:41,353|
lab29-1-1: message_number_2834. Sent time: 12.04 13:32:34,844| 12.04 13:32:38,846| ; C In: 12.04 13:32:41,353|
lab29-1-1: message_number_2835. Sent time: 12.04 13:32:34,845| 12.04 13:32:38,846| ; C In: 12.04 13:32:41,354|
lab29-1-1: message_number_2836. Sent time: 12.04 13:32:34,845| 12.04 13:32:38,846| ; C In: 12.04 13:32:41,354|
lab29-1-1: message_number_2837. Sent time: 12.04 13:32:34,846| 12.04 13:32:38,848| ; C In: 12.04 13:32:41,355|
lab29-1-1: message_number_2838. Sent time: 12.04 13:32:34,847| 12.04 13:32:38,848| ; C In: 12.04 13:32:41,355|
lab29-1-1: message_number_2839. Sent time: 12.04 13:32:34,847| 12.04 13:32:38,849| ; C In: 12.04 13:32:41,356|
lab29-1-1: message_number_2840. Sent time: 12.04 13:32:34,847| 12.04 13:32:38,849| ; C In: 12.04 13:32:41,356|
lab29-1-1: message_number_2841. Sent time: 12.04 13:32:34,848| 12.04 13:32:38,850| ; C In: 12.04 13:32:41,357|
lab29-1-1: message_number_2842. Sent time: 12.04 13:32:34,848| 12.04 13:32:38,850| ; C In: 12.04 13:32:41,357|
lab29-1-1: message_number_2843. Sent time: 12.04 13:32:34,849| 12.04 13:32:38,850| ; C In: 12.04 13:32:41,358|
lab29-1-1: message_number_2844. Sent time: 12.04 13:32:34,849| 12.04 13:32:38,850| ; C In: 12.04 13:32:41,358|
lab29-1-1: message_number_2845. Sent time: 12.04 13:32:34,849| 12.04 13:32:38,851| ; C In: 12.04 13:32:41,359|
lab29-1-1: message_number_2846. Sent time: 12.04 13:32:34,850| 12.04 13:32:38,851| ; C In: 12.04 13:32:41,359|
'clientNode2@lab26.cpt.haw-hamburg.de'-<0.395.0>-C-3-06:2847te Nachricht.C Out:12.04 13:32:37,850| 12.04 13:32:37,851| ; C In: 12.04 13:32:41,359|
'clientNode@lab26.cpt.haw-hamburg.de'-<0.9126.0>-C-3-06:2848te Nachricht.C Out:12.04 13:32:37,045| 12.04 13:32:37,045| ; C In: 12.04 13:32:41,360|
10-clientserver@lab22.cpt.haw-hamburg.de<0.22057.0>-C-1-5: 2849te_Nachricht. C Out: 12.04 13:32:35,315|(2849) 12.04 13:32:38,318| ; C In: 12.04 13:32:41,360|
18-clientserver@lab22.cpt.haw-hamburg.de<0.22065.0>-C-1-5: 2850te_Nachricht. C Out: 12.04 13:32:35,324|(2850) 12.04 13:32:38,326| ; C In: 12.04 13:32:41,361|
3-clientserver@lab22.cpt.haw-hamburg.de<0.22050.0>-C-1-5: 2851te_Nachricht. C Out: 12.04 13:32:35,326|(2851) 12.04 13:32:39,827| ; C In: 12.04 13:32:41,361|
0-clientserver@lab22.cpt.haw-hamburg.de<0.22046.0>-C-1-5: 2852te_Nachricht. C Out: 12.04 13:32:35,328|(2852) 12.04 13:32:39,829| ; C In: 12.04 13:32:41,362|
1-clientserver@lab22.cpt.haw-hamburg.de<0.22047.0>-C-1-5: 2853te_Nachricht. C Out: 12.04 13:32:35,329|(2853) 12.04 13:32:39,830| ; C In: 12.04 13:32:41,362|
11-clientserver@lab22.cpt.haw-hamburg.de<0.22058.0>-C-1-5: 2854te_Nachricht. C Out: 12.04 13:32:35,330|(2854) 12.04 13:32:39,831| ; C In: 12.04 13:32:41,363|
15-clientserver@lab22.cpt.haw-hamburg.de<0.22062.0>-C-1-5: 2855te_Nachricht. C Out: 12.04 13:32:35,330|(2855) 12.04 13:32:39,831| ; C In: 12.04 13:32:41,363|
5-clientserver@lab22.cpt.haw-hamburg.de<0.22052.0>-C-1-5: 2856te_Nachricht. C Out: 12.04 13:32:35,385|(2856) 12.04 13:32:38,387| ; C In: 12.04 13:32:41,364|
12-clientserver@lab22.cpt.haw-hamburg.de<0.22059.0>-C-1-5: 2857te_Nachricht. C Out: 12.04 13:32:35,392|(2857) 12.04 13:32:38,393| ; C In: 12.04 13:32:41,364|
13-clientserver@lab22.cpt.haw-hamburg.de<0.22060.0>-C-1-5: 2858te_Nachricht. C Out: 12.04 13:32:35,392|(2858) 12.04 13:32:38,393| ; C In: 12.04 13:32:41,364|
No new messages ; C In: 12.04 13:32:41,365|
..getmessages..Done...
4-clientserver@lab22.cpt.haw-hamburg.de<0.22051.0>-C-1-5: 2977te_Nachricht. C Out: 12.04 13:32:41,365|(2977) gesendet
4-clientserver@lab22.cpt.haw-hamburg.de<0.22051.0>-C-1-5: 3059te_Nachricht. C Out: 12.04 13:32:44,367|(3059) gesendet
4-clientserver@lab22.cpt.haw-hamburg.de<0.22051.0>-C-1-5: 3134te_Nachricht. C Out: 12.04 13:32:47,368|(3134) gesendet
4-clientserver@lab22.cpt.haw-hamburg.de<0.22051.0>-C-1-5: 3217te_Nachricht. C Out: 12.04 13:32:50,369|(3217) gesendet
4-clientserver@lab22.cpt.haw-hamburg.de<0.22051.0>-C-1-5: 3324te_Nachricht. C Out: 12.04 13:32:53,370|(3324) gesendet
3617te_Nachricht um 12.04 13:32:56,371|- vergessen zu senden ******
Neues Sendeintervall: 2 Sekunden
'clientNode@lab26.cpt.haw-hamburg.de'-<0.9128.0>-C-3-06:3381te Nachricht.C Out:12.04 13:32:57,030| 12.04 13:32:57,030| ; C In: 12.04 13:32:58,372|
'clientNode@lab26.cpt.haw-hamburg.de'-<0.9123.0>-C-3-06:3382te Nachricht.C Out:12.04 13:32:57,075| 12.04 13:32:57,075| ; C In: 12.04 13:32:58,372|
Fehlernachricht fuer Nachrichtennummern 3383 bis 3422 ; C In: 12.04 13:32:58,373|
7-profB@lab31.cpt.haw-hamburg.de-<0.13169.0>-KLC: 3423te_Nachricht. C Out: 12.04 13:32:57,082| 12.04 13:32:57,083| ; C In: 12.04 13:32:58,373|
5-profB@lab31.cpt.haw-hamburg.de-<0.13167.0>-KLC: 3424te_Nachricht. C Out: 12.04 13:32:57,082| 12.04 13:32:57,083| ; C In: 12.04 13:32:58,374|
2-profB@lab31.cpt.haw-hamburg.de-<0.13164.0>-KLC: 3425te_Nachricht. C Out: 12.04 13:32:57,082| 12.04 13:32:57,083| ; C In: 12.04 13:32:58,374|
0-profB@lab31.cpt.haw-hamburg.de-<0.13162.0>-KLC: 3426te_Nachricht. C Out: 12.04 13:32:57,082| 12.04 13:32:57,084| ; C In: 12.04 13:32:58,375|
Fehlernachricht fuer Nachrichtennummern 3427 bis 3428 ; C In: 12.04 13:32:58,375|
9-profB@lab31.cpt.haw-hamburg.de-<0.13171.0>-KLC: 3429te_Nachricht. C Out: 12.04 13:32:57,082| 12.04 13:32:57,084| ; C In: 12.04 13:32:58,376|
Fehlernachricht fuer Nachrichtennummern 3430 bis 3432 ; C In: 12.04 13:32:58,376|
6-profB@lab31.cpt.haw-hamburg.de-<0.13168.0>-KLC: 3433te_Nachricht. C Out: 12.04 13:32:57,082| 12.04 13:32:57,084| ; C In: 12.04 13:32:58,377|
Fehlernachricht fuer Nachrichtennummern 3434 bis 3438 ; C In: 12.04 13:32:58,377|
4-profB@lab31.cpt.haw-hamburg.de-<0.13166.0>-KLC: 3439te_Nachricht. C Out: 12.04 13:32:57,083| 12.04 13:32:57,085| ; C In: 12.04 13:32:58,377|
1-profB@lab31.cpt.haw-hamburg.de-<0.13163.0>-KLC: 3440te_Nachricht. C Out: 12.04 13:32:57,083| 12.04 13:32:57,085| ; C In: 12.04 13:32:58,378|
3-profB@lab31.cpt.haw-hamburg.de-<0.13165.0>-KLC: 3441te_Nachricht. C Out: 12.04 13:32:57,083| 12.04 13:32:57,085| ; C In: 12.04 13:32:58,378|
8-profB@lab31.cpt.haw-hamburg.de-<0.13170.0>-KLC: 3442te_Nachricht. C Out: 12.04 13:32:57,083| 12.04 13:32:57,086| ; C In: 12.04 13:32:58,379|
7-clientserver@lab22.cpt.haw-hamburg.de<0.22054.0>-C-1-5: 3443te_Nachricht. C Out: 12.04 13:32:54,382|(3443) 12.04 13:32:56,384| ; C In: 12.04 13:32:58,379|
19-clientserver@lab22.cpt.haw-hamburg.de<0.22066.0>-C-1-5: 3444te_Nachricht. C Out: 12.04 13:32:54,391|(3444) 12.04 13:32:56,392| ; C In: 12.04 13:32:58,379|
13-clientserver@lab22.cpt.haw-hamburg.de<0.22060.0>-C-1-5: 3445te_Nachricht. C Out: 12.04 13:32:54,412|(3445) 12.04 13:32:56,413| ; C In: 12.04 13:32:58,380|
Fehlernachricht fuer Nachrichtennummern 3446 bis 3516 ; C In: 12.04 13:32:58,380|
3-profA@lab31.cpt.haw-hamburg.de-<0.11489.0>-KLC: 3517te_Nachricht. C Out: 12.04 13:32:57,740| 12.04 13:32:57,740| ; C In: 12.04 13:32:58,380|
Fehlernachricht fuer Nachrichtennummern 3518 bis 3523 ; C In: 12.04 13:32:58,381|
5-profA@lab31.cpt.haw-hamburg.de-<0.11491.0>-KLC: 3524te_Nachricht. C Out: 12.04 13:32:57,740| 12.04 13:32:57,741| ; C In: 12.04 13:32:58,381|
Fehlernachricht fuer Nachrichtennummern 3525 bis 3529 ; C In: 12.04 13:32:58,382|
8-profA@lab31.cpt.haw-hamburg.de-<0.11494.0>-KLC: 3530te_Nachricht. C Out: 12.04 13:32:57,740| 12.04 13:32:57,741| ; C In: 12.04 13:32:58,382|
1-profA@lab31.cpt.haw-hamburg.de-<0.11487.0>-KLC: 3531te_Nachricht. C Out: 12.04 13:32:57,740| 12.04 13:32:57,742| ; C In: 12.04 13:32:58,382|
Fehlernachricht fuer Nachrichtennummern 3532 bis 3537 ; C In: 12.04 13:32:58,383|
0-profA@lab31.cpt.haw-hamburg.de-<0.11486.0>-KLC: 3538te_Nachricht. C Out: 12.04 13:32:57,741| 12.04 13:32:57,742| ; C In: 12.04 13:32:58,383|
Fehlernachricht fuer Nachrichtennummern 3539 bis 3548 ; C In: 12.04 13:32:58,384|
7-profA@lab31.cpt.haw-hamburg.de-<0.11493.0>-KLC: 3549te_Nachricht. C Out: 12.04 13:32:57,741| 12.04 13:32:57,742| ; C In: 12.04 13:32:58,384|
6-profA@lab31.cpt.haw-hamburg.de-<0.11492.0>-KLC: 3550te_Nachricht. C Out: 12.04 13:32:57,741| 12.04 13:32:57,743| ; C In: 12.04 13:32:58,384|
Fehlernachricht fuer Nachrichtennummern 3551 bis 3552 ; C In: 12.04 13:32:58,385|
4-profA@lab31.cpt.haw-hamburg.de-<0.11490.0>-KLC: 3553te_Nachricht. C Out: 12.04 13:32:57,742| 12.04 13:32:57,743| ; C In: 12.04 13:32:58,386|
9-profA@lab31.cpt.haw-hamburg.de-<0.11495.0>-KLC: 3554te_Nachricht. C Out: 12.04 13:32:57,742| 12.04 13:32:57,743| ; C In: 12.04 13:32:58,386|
2-profA@lab31.cpt.haw-hamburg.de-<0.11488.0>-KLC: 3555te_Nachricht. C Out: 12.04 13:32:57,742| 12.04 13:32:57,744| ; C In: 12.04 13:32:58,386|
9-clientserver@lab22.cpt.haw-hamburg.de<0.22056.0>-C-1-5: 3556te_Nachricht. C Out: 12.04 13:32:54,755|(3556) 12.04 13:32:56,757| ; C In: 12.04 13:32:58,387|
'clientNode2@lab26.cpt.haw-hamburg.de'-<0.387.0>-C-3-06:3557te Nachricht.C Out:12.04 13:32:56,852| 12.04 13:32:56,853| ; C In: 12.04 13:32:58,387|
'clientNode2@lab26.cpt.haw-hamburg.de'-<0.373.0>-C-3-06:3558te Nachricht.C Out:12.04 13:32:56,852| 12.04 13:32:56,853| ; C In: 12.04 13:32:58,387|
'clientNode2@lab26.cpt.haw-hamburg.de'-<0.376.0>-C-3-06:3559te Nachricht.C Out:12.04 13:32:57,868| 12.04 13:32:57,869| ; C In: 12.04 13:32:58,388|
'clientNode2@lab26.cpt.haw-hamburg.de'-<0.395.0>-C-3-06:3560te Nachricht.C Out:12.04 13:32:56,906| 12.04 13:32:56,907| ; C In: 12.04 13:32:58,388|
No new messages ; C In: 12.04 13:32:58,389|
..getmessages..Done...
4-clientserver@lab22.cpt.haw-hamburg.de<0.22051.0>-C-1-5: 3706te_Nachricht. C Out: 12.04 13:32:58,389|(3706) gesendet
4-clientserver@lab22.cpt.haw-hamburg.de<0.22051.0>-C-1-5: 3783te_Nachricht. C Out: 12.04 13:33:00,390|(3783) gesendet
4-clientserver@lab22.cpt.haw-hamburg.de<0.22051.0>-C-1-5: 3862te_Nachricht. C Out: 12.04 13:33:02,391|(3862) gesendet
4-clientserver@lab22.cpt.haw-hamburg.de<0.22051.0>-C-1-5: 3930te_Nachricht. C Out: 12.04 13:33:04,392|(3930) gesendet
4-clientserver@lab22.cpt.haw-hamburg.de<0.22051.0>-C-1-5: 4003te_Nachricht. C Out: 12.04 13:33:06,394|(4003) gesendet
4123te_Nachricht um 12.04 13:33:08,395|- vergessen zu senden ******
Neues Sendeintervall: 2 Sekunden
5-profB@lab31.cpt.haw-hamburg.de-<0.13167.0>-KLC: 3994te_Nachricht. C Out: 12.04 13:33:09,093| 12.04 13:33:09,094| ; C In: 12.04 13:33:10,396|
2-profB@lab31.cpt.haw-hamburg.de-<0.13164.0>-KLC: 3995te_Nachricht. C Out: 12.04 13:33:09,093| 12.04 13:33:09,094| ; C In: 12.04 13:33:10,396|
0-profB@lab31.cpt.haw-hamburg.de-<0.13162.0>-KLC: 3996te_Nachricht. C Out: 12.04 13:33:09,093| 12.04 13:33:09,094| ; C In: 12.04 13:33:10,397|
9-profB@lab31.cpt.haw-hamburg.de-<0.13171.0>-KLC: 3997te_Nachricht. C Out: 12.04 13:33:09,093| 12.04 13:33:09,095| ; C In: 12.04 13:33:10,397|
6-profB@lab31.cpt.haw-hamburg.de-<0.13168.0>-KLC: 3998te_Nachricht. C Out: 12.04 13:33:09,094| 12.04 13:33:09,095| ; C In: 12.04 13:33:10,398|
4-profB@lab31.cpt.haw-hamburg.de-<0.13166.0>-KLC: 3999te_Nachricht. C Out: 12.04 13:33:09,094| 12.04 13:33:09,095| ; C In: 12.04 13:33:10,398|
1-profB@lab31.cpt.haw-hamburg.de-<0.13163.0>-KLC: 4000te_Nachricht. C Out: 12.04 13:33:09,095| 12.04 13:33:09,096| ; C In: 12.04 13:33:10,398|
3-profB@lab31.cpt.haw-hamburg.de-<0.13165.0>-KLC: 4001te_Nachricht. C Out: 12.04 13:33:09,095| 12.04 13:33:09,096| ; C In: 12.04 13:33:10,399|
8-profB@lab31.cpt.haw-hamburg.de-<0.13170.0>-KLC: 4002te_Nachricht. C Out: 12.04 13:33:09,095| 12.04 13:33:09,096| ; C In: 12.04 13:33:10,399|
4-clientserver@lab22.cpt.haw-hamburg.de<0.22051.0>-C-1-5: 4003te_Nachricht. C Out: 12.04 13:33:06,394|(4003) 12.04 13:33:08,395| ; C In: 12.04 13:33:10,400|
7-clientserver@lab22.cpt.haw-hamburg.de<0.22054.0>-C-1-5: 4004te_Nachricht. C Out: 12.04 13:33:06,407|(4004) 12.04 13:33:08,409| ; C In: 12.04 13:33:10,400|
19-clientserver@lab22.cpt.haw-hamburg.de<0.22066.0>-C-1-5: 4005te_Nachricht. C Out: 12.04 13:33:06,411|(4005) 12.04 13:33:08,412| ; C In: 12.04 13:33:10,400|
Fehlernachricht fuer Nachrichtennummern 4006 bis 4022 ; C In: 12.04 13:33:10,401|
'clientNode2@lab26.cpt.haw-hamburg.de'-<0.373.0>-C-3-06:4023te Nachricht.C Out:12.04 13:33:08,891| 12.04 13:33:08,892| ; C In: 12.04 13:33:10,401|
Fehlernachricht fuer Nachrichtennummern 4024 bis 4025 ; C In: 12.04 13:33:10,402|
14-clientserver@lab22.cpt.haw-hamburg.de<0.22061.0>-C-1-5: 4026te_Nachricht. C Out: 12.04 13:33:07,054|(4026) 12.04 13:33:09,056| ; C In: 12.04 13:33:10,402|
16-clientserver@lab22.cpt.haw-hamburg.de<0.22063.0>-C-1-5: 4027te_Nachricht. C Out: 12.04 13:33:07,055|(4027) 12.04 13:33:09,056| ; C In: 12.04 13:33:10,402|
6-clientserver@lab22.cpt.haw-hamburg.de<0.22053.0>-C-1-5: 4028te_Nachricht. C Out: 12.04 13:33:07,056|(4028) 12.04 13:33:09,056| ; C In: 12.04 13:33:10,403|
Fehlernachricht fuer Nachrichtennummern 4029 bis 4030 ; C In: 12.04 13:33:10,403|
'clientNode@lab26.cpt.haw-hamburg.de'-<0.9123.0>-C-3-06:4031te Nachricht.C Out:12.04 13:33:09,107| 12.04 13:33:09,110| ; C In: 12.04 13:33:10,404|
'clientNode@lab26.cpt.haw-hamburg.de'-<0.9109.0>-C-3-06:4032te Nachricht.C Out:12.04 13:33:09,117| 12.04 13:33:09,120| ; C In: 12.04 13:33:10,404|
Fehlernachricht fuer Nachrichtennummern 4033 bis 4072 ; C In: 12.04 13:33:10,404|
lab29-1-1: message_number_4073. Sent time: 12.04 13:33:07,647| 12.04 13:33:09,648| ; C In: 12.04 13:33:10,405|
lab29-1-1: message_number_4074. Sent time: 12.04 13:33:07,647| 12.04 13:33:09,649| ; C In: 12.04 13:33:10,405|
lab29-1-1: message_number_4075. Sent time: 12.04 13:33:07,648| 12.04 13:33:09,649| ; C In: 12.04 13:33:10,406|
lab29-1-1: message_number_4076. Sent time: 12.04 13:33:07,648| 12.04 13:33:09,649| ; C In: 12.04 13:33:10,406|
lab29-1-1: message_number_4077. Sent time: 12.04 13:33:07,648| 12.04 13:33:09,650| ; C In: 12.04 13:33:10,406|
lab29-1-1: message_number_4078. Sent time: 12.04 13:33:07,649| 12.04 13:33:09,650| ; C In: 12.04 13:33:10,407|
lab29-1-1: message_number_4079. Sent time: 12.04 13:33:07,649| 12.04 13:33:09,651| ; C In: 12.04 13:33:10,407|
lab29-1-1: message_number_4080. Sent time: 12.04 13:33:07,649| 12.04 13:33:09,652| ; C In: 12.04 13:33:10,408|
lab29-1-1: message_number_4081. Sent time: 12.04 13:33:07,649| 12.04 13:33:09,651| ; C In: 12.04 13:33:10,408|
lab29-1-1: message_number_4082. Sent time: 12.04 13:33:07,650| 12.04 13:33:09,652| ; C In: 12.04 13:33:10,409|
lab29-1-1: message_number_4083. Sent time: 12.04 13:33:07,650| 12.04 13:33:09,651| ; C In: 12.04 13:33:10,409|
lab29-1-1: message_number_4084. Sent time: 12.04 13:33:07,650| 12.04 13:33:09,652| ; C In: 12.04 13:33:10,409|
lab29-1-1: message_number_4085. Sent time: 12.04 13:33:07,650| 12.04 13:33:09,652| ; C In: 12.04 13:33:10,410|
lab29-1-1: message_number_4086. Sent time: 12.04 13:33:07,651| 12.04 13:33:09,653| ; C In: 12.04 13:33:10,411|
lab29-1-1: message_number_4087. Sent time: 12.04 13:33:07,651| 12.04 13:33:09,653| ; C In: 12.04 13:33:10,411|
lab29-1-1: message_number_4088. Sent time: 12.04 13:33:07,651| 12.04 13:33:09,653| ; C In: 12.04 13:33:10,411|
lab29-1-1: message_number_4089. Sent time: 12.04 13:33:07,651| 12.04 13:33:09,654| ; C In: 12.04 13:33:10,412|
lab29-1-1: message_number_4090. Sent time: 12.04 13:33:07,651| 12.04 13:33:09,654| ; C In: 12.04 13:33:10,412|
lab29-1-1: message_number_4091. Sent time: 12.04 13:33:07,652| 12.04 13:33:09,654| ; C In: 12.04 13:33:10,413|
lab29-1-1: message_number_4092. Sent time: 12.04 13:33:07,652| 12.04 13:33:09,655| ; C In: 12.04 13:33:10,413|
..getmessages..Done...
4-clientserver@lab22.cpt.haw-hamburg.de<0.22051.0>-C-1-5: 4395te_Nachricht. C Out: 12.04 13:33:10,414|(4395) gesendet
4-clientserver@lab22.cpt.haw-hamburg.de<0.22051.0>-C-1-5: 4458te_Nachricht. C Out: 12.04 13:33:12,415|(4458) gesendet
4-clientserver@lab22.cpt.haw-hamburg.de<0.22051.0>-C-1-5: 4550te_Nachricht. C Out: 12.04 13:33:14,416|(4550) gesendet
4-clientserver@lab22.cpt.haw-hamburg.de<0.22051.0>-C-1-5: 4606te_Nachricht. C Out: 12.04 13:33:16,417|(4606) gesendet
4-clientserver@lab22.cpt.haw-hamburg.de<0.22051.0>-C-1-5: 4717te_Nachricht. C Out: 12.04 13:33:18,419|(4717) gesendet
4758te_Nachricht um 12.04 13:33:20,420|- vergessen zu senden ******
Neues Sendeintervall: 2 Sekunden
1-profA@lab31.cpt.haw-hamburg.de-<0.11487.0>-KLC: 4672te_Nachricht. C Out: 12.04 13:33:21,873| 12.04 13:33:21,874| ; C In: 12.04 13:33:22,421|
0-profA@lab31.cpt.haw-hamburg.de-<0.11486.0>-KLC: 4673te_Nachricht. C Out: 12.04 13:33:21,874| 12.04 13:33:21,875| ; C In: 12.04 13:33:22,421|
7-profA@lab31.cpt.haw-hamburg.de-<0.11493.0>-KLC: 4674te_Nachricht. C Out: 12.04 13:33:21,874| 12.04 13:33:21,875| ; C In: 12.04 13:33:22,422|
6-profA@lab31.cpt.haw-hamburg.de-<0.11492.0>-KLC: 4675te_Nachricht. C Out: 12.04 13:33:21,874| 12.04 13:33:21,875| ; C In: 12.04 13:33:22,422|
4-profA@lab31.cpt.haw-hamburg.de-<0.11490.0>-KLC: 4676te_Nachricht. C Out: 12.04 13:33:21,875| 12.04 13:33:21,876| ; C In: 12.04 13:33:22,423|
9-profA@lab31.cpt.haw-hamburg.de-<0.11495.0>-KLC: 4677te_Nachricht. C Out: 12.04 13:33:21,876| 12.04 13:33:21,876| ; C In: 12.04 13:33:22,423|
2-profA@lab31.cpt.haw-hamburg.de-<0.11488.0>-KLC: 4678te_Nachricht. C Out: 12.04 13:33:21,876| 12.04 13:33:21,877| ; C In: 12.04 13:33:22,423|
lab29-1-1: message_number_4679. Sent time: 12.04 13:33:17,877| 12.04 13:33:21,879| ; C In: 12.04 13:33:22,424|
lab29-1-1: message_number_4680. Sent time: 12.04 13:33:17,877| 12.04 13:33:21,879| ; C In: 12.04 13:33:22,424|
lab29-1-1: message_number_4681. Sent time: 12.04 13:33:17,878| 12.04 13:33:21,879| ; C In: 12.04 13:33:22,425|
lab29-1-1: message_number_4682. Sent time: 12.04 13:33:17,878| 12.04 13:33:21,880| ; C In: 12.04 13:33:22,425|
lab29-1-1: message_number_4683. Sent time: 12.04 13:33:17,878| 12.04 13:33:21,880| ; C In: 12.04 13:33:22,426|
lab29-1-1: message_number_4684. Sent time: 12.04 13:33:17,878| 12.04 13:33:21,880| ; C In: 12.04 13:33:22,426|
lab29-1-1: message_number_4685. Sent time: 12.04 13:33:17,879| 12.04 13:33:21,880| ; C In: 12.04 13:33:22,426|
lab29-1-1: message_number_4686. Sent time: 12.04 13:33:17,879| 12.04 13:33:21,881| ; C In: 12.04 13:33:22,427|
lab29-1-1: message_number_4687. Sent time: 12.04 13:33:17,879| 12.04 13:33:21,881| ; C In: 12.04 13:33:22,427|
'clientNode2@lab26.cpt.haw-hamburg.de'-<0.382.0>-C-3-06:4688te Nachricht.C Out:12.04 13:33:20,880| 12.04 13:33:20,881| ; C In: 12.04 13:33:22,428|
lab29-1-1: message_number_4689. Sent time: 12.04 13:33:17,879| 12.04 13:33:21,881| ; C In: 12.04 13:33:22,428|
lab29-1-1: message_number_4690. Sent time: 12.04 13:33:17,880| 12.04 13:33:21,882| ; C In: 12.04 13:33:22,428|
lab29-1-1: message_number_4691. Sent time: 12.04 13:33:17,884| 12.04 13:33:21,886| ; C In: 12.04 13:33:22,429|
lab29-1-1: message_number_4692. Sent time: 12.04 13:33:17,884| 12.04 13:33:21,886| ; C In: 12.04 13:33:22,429|
lab29-1-1: message_number_4693. Sent time: 12.04 13:33:17,885| 12.04 13:33:21,886| ; C In: 12.04 13:33:22,429|
'clientNode2@lab26.cpt.haw-hamburg.de'-<0.387.0>-C-3-06:4694te Nachricht.C Out:12.04 13:33:19,918| 12.04 13:33:19,919| ; C In: 12.04 13:33:22,430|
lab29-1-1: message_number_4695. Sent time: 12.04 13:33:17,943| 12.04 13:33:21,945| ; C In: 12.04 13:33:22,430|
lab29-1-1: message_number_4696. Sent time: 12.04 13:33:17,943| 12.04 13:33:21,945| ; C In: 12.04 13:33:22,431|
lab29-1-1: message_number_4697. Sent time: 12.04 13:33:17,945| 12.04 13:33:21,946| ; C In: 12.04 13:33:22,431|
lab29-1-1: message_number_4698. Sent time: 12.04 13:33:17,945| 12.04 13:33:21,947| ; C In: 12.04 13:33:22,431|
[lab28|0304]: 4699te Nachricht. C Out: 12.04 13:33:19,945| 12.04 13:33:19,946| ; C In: 12.04 13:33:22,432|
lab29-1-1: message_number_4700. Sent time: 12.04 13:33:17,945| 12.04 13:33:21,947| ; C In: 12.04 13:33:22,432|
lab29-1-1: message_number_4701. Sent time: 12.04 13:33:17,945| 12.04 13:33:21,947| ; C In: 12.04 13:33:22,433|
[lab28|0304]: 4702te Nachricht. C Out: 12.04 13:33:19,945| 12.04 13:33:19,946| ; C In: 12.04 13:33:22,433|
[lab28|0304]: 4703te Nachricht. C Out: 12.04 13:33:19,945| 12.04 13:33:19,947| ; C In: 12.04 13:33:22,434|
[lab28|0304]: 4704te Nachricht. C Out: 12.04 13:33:19,946| 12.04 13:33:19,947| ; C In: 12.04 13:33:22,434|
[lab28|0304]: 4705te Nachricht. C Out: 12.04 13:33:19,946| 12.04 13:33:19,947| ; C In: 12.04 13:33:22,434|
[lab28|0304]: 4706te Nachricht. C Out: 12.04 13:33:20,945| 12.04 13:33:20,946| ; C In: 12.04 13:33:22,435|
[lab28|0304]: 4707te Nachricht. C Out: 12.04 13:33:20,945| 12.04 13:33:20,946| ; C In: 12.04 13:33:22,435|
[lab28|0304]: 4708te Nachricht. C Out: 12.04 13:33:20,945| 12.04 13:33:20,947| ; C In: 12.04 13:33:22,436|
'clientNode2@lab26.cpt.haw-hamburg.de'-<0.395.0>-C-3-06:4709te Nachricht.C Out:12.04 13:33:19,952| 12.04 13:33:19,953| ; C In: 12.04 13:33:22,436|
'clientNode2@lab26.cpt.haw-hamburg.de'-<0.370.0>-C-3-06:4710te Nachricht.C Out:12.04 13:33:19,958| 12.04 13:33:19,959| ; C In: 12.04 13:33:22,437|
..getmessages..Done...
4-clientserver@lab22.cpt.haw-hamburg.de<0.22051.0>-C-1-5: 4838te_Nachricht. C Out: 12.04 13:33:22,437|(4838) gesendet
4-clientserver@lab22.cpt.haw-hamburg.de<0.22051.0>-C-1-5: 4897te_Nachricht. C Out: 12.04 13:33:24,439|(4897) gesendet
4-clientserver@lab22.cpt.haw-hamburg.de<0.22051.0>-C-1-5: 4945te_Nachricht. C Out: 12.04 13:33:26,440|(4945) gesendet
4-clientserver@lab22.cpt.haw-hamburg.de<0.22051.0>-C-1-5: 4989te_Nachricht. C Out: 12.04 13:33:28,441|(4989) gesendet
4-clientserver@lab22.cpt.haw-hamburg.de<0.22051.0>-C-1-5: 5011te_Nachricht. C Out: 12.04 13:33:30,444|(5011) gesendet
5041te_Nachricht um 12.04 13:33:32,445|- vergessen zu senden ******
Neues Sendeintervall: 2 Sekunden
[lab28|0304]: 4984te Nachricht. C Out: 12.04 13:33:31,006| 12.04 13:33:31,007| ; C In: 12.04 13:33:34,446|
[lab28|0304]: 4985te Nachricht. C Out: 12.04 13:33:31,007| 12.04 13:33:31,008| ; C In: 12.04 13:33:34,447|
[lab28|0304]: 4986te Nachricht. C Out: 12.04 13:33:30,007| 12.04 13:33:30,008| ; C In: 12.04 13:33:34,447|
[lab28|0304]: 4987te Nachricht. C Out: 12.04 13:33:30,007| 12.04 13:33:30,008| ; C In: 12.04 13:33:34,448|
[lab28|0304]: 4988te Nachricht. C Out: 12.04 13:33:30,007| 12.04 13:33:30,009| ; C In: 12.04 13:33:34,448|
4-clientserver@lab22.cpt.haw-hamburg.de<0.22051.0>-C-1-5: 4989te_Nachricht. C Out: 12.04 13:33:28,441|(4989) 12.04 13:33:30,443| ; C In: 12.04 13:33:34,449|
19-clientserver@lab22.cpt.haw-hamburg.de<0.22066.0>-C-1-5: 4990te_Nachricht. C Out: 12.04 13:33:28,459|(4990) 12.04 13:33:30,460| ; C In: 12.04 13:33:34,449|
13-clientserver@lab22.cpt.haw-hamburg.de<0.22060.0>-C-1-5: 4991te_Nachricht. C Out: 12.04 13:33:28,465|(4991) 12.04 13:33:30,466| ; C In: 12.04 13:33:34,450|
5-clientserver@lab22.cpt.haw-hamburg.de<0.22052.0>-C-1-5: 4992te_Nachricht. C Out: 12.04 13:33:28,690|(4992) 12.04 13:33:30,941| ; C In: 12.04 13:33:34,450|
12-clientserver@lab22.cpt.haw-hamburg.de<0.22059.0>-C-1-5: 4993te_Nachricht. C Out: 12.04 13:33:28,694|(4993) 12.04 13:33:30,946| ; C In: 12.04 13:33:34,451|
[lab28|0304]: 4994te Nachricht. C Out: 12.04 13:33:31,746| 12.04 13:33:31,747| ; C In: 12.04 13:33:34,451|
[lab28|0304]: 4995te Nachricht. C Out: 12.04 13:33:31,747| 12.04 13:33:31,748| ; C In: 12.04 13:33:34,451|
[lab28|0304]: 4996te Nachricht. C Out: 12.04 13:33:30,748| 12.04 13:33:30,749| ; C In: 12.04 13:33:34,452|
[lab28|0304]: 4997te Nachricht. C Out: 12.04 13:33:30,749| 12.04 13:33:30,750| ; C In: 12.04 13:33:34,452|
[lab28|0304]: 4998te Nachricht. C Out: 12.04 13:33:30,750| 12.04 13:33:30,751| ; C In: 12.04 13:33:34,453|
9-clientserver@lab22.cpt.haw-hamburg.de<0.22056.0>-C-1-5: 4999te_Nachricht. C Out: 12.04 13:33:28,814|(4999) 12.04 13:33:30,816| ; C In: 12.04 13:33:34,453|
2-clientserver@lab22.cpt.haw-hamburg.de<0.22048.0>-C-1-5: 5000te_Nachricht. C Out: 12.04 13:33:29,057|(5000) 12.04 13:33:34,120| ; C In: 12.04 13:33:34,453|
1-clientserver@lab22.cpt.haw-hamburg.de<0.22047.0>-C-1-5: 5001te_Nachricht. C Out: 12.04 13:33:29,160|(5001) 12.04 13:33:31,161| ; C In: 12.04 13:33:34,454|
7-clientserver@lab22.cpt.haw-hamburg.de<0.22054.0>-C-1-5: 5002te_Nachricht. C Out: 12.04 13:33:29,431|(5002) 12.04 13:33:32,432| ; C In: 12.04 13:33:34,454|
[lab28|0304]: 5003te Nachricht. C Out: 12.04 13:33:32,951| 12.04 13:33:32,952| ; C In: 12.04 13:33:34,455|
[lab28|0304]: 5004te Nachricht. C Out: 12.04 13:33:32,951| 12.04 13:33:32,953| ; C In: 12.04 13:33:34,455|
[lab28|0304]: 5005te Nachricht. C Out: 12.04 13:33:32,951| 12.04 13:33:32,953| ; C In: 12.04 13:33:34,456|
8-clientserver@lab22.cpt.haw-hamburg.de<0.22055.0>-C-1-5: 5006te_Nachricht. C Out: 12.04 13:33:29,998|(5006) 12.04 13:33:31,999| ; C In: 12.04 13:33:34,456|
[lab28|0304]: 5007te Nachricht. C Out: 12.04 13:33:32,009| 12.04 13:33:32,010| ; C In: 12.04 13:33:34,457|
[lab28|0304]: 5008te Nachricht. C Out: 12.04 13:33:32,009| 12.04 13:33:32,011| ; C In: 12.04 13:33:34,457|
[lab28|0304]: 5009te Nachricht. C Out: 12.04 13:33:32,009| 12.04 13:33:32,010| ; C In: 12.04 13:33:34,457|
14-clientserver@lab22.cpt.haw-hamburg.de<0.22061.0>-C-1-5: 5010te_Nachricht. C Out: 12.04 13:33:30,097|(5010) 12.04 13:33:33,098| ; C In: 12.04 13:33:34,458|
4-clientserver@lab22.cpt.haw-hamburg.de<0.22051.0>-C-1-5: 5011te_Nachricht. C Out: 12.04 13:33:30,444|(5011) 12.04 13:33:32,445| ; C In: 12.04 13:33:34,458|
19-clientserver@lab22.cpt.haw-hamburg.de<0.22066.0>-C-1-5: 5012te_Nachricht. C Out: 12.04 13:33:30,460|(5012) 12.04 13:33:32,462| ; C In: 12.04 13:33:34,459|
13-clientserver@lab22.cpt.haw-hamburg.de<0.22060.0>-C-1-5: 5013te_Nachricht. C Out: 12.04 13:33:30,466|(5013) 12.04 13:33:32,467| ; C In: 12.04 13:33:34,459|
[lab28|0304]: 5014te Nachricht. C Out: 12.04 13:33:33,729| 12.04 13:33:33,730| ; C In: 12.04 13:33:34,460|
[lab28|0304]: 5015te Nachricht. C Out: 12.04 13:33:33,729| 12.04 13:33:33,730| ; C In: 12.04 13:33:34,460|
[lab28|0304]: 5016te Nachricht. C Out: 12.04 13:33:33,730| 12.04 13:33:33,731| ; C In: 12.04 13:33:34,460|
..getmessages..Done...
4-clientserver@lab22.cpt.haw-hamburg.de<0.22051.0>-C-1-5: 5078te_Nachricht. C Out: 12.04 13:33:34,461|(5078) gesendet
4-clientserver@lab22.cpt.haw-hamburg.de<0.22051.0>-C-1-5: 5103te_Nachricht. C Out: 12.04 13:33:36,462|(5103) gesendet
4-clientserver@lab22.cpt.haw-hamburg.de<0.22051.0>-C-1-5: 5130te_Nachricht. C Out: 12.04 13:33:38,463|(5130) gesendet
4-clientserver@lab22.cpt.haw-hamburg.de<0.22051.0>-C-1-5: 5157te_Nachricht. C Out: 12.04 13:33:40,464|(5157) gesendet
4-clientserver@lab22.cpt.haw-hamburg.de<0.22051.0>-C-1-5: Lebenszeit um. Wird beendet.
