1507 Startzeit: 09.05 13:08:48,191| mit PID <0.82.0> auf start@ralf-PC
beim Namensdienst und auf der Node lokal registriert.
beim Koordinator gemeldet
Linker 1509(1509) gebunden.
Rechter 1504(1504) gebunden.
setpm: 760500. (1507)
sendy: 1715(760500); berechnet als neues Mi 755. 09.05 13:09:02,123|
sendy: 205(755); berechnet als neues Mi 140. 09.05 13:09:06,147|
sendy: 100(140); berechnet als neues Mi 40. 09.05 13:09:08,161|
sendy: 65(40); keine Berechnung.
sendy: 45(40); keine Berechnung.
sendy: 25(40); berechnet als neues Mi 15. 09.05 13:09:14,198|
sendy: 5(15); berechnet als neues Mi 5. 09.05 13:09:16,210|
sendy: 5(5); keine Berechnung.
1507: initiiere eine Terminierungsabstimmung (5). 09.05 13:09:32,855|
1507: initiiere eine Terminierungsabstimmung (5). 09.05 13:09:44,133|
1507: stimme ab (1501) mit >JA< gestimmt(Code 2). 09.05 13:09:44,133|
1507: stimme ab (1502) mit >JA< gestimmt(Code 2). 09.05 13:09:44,133|
1507: stimme ab (1504) mit >JA< gestimmt(Code 2). 09.05 13:09:44,133|
1507: stimme ab (1506) mit >JA< gestimmt(Code 2). 09.05 13:09:44,133|
1507: stimme ab (1503) mit >JA< gestimmt(Code 2). 09.05 13:09:44,133|
1507: stimme ab (1505) mit >JA< gestimmt(Code 2). 09.05 13:09:44,133|
1507: stimme ab (1507) mit >JA< gestimmt(Code 2). 09.05 13:09:44,133|
1507: stimme ab (1508) mit >JA< gestimmt(Code 2). 09.05 13:09:44,133|
1507: stimme ab (1509) mit >JA< gestimmt(Code 2). 09.05 13:09:44,133|
1507: initiiere eine Terminierungsabstimmung (5). 09.05 13:09:48,159|
1507: stimme ab (1501) mit >JA< gestimmt(Code 2). 09.05 13:09:48,159|
1507: stimme ab (1502) mit >JA< gestimmt(Code 2). 09.05 13:09:48,159|
1507: stimme ab (1503) mit >JA< gestimmt(Code 2). 09.05 13:09:48,159|
1507: stimme ab (1504) mit >JA< gestimmt(Code 2). 09.05 13:09:48,159|
1507: stimme ab (1505) mit >JA< gestimmt(Code 2). 09.05 13:09:48,159|
1507: stimme ab (1506) mit >JA< gestimmt(Code 2). 09.05 13:09:48,159|
1507: stimme ab (1508) mit >JA< gestimmt(Code 2). 09.05 13:09:48,159|
1507: stimme ab (1507) mit >JA< gestimmt(Code 2). 09.05 13:09:48,159|
1507: stimme ab (1509) mit >JA< gestimmt(Code 2). 09.05 13:09:48,159|
1507: initiiere eine Terminierungsabstimmung (5). 09.05 13:09:50,171|
1507: stimme ab (1509) mit >JA< gestimmt(Code 2). 09.05 13:09:50,171|
1507: stimme ab (1501) mit >JA< gestimmt(Code 2). 09.05 13:09:50,171|
1507: stimme ab (1505) mit >JA< gestimmt(Code 2). 09.05 13:09:50,171|
1507: stimme ab (1503) mit >JA< gestimmt(Code 2). 09.05 13:09:50,171|
1507: stimme ab (1504) mit >JA< gestimmt(Code 2). 09.05 13:09:50,171|
1507: stimme ab (1506) mit >JA< gestimmt(Code 2). 09.05 13:09:50,171|
1507: stimme ab (1502) mit >JA< gestimmt(Code 2). 09.05 13:09:50,171|
Koordinator 1te Terminierung gemeldet mit 5. 09.05 13:09:50,171|
1507: stimme ab (1507) mit >JA< gestimmt(Code 2). 09.05 13:09:50,171|
1507: stimme ab (1508) mit >JA< gestimmt(Code 2). 09.05 13:09:50,171|
1507: initiiere eine Terminierungsabstimmung (5). 09.05 13:09:52,183|
1507: stimme ab (1501) mit >JA< gestimmt(Code 2). 09.05 13:09:52,183|
1507: stimme ab (1504) mit >JA< gestimmt(Code 2). 09.05 13:09:52,183|
1507: stimme ab (1508) mit >JA< gestimmt(Code 2). 09.05 13:09:52,183|
1507: stimme ab (1502) mit >JA< gestimmt(Code 2). 09.05 13:09:52,183|
1507: stimme ab (1503) mit >JA< gestimmt(Code 2). 09.05 13:09:52,183|
1507: stimme ab (1505) mit >JA< gestimmt(Code 2). 09.05 13:09:52,183|
1507: stimme ab (1507) mit >JA< gestimmt(Code 2). 09.05 13:09:52,183|
Koordinator 1te Terminierung gemeldet mit 5. 09.05 13:09:52,183|
1507: stimme ab (1506) mit >JA< gestimmt(Code 2). 09.05 13:09:52,183|
1507: stimme ab (1509) mit >JA< gestimmt(Code 2). 09.05 13:09:52,183|
1507: initiiere eine Terminierungsabstimmung (5). 09.05 13:09:54,196|
1507: stimme ab (1501) mit >JA< gestimmt(Code 2). 09.05 13:09:54,196|
1507: stimme ab (1502) mit >JA< gestimmt(Code 2). 09.05 13:09:54,196|
1507: stimme ab (1503) mit >JA< gestimmt(Code 2). 09.05 13:09:54,196|
1507: stimme ab (1504) mit >JA< gestimmt(Code 2). 09.05 13:09:54,196|
1507: stimme ab (1505) mit >JA< gestimmt(Code 2). 09.05 13:09:54,196|
1507: stimme ab (1506) mit >JA< gestimmt(Code 2). 09.05 13:09:54,196|
1507: stimme ab (1507) mit >JA< gestimmt(Code 2). 09.05 13:09:54,196|
1507: stimme ab (1508) mit >JA< gestimmt(Code 2). 09.05 13:09:54,196|
1507: stimme ab (1509) mit >JA< gestimmt(Code 2). 09.05 13:09:54,196|
1507: initiiere eine Terminierungsabstimmung (5). 09.05 13:09:56,209|
1507: stimme ab (1501) mit >JA< gestimmt(Code 2). 09.05 13:09:56,209|
1507: stimme ab (1502) mit >JA< gestimmt(Code 2). 09.05 13:09:56,209|
1507: stimme ab (1506) mit >JA< gestimmt(Code 2). 09.05 13:09:56,209|
1507: stimme ab (1503) mit >JA< gestimmt(Code 2). 09.05 13:09:56,209|
1507: stimme ab (1507) mit >JA< gestimmt(Code 2). 09.05 13:09:56,209|
1507: stimme ab (1504) mit >JA< gestimmt(Code 2). 09.05 13:09:56,209|
1507: stimme ab (1505) mit >JA< gestimmt(Code 2). 09.05 13:09:56,209|
Koordinator 1te Terminierung gemeldet mit 5. 09.05 13:09:56,209|
1507: stimme ab (1508) mit >JA< gestimmt(Code 2). 09.05 13:09:56,209|
1507: stimme ab (1509) mit >JA< gestimmt(Code 2). 09.05 13:09:56,209|
1507: initiiere eine Terminierungsabstimmung (5). 09.05 13:09:58,221|
1507: stimme ab (1501) mit >JA< gestimmt(Code 2). 09.05 13:09:58,221|
1507: stimme ab (1502) mit >JA< gestimmt(Code 2). 09.05 13:09:58,221|
1507: stimme ab (1503) mit >JA< gestimmt(Code 2). 09.05 13:09:58,221|
1507: stimme ab (1504) mit >JA< gestimmt(Code 2). 09.05 13:09:58,221|
1507: stimme ab (1505) mit >JA< gestimmt(Code 2). 09.05 13:09:58,221|
1507: stimme ab (1507) mit >JA< gestimmt(Code 2). 09.05 13:09:58,221|
1507: stimme ab (1506) mit >JA< gestimmt(Code 2). 09.05 13:09:58,221|
Koordinator 1te Terminierung gemeldet mit 5. 09.05 13:09:58,221|
1507: stimme ab (1508) mit >JA< gestimmt(Code 2). 09.05 13:09:58,221|
1507: stimme ab (1509) mit >JA< gestimmt(Code 2). 09.05 13:09:58,221|
1507: initiiere eine Terminierungsabstimmung (5). 09.05 13:10:00,234|
1507: stimme ab (1504) mit >JA< gestimmt(Code 2). 09.05 13:10:00,234|
1507: stimme ab (1503) mit >JA< gestimmt(Code 2). 09.05 13:10:00,234|
1507: stimme ab (1501) mit >JA< gestimmt(Code 2). 09.05 13:10:00,234|
1507: stimme ab (1502) mit >JA< gestimmt(Code 2). 09.05 13:10:00,234|
1507: stimme ab (1505) mit >JA< gestimmt(Code 2). 09.05 13:10:00,234|
1507: stimme ab (1506) mit >JA< gestimmt(Code 2). 09.05 13:10:00,234|
1507: stimme ab (1507) mit >JA< gestimmt(Code 2). 09.05 13:10:00,234|
Koordinator 1te Terminierung gemeldet mit 5. 09.05 13:10:00,234|
1507: stimme ab (1509) mit >JA< gestimmt(Code 2). 09.05 13:10:00,234|
1507: stimme ab (1508) mit >JA< gestimmt(Code 2). 09.05 13:10:00,234|
setpm: 9909900. (1507)
sendy: 8190(9909900); berechnet als neues Mi 8190. 09.05 13:10:21,185|
sendy: 1800(8190); berechnet als neues Mi 990. 09.05 13:10:25,209|
sendy: 1170(990); keine Berechnung.
sendy: 450(990); berechnet als neues Mi 90. 09.05 13:10:29,234|
sendy: 180(90); keine Berechnung.
sendy: 90(90); keine Berechnung.
sendy: 90(90); keine Berechnung.
sendy: 30(90); berechnet als neues Mi 30. 09.05 13:10:37,284|
sendy: 30(30); keine Berechnung.
1507: initiiere eine Terminierungsabstimmung (30). 09.05 13:11:03,196|
1507: stimme ab (1501) mit >JA< gestimmt(Code 2). 09.05 13:11:03,196|
1507: stimme ab (1502) mit >JA< gestimmt(Code 2). 09.05 13:11:03,196|
1507: stimme ab (1503) mit >JA< gestimmt(Code 2). 09.05 13:11:03,196|
1507: stimme ab (1504) mit >JA< gestimmt(Code 2). 09.05 13:11:03,196|
1507: stimme ab (1505) mit >JA< gestimmt(Code 2). 09.05 13:11:03,196|
1507: stimme ab (1506) mit >JA< gestimmt(Code 2). 09.05 13:11:03,196|
1507: stimme ab (1507) mit >JA< gestimmt(Code 2). 09.05 13:11:03,196|
1507: stimme ab (1508) mit >JA< gestimmt(Code 2). 09.05 13:11:03,196|
1507: stimme ab (1509) mit >JA< gestimmt(Code 2). 09.05 13:11:03,196|
Koordinator 1te Terminierung gemeldet mit 30. 09.05 13:11:03,196|
1507: initiiere eine Terminierungsabstimmung (30). 09.05 13:11:07,221|
1507: stimme ab (1504) mit >JA< gestimmt(Code 2). 09.05 13:11:07,221|
1507: stimme ab (1505) mit >JA< gestimmt(Code 2). 09.05 13:11:07,221|
1507: stimme ab (1506) mit >JA< gestimmt(Code 2). 09.05 13:11:07,221|
1507: stimme ab (1507) mit >JA< gestimmt(Code 2). 09.05 13:11:07,221|
1507: stimme ab (1508) mit >JA< gestimmt(Code 2). 09.05 13:11:07,221|
1507: stimme ab (1509) mit >JA< gestimmt(Code 2). 09.05 13:11:07,221|
1507: stimme ab (1501) mit >JA< gestimmt(Code 2). 09.05 13:11:07,221|
Koordinator 1te Terminierung gemeldet mit 30. 09.05 13:11:07,221|
1507: stimme ab (1502) mit >JA< gestimmt(Code 2). 09.05 13:11:07,221|
1507: stimme ab (1503) mit >JA< gestimmt(Code 2). 09.05 13:11:07,221|
1507: initiiere eine Terminierungsabstimmung (30). 09.05 13:11:09,233|
1507: stimme ab (1501) mit >JA< gestimmt(Code 2). 09.05 13:11:09,233|
1507: stimme ab (1502) mit >JA< gestimmt(Code 2). 09.05 13:11:09,233|
1507: stimme ab (1503) mit >JA< gestimmt(Code 2). 09.05 13:11:09,233|
1507: stimme ab (1504) mit >JA< gestimmt(Code 2). 09.05 13:11:09,233|
1507: stimme ab (1508) mit >JA< gestimmt(Code 2). 09.05 13:11:09,233|
1507: stimme ab (1505) mit >JA< gestimmt(Code 2). 09.05 13:11:09,233|
1507: stimme ab (1506) mit >JA< gestimmt(Code 2). 09.05 13:11:09,233|
1507: stimme ab (1507) mit >JA< gestimmt(Code 2). 09.05 13:11:09,233|
1507: stimme ab (1509) mit >JA< gestimmt(Code 2). 09.05 13:11:09,233|
1507: initiiere eine Terminierungsabstimmung (30). 09.05 13:11:11,245|
1507: stimme ab (1502) mit >JA< gestimmt(Code 2). 09.05 13:11:11,245|
1507: stimme ab (1503) mit >JA< gestimmt(Code 2). 09.05 13:11:11,245|
1507: stimme ab (1504) mit >JA< gestimmt(Code 2). 09.05 13:11:11,245|
1507: stimme ab (1505) mit >JA< gestimmt(Code 2). 09.05 13:11:11,245|
1507: stimme ab (1506) mit >JA< gestimmt(Code 2). 09.05 13:11:11,245|
1507: stimme ab (1507) mit >JA< gestimmt(Code 2). 09.05 13:11:11,245|
1507: stimme ab (1501) mit >JA< gestimmt(Code 2). 09.05 13:11:11,245|
Koordinator 1te Terminierung gemeldet mit 30. 09.05 13:11:11,245|
1507: stimme ab (1508) mit >JA< gestimmt(Code 2). 09.05 13:11:11,245|
1507: stimme ab (1509) mit >JA< gestimmt(Code 2). 09.05 13:11:11,245|
1507: initiiere eine Terminierungsabstimmung (30). 09.05 13:11:13,258|
1507: stimme ab (1501) mit >JA< gestimmt(Code 2). 09.05 13:11:13,258|
1507: stimme ab (1503) mit >JA< gestimmt(Code 2). 09.05 13:11:13,258|
1507: stimme ab (1504) mit >JA< gestimmt(Code 2). 09.05 13:11:13,258|
1507: stimme ab (1505) mit >JA< gestimmt(Code 2). 09.05 13:11:13,258|
1507: stimme ab (1506) mit >JA< gestimmt(Code 2). 09.05 13:11:13,258|
1507: stimme ab (1507) mit >JA< gestimmt(Code 2). 09.05 13:11:13,258|
1507: stimme ab (1508) mit >JA< gestimmt(Code 2). 09.05 13:11:13,258|
Koordinator 1te Terminierung gemeldet mit 30. 09.05 13:11:13,258|
1507: stimme ab (1502) mit >JA< gestimmt(Code 2). 09.05 13:11:13,258|
1507: stimme ab (1509) mit >JA< gestimmt(Code 2). 09.05 13:11:13,258|
1507: initiiere eine Terminierungsabstimmung (30). 09.05 13:11:15,270|
1507: stimme ab (1501) mit >JA< gestimmt(Code 2). 09.05 13:11:15,270|
1507: stimme ab (1503) mit >JA< gestimmt(Code 2). 09.05 13:11:15,270|
1507: stimme ab (1502) mit >JA< gestimmt(Code 2). 09.05 13:11:15,270|
1507: stimme ab (1504) mit >JA< gestimmt(Code 2). 09.05 13:11:15,270|
1507: stimme ab (1505) mit >JA< gestimmt(Code 2). 09.05 13:11:15,270|
1507: stimme ab (1506) mit >JA< gestimmt(Code 2). 09.05 13:11:15,270|
Koordinator 1te Terminierung gemeldet mit 30. 09.05 13:11:15,270|
1507: stimme ab (1507) mit >JA< gestimmt(Code 2). 09.05 13:11:15,270|
1507: stimme ab (1508) mit >JA< gestimmt(Code 2). 09.05 13:11:15,270|
1507: stimme ab (1509) mit >JA< gestimmt(Code 2). 09.05 13:11:15,270|
1507: initiiere eine Terminierungsabstimmung (30). 09.05 13:11:17,282|
1507: stimme ab (1503) mit >JA< gestimmt(Code 2). 09.05 13:11:17,282|
1507: stimme ab (1501) mit >JA< gestimmt(Code 2). 09.05 13:11:17,282|
1507: stimme ab (1502) mit >JA< gestimmt(Code 2). 09.05 13:11:17,282|
1507: stimme ab (1507) mit >JA< gestimmt(Code 2). 09.05 13:11:17,282|
1507: stimme ab (1504) mit >JA< gestimmt(Code 2). 09.05 13:11:17,282|
1507: stimme ab (1505) mit >JA< gestimmt(Code 2). 09.05 13:11:17,282|
1507: stimme ab (1506) mit >JA< gestimmt(Code 2). 09.05 13:11:17,282|
1507: stimme ab (1508) mit >JA< gestimmt(Code 2). 09.05 13:11:17,282|
1507: stimme ab (1509) mit >JA< gestimmt(Code 2). 09.05 13:11:17,282|
1507: initiiere eine Terminierungsabstimmung (30). 09.05 13:11:19,294|
1507: stimme ab (1501) mit >JA< gestimmt(Code 2). 09.05 13:11:19,294|
1507: stimme ab (1502) mit >JA< gestimmt(Code 2). 09.05 13:11:19,294|
1507: stimme ab (1503) mit >JA< gestimmt(Code 2). 09.05 13:11:19,294|
1507: stimme ab (1504) mit >JA< gestimmt(Code 2). 09.05 13:11:19,294|
1507: stimme ab (1505) mit >JA< gestimmt(Code 2). 09.05 13:11:19,294|
1507: stimme ab (1506) mit >JA< gestimmt(Code 2). 09.05 13:11:19,294|
1507: stimme ab (1507) mit >JA< gestimmt(Code 2). 09.05 13:11:19,294|
Koordinator 1te Terminierung gemeldet mit 30. 09.05 13:11:19,294|
1507: stimme ab (1508) mit >JA< gestimmt(Code 2). 09.05 13:11:19,294|
1507: stimme ab (1509) mit >JA< gestimmt(Code 2). 09.05 13:11:19,294|
1507: initiiere eine Terminierungsabstimmung (30). 09.05 13:11:21,306|
1507: stimme ab (1501) mit >JA< gestimmt(Code 2). 09.05 13:11:21,306|
1507: stimme ab (1502) mit >JA< gestimmt(Code 2). 09.05 13:11:21,306|
1507: stimme ab (1503) mit >JA< gestimmt(Code 2). 09.05 13:11:21,306|
1507: stimme ab (1504) mit >JA< gestimmt(Code 2). 09.05 13:11:21,306|
1507: stimme ab (1505) mit >JA< gestimmt(Code 2). 09.05 13:11:21,306|
1507: stimme ab (1506) mit >JA< gestimmt(Code 2). 09.05 13:11:21,306|
1507: stimme ab (1507) mit >JA< gestimmt(Code 2). 09.05 13:11:21,306|
1507: stimme ab (1508) mit >JA< gestimmt(Code 2). 09.05 13:11:21,306|
1507: stimme ab (1509) mit >JA< gestimmt(Code 2). 09.05 13:11:21,306|
setpm: 29201172000. (1507)
sendy: 22800(29201172000); berechnet als neues Mi 3600. 09.05 13:13:01,834|
sendy: 2640(3600); berechnet als neues Mi 960. 09.05 13:13:05,859|
sendy: 3600(960); keine Berechnung.
sendy: 720(960); berechnet als neues Mi 240. 09.05 13:13:09,883|
sendy: 720(240); keine Berechnung.
sendy: 240(240); keine Berechnung.
sendy: 240(240); keine Berechnung.
sendy: 80(240); berechnet als neues Mi 80. 09.05 13:13:17,934|
sendy: 80(80); keine Berechnung.
1507: initiiere eine Terminierungsabstimmung (80). 09.05 13:13:43,846|
1507: stimme ab (1501) mit >JA< gestimmt(Code 2). 09.05 13:13:43,846|
1507: stimme ab (1507) mit >JA< gestimmt(Code 2). 09.05 13:13:43,846|
1507: stimme ab (1502) mit >JA< gestimmt(Code 2). 09.05 13:13:43,846|
1507: stimme ab (1503) mit >JA< gestimmt(Code 2). 09.05 13:13:43,846|
1507: stimme ab (1505) mit >JA< gestimmt(Code 2). 09.05 13:13:43,846|
1507: stimme ab (1504) mit >JA< gestimmt(Code 2). 09.05 13:13:43,846|
1507: stimme ab (1506) mit >JA< gestimmt(Code 2). 09.05 13:13:43,846|
1507: stimme ab (1508) mit >JA< gestimmt(Code 2). 09.05 13:13:43,846|
Koordinator 1te Terminierung gemeldet mit 80. 09.05 13:13:43,846|
1507: stimme ab (1509) mit >JA< gestimmt(Code 2). 09.05 13:13:43,846|
1507: initiiere eine Terminierungsabstimmung (80). 09.05 13:13:47,870|
1507: stimme ab (1506) mit >JA< gestimmt(Code 2). 09.05 13:13:47,870|
1507: stimme ab (1503) mit >JA< gestimmt(Code 2). 09.05 13:13:47,870|
1507: stimme ab (1504) mit >JA< gestimmt(Code 2). 09.05 13:13:47,870|
1507: stimme ab (1505) mit >JA< gestimmt(Code 2). 09.05 13:13:47,870|
1507: stimme ab (1507) mit >JA< gestimmt(Code 2). 09.05 13:13:47,870|
1507: stimme ab (1509) mit >JA< gestimmt(Code 2). 09.05 13:13:47,870|
1507: stimme ab (1501) mit >JA< gestimmt(Code 2). 09.05 13:13:47,870|
Koordinator 1te Terminierung gemeldet mit 80. 09.05 13:13:47,870|
1507: stimme ab (1508) mit >JA< gestimmt(Code 2). 09.05 13:13:47,870|
1507: stimme ab (1502) mit >JA< gestimmt(Code 2). 09.05 13:13:47,870|
1507: initiiere eine Terminierungsabstimmung (80). 09.05 13:13:49,883|
1507: stimme ab (1507) mit >JA< gestimmt(Code 2). 09.05 13:13:49,883|
1507: stimme ab (1509) mit >JA< gestimmt(Code 2). 09.05 13:13:49,883|
1507: stimme ab (1501) mit >JA< gestimmt(Code 2). 09.05 13:13:49,883|
1507: stimme ab (1504) mit >JA< gestimmt(Code 2). 09.05 13:13:49,883|
1507: stimme ab (1502) mit >JA< gestimmt(Code 2). 09.05 13:13:49,883|
1507: stimme ab (1503) mit >JA< gestimmt(Code 2). 09.05 13:13:49,883|
1507: stimme ab (1508) mit >JA< gestimmt(Code 2). 09.05 13:13:49,883|
Koordinator 1te Terminierung gemeldet mit 80. 09.05 13:13:49,883|
1507: stimme ab (1505) mit >JA< gestimmt(Code 2). 09.05 13:13:49,883|
1507: stimme ab (1506) mit >JA< gestimmt(Code 2). 09.05 13:13:49,883|
1507: initiiere eine Terminierungsabstimmung (80). 09.05 13:13:51,895|
1507: stimme ab (1503) mit >JA< gestimmt(Code 2). 09.05 13:13:51,895|
1507: stimme ab (1504) mit >JA< gestimmt(Code 2). 09.05 13:13:51,895|
1507: stimme ab (1505) mit >JA< gestimmt(Code 2). 09.05 13:13:51,895|
1507: stimme ab (1508) mit >JA< gestimmt(Code 2). 09.05 13:13:51,895|
1507: stimme ab (1501) mit >JA< gestimmt(Code 2). 09.05 13:13:51,895|
1507: stimme ab (1502) mit >JA< gestimmt(Code 2). 09.05 13:13:51,895|
1507: stimme ab (1506) mit >JA< gestimmt(Code 2). 09.05 13:13:51,895|
Koordinator 1te Terminierung gemeldet mit 80. 09.05 13:13:51,895|
1507: stimme ab (1507) mit >JA< gestimmt(Code 2). 09.05 13:13:51,895|
1507: stimme ab (1509) mit >JA< gestimmt(Code 2). 09.05 13:13:51,895|
1507: initiiere eine Terminierungsabstimmung (80). 09.05 13:13:53,907|
1507: stimme ab (1501) mit >JA< gestimmt(Code 2). 09.05 13:13:53,907|
1507: stimme ab (1504) mit >JA< gestimmt(Code 2). 09.05 13:13:53,907|
1507: stimme ab (1505) mit >JA< gestimmt(Code 2). 09.05 13:13:53,907|
1507: stimme ab (1506) mit >JA< gestimmt(Code 2). 09.05 13:13:53,907|
1507: stimme ab (1507) mit >JA< gestimmt(Code 2). 09.05 13:13:53,907|
1507: stimme ab (1502) mit >JA< gestimmt(Code 2). 09.05 13:13:53,907|
1507: stimme ab (1503) mit >JA< gestimmt(Code 2). 09.05 13:13:53,907|
Koordinator 1te Terminierung gemeldet mit 80. 09.05 13:13:53,907|
1507: stimme ab (1508) mit >JA< gestimmt(Code 2). 09.05 13:13:53,907|
1507: stimme ab (1509) mit >JA< gestimmt(Code 2). 09.05 13:13:53,907|
1507: initiiere eine Terminierungsabstimmung (80). 09.05 13:13:55,919|
1507: stimme ab (1501) mit >JA< gestimmt(Code 2). 09.05 13:13:55,919|
1507: stimme ab (1502) mit >JA< gestimmt(Code 2). 09.05 13:13:55,919|
1507: stimme ab (1504) mit >JA< gestimmt(Code 2). 09.05 13:13:55,919|
1507: stimme ab (1507) mit >JA< gestimmt(Code 2). 09.05 13:13:55,919|
1507: stimme ab (1503) mit >JA< gestimmt(Code 2). 09.05 13:13:55,919|
1507: stimme ab (1505) mit >JA< gestimmt(Code 2). 09.05 13:13:55,919|
1507: stimme ab (1506) mit >JA< gestimmt(Code 2). 09.05 13:13:55,919|
1507: stimme ab (1508) mit >JA< gestimmt(Code 2). 09.05 13:13:55,919|
1507: stimme ab (1509) mit >JA< gestimmt(Code 2). 09.05 13:13:55,919|
Koordinator 1te Terminierung gemeldet mit 80. 09.05 13:13:55,919|
1507: initiiere eine Terminierungsabstimmung (80). 09.05 13:13:57,931|
1507: stimme ab (1501) mit >JA< gestimmt(Code 2). 09.05 13:13:57,931|
1507: stimme ab (1503) mit >JA< gestimmt(Code 2). 09.05 13:13:57,931|
1507: stimme ab (1502) mit >JA< gestimmt(Code 2). 09.05 13:13:57,931|
1507: stimme ab (1504) mit >JA< gestimmt(Code 2). 09.05 13:13:57,931|
1507: stimme ab (1505) mit >JA< gestimmt(Code 2). 09.05 13:13:57,931|
1507: stimme ab (1506) mit >JA< gestimmt(Code 2). 09.05 13:13:57,931|
1507: stimme ab (1507) mit >JA< gestimmt(Code 2). 09.05 13:13:57,931|
1507: stimme ab (1508) mit >JA< gestimmt(Code 2). 09.05 13:13:57,931|
Koordinator 1te Terminierung gemeldet mit 80. 09.05 13:13:57,931|
1507: stimme ab (1509) mit >JA< gestimmt(Code 2). 09.05 13:13:57,931|
1507: initiiere eine Terminierungsabstimmung (80). 09.05 13:13:59,944|
1507: stimme ab (1501) mit >JA< gestimmt(Code 2). 09.05 13:13:59,944|
1507: stimme ab (1504) mit >JA< gestimmt(Code 2). 09.05 13:13:59,944|
1507: stimme ab (1503) mit >JA< gestimmt(Code 2). 09.05 13:13:59,944|
1507: stimme ab (1507) mit >JA< gestimmt(Code 2). 09.05 13:13:59,944|
1507: stimme ab (1505) mit >JA< gestimmt(Code 2). 09.05 13:13:59,944|
1507: stimme ab (1506) mit >JA< gestimmt(Code 2). 09.05 13:13:59,944|
1507: stimme ab (1508) mit >JA< gestimmt(Code 2). 09.05 13:13:59,944|
1507: stimme ab (1502) mit >JA< gestimmt(Code 2). 09.05 13:13:59,944|
Koordinator 1te Terminierung gemeldet mit 80. 09.05 13:13:59,944|
1507: stimme ab (1509) mit >JA< gestimmt(Code 2). 09.05 13:13:59,944|
1507: initiiere eine Terminierungsabstimmung (80). 09.05 13:14:03,970|
1507: stimme ab (1501) mit >JA< gestimmt(Code 2). 09.05 13:14:03,970|
1507: stimme ab (1502) mit >JA< gestimmt(Code 2). 09.05 13:14:03,970|
1507: stimme ab (1503) mit >JA< gestimmt(Code 2). 09.05 13:14:03,970|
1507: stimme ab (1504) mit >JA< gestimmt(Code 2). 09.05 13:14:03,970|
1507: stimme ab (1505) mit >JA< gestimmt(Code 2). 09.05 13:14:03,970|
1507: stimme ab (1506) mit >JA< gestimmt(Code 2). 09.05 13:14:03,970|
1507: stimme ab (1508) mit >JA< gestimmt(Code 2). 09.05 13:14:03,970|
1507: stimme ab (1509) mit >JA< gestimmt(Code 2). 09.05 13:14:03,970|
1507: stimme ab (1507) mit >JA< gestimmt(Code 2). 09.05 13:14:03,970|
setpm: 411235440. (1507)
sendy: 503360(411235440); berechnet als neues Mi 493680. 09.05 13:14:51,519|
sendy: 20400(493680); berechnet als neues Mi 4080. 09.05 13:14:55,544|
sendy: 244800(4080); keine Berechnung.
sendy: 4080(4080); keine Berechnung.
sendy: 4080(4080); keine Berechnung.
sendy: 1360(4080); berechnet als neues Mi 1360. 09.05 13:15:03,593|
sendy: 240(1360); berechnet als neues Mi 160. 09.05 13:15:05,605|
sendy: 80(160); berechnet als neues Mi 80. 09.05 13:15:09,629|
sendy: 80(80); keine Berechnung.
1507: initiiere eine Terminierungsabstimmung (80). 09.05 13:15:33,530|
1507: stimme ab (1507) mit >JA< gestimmt(Code 2). 09.05 13:15:33,530|
1507: stimme ab (1501) mit >JA< gestimmt(Code 2). 09.05 13:15:33,530|
1507: initiiere eine Terminierungsabstimmung (80). 09.05 13:15:37,555|
1507: stimme ab (1504) mit >JA< gestimmt(Code 2). 09.05 13:15:37,555|
1507: stimme ab (1507) mit >JA< gestimmt(Code 2). 09.05 13:15:37,555|
1507: stimme ab (1509) mit >JA< gestimmt(Code 2). 09.05 13:15:37,555|
1507: stimme ab (1501) mit >JA< gestimmt(Code 2). 09.05 13:15:37,555|
1507: stimme ab (1503) mit >JA< gestimmt(Code 2). 09.05 13:15:37,555|
1507: initiiere eine Terminierungsabstimmung (80). 09.05 13:15:39,566|
1507: stimme ab (1501) mit >JA< gestimmt(Code 2). 09.05 13:15:39,566|
1507: stimme ab (1503) mit >JA< gestimmt(Code 2). 09.05 13:15:39,566|
1507: stimme ab (1504) mit >JA< gestimmt(Code 2). 09.05 13:15:39,566|
1507: stimme ab (1505) mit >JA< gestimmt(Code 2). 09.05 13:15:39,566|
1507: stimme ab (1506) mit >JA< gestimmt(Code 2). 09.05 13:15:39,566|
1507: stimme ab (1502) mit >JA< gestimmt(Code 2). 09.05 13:15:39,566|
1507: stimme ab (1507) mit >JA< gestimmt(Code 2). 09.05 13:15:39,566|
1507: stimme ab (1508) mit >JA< gestimmt(Code 2). 09.05 13:15:39,566|
1507: stimme ab (1509) mit >JA< gestimmt(Code 2). 09.05 13:15:39,566|
1507: initiiere eine Terminierungsabstimmung (80). 09.05 13:15:41,579|
1507: stimme ab (1509) mit >JA< gestimmt(Code 2). 09.05 13:15:41,579|
1507: stimme ab (1507) mit >JA< gestimmt(Code 2). 09.05 13:15:41,579|
1507: stimme ab (1508) mit >JA< gestimmt(Code 2). 09.05 13:15:41,579|
1507: stimme ab (1501) mit >JA< gestimmt(Code 2). 09.05 13:15:41,579|
1507: stimme ab (1502) mit >JA< gestimmt(Code 2). 09.05 13:15:41,579|
1507: stimme ab (1503) mit >JA< gestimmt(Code 2). 09.05 13:15:41,579|
1507: stimme ab (1504) mit >JA< gestimmt(Code 2). 09.05 13:15:41,579|
1507: stimme ab (1505) mit >JA< gestimmt(Code 2). 09.05 13:15:41,579|
1507: stimme ab (1506) mit >JA< gestimmt(Code 2). 09.05 13:15:41,579|
Koordinator 1te Terminierung gemeldet mit 80. 09.05 13:15:41,579|
1507: initiiere eine Terminierungsabstimmung (80). 09.05 13:15:43,592|
1507: stimme ab (1508) mit >JA< gestimmt(Code 2). 09.05 13:15:43,592|
1507: stimme ab (1509) mit >JA< gestimmt(Code 2). 09.05 13:15:43,592|
1507: stimme ab (1501) mit >JA< gestimmt(Code 2). 09.05 13:15:43,592|
1507: stimme ab (1503) mit >JA< gestimmt(Code 2). 09.05 13:15:43,592|
1507: stimme ab (1504) mit >JA< gestimmt(Code 2). 09.05 13:15:43,592|
1507: stimme ab (1505) mit >JA< gestimmt(Code 2). 09.05 13:15:43,592|
1507: stimme ab (1502) mit >JA< gestimmt(Code 2). 09.05 13:15:43,592|
Koordinator 1te Terminierung gemeldet mit 80. 09.05 13:15:43,592|
1507: stimme ab (1506) mit >JA< gestimmt(Code 2). 09.05 13:15:43,592|
1507: stimme ab (1507) mit >JA< gestimmt(Code 2). 09.05 13:15:43,592|
1507: initiiere eine Terminierungsabstimmung (80). 09.05 13:15:45,604|
1507: stimme ab (1509) mit >JA< gestimmt(Code 2). 09.05 13:15:45,620|
1507: stimme ab (1501) mit >JA< gestimmt(Code 2). 09.05 13:15:45,620|
1507: stimme ab (1502) mit >JA< gestimmt(Code 2). 09.05 13:15:45,620|
1507: stimme ab (1504) mit >JA< gestimmt(Code 2). 09.05 13:15:45,620|
1507: stimme ab (1507) mit >JA< gestimmt(Code 2). 09.05 13:15:45,620|
1507: stimme ab (1508) mit >JA< gestimmt(Code 2). 09.05 13:15:45,620|
1507: stimme ab (1503) mit >JA< gestimmt(Code 2). 09.05 13:15:45,620|
Koordinator 1te Terminierung gemeldet mit 80. 09.05 13:15:45,620|
1507: stimme ab (1505) mit >JA< gestimmt(Code 2). 09.05 13:15:45,620|
1507: stimme ab (1506) mit >JA< gestimmt(Code 2). 09.05 13:15:45,620|
1507: initiiere eine Terminierungsabstimmung (80). 09.05 13:15:47,617|
1507: stimme ab (1501) mit >JA< gestimmt(Code 2). 09.05 13:15:47,617|
1507: stimme ab (1502) mit >JA< gestimmt(Code 2). 09.05 13:15:47,617|
1507: stimme ab (1503) mit >JA< gestimmt(Code 2). 09.05 13:15:47,617|
1507: stimme ab (1504) mit >JA< gestimmt(Code 2). 09.05 13:15:47,617|
1507: stimme ab (1505) mit >JA< gestimmt(Code 2). 09.05 13:15:47,617|
1507: stimme ab (1506) mit >JA< gestimmt(Code 2). 09.05 13:15:47,617|
1507: stimme ab (1507) mit >JA< gestimmt(Code 2). 09.05 13:15:47,617|
Koordinator 1te Terminierung gemeldet mit 80. 09.05 13:15:47,617|
1507: stimme ab (1508) mit >JA< gestimmt(Code 2). 09.05 13:15:47,617|
1507: stimme ab (1509) mit >JA< gestimmt(Code 2). 09.05 13:15:47,617|
1507: initiiere eine Terminierungsabstimmung (80). 09.05 13:15:51,641|
1507: stimme ab (1502) mit >JA< gestimmt(Code 2). 09.05 13:15:51,641|
1507: stimme ab (1503) mit >JA< gestimmt(Code 2). 09.05 13:15:51,641|
1507: stimme ab (1504) mit >JA< gestimmt(Code 2). 09.05 13:15:51,641|
1507: stimme ab (1505) mit >JA< gestimmt(Code 2). 09.05 13:15:51,641|
1507: stimme ab (1506) mit >JA< gestimmt(Code 2). 09.05 13:15:51,641|
1507: stimme ab (1507) mit >JA< gestimmt(Code 2). 09.05 13:15:51,641|
1507: stimme ab (1508) mit >JA< gestimmt(Code 2). 09.05 13:15:51,641|
Koordinator 1te Terminierung gemeldet mit 80. 09.05 13:15:51,641|
1507: stimme ab (1501) mit >JA< gestimmt(Code 2). 09.05 13:15:51,641|
1507: stimme ab (1509) mit >JA< gestimmt(Code 2). 09.05 13:15:51,641|
1507: initiiere eine Terminierungsabstimmung (80). 09.05 13:15:53,653|
1507: stimme ab (1501) mit >JA< gestimmt(Code 2). 09.05 13:15:53,653|
1507: stimme ab (1502) mit >JA< gestimmt(Code 2). 09.05 13:15:53,653|
1507: stimme ab (1503) mit >JA< gestimmt(Code 2). 09.05 13:15:53,653|
1507: stimme ab (1504) mit >JA< gestimmt(Code 2). 09.05 13:15:53,653|
1507: stimme ab (1506) mit >JA< gestimmt(Code 2). 09.05 13:15:53,653|
1507: stimme ab (1507) mit >JA< gestimmt(Code 2). 09.05 13:15:53,653|
1507: stimme ab (1505) mit >JA< gestimmt(Code 2). 09.05 13:15:53,653|
1507: stimme ab (1508) mit >JA< gestimmt(Code 2). 09.05 13:15:53,653|
1507: stimme ab (1509) mit >JA< gestimmt(Code 2). 09.05 13:15:53,653|
setpm: 137417280. (1507)
sendy: 2400(137417280); berechnet als neues Mi 480. 09.05 13:16:38,020|
sendy: 480(480); keine Berechnung.
sendy: 480(480); keine Berechnung.
sendy: 240(480); berechnet als neues Mi 240. 09.05 13:16:46,070|
sendy: 80(240); berechnet als neues Mi 80. 09.05 13:16:48,083|
sendy: 80(80); keine Berechnung.
1507: initiiere eine Terminierungsabstimmung (80). 09.05 13:17:20,032|
1507: stimme ab (1501) mit >JA< gestimmt(Code 2). 09.05 13:17:20,032|
1507: stimme ab (1504) mit >JA< gestimmt(Code 2). 09.05 13:17:20,032|
1507: stimme ab (1502) mit >JA< gestimmt(Code 2). 09.05 13:17:20,032|
1507: stimme ab (1503) mit >JA< gestimmt(Code 2). 09.05 13:17:20,032|
1507: stimme ab (1505) mit >JA< gestimmt(Code 2). 09.05 13:17:20,032|
1507: stimme ab (1506) mit >JA< gestimmt(Code 2). 09.05 13:17:20,032|
1507: stimme ab (1507) mit >JA< gestimmt(Code 2). 09.05 13:17:20,032|
1507: stimme ab (1508) mit >JA< gestimmt(Code 2). 09.05 13:17:20,032|
1507: stimme ab (1509) mit >JA< gestimmt(Code 2). 09.05 13:17:20,032|
Koordinator 1te Terminierung gemeldet mit 80. 09.05 13:17:20,032|
1507: initiiere eine Terminierungsabstimmung (80). 09.05 13:17:24,056|
1507: stimme ab (1501) mit >JA< gestimmt(Code 2). 09.05 13:17:24,056|
1507: stimme ab (1502) mit >JA< gestimmt(Code 2). 09.05 13:17:24,056|
1507: stimme ab (1503) mit >JA< gestimmt(Code 2). 09.05 13:17:24,056|
1507: stimme ab (1507) mit >JA< gestimmt(Code 2). 09.05 13:17:24,056|
1507: stimme ab (1504) mit >JA< gestimmt(Code 2). 09.05 13:17:24,056|
1507: stimme ab (1505) mit >JA< gestimmt(Code 2). 09.05 13:17:24,056|
1507: stimme ab (1506) mit >JA< gestimmt(Code 2). 09.05 13:17:24,056|
1507: stimme ab (1508) mit >JA< gestimmt(Code 2). 09.05 13:17:24,056|
Koordinator 1te Terminierung gemeldet mit 80. 09.05 13:17:24,056|
1507: stimme ab (1509) mit >JA< gestimmt(Code 2). 09.05 13:17:24,056|
1507: initiiere eine Terminierungsabstimmung (80). 09.05 13:17:26,069|
1507: stimme ab (1501) mit >JA< gestimmt(Code 2). 09.05 13:17:26,069|
1507: stimme ab (1502) mit >JA< gestimmt(Code 2). 09.05 13:17:26,069|
1507: stimme ab (1504) mit >JA< gestimmt(Code 2). 09.05 13:17:26,069|
1507: stimme ab (1505) mit >JA< gestimmt(Code 2). 09.05 13:17:26,069|
1507: stimme ab (1507) mit >JA< gestimmt(Code 2). 09.05 13:17:26,069|
1507: stimme ab (1503) mit >JA< gestimmt(Code 2). 09.05 13:17:26,069|
1507: stimme ab (1506) mit >JA< gestimmt(Code 2). 09.05 13:17:26,069|
1507: stimme ab (1508) mit >JA< gestimmt(Code 2). 09.05 13:17:26,069|
1507: stimme ab (1509) mit >JA< gestimmt(Code 2). 09.05 13:17:26,069|
1507: initiiere eine Terminierungsabstimmung (80). 09.05 13:17:28,081|
1507: stimme ab (1501) mit >JA< gestimmt(Code 2). 09.05 13:17:28,081|
1507: stimme ab (1502) mit >JA< gestimmt(Code 2). 09.05 13:17:28,081|
1507: stimme ab (1503) mit >JA< gestimmt(Code 2). 09.05 13:17:28,081|
1507: stimme ab (1504) mit >JA< gestimmt(Code 2). 09.05 13:17:28,081|
1507: stimme ab (1505) mit >JA< gestimmt(Code 2). 09.05 13:17:28,081|
1507: stimme ab (1506) mit >JA< gestimmt(Code 2). 09.05 13:17:28,081|
1507: stimme ab (1507) mit >JA< gestimmt(Code 2). 09.05 13:17:28,081|
1507: stimme ab (1508) mit >JA< gestimmt(Code 2). 09.05 13:17:28,081|
Koordinator 1te Terminierung gemeldet mit 80. 09.05 13:17:28,081|
1507: stimme ab (1509) mit >JA< gestimmt(Code 2). 09.05 13:17:28,081|
1507: initiiere eine Terminierungsabstimmung (80). 09.05 13:17:30,094|
1507: stimme ab (1505) mit >JA< gestimmt(Code 2). 09.05 13:17:30,094|
1507: stimme ab (1501) mit >JA< gestimmt(Code 2). 09.05 13:17:30,094|
1507: stimme ab (1502) mit >JA< gestimmt(Code 2). 09.05 13:17:30,094|
1507: stimme ab (1503) mit >JA< gestimmt(Code 2). 09.05 13:17:30,094|
1507: stimme ab (1504) mit >JA< gestimmt(Code 2). 09.05 13:17:30,094|
1507: stimme ab (1506) mit >JA< gestimmt(Code 2). 09.05 13:17:30,094|
1507: stimme ab (1507) mit >JA< gestimmt(Code 2). 09.05 13:17:30,094|
Koordinator 1te Terminierung gemeldet mit 80. 09.05 13:17:30,094|
1507: stimme ab (1509) mit >JA< gestimmt(Code 2). 09.05 13:17:30,094|
1507: stimme ab (1508) mit >JA< gestimmt(Code 2). 09.05 13:17:30,094|
1507: initiiere eine Terminierungsabstimmung (80). 09.05 13:17:32,106|
1507: stimme ab (1504) mit >JA< gestimmt(Code 2). 09.05 13:17:32,106|
1507: stimme ab (1505) mit >JA< gestimmt(Code 2). 09.05 13:17:32,106|
1507: stimme ab (1506) mit >JA< gestimmt(Code 2). 09.05 13:17:32,106|
1507: stimme ab (1501) mit >JA< gestimmt(Code 2). 09.05 13:17:32,106|
1507: stimme ab (1502) mit >JA< gestimmt(Code 2). 09.05 13:17:32,106|
1507: stimme ab (1503) mit >JA< gestimmt(Code 2). 09.05 13:17:32,106|
1507: stimme ab (1507) mit >JA< gestimmt(Code 2). 09.05 13:17:32,106|
1507: stimme ab (1508) mit >JA< gestimmt(Code 2). 09.05 13:17:32,106|
1507: stimme ab (1509) mit >JA< gestimmt(Code 2). 09.05 13:17:32,106|
