1506 Startzeit: 09.05 10:26:15,948| mit PID <0.88.0> auf start@ralf-PC
beim Namensdienst und auf der Node lokal registriert.
beim Koordinator gemeldet
Linker 1508(1508) gebunden.
Rechter 1502(1502) gebunden.
1506: initiiere eine Terminierungsabstimmung (0). 09.05 10:26:18,725|
1506: stimme ab (1501) mit >JA< gestimmt(Code 2). 09.05 10:26:18,725|
1506: stimme ab (1502) mit >JA< gestimmt(Code 2). 09.05 10:26:18,725|
1506: stimme ab (1503) mit >JA< gestimmt(Code 2). 09.05 10:26:18,725|
1506: stimme ab (1505) mit >JA< gestimmt(Code 2). 09.05 10:26:18,725|
1506: stimme ab (1504) mit >JA< gestimmt(Code 2). 09.05 10:26:18,725|
1506: stimme ab (1507) mit >JA< gestimmt(Code 2). 09.05 10:26:18,725|
1506: stimme ab (1508) mit >JA< gestimmt(Code 2). 09.05 10:26:18,725|
1506: stimme ab (1509) mit >JA< gestimmt(Code 2). 09.05 10:26:18,725|
1506: stimme ab (1506) mit >JA< gestimmt(Code 2). 09.05 10:26:18,725|
sendy: 18018(0); keine Berechnung.
1506: initiiere eine Terminierungsabstimmung (0). 09.05 10:26:20,207|
1506: stimme ab (1501) mit >JA< gestimmt(Code 2). 09.05 10:26:20,207|
1506: stimme ab (1502) mit >JA< gestimmt(Code 2). 09.05 10:26:20,207|
1506: stimme ab (1503) mit >JA< gestimmt(Code 2). 09.05 10:26:20,207|
1506: stimme ab (1504) mit >JA< gestimmt(Code 2). 09.05 10:26:20,207|
1506: stimme ab (1505) mit >JA< gestimmt(Code 2). 09.05 10:26:20,207|
1506: stimme ab (1506) mit >JA< gestimmt(Code 2). 09.05 10:26:20,207|
1506: stimme ab (1507) mit >JA< gestimmt(Code 2). 09.05 10:26:20,207|
1506: stimme ab (1508) mit >JA< gestimmt(Code 2). 09.05 10:26:20,207|
1506: stimme ab (1509) mit >JA< gestimmt(Code 2). 09.05 10:26:20,207|
Koordinator 1te Terminierung gemeldet mit 0. 09.05 10:26:20,207|
