1503 Startzeit: 09.05 13:27:42,843| mit PID <0.82.0> auf start@ralf-PC
beim Namensdienst und auf der Node lokal registriert.
beim Koordinator gemeldet
Linker 1504(1504) gebunden.
Rechter 1501(1501) gebunden.
setpm: 228800. (1503)
1503: initiiere eine Terminierungsabstimmung (228800). 09.05 13:28:29,737|
1503: stimme ab (1501) mit >JA< gestimmt(Code 2). 09.05 13:28:29,737|
1503: stimme ab (1502) mit >JA< gestimmt(Code 2). 09.05 13:28:29,737|
1503: stimme ab (1503) mit >JA< gestimmt(Code 2). 09.05 13:28:29,737|
1503: stimme ab (1504) mit >JA< gestimmt(Code 2). 09.05 13:28:29,737|
Koordinator 1te Terminierung gemeldet mit 228800. 09.05 13:28:29,737|
1503: stimme ab (1505) mit >JA< gestimmt(Code 2). 09.05 13:28:29,737|
setpm: 314474160. (1503)
sendy: 17617600(314474160); berechnet als neues Mi 14974960. 09.05 13:28:49,066|
sendy: 12747280(14974960); berechnet als neues Mi 2227680. 09.05 13:28:53,091|
sendy: 8063440(2227680); keine Berechnung.
sendy: 1608880(2227680); berechnet als neues Mi 618800. 09.05 13:28:57,116|
sendy: 1380400(618800); keine Berechnung.
sendy: 91280(618800); berechnet als neues Mi 71120. 09.05 13:29:01,140|
sendy: 371280(71120); keine Berechnung.
sendy: 15680(71120); berechnet als neues Mi 8400. 09.05 13:29:05,165|
sendy: 1680(8400); berechnet als neues Mi 1680. 09.05 13:29:07,177|
sendy: 2240(1680); keine Berechnung.
sendy: 560(1680); berechnet als neues Mi 560. 09.05 13:29:11,202|
sendy: 1120(560); keine Berechnung.
sendy: 560(560); keine Berechnung.
1503: initiiere eine Terminierungsabstimmung (560). 09.05 13:29:31,077|
1503: initiiere eine Terminierungsabstimmung (560). 09.05 13:29:35,102|
1503: stimme ab (1502) mit >JA< gestimmt(Code 2). 09.05 13:29:35,102|
1503: initiiere eine Terminierungsabstimmung (560). 09.05 13:29:37,114|
1503: stimme ab (1504) mit >JA< gestimmt(Code 2). 09.05 13:29:37,114|
1503: stimme ab (1505) mit >JA< gestimmt(Code 2). 09.05 13:29:37,114|
1503: stimme ab (1501) mit >JA< gestimmt(Code 2). 09.05 13:29:37,114|
1503: stimme ab (1502) mit >JA< gestimmt(Code 2). 09.05 13:29:37,114|
Koordinator 1te Terminierung gemeldet mit 560. 09.05 13:29:37,114|
1503: stimme ab (1503) mit >JA< gestimmt(Code 2). 09.05 13:29:37,114|
1503: initiiere eine Terminierungsabstimmung (560). 09.05 13:29:39,127|
1503: stimme ab (1503) mit >JA< gestimmt(Code 2). 09.05 13:29:39,127|
1503: stimme ab (1504) mit >JA< gestimmt(Code 2). 09.05 13:29:39,127|
1503: stimme ab (1505) mit >JA< gestimmt(Code 2). 09.05 13:29:39,127|
1503: stimme ab (1501) mit >JA< gestimmt(Code 2). 09.05 13:29:39,127|
Koordinator 1te Terminierung gemeldet mit 560. 09.05 13:29:39,127|
1503: stimme ab (1502) mit >JA< gestimmt(Code 2). 09.05 13:29:39,127|
1503: initiiere eine Terminierungsabstimmung (560). 09.05 13:29:41,139|
1503: stimme ab (1501) mit >JA< gestimmt(Code 2). 09.05 13:29:41,139|
1503: stimme ab (1502) mit >JA< gestimmt(Code 2). 09.05 13:29:41,139|
1503: stimme ab (1503) mit >JA< gestimmt(Code 2). 09.05 13:29:41,139|
1503: stimme ab (1504) mit >JA< gestimmt(Code 2). 09.05 13:29:41,139|
Koordinator 1te Terminierung gemeldet mit 560. 09.05 13:29:41,139|
1503: stimme ab (1505) mit >JA< gestimmt(Code 2). 09.05 13:29:41,139|
1503: initiiere eine Terminierungsabstimmung (560). 09.05 13:29:43,151|
1503: stimme ab (1501) mit >JA< gestimmt(Code 2). 09.05 13:29:43,151|
1503: stimme ab (1502) mit >JA< gestimmt(Code 2). 09.05 13:29:43,151|
1503: stimme ab (1503) mit >JA< gestimmt(Code 2). 09.05 13:29:43,151|
1503: stimme ab (1504) mit >JA< gestimmt(Code 2). 09.05 13:29:43,151|
Koordinator 1te Terminierung gemeldet mit 560. 09.05 13:29:43,151|
1503: stimme ab (1505) mit >JA< gestimmt(Code 2). 09.05 13:29:43,151|
1503: initiiere eine Terminierungsabstimmung (560). 09.05 13:29:45,163|
1503: stimme ab (1501) mit >JA< gestimmt(Code 2). 09.05 13:29:45,163|
1503: stimme ab (1502) mit >JA< gestimmt(Code 2). 09.05 13:29:45,163|
1503: stimme ab (1503) mit >JA< gestimmt(Code 2). 09.05 13:29:45,163|
1503: stimme ab (1504) mit >JA< gestimmt(Code 2). 09.05 13:29:45,163|
Koordinator 1te Terminierung gemeldet mit 560. 09.05 13:29:45,163|
1503: stimme ab (1505) mit >JA< gestimmt(Code 2). 09.05 13:29:45,163|
1503: initiiere eine Terminierungsabstimmung (560). 09.05 13:29:47,175|
1503: stimme ab (1501) mit >JA< gestimmt(Code 2). 09.05 13:29:47,175|
1503: stimme ab (1502) mit >JA< gestimmt(Code 2). 09.05 13:29:47,175|
1503: stimme ab (1503) mit >JA< gestimmt(Code 2). 09.05 13:29:47,175|
1503: stimme ab (1504) mit >JA< gestimmt(Code 2). 09.05 13:29:47,175|
Koordinator 1te Terminierung gemeldet mit 560. 09.05 13:29:47,175|
1503: stimme ab (1505) mit >JA< gestimmt(Code 2). 09.05 13:29:47,175|
1503: initiiere eine Terminierungsabstimmung (560). 09.05 13:29:49,189|
1503: stimme ab (1501) mit >JA< gestimmt(Code 2). 09.05 13:29:49,189|
1503: stimme ab (1502) mit >JA< gestimmt(Code 2). 09.05 13:29:49,189|
1503: stimme ab (1503) mit >JA< gestimmt(Code 2). 09.05 13:29:49,189|
1503: stimme ab (1504) mit >JA< gestimmt(Code 2). 09.05 13:29:49,189|
1503: stimme ab (1505) mit >JA< gestimmt(Code 2). 09.05 13:29:49,189|
Koordinator 1te Terminierung gemeldet mit 560. 09.05 13:29:49,189|
1503: initiiere eine Terminierungsabstimmung (560). 09.05 13:29:51,201|
1503: stimme ab (1504) mit >JA< gestimmt(Code 2). 09.05 13:29:51,201|
1503: stimme ab (1505) mit >JA< gestimmt(Code 2). 09.05 13:29:51,201|
1503: stimme ab (1501) mit >JA< gestimmt(Code 2). 09.05 13:29:51,201|
1503: stimme ab (1502) mit >JA< gestimmt(Code 2). 09.05 13:29:51,201|
Koordinator 1te Terminierung gemeldet mit 560. 09.05 13:29:51,201|
1503: stimme ab (1503) mit >JA< gestimmt(Code 2). 09.05 13:29:51,201|
1503: initiiere eine Terminierungsabstimmung (560). 09.05 13:29:53,214|
1503: stimme ab (1501) mit >JA< gestimmt(Code 2). 09.05 13:29:53,214|
1503: stimme ab (1502) mit >JA< gestimmt(Code 2). 09.05 13:29:53,214|
1503: stimme ab (1503) mit >JA< gestimmt(Code 2). 09.05 13:29:53,214|
1503: stimme ab (1504) mit >JA< gestimmt(Code 2). 09.05 13:29:53,214|
Koordinator 1te Terminierung gemeldet mit 560. 09.05 13:29:53,214|
1503: stimme ab (1505) mit >JA< gestimmt(Code 2). 09.05 13:29:53,214|
1503: initiiere eine Terminierungsabstimmung (560). 09.05 13:29:55,226|
1503: stimme ab (1504) mit >JA< gestimmt(Code 2). 09.05 13:29:55,226|
1503: stimme ab (1505) mit >JA< gestimmt(Code 2). 09.05 13:29:55,226|
1503: stimme ab (1501) mit >JA< gestimmt(Code 2). 09.05 13:29:55,226|
1503: stimme ab (1502) mit >JA< gestimmt(Code 2). 09.05 13:29:55,226|
Koordinator 1te Terminierung gemeldet mit 560. 09.05 13:29:55,226|
1503: stimme ab (1503) mit >JA< gestimmt(Code 2). 09.05 13:29:55,226|
1503: initiiere eine Terminierungsabstimmung (560). 09.05 13:29:57,238|
1503: stimme ab (1501) mit >JA< gestimmt(Code 2). 09.05 13:29:57,238|
1503: stimme ab (1502) mit >JA< gestimmt(Code 2). 09.05 13:29:57,238|
1503: stimme ab (1503) mit >JA< gestimmt(Code 2). 09.05 13:29:57,238|
1503: stimme ab (1504) mit >JA< gestimmt(Code 2). 09.05 13:29:57,238|
Koordinator 1te Terminierung gemeldet mit 560. 09.05 13:29:57,238|
1503: stimme ab (1505) mit >JA< gestimmt(Code 2). 09.05 13:29:57,238|
setpm: 64033200. (1503)
setpm: 9189180. (1503)
sendy: 2316(9189180); berechnet als neues Mi 1608. 09.05 13:31:21,728|
sendy: 984(1608); berechnet als neues Mi 624. 09.05 13:31:23,741|
sendy: 588(624); berechnet als neues Mi 36. 09.05 13:31:25,753|
sendy: 312(36); keine Berechnung.
sendy: 24(36); berechnet als neues Mi 12. 09.05 13:31:31,790|
sendy: 12(12); keine Berechnung.
sendy: 12(12); keine Berechnung.
1503: initiiere eine Terminierungsabstimmung (12). 09.05 13:32:03,740|
1503: stimme ab (1501) mit >JA< gestimmt(Code 2). 09.05 13:32:03,740|
1503: stimme ab (1502) mit >JA< gestimmt(Code 2). 09.05 13:32:03,740|
1503: stimme ab (1503) mit >JA< gestimmt(Code 2). 09.05 13:32:03,740|
1503: stimme ab (1504) mit >JA< gestimmt(Code 2). 09.05 13:32:03,740|
Koordinator 1te Terminierung gemeldet mit 12. 09.05 13:32:03,740|
1503: stimme ab (1505) mit >JA< gestimmt(Code 2). 09.05 13:32:03,740|
1503: initiiere eine Terminierungsabstimmung (12). 09.05 13:32:05,752|
1503: stimme ab (1503) mit >JA< gestimmt(Code 2). 09.05 13:32:05,752|
1503: stimme ab (1504) mit >JA< gestimmt(Code 2). 09.05 13:32:05,752|
1503: stimme ab (1505) mit >JA< gestimmt(Code 2). 09.05 13:32:05,752|
1503: stimme ab (1501) mit >JA< gestimmt(Code 2). 09.05 13:32:05,752|
Koordinator 1te Terminierung gemeldet mit 12. 09.05 13:32:05,752|
1503: stimme ab (1502) mit >JA< gestimmt(Code 2). 09.05 13:32:05,752|
1503: initiiere eine Terminierungsabstimmung (12). 09.05 13:32:07,764|
1503: stimme ab (1501) mit >JA< gestimmt(Code 2). 09.05 13:32:07,764|
1503: stimme ab (1502) mit >JA< gestimmt(Code 2). 09.05 13:32:07,764|
1503: stimme ab (1503) mit >JA< gestimmt(Code 2). 09.05 13:32:07,764|
1503: stimme ab (1504) mit >JA< gestimmt(Code 2). 09.05 13:32:07,764|
Koordinator 1te Terminierung gemeldet mit 12. 09.05 13:32:07,764|
1503: stimme ab (1505) mit >JA< gestimmt(Code 2). 09.05 13:32:07,764|
1503: initiiere eine Terminierungsabstimmung (12). 09.05 13:32:09,777|
1503: stimme ab (1501) mit >JA< gestimmt(Code 2). 09.05 13:32:09,777|
1503: stimme ab (1502) mit >JA< gestimmt(Code 2). 09.05 13:32:09,777|
1503: stimme ab (1503) mit >JA< gestimmt(Code 2). 09.05 13:32:09,777|
1503: stimme ab (1504) mit >JA< gestimmt(Code 2). 09.05 13:32:09,777|
Koordinator 1te Terminierung gemeldet mit 12. 09.05 13:32:09,777|
1503: stimme ab (1505) mit >JA< gestimmt(Code 2). 09.05 13:32:09,777|
1503: initiiere eine Terminierungsabstimmung (12). 09.05 13:32:13,802|
1503: stimme ab (1501) mit >JA< gestimmt(Code 2). 09.05 13:32:13,802|
1503: stimme ab (1502) mit >JA< gestimmt(Code 2). 09.05 13:32:13,802|
1503: stimme ab (1503) mit >JA< gestimmt(Code 2). 09.05 13:32:13,802|
1503: stimme ab (1504) mit >JA< gestimmt(Code 2). 09.05 13:32:13,802|
1503: stimme ab (1505) mit >JA< gestimmt(Code 2). 09.05 13:32:13,802|
1503: initiiere eine Terminierungsabstimmung (12). 09.05 13:32:15,814|
1503: stimme ab (1503) mit >JA< gestimmt(Code 2). 09.05 13:32:15,814|
1503: stimme ab (1504) mit >JA< gestimmt(Code 2). 09.05 13:32:15,814|
1503: stimme ab (1505) mit >JA< gestimmt(Code 2). 09.05 13:32:15,814|
1503: stimme ab (1501) mit >JA< gestimmt(Code 2). 09.05 13:32:15,814|
Koordinator 1te Terminierung gemeldet mit 12. 09.05 13:32:15,814|
1503: stimme ab (1502) mit >JA< gestimmt(Code 2). 09.05 13:32:15,814|
1503: initiiere eine Terminierungsabstimmung (12). 09.05 13:32:17,826|
1503: stimme ab (1501) mit >JA< gestimmt(Code 2). 09.05 13:32:17,826|
1503: stimme ab (1502) mit >JA< gestimmt(Code 2). 09.05 13:32:17,826|
1503: stimme ab (1503) mit >JA< gestimmt(Code 2). 09.05 13:32:17,826|
1503: stimme ab (1504) mit >JA< gestimmt(Code 2). 09.05 13:32:17,826|
Koordinator 1te Terminierung gemeldet mit 12. 09.05 13:32:17,826|
1503: stimme ab (1505) mit >JA< gestimmt(Code 2). 09.05 13:32:17,826|
setpm: 381861480. (1503)
Downtime: 09.05 13:34:49,257| vom Client 1503
