0-clientserver@lab25.cpt.haw-hamburg.de<0.53.0>-C-1-5: Start: 12.04 12:32:20,292|.
0-clientserver@lab25.cpt.haw-hamburg.de<0.53.0>-C-1-5: 1te_Nachricht. C Out: 12.04 12:32:20,292|(1) gesendet
0-clientserver@lab25.cpt.haw-hamburg.de<0.53.0>-C-1-5: 6te_Nachricht. C Out: 12.04 12:32:23,298|(6) gesendet
0-clientserver@lab25.cpt.haw-hamburg.de<0.53.0>-C-1-5: 11te_Nachricht. C Out: 12.04 12:32:26,300|(11) gesendet
0-clientserver@lab25.cpt.haw-hamburg.de<0.53.0>-C-1-5: 16te_Nachricht. C Out: 12.04 12:32:29,303|(16) gesendet
0-clientserver@lab25.cpt.haw-hamburg.de<0.53.0>-C-1-5: 21te_Nachricht. C Out: 12.04 12:32:32,306|(21) gesendet
26te_Nachricht um 12.04 12:32:35,308|- vergessen zu senden ******
Neues Sendeintervall: 2 Sekunden
0-clientserver@lab25.cpt.haw-hamburg.de<0.53.0>-C-1-5: 6te_Nachricht. C Out: 12.04 12:32:23,298|(6)|hbqin:12.04 12:32:26,300||dlqin:12.04 12:32:26,300| ; C In: 12.04 12:32:37,320|
1-clientserver@lab25.cpt.haw-hamburg.de<0.55.0>-C-1-5: 7te_Nachricht. C Out: 12.04 12:32:23,298|(7)|hbqin:12.04 12:32:26,301||dlqin:12.04 12:32:26,302| ; C In: 12.04 12:32:37,323|
2-clientserver@lab25.cpt.haw-hamburg.de<0.56.0>-C-1-5: 8te_Nachricht. C Out: 12.04 12:32:23,298|(8)|hbqin:12.04 12:32:26,303||dlqin:12.04 12:32:26,303| ; C In: 12.04 12:32:37,326|
3-clientserver@lab25.cpt.haw-hamburg.de<0.57.0>-C-1-5: 9te_Nachricht. C Out: 12.04 12:32:23,298|(9)|hbqin:12.04 12:32:26,304||dlqin:12.04 12:32:26,304| ; C In: 12.04 12:32:37,328|
4-clientserver@lab25.cpt.haw-hamburg.de<0.58.0>-C-1-5: 10te_Nachricht. C Out: 12.04 12:32:23,298|(10)|hbqin:12.04 12:32:26,305||dlqin:12.04 12:32:26,306| ; C In: 12.04 12:32:37,331|
0-clientserver@lab25.cpt.haw-hamburg.de<0.53.0>-C-1-5: 11te_Nachricht. C Out: 12.04 12:32:26,300|(11)|hbqin:12.04 12:32:29,303||dlqin:12.04 12:32:29,304| ; C In: 12.04 12:32:37,333|
1-clientserver@lab25.cpt.haw-hamburg.de<0.55.0>-C-1-5: 12te_Nachricht. C Out: 12.04 12:32:26,301|(12)|hbqin:12.04 12:32:29,306||dlqin:12.04 12:32:29,306| ; C In: 12.04 12:32:37,335|
2-clientserver@lab25.cpt.haw-hamburg.de<0.56.0>-C-1-5: 13te_Nachricht. C Out: 12.04 12:32:26,301|(13)|hbqin:12.04 12:32:29,308||dlqin:12.04 12:32:29,309| ; C In: 12.04 12:32:37,337|
3-clientserver@lab25.cpt.haw-hamburg.de<0.57.0>-C-1-5: 14te_Nachricht. C Out: 12.04 12:32:26,301|(14)|hbqin:12.04 12:32:29,310||dlqin:12.04 12:32:29,310| ; C In: 12.04 12:32:37,339|
4-clientserver@lab25.cpt.haw-hamburg.de<0.58.0>-C-1-5: 15te_Nachricht. C Out: 12.04 12:32:26,302|(15)|hbqin:12.04 12:32:29,312||dlqin:12.04 12:32:29,312| ; C In: 12.04 12:32:37,341|
0-clientserver@lab25.cpt.haw-hamburg.de<0.53.0>-C-1-5: 16te_Nachricht. C Out: 12.04 12:32:29,303|(16)|hbqin:12.04 12:32:32,306||dlqin:12.04 12:32:32,306| ; C In: 12.04 12:32:37,343|
1-clientserver@lab25.cpt.haw-hamburg.de<0.55.0>-C-1-5: 17te_Nachricht. C Out: 12.04 12:32:29,304|(17)|hbqin:12.04 12:32:32,308||dlqin:12.04 12:32:32,308| ; C In: 12.04 12:32:37,344|
2-clientserver@lab25.cpt.haw-hamburg.de<0.56.0>-C-1-5: 18te_Nachricht. C Out: 12.04 12:32:29,305|(18)|hbqin:12.04 12:32:32,310||dlqin:12.04 12:32:32,310| ; C In: 12.04 12:32:37,346|
3-clientserver@lab25.cpt.haw-hamburg.de<0.57.0>-C-1-5: 19te_Nachricht. C Out: 12.04 12:32:29,305|(19)|hbqin:12.04 12:32:32,311||dlqin:12.04 12:32:32,312| ; C In: 12.04 12:32:37,347|
4-clientserver@lab25.cpt.haw-hamburg.de<0.58.0>-C-1-5: 20te_Nachricht. C Out: 12.04 12:32:29,306|(20)|hbqin:12.04 12:32:32,314||dlqin:12.04 12:32:32,314| ; C In: 12.04 12:32:37,349|
0-clientserver@lab25.cpt.haw-hamburg.de<0.53.0>-C-1-5: 21te_Nachricht. C Out: 12.04 12:32:32,306|(21)|hbqin:12.04 12:32:35,308||dlqin:12.04 12:32:35,308| ; C In: 12.04 12:32:37,350|
1-clientserver@lab25.cpt.haw-hamburg.de<0.55.0>-C-1-5: 22te_Nachricht. C Out: 12.04 12:32:32,307|(22)|hbqin:12.04 12:32:35,312||dlqin:12.04 12:32:35,312| ; C In: 12.04 12:32:37,351|
2-clientserver@lab25.cpt.haw-hamburg.de<0.56.0>-C-1-5: 23te_Nachricht. C Out: 12.04 12:32:32,307|(23)|hbqin:12.04 12:32:35,315||dlqin:12.04 12:32:35,315| ; C In: 12.04 12:32:37,352|
3-clientserver@lab25.cpt.haw-hamburg.de<0.57.0>-C-1-5: 24te_Nachricht. C Out: 12.04 12:32:32,307|(24)|hbqin:12.04 12:32:35,317||dlqin:12.04 12:32:35,317| ; C In: 12.04 12:32:37,353|
4-clientserver@lab25.cpt.haw-hamburg.de<0.58.0>-C-1-5: 25te_Nachricht. C Out: 12.04 12:32:32,308|(25)|hbqin:12.04 12:32:35,319||dlqin:12.04 12:32:35,320| ; C In: 12.04 12:32:37,354|
..getmessages..Done...
0-clientserver@lab25.cpt.haw-hamburg.de<0.53.0>-C-1-5: 31te_Nachricht. C Out: 12.04 12:32:37,356|(31) gesendet
0-clientserver@lab25.cpt.haw-hamburg.de<0.53.0>-C-1-5: 33te_Nachricht. C Out: 12.04 12:32:39,357|(33) gesendet
0-clientserver@lab25.cpt.haw-hamburg.de<0.53.0>-C-1-5: 38te_Nachricht. C Out: 12.04 12:32:41,359|(38) gesendet
0-clientserver@lab25.cpt.haw-hamburg.de<0.53.0>-C-1-5: 40te_Nachricht. C Out: 12.04 12:32:43,360|(40) gesendet
0-clientserver@lab25.cpt.haw-hamburg.de<0.53.0>-C-1-5: 45te_Nachricht. C Out: 12.04 12:32:45,363|(45) gesendet
47te_Nachricht um 12.04 12:32:47,365|- vergessen zu senden ******
Neues Sendeintervall: 2 Sekunden
HBQ: message 26 to 30 replaced
|dlqin:12.04 12:32:48,838| ; C In: 12.04 12:32:49,367|
0-clientserver@lab25.cpt.haw-hamburg.de<0.53.0>-C-1-5: 31te_Nachricht. C Out: 12.04 12:32:37,356|(31)|hbqin:12.04 12:32:39,357||dlqin:12.04 12:32:48,838| ; C In: 12.04 12:32:49,368|
2-clientserver@lab25.cpt.haw-hamburg.de<0.56.0>-C-1-5: 32te_Nachricht. C Out: 12.04 12:32:37,356|(32)|hbqin:12.04 12:32:39,358||dlqin:12.04 12:32:48,838| ; C In: 12.04 12:32:49,370|
0-clientserver@lab25.cpt.haw-hamburg.de<0.53.0>-C-1-5: 33te_Nachricht. C Out: 12.04 12:32:39,357|(33)|hbqin:12.04 12:32:41,359||dlqin:12.04 12:32:48,838| ; C In: 12.04 12:32:49,371|
2-clientserver@lab25.cpt.haw-hamburg.de<0.56.0>-C-1-5: 34te_Nachricht. C Out: 12.04 12:32:39,357|(34)|hbqin:12.04 12:32:41,360||dlqin:12.04 12:32:48,838| ; C In: 12.04 12:32:49,373|
1-clientserver@lab25.cpt.haw-hamburg.de<0.55.0>-C-1-5: 35te_Nachricht. C Out: 12.04 12:32:39,833|(35)|hbqin:12.04 12:32:44,335||dlqin:12.04 12:32:48,839| ; C In: 12.04 12:32:49,374|
3-clientserver@lab25.cpt.haw-hamburg.de<0.57.0>-C-1-5: 36te_Nachricht. C Out: 12.04 12:32:39,834|(36)|hbqin:12.04 12:32:44,336||dlqin:12.04 12:32:48,839| ; C In: 12.04 12:32:49,376|
4-clientserver@lab25.cpt.haw-hamburg.de<0.58.0>-C-1-5: 37te_Nachricht. C Out: 12.04 12:32:39,834|(37)|hbqin:12.04 12:32:44,337||dlqin:12.04 12:32:48,839| ; C In: 12.04 12:32:49,377|
0-clientserver@lab25.cpt.haw-hamburg.de<0.53.0>-C-1-5: 38te_Nachricht. C Out: 12.04 12:32:41,359|(38)|hbqin:12.04 12:32:43,360||dlqin:12.04 12:32:48,839| ; C In: 12.04 12:32:49,378|
2-clientserver@lab25.cpt.haw-hamburg.de<0.56.0>-C-1-5: 39te_Nachricht. C Out: 12.04 12:32:41,359|(39)|hbqin:12.04 12:32:43,361||dlqin:12.04 12:32:48,839| ; C In: 12.04 12:32:49,379|
0-clientserver@lab25.cpt.haw-hamburg.de<0.53.0>-C-1-5: 40te_Nachricht. C Out: 12.04 12:32:43,360|(40)|hbqin:12.04 12:32:45,363||dlqin:12.04 12:32:48,839| ; C In: 12.04 12:32:49,381|
2-clientserver@lab25.cpt.haw-hamburg.de<0.56.0>-C-1-5: 41te_Nachricht. C Out: 12.04 12:32:43,361|(41)|hbqin:12.04 12:32:45,366||dlqin:12.04 12:32:48,839| ; C In: 12.04 12:32:49,382|
1-clientserver@lab25.cpt.haw-hamburg.de<0.55.0>-C-1-5: 42te_Nachricht. C Out: 12.04 12:32:44,335|(42)|hbqin:12.04 12:32:48,837||dlqin:12.04 12:32:48,839| ; C In: 12.04 12:32:49,383|
3-clientserver@lab25.cpt.haw-hamburg.de<0.57.0>-C-1-5: 43te_Nachricht. C Out: 12.04 12:32:44,336|(43)|hbqin:12.04 12:32:48,843||dlqin:12.04 12:32:48,843| ; C In: 12.04 12:32:49,384|
4-clientserver@lab25.cpt.haw-hamburg.de<0.58.0>-C-1-5: 44te_Nachricht. C Out: 12.04 12:32:44,336|(44)|hbqin:12.04 12:32:48,846||dlqin:12.04 12:32:48,846| ; C In: 12.04 12:32:49,385|
0-clientserver@lab25.cpt.haw-hamburg.de<0.53.0>-C-1-5: 45te_Nachricht. C Out: 12.04 12:32:45,363|(45)|hbqin:12.04 12:32:47,365||dlqin:12.04 12:32:48,847| ; C In: 12.04 12:32:49,386|
2-clientserver@lab25.cpt.haw-hamburg.de<0.56.0>-C-1-5: 46te_Nachricht. C Out: 12.04 12:32:45,364|(46)|hbqin:12.04 12:32:47,369||dlqin:12.04 12:32:48,847| ; C In: 12.04 12:32:49,386|
..getmessages..Done...
0-clientserver@lab25.cpt.haw-hamburg.de<0.53.0>-C-1-5: 52te_Nachricht. C Out: 12.04 12:32:49,387|(52) gesendet
0-clientserver@lab25.cpt.haw-hamburg.de<0.53.0>-C-1-5: 54te_Nachricht. C Out: 12.04 12:32:51,389|(54) gesendet
0-clientserver@lab25.cpt.haw-hamburg.de<0.53.0>-C-1-5: 58te_Nachricht. C Out: 12.04 12:32:53,391|(58) gesendet
0-clientserver@lab25.cpt.haw-hamburg.de<0.53.0>-C-1-5: 60te_Nachricht. C Out: 12.04 12:32:55,392|(60) gesendet
0-clientserver@lab25.cpt.haw-hamburg.de<0.53.0>-C-1-5: 62te_Nachricht. C Out: 12.04 12:32:57,395|(62) gesendet
67te_Nachricht um 12.04 12:32:59,399|- vergessen zu senden ******
Neues Sendeintervall: 3 Sekunden
