2-clientserver@lab25.cpt.haw-hamburg.de<0.56.0>-C-1-5: Start: 12.04 12:32:20,293|.
2-clientserver@lab25.cpt.haw-hamburg.de<0.56.0>-C-1-5: 3te_Nachricht. C Out: 12.04 12:32:20,293|(3) gesendet
2-clientserver@lab25.cpt.haw-hamburg.de<0.56.0>-C-1-5: 8te_Nachricht. C Out: 12.04 12:32:23,298|(8) gesendet
2-clientserver@lab25.cpt.haw-hamburg.de<0.56.0>-C-1-5: 13te_Nachricht. C Out: 12.04 12:32:26,301|(13) gesendet
2-clientserver@lab25.cpt.haw-hamburg.de<0.56.0>-C-1-5: 18te_Nachricht. C Out: 12.04 12:32:29,305|(18) gesendet
2-clientserver@lab25.cpt.haw-hamburg.de<0.56.0>-C-1-5: 23te_Nachricht. C Out: 12.04 12:32:32,307|(23) gesendet
28te_Nachricht um 12.04 12:32:35,313|- vergessen zu senden ******
Neues Sendeintervall: 2 Sekunden
0-clientserver@lab25.cpt.haw-hamburg.de<0.53.0>-C-1-5: 6te_Nachricht. C Out: 12.04 12:32:23,298|(6)|hbqin:12.04 12:32:26,300||dlqin:12.04 12:32:26,300| ; C In: 12.04 12:32:37,322|
1-clientserver@lab25.cpt.haw-hamburg.de<0.55.0>-C-1-5: 7te_Nachricht. C Out: 12.04 12:32:23,298|(7)|hbqin:12.04 12:32:26,301||dlqin:12.04 12:32:26,302| ; C In: 12.04 12:32:37,325|
2-clientserver@lab25.cpt.haw-hamburg.de<0.56.0>-C-1-5: 8te_Nachricht. C Out: 12.04 12:32:23,298|(8)|hbqin:12.04 12:32:26,303||dlqin:12.04 12:32:26,303| ; C In: 12.04 12:32:37,327|
3-clientserver@lab25.cpt.haw-hamburg.de<0.57.0>-C-1-5: 9te_Nachricht. C Out: 12.04 12:32:23,298|(9)|hbqin:12.04 12:32:26,304||dlqin:12.04 12:32:26,304| ; C In: 12.04 12:32:37,330|
4-clientserver@lab25.cpt.haw-hamburg.de<0.58.0>-C-1-5: 10te_Nachricht. C Out: 12.04 12:32:23,298|(10)|hbqin:12.04 12:32:26,305||dlqin:12.04 12:32:26,306| ; C In: 12.04 12:32:37,332|
0-clientserver@lab25.cpt.haw-hamburg.de<0.53.0>-C-1-5: 11te_Nachricht. C Out: 12.04 12:32:26,300|(11)|hbqin:12.04 12:32:29,303||dlqin:12.04 12:32:29,304| ; C In: 12.04 12:32:37,334|
1-clientserver@lab25.cpt.haw-hamburg.de<0.55.0>-C-1-5: 12te_Nachricht. C Out: 12.04 12:32:26,301|(12)|hbqin:12.04 12:32:29,306||dlqin:12.04 12:32:29,306| ; C In: 12.04 12:32:37,336|
2-clientserver@lab25.cpt.haw-hamburg.de<0.56.0>-C-1-5: 13te_Nachricht. C Out: 12.04 12:32:26,301|(13)|hbqin:12.04 12:32:29,308||dlqin:12.04 12:32:29,309| ; C In: 12.04 12:32:37,338|
3-clientserver@lab25.cpt.haw-hamburg.de<0.57.0>-C-1-5: 14te_Nachricht. C Out: 12.04 12:32:26,301|(14)|hbqin:12.04 12:32:29,310||dlqin:12.04 12:32:29,310| ; C In: 12.04 12:32:37,340|
4-clientserver@lab25.cpt.haw-hamburg.de<0.58.0>-C-1-5: 15te_Nachricht. C Out: 12.04 12:32:26,302|(15)|hbqin:12.04 12:32:29,312||dlqin:12.04 12:32:29,312| ; C In: 12.04 12:32:37,342|
0-clientserver@lab25.cpt.haw-hamburg.de<0.53.0>-C-1-5: 16te_Nachricht. C Out: 12.04 12:32:29,303|(16)|hbqin:12.04 12:32:32,306||dlqin:12.04 12:32:32,306| ; C In: 12.04 12:32:37,344|
1-clientserver@lab25.cpt.haw-hamburg.de<0.55.0>-C-1-5: 17te_Nachricht. C Out: 12.04 12:32:29,304|(17)|hbqin:12.04 12:32:32,308||dlqin:12.04 12:32:32,308| ; C In: 12.04 12:32:37,345|
2-clientserver@lab25.cpt.haw-hamburg.de<0.56.0>-C-1-5: 18te_Nachricht. C Out: 12.04 12:32:29,305|(18)|hbqin:12.04 12:32:32,310||dlqin:12.04 12:32:32,310| ; C In: 12.04 12:32:37,347|
3-clientserver@lab25.cpt.haw-hamburg.de<0.57.0>-C-1-5: 19te_Nachricht. C Out: 12.04 12:32:29,305|(19)|hbqin:12.04 12:32:32,311||dlqin:12.04 12:32:32,312| ; C In: 12.04 12:32:37,348|
4-clientserver@lab25.cpt.haw-hamburg.de<0.58.0>-C-1-5: 20te_Nachricht. C Out: 12.04 12:32:29,306|(20)|hbqin:12.04 12:32:32,314||dlqin:12.04 12:32:32,314| ; C In: 12.04 12:32:37,349|
0-clientserver@lab25.cpt.haw-hamburg.de<0.53.0>-C-1-5: 21te_Nachricht. C Out: 12.04 12:32:32,306|(21)|hbqin:12.04 12:32:35,308||dlqin:12.04 12:32:35,308| ; C In: 12.04 12:32:37,350|
1-clientserver@lab25.cpt.haw-hamburg.de<0.55.0>-C-1-5: 22te_Nachricht. C Out: 12.04 12:32:32,307|(22)|hbqin:12.04 12:32:35,312||dlqin:12.04 12:32:35,312| ; C In: 12.04 12:32:37,351|
2-clientserver@lab25.cpt.haw-hamburg.de<0.56.0>-C-1-5: 23te_Nachricht. C Out: 12.04 12:32:32,307|(23)|hbqin:12.04 12:32:35,315||dlqin:12.04 12:32:35,315| ; C In: 12.04 12:32:37,352|
3-clientserver@lab25.cpt.haw-hamburg.de<0.57.0>-C-1-5: 24te_Nachricht. C Out: 12.04 12:32:32,307|(24)|hbqin:12.04 12:32:35,317||dlqin:12.04 12:32:35,317| ; C In: 12.04 12:32:37,354|
4-clientserver@lab25.cpt.haw-hamburg.de<0.58.0>-C-1-5: 25te_Nachricht. C Out: 12.04 12:32:32,308|(25)|hbqin:12.04 12:32:35,319||dlqin:12.04 12:32:35,320| ; C In: 12.04 12:32:37,355|
..getmessages..Done...
2-clientserver@lab25.cpt.haw-hamburg.de<0.56.0>-C-1-5: 32te_Nachricht. C Out: 12.04 12:32:37,356|(32) gesendet
2-clientserver@lab25.cpt.haw-hamburg.de<0.56.0>-C-1-5: 34te_Nachricht. C Out: 12.04 12:32:39,357|(34) gesendet
2-clientserver@lab25.cpt.haw-hamburg.de<0.56.0>-C-1-5: 39te_Nachricht. C Out: 12.04 12:32:41,359|(39) gesendet
2-clientserver@lab25.cpt.haw-hamburg.de<0.56.0>-C-1-5: 41te_Nachricht. C Out: 12.04 12:32:43,361|(41) gesendet
2-clientserver@lab25.cpt.haw-hamburg.de<0.56.0>-C-1-5: 46te_Nachricht. C Out: 12.04 12:32:45,364|(46) gesendet
48te_Nachricht um 12.04 12:32:47,366|- vergessen zu senden ******
Neues Sendeintervall: 3 Sekunden
HBQ: message 26 to 30 replaced
|dlqin:12.04 12:32:48,838| ; C In: 12.04 12:32:50,369|
0-clientserver@lab25.cpt.haw-hamburg.de<0.53.0>-C-1-5: 31te_Nachricht. C Out: 12.04 12:32:37,356|(31)|hbqin:12.04 12:32:39,357||dlqin:12.04 12:32:48,838| ; C In: 12.04 12:32:50,371|
2-clientserver@lab25.cpt.haw-hamburg.de<0.56.0>-C-1-5: 32te_Nachricht. C Out: 12.04 12:32:37,356|(32)|hbqin:12.04 12:32:39,358||dlqin:12.04 12:32:48,838| ; C In: 12.04 12:32:50,373|
0-clientserver@lab25.cpt.haw-hamburg.de<0.53.0>-C-1-5: 33te_Nachricht. C Out: 12.04 12:32:39,357|(33)|hbqin:12.04 12:32:41,359||dlqin:12.04 12:32:48,838| ; C In: 12.04 12:32:50,374|
2-clientserver@lab25.cpt.haw-hamburg.de<0.56.0>-C-1-5: 34te_Nachricht. C Out: 12.04 12:32:39,357|(34)|hbqin:12.04 12:32:41,360||dlqin:12.04 12:32:48,838| ; C In: 12.04 12:32:50,376|
1-clientserver@lab25.cpt.haw-hamburg.de<0.55.0>-C-1-5: 35te_Nachricht. C Out: 12.04 12:32:39,833|(35)|hbqin:12.04 12:32:44,335||dlqin:12.04 12:32:48,839| ; C In: 12.04 12:32:50,377|
3-clientserver@lab25.cpt.haw-hamburg.de<0.57.0>-C-1-5: 36te_Nachricht. C Out: 12.04 12:32:39,834|(36)|hbqin:12.04 12:32:44,336||dlqin:12.04 12:32:48,839| ; C In: 12.04 12:32:50,379|
4-clientserver@lab25.cpt.haw-hamburg.de<0.58.0>-C-1-5: 37te_Nachricht. C Out: 12.04 12:32:39,834|(37)|hbqin:12.04 12:32:44,337||dlqin:12.04 12:32:48,839| ; C In: 12.04 12:32:50,380|
0-clientserver@lab25.cpt.haw-hamburg.de<0.53.0>-C-1-5: 38te_Nachricht. C Out: 12.04 12:32:41,359|(38)|hbqin:12.04 12:32:43,360||dlqin:12.04 12:32:48,839| ; C In: 12.04 12:32:50,381|
2-clientserver@lab25.cpt.haw-hamburg.de<0.56.0>-C-1-5: 39te_Nachricht. C Out: 12.04 12:32:41,359|(39)|hbqin:12.04 12:32:43,361||dlqin:12.04 12:32:48,839| ; C In: 12.04 12:32:50,382|
0-clientserver@lab25.cpt.haw-hamburg.de<0.53.0>-C-1-5: 40te_Nachricht. C Out: 12.04 12:32:43,360|(40)|hbqin:12.04 12:32:45,363||dlqin:12.04 12:32:48,839| ; C In: 12.04 12:32:50,384|
2-clientserver@lab25.cpt.haw-hamburg.de<0.56.0>-C-1-5: 41te_Nachricht. C Out: 12.04 12:32:43,361|(41)|hbqin:12.04 12:32:45,366||dlqin:12.04 12:32:48,839| ; C In: 12.04 12:32:50,385|
1-clientserver@lab25.cpt.haw-hamburg.de<0.55.0>-C-1-5: 42te_Nachricht. C Out: 12.04 12:32:44,335|(42)|hbqin:12.04 12:32:48,837||dlqin:12.04 12:32:48,839| ; C In: 12.04 12:32:50,386|
3-clientserver@lab25.cpt.haw-hamburg.de<0.57.0>-C-1-5: 43te_Nachricht. C Out: 12.04 12:32:44,336|(43)|hbqin:12.04 12:32:48,843||dlqin:12.04 12:32:48,843| ; C In: 12.04 12:32:50,388|
4-clientserver@lab25.cpt.haw-hamburg.de<0.58.0>-C-1-5: 44te_Nachricht. C Out: 12.04 12:32:44,336|(44)|hbqin:12.04 12:32:48,846||dlqin:12.04 12:32:48,846| ; C In: 12.04 12:32:50,389|
0-clientserver@lab25.cpt.haw-hamburg.de<0.53.0>-C-1-5: 45te_Nachricht. C Out: 12.04 12:32:45,363|(45)|hbqin:12.04 12:32:47,365||dlqin:12.04 12:32:48,847| ; C In: 12.04 12:32:50,390|
2-clientserver@lab25.cpt.haw-hamburg.de<0.56.0>-C-1-5: 46te_Nachricht. C Out: 12.04 12:32:45,364|(46)|hbqin:12.04 12:32:47,369||dlqin:12.04 12:32:48,847| ; C In: 12.04 12:32:50,391|
..getmessages..Done...
2-clientserver@lab25.cpt.haw-hamburg.de<0.56.0>-C-1-5: 53te_Nachricht. C Out: 12.04 12:32:50,392|(53) gesendet
2-clientserver@lab25.cpt.haw-hamburg.de<0.56.0>-C-1-5: 59te_Nachricht. C Out: 12.04 12:32:53,392|(59) gesendet
2-clientserver@lab25.cpt.haw-hamburg.de<0.56.0>-C-1-5: 61te_Nachricht. C Out: 12.04 12:32:56,395|(61) gesendet
2-clientserver@lab25.cpt.haw-hamburg.de<0.56.0>-C-1-5: 66te_Nachricht. C Out: 12.04 12:32:59,398|(66) gesendet
2-clientserver@lab25.cpt.haw-hamburg.de<0.56.0>-C-1-5: Lebenszeit um. Wird beendet.
