0-clientserv@lab25.cpt.haw-hamburg.de<0.53.0>-C-1-5: Start: 12.04 12:13:26,190|.
0-clientserv@lab25.cpt.haw-hamburg.de<0.53.0>-C-1-5: 1te_Nachricht. C Out: 12.04 12:13:26,191|(1) gesendet
0-clientserv@lab25.cpt.haw-hamburg.de<0.53.0>-C-1-5: 3te_Nachricht. C Out: 12.04 12:13:29,197|(3) gesendet
0-clientserv@lab25.cpt.haw-hamburg.de<0.53.0>-C-1-5: 5te_Nachricht. C Out: 12.04 12:13:32,200|(5) gesendet
0-clientserv@lab25.cpt.haw-hamburg.de<0.53.0>-C-1-5: 7te_Nachricht. C Out: 12.04 12:13:35,203|(7) gesendet
0-clientserv@lab25.cpt.haw-hamburg.de<0.53.0>-C-1-5: 9te_Nachricht. C Out: 12.04 12:13:38,206|(9) gesendet
11te_Nachricht um 12.04 12:13:41,207|- vergessen zu senden ******
Neues Sendeintervall: 4 Sekunden
1-clientserv@lab25.cpt.haw-hamburg.de<0.55.0>-C-1-5: 6te_Nachricht. C Out: 12.04 12:13:32,200|(6)|hbqin:12.04 12:13:35,204||dlqin:12.04 12:13:35,204| ; C In: 12.04 12:13:45,712|
0-clientserv@lab25.cpt.haw-hamburg.de<0.53.0>-C-1-5: 7te_Nachricht. C Out: 12.04 12:13:35,203|(7)|hbqin:12.04 12:13:38,206||dlqin:12.04 12:13:38,206| ; C In: 12.04 12:13:45,713|
1-clientserv@lab25.cpt.haw-hamburg.de<0.55.0>-C-1-5: 8te_Nachricht. C Out: 12.04 12:13:35,204|(8)|hbqin:12.04 12:13:38,207||dlqin:12.04 12:13:38,207| ; C In: 12.04 12:13:45,714|
0-clientserv@lab25.cpt.haw-hamburg.de<0.53.0>-C-1-5: 9te_Nachricht. C Out: 12.04 12:13:38,206|(9)|hbqin:12.04 12:13:41,207||dlqin:12.04 12:13:41,208| ; C In: 12.04 12:13:45,715|
1-clientserv@lab25.cpt.haw-hamburg.de<0.55.0>-C-1-5: 10te_Nachricht. C Out: 12.04 12:13:38,206|(10)|hbqin:12.04 12:13:41,208||dlqin:12.04 12:13:41,208| ; C In: 12.04 12:13:45,715|
..getmessages..Done...
0-clientserv@lab25.cpt.haw-hamburg.de<0.53.0>-C-1-5: 15te_Nachricht. C Out: 12.04 12:13:45,715|(15) gesendet
0-clientserv@lab25.cpt.haw-hamburg.de<0.53.0>-C-1-5: 18te_Nachricht. C Out: 12.04 12:13:50,218|(18) gesendet
0-clientserv@lab25.cpt.haw-hamburg.de<0.53.0>-C-1-5: 21te_Nachricht. C Out: 12.04 12:13:54,719|(21) gesendet
0-clientserv@lab25.cpt.haw-hamburg.de<0.53.0>-C-1-5: 24te_Nachricht. C Out: 12.04 12:13:59,222|(24) gesendet
0-clientserv@lab25.cpt.haw-hamburg.de<0.53.0>-C-1-5: 28te_Nachricht. C Out: 12.04 12:14:03,723|(28) gesendet
0-clientserv@lab25.cpt.haw-hamburg.de<0.53.0>-C-1-5: Lebenszeit um. Wird beendet.
