HBQ: initialising HBQ.DLQ: DLQ initialisiert
HBQ: Nachricht 1 in HBQ eingefuegt
DLQ: Nachricht 1 in DLQ eingefügt
.HBQ: HBQ is empty.
HBQ: Nachricht 3 in HBQ eingefuegt
DLQ: Nachricht 1 an Client<7418.61.0> ausgeliefert
.DLQ: Nachricht 2 an Client<7418.61.0> ausgeliefert
.HBQ: Nachricht 3 in HBQ eingefuegt
HBQ: initialising HBQ.DLQ: DLQ initialisiert
HBQ: Nachricht 1 in HBQ eingefuegt
DLQ: Nachricht 1 in DLQ eingefügt
.HBQ: HBQ is empty.
HBQ: Nachricht 3 in HBQ eingefuegt
DLQ: Nachricht 1 an Client<10035.61.0> ausgeliefert
.HBQ: initialising HBQ.DLQ: DLQ initialisiert
HBQ: Nachricht 1 in HBQ eingefuegt
DLQ: Nachricht 1 in DLQ eingefügt
.HBQ: HBQ is empty.
HBQ: Nachricht 3 in HBQ eingefuegt
DLQ: Nachricht 1 an Client<10036.61.0> ausgeliefert
.DLQ: Nachricht 2 an Client<10036.61.0> ausgeliefert
.DLQ: Nachricht 2 an Client<10036.61.0> ausgeliefert
.DLQ: Nachricht 2 an Client<10036.61.0> ausgeliefert
.HBQ: Nachricht 2 in HBQ eingefuegt
DLQ: Nachricht 2 in DLQ eingefügt
.DLQ: Nachricht 3 in DLQ eingefügt
.HBQ: HBQ is empty.
DLQ: Nachricht 2 an Client<10036.61.0> ausgeliefert
.DLQ: Nachricht 3 an Client<10036.61.0> ausgeliefert
.HBQ: closing HBQ and DLQ
HBQ: initialisiert 11.04 18:13:07,705|.
DLQ: DLQ initialisiert
HBQ: Nachricht 1 in HBQ eingefuegt
DLQ: Nachricht 1 in DLQ eingefügt.
HBQ: HBQ ist leer 11.04 18:13:43,991|.
HBQ: Nachricht 3 in HBQ eingefuegt
DLQ: Nachricht 1 an Client<7448.61.0> ausgeliefert.
DLQ: Nachricht 1 an Client<7448.61.0> ausgeliefert.
HBQ: Nachricht 2 in HBQ eingefuegt
DLQ: Nachricht 2 in DLQ eingefügt.
DLQ: Nachricht 3 in DLQ eingefügt.
HBQ: HBQ ist leer 11.04 18:14:08,623|.
DLQ: Nachricht 2 an Client<7448.61.0> ausgeliefert.
DLQ: Nachricht 3 an Client<7448.61.0> ausgeliefert.
DLQ: Nachricht 3 an Client<7448.61.0> ausgeliefert.
HBQ: closing HBQ and DLQ
