CMEM: Initialisiere CMEM
Sende Nachricht 1 an Client <7489.61.0>.
Sende Nachricht 2 an Client <7489.61.0>.
Server: Unerwartete Nachricht.
Server: Unerwartete Nachricht.
CMEM: adding client <7489.61.0> - Next Message: 1.
CMEM: updating client <7489.61.0> - Next Message: 1.
CMEM: Initialisiere CMEM
Sende Nachricht 1 an Client <7431.61.0>.
Sende Nachricht 2 an Client <7431.61.0>.
Server: Unerwartete Nachricht.
Server: Unerwartete Nachricht.
CMEM: adding client <7431.61.0> - Next Message: 1.
CMEM: Initialisiere CMEM
Sende Nachricht 1 an Client <7431.61.0>.
Sende Nachricht 2 an Client <7431.61.0>.
Server: Unerwartete Nachricht.
Server: Unerwartete Nachricht.
CMEM: adding client <7431.61.0> - Next Message: 1.
CMEM: updating client <7431.61.0> - Next Message: 1.
Sende Nachricht 3 an Client <7431.61.0>.
Sende Nachricht 4 an Client <7431.61.0>.
CMEM: updating client <7431.61.0> - Next Message: 1.
CMEM: updating client <7431.61.0> - Next Message: 1.
Server: Unerwartete Nachricht.
CMEM: updating client <7431.61.0> - Next Message: 2.
CMEM: updating client <7431.61.0> - Next Message: 3.
Server: Beende Server und HBQ: 11.04 17:48:18,739|.
CMEM: Initialisiere CMEM
CMEM: Initialisiere CMEM
Sende Nachricht 1 an Client <10143.61.0>.
CMEM: adding client <10143.61.0> - Next Message: 1.
Sende Nachricht 2 an Client <10143.61.0>.
CMEM: updating client <10143.61.0> - Next Message: 1.
CMEM: updating client <10143.61.0> - Next Message: 2.
Sende Nachricht 3 an Client <10143.61.0>.
CMEM: updating client <10143.61.0> - Next Message: 3.
CMEM: updating client <10143.61.0> - Next Message: 3.
Server: Beende Server und HBQ: 11.04 18:26:00,379|.
