CMEM: Initialisiere CMEM
Server: Beende Server und HBQ: 12.04 12:29:59,367|.
CMEM: Initialisiere CMEM
CMEM: Initialisiere CMEM
Sende Nachrichtennummer 1 an Client <7442.53.0>.
Sende Nachrichtennummer 2 an Client <7442.55.0>.
Sende Nachrichtennummer 3 an Client <7442.56.0>.
Sende Nachrichtennummer 4 an Client <7442.57.0>.
Sende Nachrichtennummer 5 an Client <7442.58.0>.
Sende Nachrichtennummer 6 an Client <7442.53.0>.
Sende Nachrichtennummer 7 an Client <7442.55.0>.
Sende Nachrichtennummer 8 an Client <7442.56.0>.
Sende Nachrichtennummer 9 an Client <7442.57.0>.
Sende Nachrichtennummer 10 an Client <7442.58.0>.
Sende Nachrichtennummer 11 an Client <7442.53.0>.
Sende Nachrichtennummer 12 an Client <7442.55.0>.
Sende Nachrichtennummer 13 an Client <7442.56.0>.
Sende Nachrichtennummer 14 an Client <7442.57.0>.
Sende Nachrichtennummer 15 an Client <7442.58.0>.
Sende Nachrichtennummer 16 an Client <7442.53.0>.
Sende Nachrichtennummer 17 an Client <7442.55.0>.
Sende Nachrichtennummer 18 an Client <7442.56.0>.
Sende Nachrichtennummer 19 an Client <7442.57.0>.
Sende Nachrichtennummer 20 an Client <7442.58.0>.
Sende Nachrichtennummer 21 an Client <7442.53.0>.
Sende Nachrichtennummer 22 an Client <7442.55.0>.
Sende Nachrichtennummer 23 an Client <7442.56.0>.
Sende Nachrichtennummer 24 an Client <7442.57.0>.
Sende Nachrichtennummer 25 an Client <7442.58.0>.
Sende Nachrichtennummer 26 an Client <7442.53.0>.
Sende Nachrichtennummer 27 an Client <7442.55.0>.
Sende Nachrichtennummer 28 an Client <7442.56.0>.
Sende Nachrichtennummer 29 an Client <7442.57.0>.
Sende Nachrichtennummer 30 an Client <7442.58.0>.
CMEM: adding client <7442.53.0> - Next Message: 6.
CMEM: adding client <7442.56.0> - Next Message: 6.
CMEM: updating client <7442.53.0> - Next Message: 7.
CMEM: updating client <7442.56.0> - Next Message: 7.
CMEM: updating client <7442.53.0> - Next Message: 8.
CMEM: updating client <7442.56.0> - Next Message: 8.
CMEM: updating client <7442.53.0> - Next Message: 9.
CMEM: updating client <7442.56.0> - Next Message: 9.
CMEM: updating client <7442.53.0> - Next Message: 10.
CMEM: updating client <7442.56.0> - Next Message: 10.
CMEM: updating client <7442.53.0> - Next Message: 11.
CMEM: updating client <7442.56.0> - Next Message: 11.
CMEM: updating client <7442.53.0> - Next Message: 12.
CMEM: updating client <7442.56.0> - Next Message: 12.
CMEM: updating client <7442.53.0> - Next Message: 13.
CMEM: updating client <7442.56.0> - Next Message: 13.
CMEM: updating client <7442.53.0> - Next Message: 14.
CMEM: updating client <7442.56.0> - Next Message: 14.
CMEM: updating client <7442.53.0> - Next Message: 15.
CMEM: updating client <7442.56.0> - Next Message: 15.
CMEM: updating client <7442.53.0> - Next Message: 16.
CMEM: updating client <7442.56.0> - Next Message: 16.
CMEM: updating client <7442.53.0> - Next Message: 17.
CMEM: updating client <7442.56.0> - Next Message: 17.
CMEM: updating client <7442.53.0> - Next Message: 18.
CMEM: updating client <7442.56.0> - Next Message: 18.
CMEM: updating client <7442.53.0> - Next Message: 19.
CMEM: updating client <7442.56.0> - Next Message: 19.
CMEM: updating client <7442.53.0> - Next Message: 20.
CMEM: updating client <7442.56.0> - Next Message: 20.
CMEM: updating client <7442.53.0> - Next Message: 21.
CMEM: updating client <7442.56.0> - Next Message: 21.
CMEM: updating client <7442.53.0> - Next Message: 22.
CMEM: updating client <7442.56.0> - Next Message: 22.
CMEM: updating client <7442.53.0> - Next Message: 23.
CMEM: updating client <7442.56.0> - Next Message: 23.
CMEM: updating client <7442.53.0> - Next Message: 24.
CMEM: updating client <7442.56.0> - Next Message: 24.
CMEM: updating client <7442.53.0> - Next Message: 25.
CMEM: updating client <7442.56.0> - Next Message: 25.
Sende Nachrichtennummer 31 an Client <7442.53.0>.
Sende Nachrichtennummer 32 an Client <7442.56.0>.
Sende Nachrichtennummer 33 an Client <7442.53.0>.
Sende Nachrichtennummer 34 an Client <7442.56.0>.
CMEM: adding client <7442.55.0> - Next Message: 6.
CMEM: adding client <7442.57.0> - Next Message: 6.
CMEM: adding client <7442.58.0> - Next Message: 6.
CMEM: updating client <7442.55.0> - Next Message: 7.
CMEM: updating client <7442.57.0> - Next Message: 7.
CMEM: updating client <7442.58.0> - Next Message: 7.
CMEM: updating client <7442.55.0> - Next Message: 8.
CMEM: updating client <7442.57.0> - Next Message: 8.
CMEM: updating client <7442.58.0> - Next Message: 8.
CMEM: updating client <7442.55.0> - Next Message: 9.
CMEM: updating client <7442.57.0> - Next Message: 9.
CMEM: updating client <7442.58.0> - Next Message: 9.
CMEM: updating client <7442.55.0> - Next Message: 10.
CMEM: updating client <7442.57.0> - Next Message: 10.
CMEM: updating client <7442.58.0> - Next Message: 10.
CMEM: updating client <7442.55.0> - Next Message: 11.
CMEM: updating client <7442.57.0> - Next Message: 11.
CMEM: updating client <7442.58.0> - Next Message: 11.
CMEM: updating client <7442.55.0> - Next Message: 12.
CMEM: updating client <7442.57.0> - Next Message: 12.
CMEM: updating client <7442.58.0> - Next Message: 12.
CMEM: updating client <7442.55.0> - Next Message: 13.
CMEM: updating client <7442.57.0> - Next Message: 13.
CMEM: updating client <7442.58.0> - Next Message: 13.
CMEM: updating client <7442.55.0> - Next Message: 14.
CMEM: updating client <7442.57.0> - Next Message: 14.
CMEM: updating client <7442.58.0> - Next Message: 14.
CMEM: updating client <7442.55.0> - Next Message: 15.
CMEM: updating client <7442.57.0> - Next Message: 15.
CMEM: updating client <7442.58.0> - Next Message: 15.
CMEM: updating client <7442.55.0> - Next Message: 16.
CMEM: updating client <7442.57.0> - Next Message: 16.
CMEM: updating client <7442.58.0> - Next Message: 16.
CMEM: updating client <7442.55.0> - Next Message: 17.
CMEM: updating client <7442.57.0> - Next Message: 17.
CMEM: updating client <7442.58.0> - Next Message: 17.
CMEM: updating client <7442.55.0> - Next Message: 18.
CMEM: updating client <7442.57.0> - Next Message: 18.
CMEM: updating client <7442.58.0> - Next Message: 18.
CMEM: updating client <7442.55.0> - Next Message: 19.
CMEM: updating client <7442.57.0> - Next Message: 19.
CMEM: updating client <7442.58.0> - Next Message: 19.
CMEM: updating client <7442.55.0> - Next Message: 20.
CMEM: updating client <7442.57.0> - Next Message: 20.
CMEM: updating client <7442.58.0> - Next Message: 20.
CMEM: updating client <7442.55.0> - Next Message: 21.
CMEM: updating client <7442.57.0> - Next Message: 21.
CMEM: updating client <7442.58.0> - Next Message: 21.
CMEM: updating client <7442.55.0> - Next Message: 22.
CMEM: updating client <7442.57.0> - Next Message: 22.
CMEM: updating client <7442.58.0> - Next Message: 22.
CMEM: updating client <7442.55.0> - Next Message: 23.
CMEM: updating client <7442.57.0> - Next Message: 23.
CMEM: updating client <7442.58.0> - Next Message: 23.
CMEM: updating client <7442.55.0> - Next Message: 24.
CMEM: updating client <7442.57.0> - Next Message: 24.
CMEM: updating client <7442.58.0> - Next Message: 24.
CMEM: updating client <7442.55.0> - Next Message: 25.
CMEM: updating client <7442.57.0> - Next Message: 25.
CMEM: updating client <7442.58.0> - Next Message: 25.
Sende Nachrichtennummer 35 an Client <7442.55.0>.
Sende Nachrichtennummer 36 an Client <7442.57.0>.
Sende Nachrichtennummer 37 an Client <7442.58.0>.
Sende Nachrichtennummer 38 an Client <7442.53.0>.
Sende Nachrichtennummer 39 an Client <7442.56.0>.
Sende Nachrichtennummer 40 an Client <7442.53.0>.
Sende Nachrichtennummer 41 an Client <7442.56.0>.
Sende Nachrichtennummer 42 an Client <7442.55.0>.
Sende Nachrichtennummer 43 an Client <7442.57.0>.
Sende Nachrichtennummer 44 an Client <7442.58.0>.
Sende Nachrichtennummer 45 an Client <7442.53.0>.
Sende Nachrichtennummer 46 an Client <7442.56.0>.
Sende Nachrichtennummer 47 an Client <7442.53.0>.
Sende Nachrichtennummer 48 an Client <7442.56.0>.
Sende Nachrichtennummer 49 an Client <7442.55.0>.
Sende Nachrichtennummer 50 an Client <7442.57.0>.
Sende Nachrichtennummer 51 an Client <7442.58.0>.
CMEM: updating client <7442.53.0> - Next Message: 30.
CMEM: updating client <7442.53.0> - Next Message: 31.
CMEM: updating client <7442.53.0> - Next Message: 32.
CMEM: updating client <7442.53.0> - Next Message: 33.
CMEM: updating client <7442.53.0> - Next Message: 34.
CMEM: updating client <7442.53.0> - Next Message: 35.
CMEM: updating client <7442.53.0> - Next Message: 36.
CMEM: updating client <7442.53.0> - Next Message: 37.
CMEM: updating client <7442.53.0> - Next Message: 38.
CMEM: updating client <7442.53.0> - Next Message: 39.
CMEM: updating client <7442.53.0> - Next Message: 40.
CMEM: updating client <7442.53.0> - Next Message: 41.
CMEM: updating client <7442.53.0> - Next Message: 42.
CMEM: updating client <7442.53.0> - Next Message: 43.
CMEM: updating client <7442.53.0> - Next Message: 44.
CMEM: updating client <7442.53.0> - Next Message: 45.
CMEM: updating client <7442.53.0> - Next Message: 46.
Sende Nachrichtennummer 52 an Client <7442.53.0>.
CMEM: updating client <7442.56.0> - Next Message: 30.
CMEM: updating client <7442.56.0> - Next Message: 31.
CMEM: updating client <7442.56.0> - Next Message: 32.
CMEM: updating client <7442.56.0> - Next Message: 33.
CMEM: updating client <7442.56.0> - Next Message: 34.
CMEM: updating client <7442.56.0> - Next Message: 35.
CMEM: updating client <7442.56.0> - Next Message: 36.
CMEM: updating client <7442.56.0> - Next Message: 37.
CMEM: updating client <7442.56.0> - Next Message: 38.
CMEM: updating client <7442.56.0> - Next Message: 39.
CMEM: updating client <7442.56.0> - Next Message: 40.
CMEM: updating client <7442.56.0> - Next Message: 41.
CMEM: updating client <7442.56.0> - Next Message: 42.
CMEM: updating client <7442.56.0> - Next Message: 43.
CMEM: updating client <7442.56.0> - Next Message: 44.
CMEM: updating client <7442.56.0> - Next Message: 45.
CMEM: updating client <7442.56.0> - Next Message: 46.
Sende Nachrichtennummer 53 an Client <7442.56.0>.
Sende Nachrichtennummer 54 an Client <7442.53.0>.
Sende Nachrichtennummer 55 an Client <7442.55.0>.
Sende Nachrichtennummer 56 an Client <7442.57.0>.
Sende Nachrichtennummer 57 an Client <7442.58.0>.
Sende Nachrichtennummer 58 an Client <7442.53.0>.
Sende Nachrichtennummer 59 an Client <7442.56.0>.
Sende Nachrichtennummer 60 an Client <7442.53.0>.
Sende Nachrichtennummer 61 an Client <7442.56.0>.
Sende Nachrichtennummer 62 an Client <7442.53.0>.
Sende Nachrichtennummer 63 an Client <7442.55.0>.
Sende Nachrichtennummer 64 an Client <7442.57.0>.
Sende Nachrichtennummer 65 an Client <7442.58.0>.
Sende Nachrichtennummer 66 an Client <7442.56.0>.
Sende Nachrichtennummer 67 an Client <7442.53.0>.
Sende Nachrichtennummer 68 an Client <7442.55.0>.
Sende Nachrichtennummer 69 an Client <7442.57.0>.
Sende Nachrichtennummer 70 an Client <7442.58.0>.
Sende Nachrichtennummer 71 an Client <7442.56.0>.
CMEM: updating client <7442.53.0> - Next Message: 48.
Server: Beende Server und HBQ: 12.04 12:33:22,410|.
