HBQ>>> server.cfg geöffnet...
HBQ>>> initialisiert worden von <10068.53.0>.
dlq>>> initialisiert mit Kapazität 42.
HBQ>>> Nachricht 6 in HBQ eingefügt.
HBQ>>> Nachricht 7 in HBQ eingefügt.
HBQ>>> Nachricht 4 in HBQ eingefügt.
HBQ>>> Nachricht 8 in HBQ eingefügt.
HBQ>>> Nachricht 5 in HBQ eingefügt.
HBQ>>> Nachricht 3 in HBQ eingefügt.
HBQ>>> Nachricht 9 in HBQ eingefügt.
HBQ>>> Nachricht 2 in HBQ eingefügt.
HBQ>>> Nachricht 1 in HBQ eingefügt.
dlq>>> Nachricht 1 in DLQ eingefügt.
dlq>>> Nachricht 2 in DLQ eingefügt.
dlq>>> Nachricht 3 in DLQ eingefügt.
dlq>>> Nachricht 4 in DLQ eingefügt.
dlq>>> Nachricht 5 in DLQ eingefügt.
dlq>>> Nachricht 6 in DLQ eingefügt.
dlq>>> Nachricht 7 in DLQ eingefügt.
dlq>>> Nachricht 8 in DLQ eingefügt.
dlq>>> Nachricht 9 in DLQ eingefügt.
HBQ>>> HBQ wurde komplett in DLQ übertragen.
HBQ>>> Nachricht 15 in HBQ eingefügt.
HBQ>>> Nachricht 14 in HBQ eingefügt.
HBQ>>> Nachricht 13 in HBQ eingefügt.
HBQ>>> Nachricht 12 in HBQ eingefügt.
HBQ>>> Nachricht 10 in HBQ eingefügt.
dlq>>> Nachricht 10 in DLQ eingefügt.
HBQ>>> Nachricht 11 in HBQ eingefügt.
dlq>>> Nachricht 11 in DLQ eingefügt.
dlq>>> Nachricht 12 in DLQ eingefügt.
dlq>>> Nachricht 13 in DLQ eingefügt.
dlq>>> Nachricht 14 in DLQ eingefügt.
dlq>>> Nachricht 15 in DLQ eingefügt.
HBQ>>> HBQ wurde komplett in DLQ übertragen.
HBQ>>> Nachricht 18 in HBQ eingefügt.
HBQ>>> Nachricht 17 in HBQ eingefügt.
HBQ>>> Nachricht 16 in HBQ eingefügt.
dlq>>> Nachricht 16 in DLQ eingefügt.
dlq>>> Nachricht 17 in DLQ eingefügt.
dlq>>> Nachricht 18 in DLQ eingefügt.
HBQ>>> HBQ wurde komplett in DLQ übertragen.
HBQ>>> Nachricht 20 in HBQ eingefügt.
HBQ>>> Nachricht 19 in HBQ eingefügt.
dlq>>> Nachricht 19 in DLQ eingefügt.
dlq>>> Nachricht 20 in DLQ eingefügt.
HBQ>>> HBQ wurde komplett in DLQ übertragen.
HBQ>>> Nachricht 23 in HBQ eingefügt.
HBQ>>> Nachricht 22 in HBQ eingefügt.
HBQ>>> Nachricht 21 in HBQ eingefügt.
dlq>>> Nachricht 21 in DLQ eingefügt.
dlq>>> Nachricht 22 in DLQ eingefügt.
dlq>>> Nachricht 23 in DLQ eingefügt.
HBQ>>> HBQ wurde komplett in DLQ übertragen.
HBQ>>> Nachricht 27 in HBQ eingefügt.
HBQ>>> Nachricht 26 in HBQ eingefügt.
HBQ>>> Nachricht 25 in HBQ eingefügt.
HBQ>>> Nachricht 24 in HBQ eingefügt.
dlq>>> Nachricht 24 in DLQ eingefügt.
dlq>>> Nachricht 25 in DLQ eingefügt.
dlq>>> Nachricht 26 in DLQ eingefügt.
dlq>>> Nachricht 27 in DLQ eingefügt.
HBQ>>> HBQ wurde komplett in DLQ übertragen.
HBQ>>> Nachricht 29 in HBQ eingefügt.
HBQ>>> Nachricht 28 in HBQ eingefügt.
dlq>>> Nachricht 28 in DLQ eingefügt.
dlq>>> Nachricht 29 in DLQ eingefügt.
HBQ>>> HBQ wurde komplett in DLQ übertragen.
HBQ>>> Nachricht 31 in HBQ eingefügt.
HBQ>>> Nachricht 30 in HBQ eingefügt.
dlq>>> Nachricht 30 in DLQ eingefügt.
dlq>>> Nachricht 31 in DLQ eingefügt.
HBQ>>> HBQ wurde komplett in DLQ übertragen.
HBQ>>> Nachricht 36 in HBQ eingefügt.
HBQ>>> Nachricht 35 in HBQ eingefügt.
HBQ>>> Nachricht 34 in HBQ eingefügt.
HBQ>>> Nachricht 33 in HBQ eingefügt.
HBQ>>> Nachricht 32 in HBQ eingefügt.
dlq>>> Nachricht 32 in DLQ eingefügt.
dlq>>> Nachricht 33 in DLQ eingefügt.
dlq>>> Nachricht 34 in DLQ eingefügt.
dlq>>> Nachricht 35 in DLQ eingefügt.
dlq>>> Nachricht 36 in DLQ eingefügt.
HBQ>>> HBQ wurde komplett in DLQ übertragen.
HBQ>>> Nachricht 38 in HBQ eingefügt.
HBQ>>> Nachricht 37 in HBQ eingefügt.
dlq>>> Nachricht 37 in DLQ eingefügt.
dlq>>> Nachricht 38 in DLQ eingefügt.
HBQ>>> HBQ wurde komplett in DLQ übertragen.
HBQ>>> Nachricht 40 in HBQ eingefügt.
HBQ>>> Nachricht 39 in HBQ eingefügt.
dlq>>> Nachricht 39 in DLQ eingefügt.
dlq>>> Nachricht 40 in DLQ eingefügt.
HBQ>>> HBQ wurde komplett in DLQ übertragen.
HBQ>>> Nachricht 41 in HBQ eingefügt.
dlq>>> Nachricht 41 in DLQ eingefügt.
HBQ>>> HBQ wurde komplett in DLQ übertragen.
dlq>>> Nachricht 1 an Client<10080.1955.0> ausgeliefert.
dlq>>> Nachricht 1 an Client<10080.1956.0> ausgeliefert.
dlq>>> Nachricht 2 an Client<10080.1955.0> ausgeliefert.
HBQ>>> Nachricht 45 in HBQ eingefügt.
HBQ>>> Nachricht 44 in HBQ eingefügt.
HBQ>>> Nachricht 43 in HBQ eingefügt.
HBQ>>> Nachricht 42 in HBQ eingefügt.
dlq>>> Nachricht 42 in DLQ eingefügt.
dlq>>> Nachricht 43 in DLQ eingefügt.
dlq>>> Nachricht 1 aus DLQ gelöscht.
dlq>>> Nachricht 44 in DLQ eingefügt.
dlq>>> Nachricht 2 aus DLQ gelöscht.
dlq>>> Nachricht 45 in DLQ eingefügt.
dlq>>> Nachricht 3 aus DLQ gelöscht.
HBQ>>> HBQ wurde komplett in DLQ übertragen.
dlq>>> Nachricht 4 an Client<10080.1956.0> ausgeliefert.
dlq>>> Nachricht 4 an Client<10080.1955.0> ausgeliefert.
dlq>>> Nachricht 5 an Client<10080.1956.0> ausgeliefert.
dlq>>> Nachricht 4 an Client<10080.1949.0> ausgeliefert.
dlq>>> Nachricht 4 an Client<10080.1948.0> ausgeliefert.
dlq>>> Nachricht 5 an Client<10080.1955.0> ausgeliefert.
dlq>>> Nachricht 6 an Client<10080.1956.0> ausgeliefert.
dlq>>> Nachricht 5 an Client<10080.1949.0> ausgeliefert.
dlq>>> Nachricht 4 an Client<10080.1951.0> ausgeliefert.
dlq>>> Nachricht 5 an Client<10080.1948.0> ausgeliefert.
dlq>>> Nachricht 6 an Client<10080.1955.0> ausgeliefert.
dlq>>> Nachricht 7 an Client<10080.1956.0> ausgeliefert.
dlq>>> Nachricht 6 an Client<10080.1949.0> ausgeliefert.
dlq>>> Nachricht 5 an Client<10080.1951.0> ausgeliefert.
dlq>>> Nachricht 6 an Client<10080.1948.0> ausgeliefert.
dlq>>> Nachricht 7 an Client<10080.1955.0> ausgeliefert.
dlq>>> Nachricht 8 an Client<10080.1956.0> ausgeliefert.
dlq>>> Nachricht 7 an Client<10080.1949.0> ausgeliefert.
dlq>>> Nachricht 6 an Client<10080.1951.0> ausgeliefert.
dlq>>> Nachricht 7 an Client<10080.1948.0> ausgeliefert.
dlq>>> Nachricht 8 an Client<10080.1955.0> ausgeliefert.
dlq>>> Nachricht 4 an Client<10080.1952.0> ausgeliefert.
dlq>>> Nachricht 4 an Client<10080.1953.0> ausgeliefert.
dlq>>> Nachricht 4 an Client<10080.1954.0> ausgeliefert.
dlq>>> Nachricht 4 an Client<10080.1950.0> ausgeliefert.
dlq>>> Nachricht 9 an Client<10080.1956.0> ausgeliefert.
dlq>>> Nachricht 8 an Client<10080.1949.0> ausgeliefert.
dlq>>> Nachricht 7 an Client<10080.1951.0> ausgeliefert.
dlq>>> Nachricht 8 an Client<10080.1948.0> ausgeliefert.
dlq>>> Nachricht 9 an Client<10080.1955.0> ausgeliefert.
dlq>>> Nachricht 5 an Client<10080.1952.0> ausgeliefert.
dlq>>> Nachricht 5 an Client<10080.1953.0> ausgeliefert.
dlq>>> Nachricht 5 an Client<10080.1954.0> ausgeliefert.
dlq>>> Nachricht 5 an Client<10080.1950.0> ausgeliefert.
dlq>>> Nachricht 10 an Client<10080.1956.0> ausgeliefert.
dlq>>> Nachricht 9 an Client<10080.1949.0> ausgeliefert.
dlq>>> Nachricht 8 an Client<10080.1951.0> ausgeliefert.
dlq>>> Nachricht 9 an Client<10080.1948.0> ausgeliefert.
dlq>>> Nachricht 10 an Client<10080.1955.0> ausgeliefert.
dlq>>> Nachricht 6 an Client<10080.1952.0> ausgeliefert.
dlq>>> Nachricht 6 an Client<10080.1953.0> ausgeliefert.
dlq>>> Nachricht 6 an Client<10080.1954.0> ausgeliefert.
dlq>>> Nachricht 6 an Client<10080.1950.0> ausgeliefert.
dlq>>> Nachricht 11 an Client<10080.1956.0> ausgeliefert.
dlq>>> Nachricht 10 an Client<10080.1949.0> ausgeliefert.
dlq>>> Nachricht 9 an Client<10080.1951.0> ausgeliefert.
dlq>>> Nachricht 10 an Client<10080.1948.0> ausgeliefert.
dlq>>> Nachricht 11 an Client<10080.1955.0> ausgeliefert.
dlq>>> Nachricht 7 an Client<10080.1952.0> ausgeliefert.
dlq>>> Nachricht 7 an Client<10080.1953.0> ausgeliefert.
dlq>>> Nachricht 7 an Client<10080.1954.0> ausgeliefert.
dlq>>> Nachricht 7 an Client<10080.1950.0> ausgeliefert.
dlq>>> Nachricht 12 an Client<10080.1956.0> ausgeliefert.
dlq>>> Nachricht 11 an Client<10080.1949.0> ausgeliefert.
dlq>>> Nachricht 10 an Client<10080.1951.0> ausgeliefert.
dlq>>> Nachricht 11 an Client<10080.1948.0> ausgeliefert.
dlq>>> Nachricht 12 an Client<10080.1955.0> ausgeliefert.
dlq>>> Nachricht 8 an Client<10080.1952.0> ausgeliefert.
dlq>>> Nachricht 8 an Client<10080.1953.0> ausgeliefert.
dlq>>> Nachricht 8 an Client<10080.1954.0> ausgeliefert.
dlq>>> Nachricht 8 an Client<10080.1950.0> ausgeliefert.
dlq>>> Nachricht 13 an Client<10080.1956.0> ausgeliefert.
dlq>>> Nachricht 12 an Client<10080.1949.0> ausgeliefert.
dlq>>> Nachricht 11 an Client<10080.1951.0> ausgeliefert.
dlq>>> Nachricht 12 an Client<10080.1948.0> ausgeliefert.
dlq>>> Nachricht 13 an Client<10080.1955.0> ausgeliefert.
dlq>>> Nachricht 9 an Client<10080.1952.0> ausgeliefert.
dlq>>> Nachricht 9 an Client<10080.1953.0> ausgeliefert.
dlq>>> Nachricht 9 an Client<10080.1954.0> ausgeliefert.
dlq>>> Nachricht 9 an Client<10080.1950.0> ausgeliefert.
dlq>>> Nachricht 14 an Client<10080.1956.0> ausgeliefert.
dlq>>> Nachricht 13 an Client<10080.1949.0> ausgeliefert.
dlq>>> Nachricht 12 an Client<10080.1951.0> ausgeliefert.
dlq>>> Nachricht 13 an Client<10080.1948.0> ausgeliefert.
dlq>>> Nachricht 14 an Client<10080.1955.0> ausgeliefert.
dlq>>> Nachricht 10 an Client<10080.1952.0> ausgeliefert.
dlq>>> Nachricht 10 an Client<10080.1953.0> ausgeliefert.
dlq>>> Nachricht 10 an Client<10080.1954.0> ausgeliefert.
dlq>>> Nachricht 10 an Client<10080.1950.0> ausgeliefert.
dlq>>> Nachricht 15 an Client<10080.1956.0> ausgeliefert.
dlq>>> Nachricht 14 an Client<10080.1949.0> ausgeliefert.
dlq>>> Nachricht 13 an Client<10080.1951.0> ausgeliefert.
dlq>>> Nachricht 14 an Client<10080.1948.0> ausgeliefert.
dlq>>> Nachricht 15 an Client<10080.1955.0> ausgeliefert.
dlq>>> Nachricht 11 an Client<10080.1952.0> ausgeliefert.
dlq>>> Nachricht 11 an Client<10080.1953.0> ausgeliefert.
dlq>>> Nachricht 11 an Client<10080.1954.0> ausgeliefert.
dlq>>> Nachricht 11 an Client<10080.1950.0> ausgeliefert.
dlq>>> Nachricht 16 an Client<10080.1956.0> ausgeliefert.
dlq>>> Nachricht 15 an Client<10080.1949.0> ausgeliefert.
dlq>>> Nachricht 14 an Client<10080.1951.0> ausgeliefert.
dlq>>> Nachricht 15 an Client<10080.1948.0> ausgeliefert.
dlq>>> Nachricht 16 an Client<10080.1955.0> ausgeliefert.
dlq>>> Nachricht 12 an Client<10080.1952.0> ausgeliefert.
dlq>>> Nachricht 12 an Client<10080.1953.0> ausgeliefert.
dlq>>> Nachricht 12 an Client<10080.1954.0> ausgeliefert.
dlq>>> Nachricht 12 an Client<10080.1950.0> ausgeliefert.
dlq>>> Nachricht 17 an Client<10080.1956.0> ausgeliefert.
dlq>>> Nachricht 16 an Client<10080.1949.0> ausgeliefert.
dlq>>> Nachricht 15 an Client<10080.1951.0> ausgeliefert.
dlq>>> Nachricht 16 an Client<10080.1948.0> ausgeliefert.
dlq>>> Nachricht 17 an Client<10080.1955.0> ausgeliefert.
dlq>>> Nachricht 13 an Client<10080.1952.0> ausgeliefert.
dlq>>> Nachricht 13 an Client<10080.1953.0> ausgeliefert.
dlq>>> Nachricht 13 an Client<10080.1954.0> ausgeliefert.
dlq>>> Nachricht 13 an Client<10080.1950.0> ausgeliefert.
dlq>>> Nachricht 18 an Client<10080.1956.0> ausgeliefert.
dlq>>> Nachricht 17 an Client<10080.1949.0> ausgeliefert.
dlq>>> Nachricht 16 an Client<10080.1951.0> ausgeliefert.
dlq>>> Nachricht 17 an Client<10080.1948.0> ausgeliefert.
dlq>>> Nachricht 18 an Client<10080.1955.0> ausgeliefert.
dlq>>> Nachricht 14 an Client<10080.1952.0> ausgeliefert.
dlq>>> Nachricht 14 an Client<10080.1953.0> ausgeliefert.
dlq>>> Nachricht 14 an Client<10080.1954.0> ausgeliefert.
dlq>>> Nachricht 14 an Client<10080.1950.0> ausgeliefert.
dlq>>> Nachricht 19 an Client<10080.1956.0> ausgeliefert.
dlq>>> Nachricht 18 an Client<10080.1949.0> ausgeliefert.
dlq>>> Nachricht 17 an Client<10080.1951.0> ausgeliefert.
dlq>>> Nachricht 18 an Client<10080.1948.0> ausgeliefert.
dlq>>> Nachricht 19 an Client<10080.1955.0> ausgeliefert.
dlq>>> Nachricht 15 an Client<10080.1952.0> ausgeliefert.
dlq>>> Nachricht 15 an Client<10080.1953.0> ausgeliefert.
dlq>>> Nachricht 15 an Client<10080.1954.0> ausgeliefert.
dlq>>> Nachricht 15 an Client<10080.1950.0> ausgeliefert.
dlq>>> Nachricht 20 an Client<10080.1956.0> ausgeliefert.
dlq>>> Nachricht 19 an Client<10080.1949.0> ausgeliefert.
dlq>>> Nachricht 18 an Client<10080.1951.0> ausgeliefert.
dlq>>> Nachricht 19 an Client<10080.1948.0> ausgeliefert.
dlq>>> Nachricht 20 an Client<10080.1955.0> ausgeliefert.
dlq>>> Nachricht 16 an Client<10080.1952.0> ausgeliefert.
dlq>>> Nachricht 16 an Client<10080.1953.0> ausgeliefert.
dlq>>> Nachricht 16 an Client<10080.1954.0> ausgeliefert.
dlq>>> Nachricht 16 an Client<10080.1950.0> ausgeliefert.
dlq>>> Nachricht 21 an Client<10080.1956.0> ausgeliefert.
dlq>>> Nachricht 20 an Client<10080.1949.0> ausgeliefert.
dlq>>> Nachricht 19 an Client<10080.1951.0> ausgeliefert.
dlq>>> Nachricht 20 an Client<10080.1948.0> ausgeliefert.
dlq>>> Nachricht 21 an Client<10080.1955.0> ausgeliefert.
dlq>>> Nachricht 17 an Client<10080.1952.0> ausgeliefert.
dlq>>> Nachricht 17 an Client<10080.1953.0> ausgeliefert.
dlq>>> Nachricht 17 an Client<10080.1954.0> ausgeliefert.
dlq>>> Nachricht 17 an Client<10080.1950.0> ausgeliefert.
dlq>>> Nachricht 22 an Client<10080.1956.0> ausgeliefert.
dlq>>> Nachricht 21 an Client<10080.1949.0> ausgeliefert.
dlq>>> Nachricht 20 an Client<10080.1951.0> ausgeliefert.
dlq>>> Nachricht 21 an Client<10080.1948.0> ausgeliefert.
dlq>>> Nachricht 22 an Client<10080.1955.0> ausgeliefert.
dlq>>> Nachricht 18 an Client<10080.1952.0> ausgeliefert.
dlq>>> Nachricht 18 an Client<10080.1953.0> ausgeliefert.
dlq>>> Nachricht 18 an Client<10080.1954.0> ausgeliefert.
dlq>>> Nachricht 18 an Client<10080.1950.0> ausgeliefert.
dlq>>> Nachricht 23 an Client<10080.1956.0> ausgeliefert.
dlq>>> Nachricht 22 an Client<10080.1949.0> ausgeliefert.
dlq>>> Nachricht 21 an Client<10080.1951.0> ausgeliefert.
dlq>>> Nachricht 22 an Client<10080.1948.0> ausgeliefert.
dlq>>> Nachricht 23 an Client<10080.1955.0> ausgeliefert.
dlq>>> Nachricht 19 an Client<10080.1952.0> ausgeliefert.
dlq>>> Nachricht 19 an Client<10080.1953.0> ausgeliefert.
dlq>>> Nachricht 19 an Client<10080.1954.0> ausgeliefert.
dlq>>> Nachricht 19 an Client<10080.1950.0> ausgeliefert.
dlq>>> Nachricht 24 an Client<10080.1956.0> ausgeliefert.
dlq>>> Nachricht 23 an Client<10080.1949.0> ausgeliefert.
dlq>>> Nachricht 22 an Client<10080.1951.0> ausgeliefert.
dlq>>> Nachricht 23 an Client<10080.1948.0> ausgeliefert.
dlq>>> Nachricht 24 an Client<10080.1955.0> ausgeliefert.
dlq>>> Nachricht 20 an Client<10080.1952.0> ausgeliefert.
dlq>>> Nachricht 20 an Client<10080.1953.0> ausgeliefert.
dlq>>> Nachricht 20 an Client<10080.1954.0> ausgeliefert.
dlq>>> Nachricht 20 an Client<10080.1950.0> ausgeliefert.
dlq>>> Nachricht 25 an Client<10080.1956.0> ausgeliefert.
dlq>>> Nachricht 24 an Client<10080.1949.0> ausgeliefert.
dlq>>> Nachricht 23 an Client<10080.1951.0> ausgeliefert.
dlq>>> Nachricht 24 an Client<10080.1948.0> ausgeliefert.
dlq>>> Nachricht 25 an Client<10080.1955.0> ausgeliefert.
dlq>>> Nachricht 21 an Client<10080.1952.0> ausgeliefert.
dlq>>> Nachricht 21 an Client<10080.1953.0> ausgeliefert.
dlq>>> Nachricht 21 an Client<10080.1954.0> ausgeliefert.
dlq>>> Nachricht 21 an Client<10080.1950.0> ausgeliefert.
dlq>>> Nachricht 26 an Client<10080.1956.0> ausgeliefert.
dlq>>> Nachricht 25 an Client<10080.1949.0> ausgeliefert.
dlq>>> Nachricht 24 an Client<10080.1951.0> ausgeliefert.
dlq>>> Nachricht 25 an Client<10080.1948.0> ausgeliefert.
dlq>>> Nachricht 26 an Client<10080.1955.0> ausgeliefert.
dlq>>> Nachricht 22 an Client<10080.1952.0> ausgeliefert.
dlq>>> Nachricht 22 an Client<10080.1953.0> ausgeliefert.
dlq>>> Nachricht 22 an Client<10080.1954.0> ausgeliefert.
dlq>>> Nachricht 22 an Client<10080.1950.0> ausgeliefert.
dlq>>> Nachricht 27 an Client<10080.1956.0> ausgeliefert.
dlq>>> Nachricht 26 an Client<10080.1949.0> ausgeliefert.
dlq>>> Nachricht 25 an Client<10080.1951.0> ausgeliefert.
dlq>>> Nachricht 26 an Client<10080.1948.0> ausgeliefert.
dlq>>> Nachricht 27 an Client<10080.1955.0> ausgeliefert.
dlq>>> Nachricht 23 an Client<10080.1952.0> ausgeliefert.
dlq>>> Nachricht 23 an Client<10080.1953.0> ausgeliefert.
dlq>>> Nachricht 23 an Client<10080.1954.0> ausgeliefert.
dlq>>> Nachricht 23 an Client<10080.1950.0> ausgeliefert.
dlq>>> Nachricht 28 an Client<10080.1956.0> ausgeliefert.
dlq>>> Nachricht 27 an Client<10080.1949.0> ausgeliefert.
dlq>>> Nachricht 26 an Client<10080.1951.0> ausgeliefert.
dlq>>> Nachricht 27 an Client<10080.1948.0> ausgeliefert.
dlq>>> Nachricht 28 an Client<10080.1955.0> ausgeliefert.
dlq>>> Nachricht 24 an Client<10080.1952.0> ausgeliefert.
dlq>>> Nachricht 24 an Client<10080.1953.0> ausgeliefert.
dlq>>> Nachricht 24 an Client<10080.1954.0> ausgeliefert.
dlq>>> Nachricht 24 an Client<10080.1950.0> ausgeliefert.
dlq>>> Nachricht 29 an Client<10080.1956.0> ausgeliefert.
dlq>>> Nachricht 28 an Client<10080.1949.0> ausgeliefert.
dlq>>> Nachricht 27 an Client<10080.1951.0> ausgeliefert.
dlq>>> Nachricht 28 an Client<10080.1948.0> ausgeliefert.
dlq>>> Nachricht 29 an Client<10080.1955.0> ausgeliefert.
dlq>>> Nachricht 25 an Client<10080.1952.0> ausgeliefert.
dlq>>> Nachricht 25 an Client<10080.1953.0> ausgeliefert.
dlq>>> Nachricht 25 an Client<10080.1954.0> ausgeliefert.
dlq>>> Nachricht 25 an Client<10080.1950.0> ausgeliefert.
dlq>>> Nachricht 30 an Client<10080.1956.0> ausgeliefert.
dlq>>> Nachricht 29 an Client<10080.1949.0> ausgeliefert.
dlq>>> Nachricht 28 an Client<10080.1951.0> ausgeliefert.
dlq>>> Nachricht 29 an Client<10080.1948.0> ausgeliefert.
dlq>>> Nachricht 30 an Client<10080.1955.0> ausgeliefert.
dlq>>> Nachricht 26 an Client<10080.1952.0> ausgeliefert.
dlq>>> Nachricht 26 an Client<10080.1953.0> ausgeliefert.
dlq>>> Nachricht 26 an Client<10080.1954.0> ausgeliefert.
dlq>>> Nachricht 26 an Client<10080.1950.0> ausgeliefert.
dlq>>> Nachricht 31 an Client<10080.1956.0> ausgeliefert.
dlq>>> Nachricht 30 an Client<10080.1949.0> ausgeliefert.
dlq>>> Nachricht 29 an Client<10080.1951.0> ausgeliefert.
dlq>>> Nachricht 30 an Client<10080.1948.0> ausgeliefert.
dlq>>> Nachricht 31 an Client<10080.1955.0> ausgeliefert.
dlq>>> Nachricht 27 an Client<10080.1952.0> ausgeliefert.
dlq>>> Nachricht 27 an Client<10080.1953.0> ausgeliefert.
dlq>>> Nachricht 27 an Client<10080.1954.0> ausgeliefert.
dlq>>> Nachricht 27 an Client<10080.1950.0> ausgeliefert.
dlq>>> Nachricht 32 an Client<10080.1956.0> ausgeliefert.
dlq>>> Nachricht 31 an Client<10080.1949.0> ausgeliefert.
dlq>>> Nachricht 30 an Client<10080.1951.0> ausgeliefert.
dlq>>> Nachricht 31 an Client<10080.1948.0> ausgeliefert.
dlq>>> Nachricht 32 an Client<10080.1955.0> ausgeliefert.
dlq>>> Nachricht 28 an Client<10080.1952.0> ausgeliefert.
dlq>>> Nachricht 28 an Client<10080.1953.0> ausgeliefert.
dlq>>> Nachricht 28 an Client<10080.1954.0> ausgeliefert.
dlq>>> Nachricht 28 an Client<10080.1950.0> ausgeliefert.
dlq>>> Nachricht 33 an Client<10080.1956.0> ausgeliefert.
dlq>>> Nachricht 32 an Client<10080.1949.0> ausgeliefert.
dlq>>> Nachricht 31 an Client<10080.1951.0> ausgeliefert.
dlq>>> Nachricht 32 an Client<10080.1948.0> ausgeliefert.
dlq>>> Nachricht 33 an Client<10080.1955.0> ausgeliefert.
dlq>>> Nachricht 29 an Client<10080.1952.0> ausgeliefert.
dlq>>> Nachricht 29 an Client<10080.1953.0> ausgeliefert.
dlq>>> Nachricht 29 an Client<10080.1954.0> ausgeliefert.
dlq>>> Nachricht 29 an Client<10080.1950.0> ausgeliefert.
dlq>>> Nachricht 34 an Client<10080.1956.0> ausgeliefert.
dlq>>> Nachricht 33 an Client<10080.1949.0> ausgeliefert.
dlq>>> Nachricht 32 an Client<10080.1951.0> ausgeliefert.
dlq>>> Nachricht 33 an Client<10080.1948.0> ausgeliefert.
dlq>>> Nachricht 34 an Client<10080.1955.0> ausgeliefert.
dlq>>> Nachricht 30 an Client<10080.1952.0> ausgeliefert.
dlq>>> Nachricht 30 an Client<10080.1953.0> ausgeliefert.
dlq>>> Nachricht 30 an Client<10080.1954.0> ausgeliefert.
dlq>>> Nachricht 30 an Client<10080.1950.0> ausgeliefert.
dlq>>> Nachricht 35 an Client<10080.1956.0> ausgeliefert.
dlq>>> Nachricht 34 an Client<10080.1949.0> ausgeliefert.
dlq>>> Nachricht 33 an Client<10080.1951.0> ausgeliefert.
dlq>>> Nachricht 34 an Client<10080.1948.0> ausgeliefert.
dlq>>> Nachricht 35 an Client<10080.1955.0> ausgeliefert.
dlq>>> Nachricht 31 an Client<10080.1952.0> ausgeliefert.
dlq>>> Nachricht 31 an Client<10080.1953.0> ausgeliefert.
dlq>>> Nachricht 31 an Client<10080.1954.0> ausgeliefert.
dlq>>> Nachricht 31 an Client<10080.1950.0> ausgeliefert.
dlq>>> Nachricht 36 an Client<10080.1956.0> ausgeliefert.
dlq>>> Nachricht 35 an Client<10080.1949.0> ausgeliefert.
dlq>>> Nachricht 34 an Client<10080.1951.0> ausgeliefert.
dlq>>> Nachricht 35 an Client<10080.1948.0> ausgeliefert.
dlq>>> Nachricht 36 an Client<10080.1955.0> ausgeliefert.
dlq>>> Nachricht 32 an Client<10080.1952.0> ausgeliefert.
dlq>>> Nachricht 32 an Client<10080.1953.0> ausgeliefert.
dlq>>> Nachricht 32 an Client<10080.1954.0> ausgeliefert.
dlq>>> Nachricht 32 an Client<10080.1950.0> ausgeliefert.
dlq>>> Nachricht 37 an Client<10080.1956.0> ausgeliefert.
dlq>>> Nachricht 36 an Client<10080.1949.0> ausgeliefert.
dlq>>> Nachricht 35 an Client<10080.1951.0> ausgeliefert.
dlq>>> Nachricht 36 an Client<10080.1948.0> ausgeliefert.
dlq>>> Nachricht 37 an Client<10080.1955.0> ausgeliefert.
dlq>>> Nachricht 33 an Client<10080.1952.0> ausgeliefert.
dlq>>> Nachricht 33 an Client<10080.1953.0> ausgeliefert.
dlq>>> Nachricht 33 an Client<10080.1954.0> ausgeliefert.
dlq>>> Nachricht 33 an Client<10080.1950.0> ausgeliefert.
dlq>>> Nachricht 38 an Client<10080.1956.0> ausgeliefert.
dlq>>> Nachricht 37 an Client<10080.1949.0> ausgeliefert.
dlq>>> Nachricht 36 an Client<10080.1951.0> ausgeliefert.
dlq>>> Nachricht 37 an Client<10080.1948.0> ausgeliefert.
dlq>>> Nachricht 38 an Client<10080.1955.0> ausgeliefert.
dlq>>> Nachricht 34 an Client<10080.1952.0> ausgeliefert.
dlq>>> Nachricht 34 an Client<10080.1953.0> ausgeliefert.
dlq>>> Nachricht 34 an Client<10080.1954.0> ausgeliefert.
dlq>>> Nachricht 34 an Client<10080.1950.0> ausgeliefert.
dlq>>> Nachricht 39 an Client<10080.1956.0> ausgeliefert.
dlq>>> Nachricht 38 an Client<10080.1949.0> ausgeliefert.
dlq>>> Nachricht 37 an Client<10080.1951.0> ausgeliefert.
dlq>>> Nachricht 38 an Client<10080.1948.0> ausgeliefert.
dlq>>> Nachricht 39 an Client<10080.1955.0> ausgeliefert.
dlq>>> Nachricht 35 an Client<10080.1952.0> ausgeliefert.
dlq>>> Nachricht 35 an Client<10080.1953.0> ausgeliefert.
dlq>>> Nachricht 35 an Client<10080.1954.0> ausgeliefert.
dlq>>> Nachricht 35 an Client<10080.1950.0> ausgeliefert.
dlq>>> Nachricht 40 an Client<10080.1956.0> ausgeliefert.
dlq>>> Nachricht 39 an Client<10080.1949.0> ausgeliefert.
dlq>>> Nachricht 38 an Client<10080.1951.0> ausgeliefert.
dlq>>> Nachricht 39 an Client<10080.1948.0> ausgeliefert.
dlq>>> Nachricht 40 an Client<10080.1955.0> ausgeliefert.
dlq>>> Nachricht 36 an Client<10080.1952.0> ausgeliefert.
dlq>>> Nachricht 36 an Client<10080.1953.0> ausgeliefert.
dlq>>> Nachricht 36 an Client<10080.1954.0> ausgeliefert.
dlq>>> Nachricht 36 an Client<10080.1950.0> ausgeliefert.
dlq>>> Nachricht 41 an Client<10080.1956.0> ausgeliefert.
dlq>>> Nachricht 40 an Client<10080.1949.0> ausgeliefert.
dlq>>> Nachricht 39 an Client<10080.1951.0> ausgeliefert.
dlq>>> Nachricht 40 an Client<10080.1948.0> ausgeliefert.
dlq>>> Nachricht 41 an Client<10080.1955.0> ausgeliefert.
dlq>>> Nachricht 37 an Client<10080.1952.0> ausgeliefert.
dlq>>> Nachricht 37 an Client<10080.1953.0> ausgeliefert.
dlq>>> Nachricht 37 an Client<10080.1954.0> ausgeliefert.
dlq>>> Nachricht 37 an Client<10080.1950.0> ausgeliefert.
dlq>>> Nachricht 42 an Client<10080.1956.0> ausgeliefert.
dlq>>> Nachricht 41 an Client<10080.1949.0> ausgeliefert.
dlq>>> Nachricht 40 an Client<10080.1951.0> ausgeliefert.
dlq>>> Nachricht 41 an Client<10080.1948.0> ausgeliefert.
dlq>>> Nachricht 42 an Client<10080.1955.0> ausgeliefert.
dlq>>> Nachricht 38 an Client<10080.1952.0> ausgeliefert.
dlq>>> Nachricht 38 an Client<10080.1953.0> ausgeliefert.
dlq>>> Nachricht 38 an Client<10080.1954.0> ausgeliefert.
dlq>>> Nachricht 38 an Client<10080.1950.0> ausgeliefert.
dlq>>> Nachricht 43 an Client<10080.1956.0> ausgeliefert.
dlq>>> Nachricht 42 an Client<10080.1949.0> ausgeliefert.
dlq>>> Nachricht 41 an Client<10080.1951.0> ausgeliefert.
dlq>>> Nachricht 42 an Client<10080.1948.0> ausgeliefert.
dlq>>> Nachricht 43 an Client<10080.1955.0> ausgeliefert.
dlq>>> Nachricht 39 an Client<10080.1952.0> ausgeliefert.
dlq>>> Nachricht 39 an Client<10080.1953.0> ausgeliefert.
dlq>>> Nachricht 39 an Client<10080.1954.0> ausgeliefert.
dlq>>> Nachricht 39 an Client<10080.1950.0> ausgeliefert.
dlq>>> Nachricht 44 an Client<10080.1956.0> ausgeliefert.
dlq>>> Nachricht 43 an Client<10080.1949.0> ausgeliefert.
dlq>>> Nachricht 42 an Client<10080.1951.0> ausgeliefert.
dlq>>> Nachricht 43 an Client<10080.1948.0> ausgeliefert.
dlq>>> Nachricht 44 an Client<10080.1955.0> ausgeliefert.
dlq>>> Nachricht 40 an Client<10080.1952.0> ausgeliefert.
dlq>>> Nachricht 40 an Client<10080.1953.0> ausgeliefert.
dlq>>> Nachricht 40 an Client<10080.1954.0> ausgeliefert.
dlq>>> Nachricht 40 an Client<10080.1950.0> ausgeliefert.
dlq>>> Nachricht 45 an Client<10080.1956.0> ausgeliefert.
dlq>>> Nachricht 44 an Client<10080.1949.0> ausgeliefert.
dlq>>> Nachricht 43 an Client<10080.1951.0> ausgeliefert.
dlq>>> Nachricht 44 an Client<10080.1948.0> ausgeliefert.
dlq>>> Nachricht 45 an Client<10080.1955.0> ausgeliefert.
dlq>>> Nachricht 41 an Client<10080.1952.0> ausgeliefert.
dlq>>> Nachricht 41 an Client<10080.1953.0> ausgeliefert.
dlq>>> Nachricht 41 an Client<10080.1954.0> ausgeliefert.
dlq>>> Nachricht 41 an Client<10080.1950.0> ausgeliefert.
dlq>>> Nachricht 45 an Client<10080.1949.0> ausgeliefert.
dlq>>> Nachricht 44 an Client<10080.1951.0> ausgeliefert.
dlq>>> Nachricht 45 an Client<10080.1948.0> ausgeliefert.
dlq>>> Nachricht 42 an Client<10080.1952.0> ausgeliefert.
dlq>>> Nachricht 42 an Client<10080.1953.0> ausgeliefert.
dlq>>> Nachricht 42 an Client<10080.1954.0> ausgeliefert.
dlq>>> Nachricht 42 an Client<10080.1950.0> ausgeliefert.
dlq>>> Nachricht 45 an Client<10080.1951.0> ausgeliefert.
dlq>>> Nachricht 43 an Client<10080.1952.0> ausgeliefert.
dlq>>> Nachricht 43 an Client<10080.1953.0> ausgeliefert.
dlq>>> Nachricht 43 an Client<10080.1954.0> ausgeliefert.
dlq>>> Nachricht 43 an Client<10080.1950.0> ausgeliefert.
dlq>>> Nachricht 44 an Client<10080.1952.0> ausgeliefert.
dlq>>> Nachricht 44 an Client<10080.1953.0> ausgeliefert.
dlq>>> Nachricht 44 an Client<10080.1954.0> ausgeliefert.
dlq>>> Nachricht 44 an Client<10080.1950.0> ausgeliefert.
dlq>>> Nachricht 45 an Client<10080.1952.0> ausgeliefert.
dlq>>> Nachricht 45 an Client<10080.1953.0> ausgeliefert.
dlq>>> Nachricht 45 an Client<10080.1954.0> ausgeliefert.
dlq>>> Nachricht 45 an Client<10080.1950.0> ausgeliefert.
HBQ>>> Nachricht 144 in HBQ eingefügt.
HBQ>>> Nachricht 127 in HBQ eingefügt.
HBQ>>> Nachricht 125 in HBQ eingefügt.
HBQ>>> Nachricht 120 in HBQ eingefügt.
HBQ>>> Nachricht 116 in HBQ eingefügt.
HBQ>>> Nachricht 143 in HBQ eingefügt.
HBQ>>> Nachricht 142 in HBQ eingefügt.
HBQ>>> Nachricht 141 in HBQ eingefügt.
HBQ>>> Nachricht 132 in HBQ eingefügt.
HBQ>>> Nachricht 153 in HBQ eingefügt.
HBQ>>> Nachricht 152 in HBQ eingefügt.
HBQ>>> Nachricht 151 in HBQ eingefügt.
HBQ>>> Nachricht 150 in HBQ eingefügt.
HBQ>>> Nachricht 149 in HBQ eingefügt.
HBQ>>> Nachricht 148 in HBQ eingefügt.
HBQ>>> Nachricht 147 in HBQ eingefügt.
HBQ>>> Nachricht 146 in HBQ eingefügt.
HBQ>>> Nachricht 145 in HBQ eingefügt.
HBQ>>> Nachricht 161 in HBQ eingefügt.
HBQ>>> Nachricht 160 in HBQ eingefügt.
HBQ>>> Nachricht 159 in HBQ eingefügt.
HBQ>>> Nachricht 158 in HBQ eingefügt.
HBQ>>> Nachricht 157 in HBQ eingefügt.
HBQ>>> Nachricht 156 in HBQ eingefügt.
HBQ>>> Nachricht 155 in HBQ eingefügt.
HBQ>>> Nachricht 154 in HBQ eingefügt.
HBQ>>> Nachricht 162 in HBQ eingefügt.
HBQ>>> Nachricht 170 in HBQ eingefügt.
HBQ>>> Nachricht 167 in HBQ eingefügt.
HBQ>>> Fehlernachricht fuer Nachrichten 46 bis 115 generiert.
dlq>>> Nachricht 115 in DLQ eingefügt.
dlq>>> Nachricht 4 aus DLQ gelöscht.
dlq>>> Nachricht 116 in DLQ eingefügt.
dlq>>> Nachricht 5 aus DLQ gelöscht.
HBQ>>> Nachricht 169 in HBQ eingefügt.
HBQ>>> Fehlernachricht fuer Nachrichten 117 bis 119 generiert.
dlq>>> Nachricht 119 in DLQ eingefügt.
dlq>>> Nachricht 6 aus DLQ gelöscht.
dlq>>> Nachricht 120 in DLQ eingefügt.
dlq>>> Nachricht 7 aus DLQ gelöscht.
HBQ>>> Nachricht 168 in HBQ eingefügt.
HBQ>>> Fehlernachricht fuer Nachrichten 121 bis 124 generiert.
dlq>>> Nachricht 124 in DLQ eingefügt.
dlq>>> Nachricht 8 aus DLQ gelöscht.
dlq>>> Nachricht 125 in DLQ eingefügt.
dlq>>> Nachricht 9 aus DLQ gelöscht.
HBQ>>> Nachricht 166 in HBQ eingefügt.
HBQ>>> Fehlernachricht fuer Nachrichten 126 bis 126 generiert.
dlq>>> Nachricht 126 in DLQ eingefügt.
dlq>>> Nachricht 10 aus DLQ gelöscht.
dlq>>> Nachricht 127 in DLQ eingefügt.
dlq>>> Nachricht 11 aus DLQ gelöscht.
HBQ>>> Nachricht 165 in HBQ eingefügt.
HBQ>>> Fehlernachricht fuer Nachrichten 128 bis 131 generiert.
dlq>>> Nachricht 131 in DLQ eingefügt.
dlq>>> Nachricht 12 aus DLQ gelöscht.
dlq>>> Nachricht 132 in DLQ eingefügt.
dlq>>> Nachricht 13 aus DLQ gelöscht.
HBQ>>> Nachricht 164 in HBQ eingefügt.
HBQ>>> Fehlernachricht fuer Nachrichten 133 bis 140 generiert.
dlq>>> Nachricht 140 in DLQ eingefügt.
dlq>>> Nachricht 14 aus DLQ gelöscht.
dlq>>> Nachricht 141 in DLQ eingefügt.
dlq>>> Nachricht 15 aus DLQ gelöscht.
dlq>>> Nachricht 142 in DLQ eingefügt.
dlq>>> Nachricht 16 aus DLQ gelöscht.
dlq>>> Nachricht 143 in DLQ eingefügt.
dlq>>> Nachricht 17 aus DLQ gelöscht.
dlq>>> Nachricht 144 in DLQ eingefügt.
dlq>>> Nachricht 18 aus DLQ gelöscht.
dlq>>> Nachricht 145 in DLQ eingefügt.
dlq>>> Nachricht 19 aus DLQ gelöscht.
dlq>>> Nachricht 146 in DLQ eingefügt.
dlq>>> Nachricht 20 aus DLQ gelöscht.
dlq>>> Nachricht 147 in DLQ eingefügt.
dlq>>> Nachricht 21 aus DLQ gelöscht.
dlq>>> Nachricht 148 in DLQ eingefügt.
dlq>>> Nachricht 22 aus DLQ gelöscht.
dlq>>> Nachricht 149 in DLQ eingefügt.
dlq>>> Nachricht 23 aus DLQ gelöscht.
dlq>>> Nachricht 150 in DLQ eingefügt.
dlq>>> Nachricht 24 aus DLQ gelöscht.
dlq>>> Nachricht 151 in DLQ eingefügt.
dlq>>> Nachricht 25 aus DLQ gelöscht.
dlq>>> Nachricht 152 in DLQ eingefügt.
dlq>>> Nachricht 26 aus DLQ gelöscht.
dlq>>> Nachricht 153 in DLQ eingefügt.
dlq>>> Nachricht 27 aus DLQ gelöscht.
dlq>>> Nachricht 154 in DLQ eingefügt.
dlq>>> Nachricht 28 aus DLQ gelöscht.
dlq>>> Nachricht 155 in DLQ eingefügt.
dlq>>> Nachricht 29 aus DLQ gelöscht.
dlq>>> Nachricht 156 in DLQ eingefügt.
dlq>>> Nachricht 30 aus DLQ gelöscht.
dlq>>> Nachricht 157 in DLQ eingefügt.
dlq>>> Nachricht 31 aus DLQ gelöscht.
dlq>>> Nachricht 158 in DLQ eingefügt.
dlq>>> Nachricht 32 aus DLQ gelöscht.
dlq>>> Nachricht 159 in DLQ eingefügt.
dlq>>> Nachricht 33 aus DLQ gelöscht.
dlq>>> Nachricht 160 in DLQ eingefügt.
dlq>>> Nachricht 34 aus DLQ gelöscht.
dlq>>> Nachricht 161 in DLQ eingefügt.
dlq>>> Nachricht 35 aus DLQ gelöscht.
dlq>>> Nachricht 162 in DLQ eingefügt.
dlq>>> Nachricht 36 aus DLQ gelöscht.
HBQ>>> Nachricht 163 in HBQ eingefügt.
dlq>>> Nachricht 163 in DLQ eingefügt.
dlq>>> Nachricht 37 aus DLQ gelöscht.
dlq>>> Nachricht 164 in DLQ eingefügt.
dlq>>> Nachricht 38 aus DLQ gelöscht.
dlq>>> Nachricht 165 in DLQ eingefügt.
dlq>>> Nachricht 39 aus DLQ gelöscht.
dlq>>> Nachricht 166 in DLQ eingefügt.
dlq>>> Nachricht 40 aus DLQ gelöscht.
dlq>>> Nachricht 167 in DLQ eingefügt.
dlq>>> Nachricht 41 aus DLQ gelöscht.
dlq>>> Nachricht 168 in DLQ eingefügt.
dlq>>> Nachricht 42 aus DLQ gelöscht.
dlq>>> Nachricht 169 in DLQ eingefügt.
dlq>>> Nachricht 43 aus DLQ gelöscht.
dlq>>> Nachricht 170 in DLQ eingefügt.
dlq>>> Nachricht 44 aus DLQ gelöscht.
HBQ>>> HBQ wurde komplett in DLQ übertragen.
HBQ>>> Nachricht 171 in HBQ eingefügt.
dlq>>> Nachricht 171 in DLQ eingefügt.
dlq>>> Nachricht 45 aus DLQ gelöscht.
HBQ>>> HBQ wurde komplett in DLQ übertragen.
HBQ>>> Nachricht 177 in HBQ eingefügt.
HBQ>>> Nachricht 176 in HBQ eingefügt.
HBQ>>> Nachricht 175 in HBQ eingefügt.
HBQ>>> Nachricht 174 in HBQ eingefügt.
HBQ>>> Nachricht 173 in HBQ eingefügt.
HBQ>>> Nachricht 172 in HBQ eingefügt.
dlq>>> Nachricht 172 in DLQ eingefügt.
dlq>>> Nachricht 115 aus DLQ gelöscht.
dlq>>> Nachricht 173 in DLQ eingefügt.
dlq>>> Nachricht 116 aus DLQ gelöscht.
dlq>>> Nachricht 174 in DLQ eingefügt.
dlq>>> Nachricht 119 aus DLQ gelöscht.
dlq>>> Nachricht 175 in DLQ eingefügt.
dlq>>> Nachricht 120 aus DLQ gelöscht.
dlq>>> Nachricht 176 in DLQ eingefügt.
dlq>>> Nachricht 124 aus DLQ gelöscht.
dlq>>> Nachricht 177 in DLQ eingefügt.
dlq>>> Nachricht 125 aus DLQ gelöscht.
HBQ>>> HBQ wurde komplett in DLQ übertragen.
dlq>>> Nachricht 126 an Client<10080.1955.0> ausgeliefert.
dlq>>> Nachricht 126 an Client<10080.1956.0> ausgeliefert.
dlq>>> Nachricht 126 an Client<10080.1953.0> ausgeliefert.
dlq>>> Nachricht 126 an Client<10080.1952.0> ausgeliefert.
dlq>>> Nachricht 126 an Client<10080.1951.0> ausgeliefert.
HBQ>>> Nachricht 179 in HBQ eingefügt.
HBQ>>> Nachricht 178 in HBQ eingefügt.
dlq>>> Nachricht 178 in DLQ eingefügt.
dlq>>> Nachricht 126 aus DLQ gelöscht.
dlq>>> Nachricht 179 in DLQ eingefügt.
dlq>>> Nachricht 127 aus DLQ gelöscht.
HBQ>>> HBQ wurde komplett in DLQ übertragen.
dlq>>> Nachricht 131 an Client<10080.1955.0> ausgeliefert.
dlq>>> Nachricht 131 an Client<10080.1954.0> ausgeliefert.
dlq>>> Nachricht 131 an Client<10080.1956.0> ausgeliefert.
dlq>>> Nachricht 131 an Client<10080.1953.0> ausgeliefert.
dlq>>> Nachricht 131 an Client<10080.1952.0> ausgeliefert.
dlq>>> Nachricht 131 an Client<10080.1951.0> ausgeliefert.
HBQ>>> Nachricht 180 in HBQ eingefügt.
dlq>>> Nachricht 180 in DLQ eingefügt.
dlq>>> Nachricht 131 aus DLQ gelöscht.
HBQ>>> HBQ wurde komplett in DLQ übertragen.
dlq>>> Nachricht 132 an Client<10080.1955.0> ausgeliefert.
dlq>>> Nachricht 132 an Client<10080.1954.0> ausgeliefert.
dlq>>> Nachricht 132 an Client<10080.1956.0> ausgeliefert.
dlq>>> Nachricht 132 an Client<10080.1953.0> ausgeliefert.
dlq>>> Nachricht 132 an Client<10080.1952.0> ausgeliefert.
dlq>>> Nachricht 132 an Client<10080.1951.0> ausgeliefert.
dlq>>> Nachricht 140 an Client<10080.1955.0> ausgeliefert.
dlq>>> Nachricht 140 an Client<10080.1954.0> ausgeliefert.
dlq>>> Nachricht 140 an Client<10080.1956.0> ausgeliefert.
dlq>>> Nachricht 140 an Client<10080.1953.0> ausgeliefert.
dlq>>> Nachricht 140 an Client<10080.1952.0> ausgeliefert.
dlq>>> Nachricht 140 an Client<10080.1951.0> ausgeliefert.
dlq>>> Nachricht 141 an Client<10080.1955.0> ausgeliefert.
dlq>>> Nachricht 141 an Client<10080.1954.0> ausgeliefert.
dlq>>> Nachricht 141 an Client<10080.1956.0> ausgeliefert.
dlq>>> Nachricht 141 an Client<10080.1953.0> ausgeliefert.
dlq>>> Nachricht 141 an Client<10080.1951.0> ausgeliefert.
dlq>>> Nachricht 141 an Client<10080.1952.0> ausgeliefert.
dlq>>> Nachricht 142 an Client<10080.1955.0> ausgeliefert.
dlq>>> Nachricht 142 an Client<10080.1954.0> ausgeliefert.
dlq>>> Nachricht 142 an Client<10080.1952.0> ausgeliefert.
dlq>>> Nachricht 142 an Client<10080.1956.0> ausgeliefert.
dlq>>> Nachricht 142 an Client<10080.1951.0> ausgeliefert.
dlq>>> Nachricht 142 an Client<10080.1953.0> ausgeliefert.
dlq>>> Nachricht 132 an Client<10080.1948.0> ausgeliefert.
dlq>>> Nachricht 132 an Client<10080.1949.0> ausgeliefert.
dlq>>> Nachricht 143 an Client<10080.1955.0> ausgeliefert.
dlq>>> Nachricht 143 an Client<10080.1954.0> ausgeliefert.
dlq>>> Nachricht 143 an Client<10080.1952.0> ausgeliefert.
dlq>>> Nachricht 143 an Client<10080.1956.0> ausgeliefert.
dlq>>> Nachricht 143 an Client<10080.1951.0> ausgeliefert.
dlq>>> Nachricht 132 an Client<10080.1950.0> ausgeliefert.
dlq>>> Nachricht 143 an Client<10080.1953.0> ausgeliefert.
dlq>>> Nachricht 140 an Client<10080.1948.0> ausgeliefert.
dlq>>> Nachricht 140 an Client<10080.1949.0> ausgeliefert.
dlq>>> Nachricht 144 an Client<10080.1955.0> ausgeliefert.
dlq>>> Nachricht 144 an Client<10080.1954.0> ausgeliefert.
dlq>>> Nachricht 144 an Client<10080.1952.0> ausgeliefert.
dlq>>> Nachricht 144 an Client<10080.1956.0> ausgeliefert.
dlq>>> Nachricht 144 an Client<10080.1951.0> ausgeliefert.
dlq>>> Nachricht 140 an Client<10080.1950.0> ausgeliefert.
dlq>>> Nachricht 144 an Client<10080.1953.0> ausgeliefert.
dlq>>> Nachricht 141 an Client<10080.1948.0> ausgeliefert.
dlq>>> Nachricht 141 an Client<10080.1949.0> ausgeliefert.
dlq>>> Nachricht 145 an Client<10080.1955.0> ausgeliefert.
dlq>>> Nachricht 145 an Client<10080.1954.0> ausgeliefert.
dlq>>> Nachricht 145 an Client<10080.1952.0> ausgeliefert.
dlq>>> Nachricht 145 an Client<10080.1956.0> ausgeliefert.
dlq>>> Nachricht 145 an Client<10080.1951.0> ausgeliefert.
dlq>>> Nachricht 141 an Client<10080.1950.0> ausgeliefert.
dlq>>> Nachricht 145 an Client<10080.1953.0> ausgeliefert.
dlq>>> Nachricht 142 an Client<10080.1948.0> ausgeliefert.
dlq>>> Nachricht 142 an Client<10080.1949.0> ausgeliefert.
dlq>>> Nachricht 146 an Client<10080.1955.0> ausgeliefert.
dlq>>> Nachricht 146 an Client<10080.1954.0> ausgeliefert.
dlq>>> Nachricht 146 an Client<10080.1952.0> ausgeliefert.
dlq>>> Nachricht 146 an Client<10080.1956.0> ausgeliefert.
dlq>>> Nachricht 146 an Client<10080.1951.0> ausgeliefert.
dlq>>> Nachricht 142 an Client<10080.1950.0> ausgeliefert.
dlq>>> Nachricht 146 an Client<10080.1953.0> ausgeliefert.
dlq>>> Nachricht 143 an Client<10080.1948.0> ausgeliefert.
dlq>>> Nachricht 143 an Client<10080.1949.0> ausgeliefert.
dlq>>> Nachricht 147 an Client<10080.1955.0> ausgeliefert.
dlq>>> Nachricht 147 an Client<10080.1954.0> ausgeliefert.
dlq>>> Nachricht 147 an Client<10080.1952.0> ausgeliefert.
dlq>>> Nachricht 147 an Client<10080.1956.0> ausgeliefert.
dlq>>> Nachricht 147 an Client<10080.1951.0> ausgeliefert.
dlq>>> Nachricht 143 an Client<10080.1950.0> ausgeliefert.
dlq>>> Nachricht 147 an Client<10080.1953.0> ausgeliefert.
dlq>>> Nachricht 144 an Client<10080.1948.0> ausgeliefert.
dlq>>> Nachricht 144 an Client<10080.1949.0> ausgeliefert.
dlq>>> Nachricht 148 an Client<10080.1955.0> ausgeliefert.
dlq>>> Nachricht 148 an Client<10080.1954.0> ausgeliefert.
dlq>>> Nachricht 148 an Client<10080.1952.0> ausgeliefert.
dlq>>> Nachricht 148 an Client<10080.1956.0> ausgeliefert.
dlq>>> Nachricht 148 an Client<10080.1951.0> ausgeliefert.
dlq>>> Nachricht 144 an Client<10080.1950.0> ausgeliefert.
dlq>>> Nachricht 148 an Client<10080.1953.0> ausgeliefert.
dlq>>> Nachricht 145 an Client<10080.1948.0> ausgeliefert.
dlq>>> Nachricht 145 an Client<10080.1949.0> ausgeliefert.
dlq>>> Nachricht 149 an Client<10080.1955.0> ausgeliefert.
dlq>>> Nachricht 149 an Client<10080.1954.0> ausgeliefert.
dlq>>> Nachricht 149 an Client<10080.1952.0> ausgeliefert.
dlq>>> Nachricht 149 an Client<10080.1956.0> ausgeliefert.
dlq>>> Nachricht 149 an Client<10080.1951.0> ausgeliefert.
dlq>>> Nachricht 145 an Client<10080.1950.0> ausgeliefert.
dlq>>> Nachricht 149 an Client<10080.1953.0> ausgeliefert.
dlq>>> Nachricht 146 an Client<10080.1948.0> ausgeliefert.
dlq>>> Nachricht 146 an Client<10080.1949.0> ausgeliefert.
dlq>>> Nachricht 150 an Client<10080.1955.0> ausgeliefert.
dlq>>> Nachricht 150 an Client<10080.1954.0> ausgeliefert.
dlq>>> Nachricht 150 an Client<10080.1952.0> ausgeliefert.
dlq>>> Nachricht 150 an Client<10080.1956.0> ausgeliefert.
dlq>>> Nachricht 150 an Client<10080.1951.0> ausgeliefert.
dlq>>> Nachricht 146 an Client<10080.1950.0> ausgeliefert.
dlq>>> Nachricht 150 an Client<10080.1953.0> ausgeliefert.
dlq>>> Nachricht 147 an Client<10080.1948.0> ausgeliefert.
dlq>>> Nachricht 147 an Client<10080.1949.0> ausgeliefert.
dlq>>> Nachricht 151 an Client<10080.1955.0> ausgeliefert.
dlq>>> Nachricht 151 an Client<10080.1954.0> ausgeliefert.
dlq>>> Nachricht 151 an Client<10080.1952.0> ausgeliefert.
dlq>>> Nachricht 151 an Client<10080.1956.0> ausgeliefert.
dlq>>> Nachricht 151 an Client<10080.1951.0> ausgeliefert.
dlq>>> Nachricht 147 an Client<10080.1950.0> ausgeliefert.
dlq>>> Nachricht 151 an Client<10080.1953.0> ausgeliefert.
dlq>>> Nachricht 148 an Client<10080.1948.0> ausgeliefert.
dlq>>> Nachricht 148 an Client<10080.1949.0> ausgeliefert.
dlq>>> Nachricht 152 an Client<10080.1955.0> ausgeliefert.
dlq>>> Nachricht 152 an Client<10080.1954.0> ausgeliefert.
dlq>>> Nachricht 152 an Client<10080.1952.0> ausgeliefert.
dlq>>> Nachricht 152 an Client<10080.1956.0> ausgeliefert.
dlq>>> Nachricht 152 an Client<10080.1951.0> ausgeliefert.
dlq>>> Nachricht 148 an Client<10080.1950.0> ausgeliefert.
dlq>>> Nachricht 152 an Client<10080.1953.0> ausgeliefert.
dlq>>> Nachricht 149 an Client<10080.1948.0> ausgeliefert.
dlq>>> Nachricht 149 an Client<10080.1949.0> ausgeliefert.
dlq>>> Nachricht 153 an Client<10080.1955.0> ausgeliefert.
dlq>>> Nachricht 153 an Client<10080.1954.0> ausgeliefert.
dlq>>> Nachricht 153 an Client<10080.1952.0> ausgeliefert.
dlq>>> Nachricht 153 an Client<10080.1956.0> ausgeliefert.
dlq>>> Nachricht 153 an Client<10080.1951.0> ausgeliefert.
dlq>>> Nachricht 149 an Client<10080.1950.0> ausgeliefert.
dlq>>> Nachricht 153 an Client<10080.1953.0> ausgeliefert.
dlq>>> Nachricht 150 an Client<10080.1948.0> ausgeliefert.
dlq>>> Nachricht 150 an Client<10080.1949.0> ausgeliefert.
dlq>>> Nachricht 154 an Client<10080.1955.0> ausgeliefert.
dlq>>> Nachricht 154 an Client<10080.1954.0> ausgeliefert.
dlq>>> Nachricht 154 an Client<10080.1952.0> ausgeliefert.
dlq>>> Nachricht 154 an Client<10080.1956.0> ausgeliefert.
dlq>>> Nachricht 154 an Client<10080.1951.0> ausgeliefert.
dlq>>> Nachricht 150 an Client<10080.1950.0> ausgeliefert.
dlq>>> Nachricht 154 an Client<10080.1953.0> ausgeliefert.
dlq>>> Nachricht 151 an Client<10080.1948.0> ausgeliefert.
dlq>>> Nachricht 151 an Client<10080.1949.0> ausgeliefert.
dlq>>> Nachricht 155 an Client<10080.1955.0> ausgeliefert.
dlq>>> Nachricht 155 an Client<10080.1954.0> ausgeliefert.
dlq>>> Nachricht 155 an Client<10080.1952.0> ausgeliefert.
dlq>>> Nachricht 155 an Client<10080.1956.0> ausgeliefert.
dlq>>> Nachricht 155 an Client<10080.1951.0> ausgeliefert.
dlq>>> Nachricht 151 an Client<10080.1950.0> ausgeliefert.
dlq>>> Nachricht 155 an Client<10080.1953.0> ausgeliefert.
dlq>>> Nachricht 152 an Client<10080.1948.0> ausgeliefert.
dlq>>> Nachricht 152 an Client<10080.1949.0> ausgeliefert.
dlq>>> Nachricht 156 an Client<10080.1955.0> ausgeliefert.
dlq>>> Nachricht 156 an Client<10080.1954.0> ausgeliefert.
dlq>>> Nachricht 156 an Client<10080.1952.0> ausgeliefert.
dlq>>> Nachricht 156 an Client<10080.1956.0> ausgeliefert.
dlq>>> Nachricht 156 an Client<10080.1951.0> ausgeliefert.
dlq>>> Nachricht 152 an Client<10080.1950.0> ausgeliefert.
dlq>>> Nachricht 156 an Client<10080.1953.0> ausgeliefert.
dlq>>> Nachricht 153 an Client<10080.1948.0> ausgeliefert.
dlq>>> Nachricht 153 an Client<10080.1949.0> ausgeliefert.
dlq>>> Nachricht 157 an Client<10080.1955.0> ausgeliefert.
dlq>>> Nachricht 157 an Client<10080.1954.0> ausgeliefert.
dlq>>> Nachricht 157 an Client<10080.1952.0> ausgeliefert.
dlq>>> Nachricht 157 an Client<10080.1956.0> ausgeliefert.
dlq>>> Nachricht 157 an Client<10080.1951.0> ausgeliefert.
dlq>>> Nachricht 153 an Client<10080.1950.0> ausgeliefert.
dlq>>> Nachricht 157 an Client<10080.1953.0> ausgeliefert.
dlq>>> Nachricht 154 an Client<10080.1948.0> ausgeliefert.
dlq>>> Nachricht 154 an Client<10080.1949.0> ausgeliefert.
dlq>>> Nachricht 158 an Client<10080.1955.0> ausgeliefert.
dlq>>> Nachricht 158 an Client<10080.1954.0> ausgeliefert.
dlq>>> Nachricht 158 an Client<10080.1952.0> ausgeliefert.
dlq>>> Nachricht 158 an Client<10080.1956.0> ausgeliefert.
dlq>>> Nachricht 158 an Client<10080.1951.0> ausgeliefert.
dlq>>> Nachricht 154 an Client<10080.1950.0> ausgeliefert.
dlq>>> Nachricht 158 an Client<10080.1953.0> ausgeliefert.
dlq>>> Nachricht 155 an Client<10080.1948.0> ausgeliefert.
dlq>>> Nachricht 155 an Client<10080.1949.0> ausgeliefert.
dlq>>> Nachricht 159 an Client<10080.1955.0> ausgeliefert.
dlq>>> Nachricht 159 an Client<10080.1954.0> ausgeliefert.
dlq>>> Nachricht 159 an Client<10080.1952.0> ausgeliefert.
dlq>>> Nachricht 159 an Client<10080.1956.0> ausgeliefert.
dlq>>> Nachricht 159 an Client<10080.1951.0> ausgeliefert.
dlq>>> Nachricht 155 an Client<10080.1950.0> ausgeliefert.
dlq>>> Nachricht 159 an Client<10080.1953.0> ausgeliefert.
dlq>>> Nachricht 156 an Client<10080.1948.0> ausgeliefert.
dlq>>> Nachricht 156 an Client<10080.1949.0> ausgeliefert.
dlq>>> Nachricht 160 an Client<10080.1955.0> ausgeliefert.
dlq>>> Nachricht 160 an Client<10080.1954.0> ausgeliefert.
dlq>>> Nachricht 160 an Client<10080.1952.0> ausgeliefert.
dlq>>> Nachricht 160 an Client<10080.1956.0> ausgeliefert.
dlq>>> Nachricht 160 an Client<10080.1951.0> ausgeliefert.
dlq>>> Nachricht 156 an Client<10080.1950.0> ausgeliefert.
dlq>>> Nachricht 160 an Client<10080.1953.0> ausgeliefert.
dlq>>> Nachricht 157 an Client<10080.1948.0> ausgeliefert.
dlq>>> Nachricht 157 an Client<10080.1949.0> ausgeliefert.
dlq>>> Nachricht 161 an Client<10080.1955.0> ausgeliefert.
dlq>>> Nachricht 161 an Client<10080.1954.0> ausgeliefert.
dlq>>> Nachricht 161 an Client<10080.1952.0> ausgeliefert.
dlq>>> Nachricht 161 an Client<10080.1956.0> ausgeliefert.
dlq>>> Nachricht 161 an Client<10080.1951.0> ausgeliefert.
dlq>>> Nachricht 157 an Client<10080.1950.0> ausgeliefert.
dlq>>> Nachricht 161 an Client<10080.1953.0> ausgeliefert.
dlq>>> Nachricht 158 an Client<10080.1948.0> ausgeliefert.
dlq>>> Nachricht 158 an Client<10080.1949.0> ausgeliefert.
dlq>>> Nachricht 162 an Client<10080.1955.0> ausgeliefert.
dlq>>> Nachricht 162 an Client<10080.1954.0> ausgeliefert.
dlq>>> Nachricht 162 an Client<10080.1952.0> ausgeliefert.
dlq>>> Nachricht 162 an Client<10080.1956.0> ausgeliefert.
dlq>>> Nachricht 162 an Client<10080.1951.0> ausgeliefert.
dlq>>> Nachricht 158 an Client<10080.1950.0> ausgeliefert.
dlq>>> Nachricht 162 an Client<10080.1953.0> ausgeliefert.
dlq>>> Nachricht 159 an Client<10080.1948.0> ausgeliefert.
dlq>>> Nachricht 159 an Client<10080.1949.0> ausgeliefert.
dlq>>> Nachricht 163 an Client<10080.1955.0> ausgeliefert.
dlq>>> Nachricht 163 an Client<10080.1954.0> ausgeliefert.
dlq>>> Nachricht 163 an Client<10080.1952.0> ausgeliefert.
dlq>>> Nachricht 163 an Client<10080.1956.0> ausgeliefert.
dlq>>> Nachricht 163 an Client<10080.1951.0> ausgeliefert.
dlq>>> Nachricht 159 an Client<10080.1950.0> ausgeliefert.
dlq>>> Nachricht 163 an Client<10080.1953.0> ausgeliefert.
dlq>>> Nachricht 160 an Client<10080.1948.0> ausgeliefert.
dlq>>> Nachricht 160 an Client<10080.1949.0> ausgeliefert.
dlq>>> Nachricht 164 an Client<10080.1955.0> ausgeliefert.
dlq>>> Nachricht 164 an Client<10080.1954.0> ausgeliefert.
dlq>>> Nachricht 164 an Client<10080.1952.0> ausgeliefert.
dlq>>> Nachricht 164 an Client<10080.1956.0> ausgeliefert.
dlq>>> Nachricht 164 an Client<10080.1951.0> ausgeliefert.
dlq>>> Nachricht 160 an Client<10080.1950.0> ausgeliefert.
dlq>>> Nachricht 164 an Client<10080.1953.0> ausgeliefert.
dlq>>> Nachricht 161 an Client<10080.1948.0> ausgeliefert.
dlq>>> Nachricht 161 an Client<10080.1949.0> ausgeliefert.
dlq>>> Nachricht 165 an Client<10080.1955.0> ausgeliefert.
dlq>>> Nachricht 165 an Client<10080.1954.0> ausgeliefert.
dlq>>> Nachricht 165 an Client<10080.1952.0> ausgeliefert.
dlq>>> Nachricht 165 an Client<10080.1956.0> ausgeliefert.
dlq>>> Nachricht 165 an Client<10080.1951.0> ausgeliefert.
dlq>>> Nachricht 161 an Client<10080.1950.0> ausgeliefert.
dlq>>> Nachricht 165 an Client<10080.1953.0> ausgeliefert.
dlq>>> Nachricht 162 an Client<10080.1948.0> ausgeliefert.
dlq>>> Nachricht 162 an Client<10080.1949.0> ausgeliefert.
dlq>>> Nachricht 166 an Client<10080.1955.0> ausgeliefert.
dlq>>> Nachricht 166 an Client<10080.1954.0> ausgeliefert.
dlq>>> Nachricht 166 an Client<10080.1952.0> ausgeliefert.
dlq>>> Nachricht 166 an Client<10080.1956.0> ausgeliefert.
dlq>>> Nachricht 166 an Client<10080.1951.0> ausgeliefert.
dlq>>> Nachricht 162 an Client<10080.1950.0> ausgeliefert.
dlq>>> Nachricht 166 an Client<10080.1953.0> ausgeliefert.
dlq>>> Nachricht 163 an Client<10080.1948.0> ausgeliefert.
dlq>>> Nachricht 163 an Client<10080.1949.0> ausgeliefert.
dlq>>> Nachricht 167 an Client<10080.1955.0> ausgeliefert.
dlq>>> Nachricht 167 an Client<10080.1954.0> ausgeliefert.
dlq>>> Nachricht 167 an Client<10080.1952.0> ausgeliefert.
dlq>>> Nachricht 167 an Client<10080.1956.0> ausgeliefert.
dlq>>> Nachricht 167 an Client<10080.1951.0> ausgeliefert.
dlq>>> Nachricht 163 an Client<10080.1950.0> ausgeliefert.
dlq>>> Nachricht 167 an Client<10080.1953.0> ausgeliefert.
dlq>>> Nachricht 164 an Client<10080.1948.0> ausgeliefert.
dlq>>> Nachricht 164 an Client<10080.1949.0> ausgeliefert.
dlq>>> Nachricht 168 an Client<10080.1955.0> ausgeliefert.
dlq>>> Nachricht 168 an Client<10080.1954.0> ausgeliefert.
dlq>>> Nachricht 168 an Client<10080.1952.0> ausgeliefert.
dlq>>> Nachricht 168 an Client<10080.1956.0> ausgeliefert.
dlq>>> Nachricht 168 an Client<10080.1951.0> ausgeliefert.
dlq>>> Nachricht 164 an Client<10080.1950.0> ausgeliefert.
dlq>>> Nachricht 168 an Client<10080.1953.0> ausgeliefert.
dlq>>> Nachricht 165 an Client<10080.1948.0> ausgeliefert.
dlq>>> Nachricht 165 an Client<10080.1949.0> ausgeliefert.
dlq>>> Nachricht 169 an Client<10080.1955.0> ausgeliefert.
dlq>>> Nachricht 169 an Client<10080.1954.0> ausgeliefert.
dlq>>> Nachricht 169 an Client<10080.1952.0> ausgeliefert.
dlq>>> Nachricht 169 an Client<10080.1956.0> ausgeliefert.
dlq>>> Nachricht 169 an Client<10080.1951.0> ausgeliefert.
dlq>>> Nachricht 165 an Client<10080.1950.0> ausgeliefert.
dlq>>> Nachricht 169 an Client<10080.1953.0> ausgeliefert.
dlq>>> Nachricht 166 an Client<10080.1948.0> ausgeliefert.
dlq>>> Nachricht 166 an Client<10080.1949.0> ausgeliefert.
dlq>>> Nachricht 170 an Client<10080.1955.0> ausgeliefert.
dlq>>> Nachricht 170 an Client<10080.1954.0> ausgeliefert.
dlq>>> Nachricht 170 an Client<10080.1952.0> ausgeliefert.
dlq>>> Nachricht 170 an Client<10080.1956.0> ausgeliefert.
dlq>>> Nachricht 170 an Client<10080.1951.0> ausgeliefert.
dlq>>> Nachricht 166 an Client<10080.1950.0> ausgeliefert.
dlq>>> Nachricht 170 an Client<10080.1953.0> ausgeliefert.
dlq>>> Nachricht 167 an Client<10080.1948.0> ausgeliefert.
dlq>>> Nachricht 167 an Client<10080.1949.0> ausgeliefert.
dlq>>> Nachricht 171 an Client<10080.1955.0> ausgeliefert.
dlq>>> Nachricht 171 an Client<10080.1954.0> ausgeliefert.
dlq>>> Nachricht 171 an Client<10080.1952.0> ausgeliefert.
dlq>>> Nachricht 171 an Client<10080.1956.0> ausgeliefert.
dlq>>> Nachricht 171 an Client<10080.1951.0> ausgeliefert.
dlq>>> Nachricht 167 an Client<10080.1950.0> ausgeliefert.
dlq>>> Nachricht 171 an Client<10080.1953.0> ausgeliefert.
dlq>>> Nachricht 168 an Client<10080.1948.0> ausgeliefert.
dlq>>> Nachricht 168 an Client<10080.1949.0> ausgeliefert.
dlq>>> Nachricht 172 an Client<10080.1955.0> ausgeliefert.
dlq>>> Nachricht 172 an Client<10080.1954.0> ausgeliefert.
dlq>>> Nachricht 172 an Client<10080.1952.0> ausgeliefert.
dlq>>> Nachricht 172 an Client<10080.1956.0> ausgeliefert.
dlq>>> Nachricht 172 an Client<10080.1951.0> ausgeliefert.
dlq>>> Nachricht 168 an Client<10080.1950.0> ausgeliefert.
dlq>>> Nachricht 172 an Client<10080.1953.0> ausgeliefert.
dlq>>> Nachricht 169 an Client<10080.1948.0> ausgeliefert.
dlq>>> Nachricht 169 an Client<10080.1949.0> ausgeliefert.
dlq>>> Nachricht 173 an Client<10080.1955.0> ausgeliefert.
dlq>>> Nachricht 173 an Client<10080.1954.0> ausgeliefert.
dlq>>> Nachricht 173 an Client<10080.1952.0> ausgeliefert.
dlq>>> Nachricht 173 an Client<10080.1956.0> ausgeliefert.
dlq>>> Nachricht 173 an Client<10080.1951.0> ausgeliefert.
dlq>>> Nachricht 169 an Client<10080.1950.0> ausgeliefert.
dlq>>> Nachricht 173 an Client<10080.1953.0> ausgeliefert.
dlq>>> Nachricht 170 an Client<10080.1948.0> ausgeliefert.
dlq>>> Nachricht 170 an Client<10080.1949.0> ausgeliefert.
dlq>>> Nachricht 174 an Client<10080.1955.0> ausgeliefert.
dlq>>> Nachricht 174 an Client<10080.1954.0> ausgeliefert.
dlq>>> Nachricht 174 an Client<10080.1952.0> ausgeliefert.
dlq>>> Nachricht 174 an Client<10080.1956.0> ausgeliefert.
dlq>>> Nachricht 174 an Client<10080.1951.0> ausgeliefert.
dlq>>> Nachricht 170 an Client<10080.1950.0> ausgeliefert.
dlq>>> Nachricht 174 an Client<10080.1953.0> ausgeliefert.
dlq>>> Nachricht 171 an Client<10080.1948.0> ausgeliefert.
dlq>>> Nachricht 171 an Client<10080.1949.0> ausgeliefert.
dlq>>> Nachricht 175 an Client<10080.1955.0> ausgeliefert.
dlq>>> Nachricht 175 an Client<10080.1954.0> ausgeliefert.
dlq>>> Nachricht 175 an Client<10080.1952.0> ausgeliefert.
dlq>>> Nachricht 175 an Client<10080.1956.0> ausgeliefert.
dlq>>> Nachricht 175 an Client<10080.1951.0> ausgeliefert.
dlq>>> Nachricht 171 an Client<10080.1950.0> ausgeliefert.
dlq>>> Nachricht 175 an Client<10080.1953.0> ausgeliefert.
dlq>>> Nachricht 172 an Client<10080.1948.0> ausgeliefert.
dlq>>> Nachricht 172 an Client<10080.1949.0> ausgeliefert.
dlq>>> Nachricht 176 an Client<10080.1955.0> ausgeliefert.
dlq>>> Nachricht 176 an Client<10080.1954.0> ausgeliefert.
dlq>>> Nachricht 176 an Client<10080.1952.0> ausgeliefert.
dlq>>> Nachricht 176 an Client<10080.1956.0> ausgeliefert.
dlq>>> Nachricht 176 an Client<10080.1951.0> ausgeliefert.
dlq>>> Nachricht 172 an Client<10080.1950.0> ausgeliefert.
dlq>>> Nachricht 176 an Client<10080.1953.0> ausgeliefert.
dlq>>> Nachricht 173 an Client<10080.1948.0> ausgeliefert.
dlq>>> Nachricht 173 an Client<10080.1949.0> ausgeliefert.
dlq>>> Nachricht 177 an Client<10080.1955.0> ausgeliefert.
dlq>>> Nachricht 177 an Client<10080.1954.0> ausgeliefert.
dlq>>> Nachricht 177 an Client<10080.1952.0> ausgeliefert.
dlq>>> Nachricht 177 an Client<10080.1956.0> ausgeliefert.
dlq>>> Nachricht 177 an Client<10080.1951.0> ausgeliefert.
dlq>>> Nachricht 173 an Client<10080.1950.0> ausgeliefert.
dlq>>> Nachricht 177 an Client<10080.1953.0> ausgeliefert.
dlq>>> Nachricht 174 an Client<10080.1948.0> ausgeliefert.
dlq>>> Nachricht 174 an Client<10080.1949.0> ausgeliefert.
dlq>>> Nachricht 178 an Client<10080.1955.0> ausgeliefert.
dlq>>> Nachricht 178 an Client<10080.1954.0> ausgeliefert.
dlq>>> Nachricht 178 an Client<10080.1952.0> ausgeliefert.
dlq>>> Nachricht 178 an Client<10080.1956.0> ausgeliefert.
dlq>>> Nachricht 178 an Client<10080.1951.0> ausgeliefert.
dlq>>> Nachricht 174 an Client<10080.1950.0> ausgeliefert.
dlq>>> Nachricht 178 an Client<10080.1953.0> ausgeliefert.
dlq>>> Nachricht 175 an Client<10080.1948.0> ausgeliefert.
dlq>>> Nachricht 175 an Client<10080.1949.0> ausgeliefert.
dlq>>> Nachricht 179 an Client<10080.1955.0> ausgeliefert.
dlq>>> Nachricht 179 an Client<10080.1954.0> ausgeliefert.
dlq>>> Nachricht 179 an Client<10080.1952.0> ausgeliefert.
dlq>>> Nachricht 179 an Client<10080.1956.0> ausgeliefert.
dlq>>> Nachricht 179 an Client<10080.1951.0> ausgeliefert.
dlq>>> Nachricht 175 an Client<10080.1950.0> ausgeliefert.
dlq>>> Nachricht 179 an Client<10080.1953.0> ausgeliefert.
dlq>>> Nachricht 176 an Client<10080.1948.0> ausgeliefert.
dlq>>> Nachricht 176 an Client<10080.1949.0> ausgeliefert.
dlq>>> Nachricht 180 an Client<10080.1955.0> ausgeliefert.
dlq>>> Nachricht 180 an Client<10080.1954.0> ausgeliefert.
dlq>>> Nachricht 180 an Client<10080.1952.0> ausgeliefert.
dlq>>> Nachricht 180 an Client<10080.1956.0> ausgeliefert.
dlq>>> Nachricht 180 an Client<10080.1951.0> ausgeliefert.
dlq>>> Nachricht 176 an Client<10080.1950.0> ausgeliefert.
dlq>>> Nachricht 180 an Client<10080.1953.0> ausgeliefert.
dlq>>> Nachricht 177 an Client<10080.1948.0> ausgeliefert.
dlq>>> Nachricht 177 an Client<10080.1949.0> ausgeliefert.
dlq>>> Nachricht 177 an Client<10080.1950.0> ausgeliefert.
dlq>>> Nachricht 178 an Client<10080.1948.0> ausgeliefert.
dlq>>> Nachricht 178 an Client<10080.1949.0> ausgeliefert.
dlq>>> Nachricht 178 an Client<10080.1950.0> ausgeliefert.
dlq>>> Nachricht 179 an Client<10080.1948.0> ausgeliefert.
dlq>>> Nachricht 179 an Client<10080.1949.0> ausgeliefert.
dlq>>> Nachricht 179 an Client<10080.1950.0> ausgeliefert.
dlq>>> Nachricht 180 an Client<10080.1948.0> ausgeliefert.
dlq>>> Nachricht 180 an Client<10080.1949.0> ausgeliefert.
dlq>>> Nachricht 180 an Client<10080.1950.0> ausgeliefert.
HBQ>>> Nachricht 279 in HBQ eingefügt.
HBQ>>> Nachricht 278 in HBQ eingefügt.
HBQ>>> Nachricht 277 in HBQ eingefügt.
HBQ>>> Nachricht 267 in HBQ eingefügt.
HBQ>>> Nachricht 265 in HBQ eingefügt.
HBQ>>> Nachricht 264 in HBQ eingefügt.
HBQ>>> Nachricht 263 in HBQ eingefügt.
HBQ>>> Nachricht 262 in HBQ eingefügt.
HBQ>>> Nachricht 261 in HBQ eingefügt.
HBQ>>> Nachricht 280 in HBQ eingefügt.
HBQ>>> Nachricht 281 in HBQ eingefügt.
HBQ>>> Nachricht 285 in HBQ eingefügt.
HBQ>>> Nachricht 286 in HBQ eingefügt.
HBQ>>> Nachricht 284 in HBQ eingefügt.
HBQ>>> Nachricht 282 in HBQ eingefügt.
HBQ>>> Nachricht 283 in HBQ eingefügt.
HBQ>>> Nachricht 288 in HBQ eingefügt.
HBQ>>> Nachricht 287 in HBQ eingefügt.
HBQ>>> Nachricht 289 in HBQ eingefügt.
HBQ>>> Nachricht 290 in HBQ eingefügt.
HBQ>>> Nachricht 295 in HBQ eingefügt.
HBQ>>> Nachricht 293 in HBQ eingefügt.
HBQ>>> Nachricht 291 in HBQ eingefügt.
HBQ>>> Nachricht 294 in HBQ eingefügt.
HBQ>>> Nachricht 292 in HBQ eingefügt.
HBQ>>> Nachricht 297 in HBQ eingefügt.
HBQ>>> Nachricht 296 in HBQ eingefügt.
HBQ>>> Nachricht 299 in HBQ eingefügt.
HBQ>>> Nachricht 298 in HBQ eingefügt.
HBQ>>> Fehlernachricht fuer Nachrichten 181 bis 260 generiert.
dlq>>> Nachricht 260 in DLQ eingefügt.
dlq>>> Nachricht 132 aus DLQ gelöscht.
dlq>>> Nachricht 261 in DLQ eingefügt.
dlq>>> Nachricht 140 aus DLQ gelöscht.
dlq>>> Nachricht 262 in DLQ eingefügt.
dlq>>> Nachricht 141 aus DLQ gelöscht.
dlq>>> Nachricht 263 in DLQ eingefügt.
dlq>>> Nachricht 142 aus DLQ gelöscht.
dlq>>> Nachricht 264 in DLQ eingefügt.
dlq>>> Nachricht 143 aus DLQ gelöscht.
dlq>>> Nachricht 265 in DLQ eingefügt.
dlq>>> Nachricht 144 aus DLQ gelöscht.
HBQ>>> Nachricht 301 in HBQ eingefügt.
HBQ>>> Nachricht 300 in HBQ eingefügt.
HBQ>>> Nachricht 306 in HBQ eingefügt.
HBQ>>> Nachricht 305 in HBQ eingefügt.
HBQ>>> Nachricht 304 in HBQ eingefügt.
HBQ>>> Fehlernachricht fuer Nachrichten 266 bis 266 generiert.
dlq>>> Nachricht 266 in DLQ eingefügt.
dlq>>> Nachricht 145 aus DLQ gelöscht.
dlq>>> Nachricht 267 in DLQ eingefügt.
dlq>>> Nachricht 146 aus DLQ gelöscht.
HBQ>>> Nachricht 303 in HBQ eingefügt.
HBQ>>> Fehlernachricht fuer Nachrichten 268 bis 276 generiert.
dlq>>> Nachricht 276 in DLQ eingefügt.
dlq>>> Nachricht 147 aus DLQ gelöscht.
dlq>>> Nachricht 277 in DLQ eingefügt.
dlq>>> Nachricht 148 aus DLQ gelöscht.
dlq>>> Nachricht 278 in DLQ eingefügt.
dlq>>> Nachricht 149 aus DLQ gelöscht.
dlq>>> Nachricht 279 in DLQ eingefügt.
dlq>>> Nachricht 150 aus DLQ gelöscht.
dlq>>> Nachricht 280 in DLQ eingefügt.
dlq>>> Nachricht 151 aus DLQ gelöscht.
dlq>>> Nachricht 281 in DLQ eingefügt.
dlq>>> Nachricht 152 aus DLQ gelöscht.
dlq>>> Nachricht 282 in DLQ eingefügt.
dlq>>> Nachricht 153 aus DLQ gelöscht.
dlq>>> Nachricht 283 in DLQ eingefügt.
dlq>>> Nachricht 154 aus DLQ gelöscht.
dlq>>> Nachricht 284 in DLQ eingefügt.
dlq>>> Nachricht 155 aus DLQ gelöscht.
dlq>>> Nachricht 285 in DLQ eingefügt.
dlq>>> Nachricht 156 aus DLQ gelöscht.
dlq>>> Nachricht 286 in DLQ eingefügt.
dlq>>> Nachricht 157 aus DLQ gelöscht.
dlq>>> Nachricht 287 in DLQ eingefügt.
dlq>>> Nachricht 158 aus DLQ gelöscht.
dlq>>> Nachricht 288 in DLQ eingefügt.
dlq>>> Nachricht 159 aus DLQ gelöscht.
dlq>>> Nachricht 289 in DLQ eingefügt.
dlq>>> Nachricht 160 aus DLQ gelöscht.
dlq>>> Nachricht 290 in DLQ eingefügt.
dlq>>> Nachricht 161 aus DLQ gelöscht.
dlq>>> Nachricht 291 in DLQ eingefügt.
dlq>>> Nachricht 162 aus DLQ gelöscht.
dlq>>> Nachricht 292 in DLQ eingefügt.
dlq>>> Nachricht 163 aus DLQ gelöscht.
dlq>>> Nachricht 293 in DLQ eingefügt.
dlq>>> Nachricht 164 aus DLQ gelöscht.
dlq>>> Nachricht 294 in DLQ eingefügt.
dlq>>> Nachricht 165 aus DLQ gelöscht.
dlq>>> Nachricht 295 in DLQ eingefügt.
dlq>>> Nachricht 166 aus DLQ gelöscht.
dlq>>> Nachricht 296 in DLQ eingefügt.
dlq>>> Nachricht 167 aus DLQ gelöscht.
dlq>>> Nachricht 297 in DLQ eingefügt.
dlq>>> Nachricht 168 aus DLQ gelöscht.
dlq>>> Nachricht 298 in DLQ eingefügt.
dlq>>> Nachricht 169 aus DLQ gelöscht.
dlq>>> Nachricht 299 in DLQ eingefügt.
dlq>>> Nachricht 170 aus DLQ gelöscht.
dlq>>> Nachricht 300 in DLQ eingefügt.
dlq>>> Nachricht 171 aus DLQ gelöscht.
dlq>>> Nachricht 301 in DLQ eingefügt.
dlq>>> Nachricht 172 aus DLQ gelöscht.
HBQ>>> Nachricht 302 in HBQ eingefügt.
dlq>>> Nachricht 302 in DLQ eingefügt.
dlq>>> Nachricht 173 aus DLQ gelöscht.
dlq>>> Nachricht 303 in DLQ eingefügt.
dlq>>> Nachricht 174 aus DLQ gelöscht.
dlq>>> Nachricht 304 in DLQ eingefügt.
dlq>>> Nachricht 175 aus DLQ gelöscht.
dlq>>> Nachricht 305 in DLQ eingefügt.
dlq>>> Nachricht 176 aus DLQ gelöscht.
dlq>>> Nachricht 306 in DLQ eingefügt.
dlq>>> Nachricht 177 aus DLQ gelöscht.
HBQ>>> HBQ wurde komplett in DLQ übertragen.
HBQ>>> Nachricht 308 in HBQ eingefügt.
HBQ>>> Nachricht 307 in HBQ eingefügt.
dlq>>> Nachricht 307 in DLQ eingefügt.
dlq>>> Nachricht 178 aus DLQ gelöscht.
dlq>>> Nachricht 308 in DLQ eingefügt.
dlq>>> Nachricht 179 aus DLQ gelöscht.
HBQ>>> HBQ wurde komplett in DLQ übertragen.
HBQ>>> Nachricht 310 in HBQ eingefügt.
HBQ>>> Nachricht 309 in HBQ eingefügt.
dlq>>> Nachricht 309 in DLQ eingefügt.
dlq>>> Nachricht 180 aus DLQ gelöscht.
dlq>>> Nachricht 310 in DLQ eingefügt.
dlq>>> Nachricht 260 aus DLQ gelöscht.
HBQ>>> HBQ wurde komplett in DLQ übertragen.
HBQ>>> Nachricht 315 in HBQ eingefügt.
HBQ>>> Nachricht 314 in HBQ eingefügt.
HBQ>>> Nachricht 313 in HBQ eingefügt.
HBQ>>> Nachricht 312 in HBQ eingefügt.
HBQ>>> Nachricht 311 in HBQ eingefügt.
dlq>>> Nachricht 311 in DLQ eingefügt.
dlq>>> Nachricht 261 aus DLQ gelöscht.
dlq>>> Nachricht 312 in DLQ eingefügt.
dlq>>> Nachricht 262 aus DLQ gelöscht.
dlq>>> Nachricht 313 in DLQ eingefügt.
dlq>>> Nachricht 263 aus DLQ gelöscht.
dlq>>> Nachricht 314 in DLQ eingefügt.
dlq>>> Nachricht 264 aus DLQ gelöscht.
dlq>>> Nachricht 315 in DLQ eingefügt.
dlq>>> Nachricht 265 aus DLQ gelöscht.
HBQ>>> HBQ wurde komplett in DLQ übertragen.
HBQ>>> Downtime: 29.04 08:58:30,383| von HBQ und DLQ <0.1617.0>; Anzahl Restnachrichten HBQ/DLQ:0/42 (42).
