HBQ>>> server.cfg geöffnet...
HBQ>>> initialisiert worden von <5772.48.0>.
dlq>>> initialisiert mit Kapazität 42.
HBQ>>> Nachricht 5 in HBQ eingefügt.
HBQ>>> Nachricht 4 in HBQ eingefügt.
HBQ>>> Nachricht 3 in HBQ eingefügt.
HBQ>>> Nachricht 2 in HBQ eingefügt.
HBQ>>> Nachricht 1 in HBQ eingefügt.
dlq>>> Nachricht 1 in DLQ eingefügt.
dlq>>> Nachricht 2 in DLQ eingefügt.
dlq>>> Nachricht 3 in DLQ eingefügt.
dlq>>> Nachricht 4 in DLQ eingefügt.
dlq>>> Nachricht 5 in DLQ eingefügt.
HBQ>>> HBQ wurde komplett in DLQ übertragen.
HBQ>>> Nachricht 8 in HBQ eingefügt.
HBQ>>> Nachricht 7 in HBQ eingefügt.
HBQ>>> Nachricht 6 in HBQ eingefügt.
dlq>>> Nachricht 6 in DLQ eingefügt.
dlq>>> Nachricht 7 in DLQ eingefügt.
dlq>>> Nachricht 8 in DLQ eingefügt.
HBQ>>> HBQ wurde komplett in DLQ übertragen.
HBQ>>> Nachricht 10 in HBQ eingefügt.
HBQ>>> Nachricht 9 in HBQ eingefügt.
dlq>>> Nachricht 9 in DLQ eingefügt.
dlq>>> Nachricht 10 in DLQ eingefügt.
HBQ>>> HBQ wurde komplett in DLQ übertragen.
HBQ>>> Nachricht 13 in HBQ eingefügt.
HBQ>>> Nachricht 12 in HBQ eingefügt.
HBQ>>> Nachricht 11 in HBQ eingefügt.
dlq>>> Nachricht 11 in DLQ eingefügt.
dlq>>> Nachricht 12 in DLQ eingefügt.
dlq>>> Nachricht 13 in DLQ eingefügt.
HBQ>>> HBQ wurde komplett in DLQ übertragen.
HBQ>>> Nachricht 15 in HBQ eingefügt.
HBQ>>> Nachricht 14 in HBQ eingefügt.
dlq>>> Nachricht 14 in DLQ eingefügt.
dlq>>> Nachricht 15 in DLQ eingefügt.
HBQ>>> HBQ wurde komplett in DLQ übertragen.
HBQ>>> Nachricht 17 in HBQ eingefügt.
HBQ>>> Nachricht 16 in HBQ eingefügt.
dlq>>> Nachricht 16 in DLQ eingefügt.
dlq>>> Nachricht 17 in DLQ eingefügt.
HBQ>>> HBQ wurde komplett in DLQ übertragen.
HBQ>>> Nachricht 20 in HBQ eingefügt.
HBQ>>> Nachricht 19 in HBQ eingefügt.
HBQ>>> Nachricht 18 in HBQ eingefügt.
dlq>>> Nachricht 18 in DLQ eingefügt.
dlq>>> Nachricht 19 in DLQ eingefügt.
dlq>>> Nachricht 20 in DLQ eingefügt.
HBQ>>> HBQ wurde komplett in DLQ übertragen.
HBQ>>> Nachricht 22 in HBQ eingefügt.
HBQ>>> Nachricht 21 in HBQ eingefügt.
dlq>>> Nachricht 21 in DLQ eingefügt.
dlq>>> Nachricht 22 in DLQ eingefügt.
HBQ>>> HBQ wurde komplett in DLQ übertragen.
dlq>>> Nachricht 1 an Client<6552.53.0> ausgeliefert.
dlq>>> Nachricht 1 an Client<6552.52.0> ausgeliefert.
dlq>>> Nachricht 2 an Client<6552.53.0> ausgeliefert.
HBQ>>> Nachricht 25 in HBQ eingefügt.
HBQ>>> Nachricht 24 in HBQ eingefügt.
HBQ>>> Nachricht 23 in HBQ eingefügt.
dlq>>> Nachricht 23 in DLQ eingefügt.
dlq>>> Nachricht 24 in DLQ eingefügt.
dlq>>> Nachricht 25 in DLQ eingefügt.
HBQ>>> HBQ wurde komplett in DLQ übertragen.
dlq>>> Nachricht 2 an Client<6552.52.0> ausgeliefert.
dlq>>> Nachricht 3 an Client<6552.53.0> ausgeliefert.
dlq>>> Nachricht 1 an Client<6552.51.0> ausgeliefert.
dlq>>> Nachricht 1 an Client<6552.50.0> ausgeliefert.
dlq>>> Nachricht 1 an Client<6552.49.0> ausgeliefert.
dlq>>> Nachricht 3 an Client<6552.52.0> ausgeliefert.
dlq>>> Nachricht 4 an Client<6552.53.0> ausgeliefert.
dlq>>> Nachricht 2 an Client<6552.51.0> ausgeliefert.
dlq>>> Nachricht 2 an Client<6552.50.0> ausgeliefert.
dlq>>> Nachricht 2 an Client<6552.49.0> ausgeliefert.
dlq>>> Nachricht 4 an Client<6552.52.0> ausgeliefert.
dlq>>> Nachricht 5 an Client<6552.53.0> ausgeliefert.
dlq>>> Nachricht 3 an Client<6552.51.0> ausgeliefert.
dlq>>> Nachricht 3 an Client<6552.50.0> ausgeliefert.
dlq>>> Nachricht 3 an Client<6552.49.0> ausgeliefert.
dlq>>> Nachricht 5 an Client<6552.52.0> ausgeliefert.
dlq>>> Nachricht 6 an Client<6552.53.0> ausgeliefert.
dlq>>> Nachricht 4 an Client<6552.51.0> ausgeliefert.
dlq>>> Nachricht 4 an Client<6552.50.0> ausgeliefert.
dlq>>> Nachricht 4 an Client<6552.49.0> ausgeliefert.
dlq>>> Nachricht 6 an Client<6552.52.0> ausgeliefert.
dlq>>> Nachricht 7 an Client<6552.53.0> ausgeliefert.
dlq>>> Nachricht 5 an Client<6552.51.0> ausgeliefert.
dlq>>> Nachricht 5 an Client<6552.50.0> ausgeliefert.
dlq>>> Nachricht 5 an Client<6552.49.0> ausgeliefert.
dlq>>> Nachricht 7 an Client<6552.52.0> ausgeliefert.
dlq>>> Nachricht 8 an Client<6552.53.0> ausgeliefert.
dlq>>> Nachricht 6 an Client<6552.51.0> ausgeliefert.
dlq>>> Nachricht 6 an Client<6552.50.0> ausgeliefert.
dlq>>> Nachricht 6 an Client<6552.49.0> ausgeliefert.
dlq>>> Nachricht 8 an Client<6552.52.0> ausgeliefert.
dlq>>> Nachricht 9 an Client<6552.53.0> ausgeliefert.
dlq>>> Nachricht 7 an Client<6552.51.0> ausgeliefert.
dlq>>> Nachricht 7 an Client<6552.50.0> ausgeliefert.
dlq>>> Nachricht 7 an Client<6552.49.0> ausgeliefert.
dlq>>> Nachricht 9 an Client<6552.52.0> ausgeliefert.
dlq>>> Nachricht 10 an Client<6552.53.0> ausgeliefert.
dlq>>> Nachricht 8 an Client<6552.51.0> ausgeliefert.
dlq>>> Nachricht 8 an Client<6552.50.0> ausgeliefert.
dlq>>> Nachricht 8 an Client<6552.49.0> ausgeliefert.
dlq>>> Nachricht 10 an Client<6552.52.0> ausgeliefert.
dlq>>> Nachricht 11 an Client<6552.53.0> ausgeliefert.
dlq>>> Nachricht 9 an Client<6552.51.0> ausgeliefert.
dlq>>> Nachricht 9 an Client<6552.50.0> ausgeliefert.
dlq>>> Nachricht 9 an Client<6552.49.0> ausgeliefert.
dlq>>> Nachricht 11 an Client<6552.52.0> ausgeliefert.
dlq>>> Nachricht 12 an Client<6552.53.0> ausgeliefert.
dlq>>> Nachricht 10 an Client<6552.51.0> ausgeliefert.
dlq>>> Nachricht 10 an Client<6552.50.0> ausgeliefert.
dlq>>> Nachricht 10 an Client<6552.49.0> ausgeliefert.
dlq>>> Nachricht 12 an Client<6552.52.0> ausgeliefert.
dlq>>> Nachricht 13 an Client<6552.53.0> ausgeliefert.
dlq>>> Nachricht 11 an Client<6552.51.0> ausgeliefert.
dlq>>> Nachricht 11 an Client<6552.50.0> ausgeliefert.
dlq>>> Nachricht 11 an Client<6552.49.0> ausgeliefert.
dlq>>> Nachricht 13 an Client<6552.52.0> ausgeliefert.
dlq>>> Nachricht 14 an Client<6552.53.0> ausgeliefert.
dlq>>> Nachricht 12 an Client<6552.51.0> ausgeliefert.
dlq>>> Nachricht 12 an Client<6552.50.0> ausgeliefert.
dlq>>> Nachricht 12 an Client<6552.49.0> ausgeliefert.
dlq>>> Nachricht 14 an Client<6552.52.0> ausgeliefert.
dlq>>> Nachricht 15 an Client<6552.53.0> ausgeliefert.
dlq>>> Nachricht 13 an Client<6552.51.0> ausgeliefert.
dlq>>> Nachricht 13 an Client<6552.50.0> ausgeliefert.
dlq>>> Nachricht 13 an Client<6552.49.0> ausgeliefert.
dlq>>> Nachricht 15 an Client<6552.52.0> ausgeliefert.
dlq>>> Nachricht 16 an Client<6552.53.0> ausgeliefert.
dlq>>> Nachricht 14 an Client<6552.51.0> ausgeliefert.
dlq>>> Nachricht 14 an Client<6552.50.0> ausgeliefert.
dlq>>> Nachricht 14 an Client<6552.49.0> ausgeliefert.
dlq>>> Nachricht 16 an Client<6552.52.0> ausgeliefert.
dlq>>> Nachricht 17 an Client<6552.53.0> ausgeliefert.
dlq>>> Nachricht 15 an Client<6552.51.0> ausgeliefert.
dlq>>> Nachricht 15 an Client<6552.50.0> ausgeliefert.
dlq>>> Nachricht 15 an Client<6552.49.0> ausgeliefert.
dlq>>> Nachricht 17 an Client<6552.52.0> ausgeliefert.
dlq>>> Nachricht 18 an Client<6552.53.0> ausgeliefert.
dlq>>> Nachricht 16 an Client<6552.51.0> ausgeliefert.
dlq>>> Nachricht 16 an Client<6552.50.0> ausgeliefert.
dlq>>> Nachricht 16 an Client<6552.49.0> ausgeliefert.
dlq>>> Nachricht 18 an Client<6552.52.0> ausgeliefert.
dlq>>> Nachricht 19 an Client<6552.53.0> ausgeliefert.
dlq>>> Nachricht 17 an Client<6552.51.0> ausgeliefert.
dlq>>> Nachricht 17 an Client<6552.50.0> ausgeliefert.
dlq>>> Nachricht 17 an Client<6552.49.0> ausgeliefert.
dlq>>> Nachricht 19 an Client<6552.52.0> ausgeliefert.
dlq>>> Nachricht 20 an Client<6552.53.0> ausgeliefert.
dlq>>> Nachricht 18 an Client<6552.51.0> ausgeliefert.
dlq>>> Nachricht 18 an Client<6552.50.0> ausgeliefert.
dlq>>> Nachricht 18 an Client<6552.49.0> ausgeliefert.
dlq>>> Nachricht 20 an Client<6552.52.0> ausgeliefert.
dlq>>> Nachricht 21 an Client<6552.53.0> ausgeliefert.
dlq>>> Nachricht 19 an Client<6552.51.0> ausgeliefert.
dlq>>> Nachricht 19 an Client<6552.50.0> ausgeliefert.
dlq>>> Nachricht 19 an Client<6552.49.0> ausgeliefert.
dlq>>> Nachricht 21 an Client<6552.52.0> ausgeliefert.
dlq>>> Nachricht 22 an Client<6552.53.0> ausgeliefert.
dlq>>> Nachricht 20 an Client<6552.51.0> ausgeliefert.
dlq>>> Nachricht 20 an Client<6552.50.0> ausgeliefert.
dlq>>> Nachricht 20 an Client<6552.49.0> ausgeliefert.
dlq>>> Nachricht 22 an Client<6552.52.0> ausgeliefert.
dlq>>> Nachricht 23 an Client<6552.53.0> ausgeliefert.
dlq>>> Nachricht 21 an Client<6552.51.0> ausgeliefert.
dlq>>> Nachricht 21 an Client<6552.50.0> ausgeliefert.
dlq>>> Nachricht 21 an Client<6552.49.0> ausgeliefert.
dlq>>> Nachricht 23 an Client<6552.52.0> ausgeliefert.
dlq>>> Nachricht 24 an Client<6552.53.0> ausgeliefert.
dlq>>> Nachricht 22 an Client<6552.51.0> ausgeliefert.
dlq>>> Nachricht 22 an Client<6552.50.0> ausgeliefert.
dlq>>> Nachricht 22 an Client<6552.49.0> ausgeliefert.
dlq>>> Nachricht 24 an Client<6552.52.0> ausgeliefert.
dlq>>> Nachricht 25 an Client<6552.53.0> ausgeliefert.
dlq>>> Nachricht 23 an Client<6552.51.0> ausgeliefert.
dlq>>> Nachricht 23 an Client<6552.50.0> ausgeliefert.
dlq>>> Nachricht 23 an Client<6552.49.0> ausgeliefert.
dlq>>> Nachricht 25 an Client<6552.52.0> ausgeliefert.
dlq>>> Nachricht 24 an Client<6552.51.0> ausgeliefert.
dlq>>> Nachricht 24 an Client<6552.50.0> ausgeliefert.
dlq>>> Nachricht 24 an Client<6552.49.0> ausgeliefert.
dlq>>> Nachricht 25 an Client<6552.51.0> ausgeliefert.
dlq>>> Nachricht 25 an Client<6552.50.0> ausgeliefert.
dlq>>> Nachricht 25 an Client<6552.49.0> ausgeliefert.
HBQ>>> Nachricht 38 in HBQ eingefügt.
HBQ>>> Nachricht 37 in HBQ eingefügt.
HBQ>>> Nachricht 36 in HBQ eingefügt.
HBQ>>> Nachricht 40 in HBQ eingefügt.
HBQ>>> Nachricht 39 in HBQ eingefügt.
HBQ>>> Nachricht 42 in HBQ eingefügt.
HBQ>>> Nachricht 41 in HBQ eingefügt.
HBQ>>> Nachricht 44 in HBQ eingefügt.
HBQ>>> Nachricht 43 in HBQ eingefügt.
HBQ>>> Nachricht 45 in HBQ eingefügt.
HBQ>>> Nachricht 47 in HBQ eingefügt.
HBQ>>> Nachricht 46 in HBQ eingefügt.
HBQ>>> Nachricht 49 in HBQ eingefügt.
HBQ>>> Nachricht 48 in HBQ eingefügt.
HBQ>>> Nachricht 50 in HBQ eingefügt.
HBQ>>> Nachricht 52 in HBQ eingefügt.
HBQ>>> Nachricht 51 in HBQ eingefügt.
HBQ>>> Nachricht 54 in HBQ eingefügt.
HBQ>>> Nachricht 53 in HBQ eingefügt.
HBQ>>> Nachricht 55 in HBQ eingefügt.
HBQ>>> Nachricht 57 in HBQ eingefügt.
HBQ>>> Nachricht 56 in HBQ eingefügt.
dlq>>> Nachricht 1 an Client<6552.51.0> ausgeliefert.
dlq>>> Nachricht 1 an Client<6552.52.0> ausgeliefert.
dlq>>> Nachricht 2 an Client<6552.51.0> ausgeliefert.
HBQ>>> Nachricht 59 in HBQ eingefügt.
HBQ>>> Nachricht 58 in HBQ eingefügt.
dlq>>> Nachricht 2 an Client<6552.52.0> ausgeliefert.
dlq>>> Nachricht 3 an Client<6552.51.0> ausgeliefert.
HBQ>>> Nachricht 60 in HBQ eingefügt.
dlq>>> Nachricht 1 an Client<6552.53.0> ausgeliefert.
dlq>>> Nachricht 1 an Client<6552.49.0> ausgeliefert.
dlq>>> Nachricht 3 an Client<6552.52.0> ausgeliefert.
dlq>>> Nachricht 4 an Client<6552.51.0> ausgeliefert.
dlq>>> Nachricht 1 an Client<6552.50.0> ausgeliefert.
dlq>>> Nachricht 2 an Client<6552.53.0> ausgeliefert.
dlq>>> Nachricht 2 an Client<6552.49.0> ausgeliefert.
dlq>>> Nachricht 4 an Client<6552.52.0> ausgeliefert.
dlq>>> Nachricht 5 an Client<6552.51.0> ausgeliefert.
dlq>>> Nachricht 2 an Client<6552.50.0> ausgeliefert.
dlq>>> Nachricht 3 an Client<6552.53.0> ausgeliefert.
dlq>>> Nachricht 3 an Client<6552.49.0> ausgeliefert.
dlq>>> Nachricht 5 an Client<6552.52.0> ausgeliefert.
dlq>>> Nachricht 6 an Client<6552.51.0> ausgeliefert.
dlq>>> Nachricht 3 an Client<6552.50.0> ausgeliefert.
dlq>>> Nachricht 4 an Client<6552.53.0> ausgeliefert.
dlq>>> Nachricht 4 an Client<6552.49.0> ausgeliefert.
dlq>>> Nachricht 6 an Client<6552.52.0> ausgeliefert.
dlq>>> Nachricht 7 an Client<6552.51.0> ausgeliefert.
dlq>>> Nachricht 4 an Client<6552.50.0> ausgeliefert.
dlq>>> Nachricht 5 an Client<6552.53.0> ausgeliefert.
dlq>>> Nachricht 5 an Client<6552.49.0> ausgeliefert.
dlq>>> Nachricht 7 an Client<6552.52.0> ausgeliefert.
dlq>>> Nachricht 8 an Client<6552.51.0> ausgeliefert.
dlq>>> Nachricht 5 an Client<6552.50.0> ausgeliefert.
dlq>>> Nachricht 6 an Client<6552.53.0> ausgeliefert.
dlq>>> Nachricht 6 an Client<6552.49.0> ausgeliefert.
dlq>>> Nachricht 8 an Client<6552.52.0> ausgeliefert.
dlq>>> Nachricht 9 an Client<6552.51.0> ausgeliefert.
dlq>>> Nachricht 6 an Client<6552.50.0> ausgeliefert.
dlq>>> Nachricht 7 an Client<6552.53.0> ausgeliefert.
dlq>>> Nachricht 7 an Client<6552.49.0> ausgeliefert.
dlq>>> Nachricht 9 an Client<6552.52.0> ausgeliefert.
dlq>>> Nachricht 10 an Client<6552.51.0> ausgeliefert.
dlq>>> Nachricht 7 an Client<6552.50.0> ausgeliefert.
dlq>>> Nachricht 8 an Client<6552.53.0> ausgeliefert.
dlq>>> Nachricht 8 an Client<6552.49.0> ausgeliefert.
dlq>>> Nachricht 10 an Client<6552.52.0> ausgeliefert.
dlq>>> Nachricht 11 an Client<6552.51.0> ausgeliefert.
dlq>>> Nachricht 8 an Client<6552.50.0> ausgeliefert.
dlq>>> Nachricht 9 an Client<6552.53.0> ausgeliefert.
dlq>>> Nachricht 9 an Client<6552.49.0> ausgeliefert.
dlq>>> Nachricht 11 an Client<6552.52.0> ausgeliefert.
dlq>>> Nachricht 12 an Client<6552.51.0> ausgeliefert.
dlq>>> Nachricht 9 an Client<6552.50.0> ausgeliefert.
dlq>>> Nachricht 10 an Client<6552.53.0> ausgeliefert.
dlq>>> Nachricht 10 an Client<6552.49.0> ausgeliefert.
dlq>>> Nachricht 12 an Client<6552.52.0> ausgeliefert.
dlq>>> Nachricht 13 an Client<6552.51.0> ausgeliefert.
dlq>>> Nachricht 10 an Client<6552.50.0> ausgeliefert.
dlq>>> Nachricht 11 an Client<6552.53.0> ausgeliefert.
dlq>>> Nachricht 11 an Client<6552.49.0> ausgeliefert.
dlq>>> Nachricht 13 an Client<6552.52.0> ausgeliefert.
dlq>>> Nachricht 14 an Client<6552.51.0> ausgeliefert.
dlq>>> Nachricht 11 an Client<6552.50.0> ausgeliefert.
dlq>>> Nachricht 12 an Client<6552.53.0> ausgeliefert.
dlq>>> Nachricht 12 an Client<6552.49.0> ausgeliefert.
dlq>>> Nachricht 14 an Client<6552.52.0> ausgeliefert.
dlq>>> Nachricht 15 an Client<6552.51.0> ausgeliefert.
dlq>>> Nachricht 12 an Client<6552.50.0> ausgeliefert.
dlq>>> Nachricht 13 an Client<6552.53.0> ausgeliefert.
dlq>>> Nachricht 13 an Client<6552.49.0> ausgeliefert.
dlq>>> Nachricht 15 an Client<6552.52.0> ausgeliefert.
dlq>>> Nachricht 16 an Client<6552.51.0> ausgeliefert.
dlq>>> Nachricht 13 an Client<6552.50.0> ausgeliefert.
dlq>>> Nachricht 14 an Client<6552.53.0> ausgeliefert.
dlq>>> Nachricht 14 an Client<6552.49.0> ausgeliefert.
dlq>>> Nachricht 16 an Client<6552.52.0> ausgeliefert.
dlq>>> Nachricht 17 an Client<6552.51.0> ausgeliefert.
dlq>>> Nachricht 14 an Client<6552.50.0> ausgeliefert.
dlq>>> Nachricht 15 an Client<6552.53.0> ausgeliefert.
dlq>>> Nachricht 15 an Client<6552.49.0> ausgeliefert.
dlq>>> Nachricht 17 an Client<6552.52.0> ausgeliefert.
dlq>>> Nachricht 18 an Client<6552.51.0> ausgeliefert.
dlq>>> Nachricht 15 an Client<6552.50.0> ausgeliefert.
dlq>>> Nachricht 16 an Client<6552.53.0> ausgeliefert.
dlq>>> Nachricht 16 an Client<6552.49.0> ausgeliefert.
dlq>>> Nachricht 18 an Client<6552.52.0> ausgeliefert.
dlq>>> Nachricht 19 an Client<6552.51.0> ausgeliefert.
dlq>>> Nachricht 16 an Client<6552.50.0> ausgeliefert.
dlq>>> Nachricht 17 an Client<6552.53.0> ausgeliefert.
dlq>>> Nachricht 17 an Client<6552.49.0> ausgeliefert.
dlq>>> Nachricht 19 an Client<6552.52.0> ausgeliefert.
dlq>>> Nachricht 20 an Client<6552.51.0> ausgeliefert.
dlq>>> Nachricht 17 an Client<6552.50.0> ausgeliefert.
dlq>>> Nachricht 18 an Client<6552.53.0> ausgeliefert.
dlq>>> Nachricht 18 an Client<6552.49.0> ausgeliefert.
dlq>>> Nachricht 20 an Client<6552.52.0> ausgeliefert.
dlq>>> Nachricht 21 an Client<6552.51.0> ausgeliefert.
dlq>>> Nachricht 18 an Client<6552.50.0> ausgeliefert.
dlq>>> Nachricht 19 an Client<6552.53.0> ausgeliefert.
dlq>>> Nachricht 19 an Client<6552.49.0> ausgeliefert.
dlq>>> Nachricht 21 an Client<6552.52.0> ausgeliefert.
dlq>>> Nachricht 22 an Client<6552.51.0> ausgeliefert.
dlq>>> Nachricht 19 an Client<6552.50.0> ausgeliefert.
dlq>>> Nachricht 20 an Client<6552.53.0> ausgeliefert.
dlq>>> Nachricht 20 an Client<6552.49.0> ausgeliefert.
dlq>>> Nachricht 22 an Client<6552.52.0> ausgeliefert.
dlq>>> Nachricht 23 an Client<6552.51.0> ausgeliefert.
dlq>>> Nachricht 20 an Client<6552.50.0> ausgeliefert.
dlq>>> Nachricht 21 an Client<6552.53.0> ausgeliefert.
dlq>>> Nachricht 21 an Client<6552.49.0> ausgeliefert.
dlq>>> Nachricht 23 an Client<6552.52.0> ausgeliefert.
dlq>>> Nachricht 24 an Client<6552.51.0> ausgeliefert.
dlq>>> Nachricht 21 an Client<6552.50.0> ausgeliefert.
dlq>>> Nachricht 22 an Client<6552.53.0> ausgeliefert.
dlq>>> Nachricht 22 an Client<6552.49.0> ausgeliefert.
dlq>>> Nachricht 24 an Client<6552.52.0> ausgeliefert.
dlq>>> Nachricht 25 an Client<6552.51.0> ausgeliefert.
dlq>>> Nachricht 22 an Client<6552.50.0> ausgeliefert.
dlq>>> Nachricht 23 an Client<6552.53.0> ausgeliefert.
dlq>>> Nachricht 23 an Client<6552.49.0> ausgeliefert.
dlq>>> Nachricht 25 an Client<6552.52.0> ausgeliefert.
dlq>>> Nachricht 23 an Client<6552.50.0> ausgeliefert.
dlq>>> Nachricht 24 an Client<6552.53.0> ausgeliefert.
dlq>>> Nachricht 24 an Client<6552.49.0> ausgeliefert.
dlq>>> Nachricht 24 an Client<6552.50.0> ausgeliefert.
dlq>>> Nachricht 25 an Client<6552.53.0> ausgeliefert.
dlq>>> Nachricht 25 an Client<6552.49.0> ausgeliefert.
dlq>>> Nachricht 25 an Client<6552.50.0> ausgeliefert.
HBQ>>> Nachricht 75 in HBQ eingefügt.
HBQ>>> Nachricht 74 in HBQ eingefügt.
HBQ>>> Nachricht 73 in HBQ eingefügt.
HBQ>>> Nachricht 69 in HBQ eingefügt.
HBQ>>> Fehlernachricht fuer Nachrichten 26 bis 35 generiert.
dlq>>> Nachricht 35 in DLQ eingefügt.
dlq>>> Nachricht 36 in DLQ eingefügt.
dlq>>> Nachricht 37 in DLQ eingefügt.
dlq>>> Nachricht 38 in DLQ eingefügt.
dlq>>> Nachricht 39 in DLQ eingefügt.
dlq>>> Nachricht 40 in DLQ eingefügt.
dlq>>> Nachricht 41 in DLQ eingefügt.
dlq>>> Nachricht 42 in DLQ eingefügt.
dlq>>> Nachricht 43 in DLQ eingefügt.
dlq>>> Nachricht 44 in DLQ eingefügt.
dlq>>> Nachricht 45 in DLQ eingefügt.
dlq>>> Nachricht 46 in DLQ eingefügt.
dlq>>> Nachricht 47 in DLQ eingefügt.
dlq>>> Nachricht 48 in DLQ eingefügt.
dlq>>> Nachricht 49 in DLQ eingefügt.
dlq>>> Nachricht 50 in DLQ eingefügt.
dlq>>> Nachricht 51 in DLQ eingefügt.
dlq>>> Nachricht 52 in DLQ eingefügt.
dlq>>> Nachricht 1 aus DLQ gelöscht.
dlq>>> Nachricht 53 in DLQ eingefügt.
dlq>>> Nachricht 2 aus DLQ gelöscht.
dlq>>> Nachricht 54 in DLQ eingefügt.
dlq>>> Nachricht 3 aus DLQ gelöscht.
dlq>>> Nachricht 55 in DLQ eingefügt.
dlq>>> Nachricht 4 aus DLQ gelöscht.
dlq>>> Nachricht 56 in DLQ eingefügt.
dlq>>> Nachricht 5 aus DLQ gelöscht.
dlq>>> Nachricht 57 in DLQ eingefügt.
dlq>>> Nachricht 6 aus DLQ gelöscht.
dlq>>> Nachricht 58 in DLQ eingefügt.
dlq>>> Nachricht 7 aus DLQ gelöscht.
dlq>>> Nachricht 59 in DLQ eingefügt.
dlq>>> Nachricht 8 aus DLQ gelöscht.
dlq>>> Nachricht 60 in DLQ eingefügt.
dlq>>> Nachricht 9 aus DLQ gelöscht.
HBQ>>> Nachricht 68 in HBQ eingefügt.
HBQ>>> Nachricht 78 in HBQ eingefügt.
HBQ>>> Nachricht 77 in HBQ eingefügt.
HBQ>>> Nachricht 76 in HBQ eingefügt.
HBQ>>> Nachricht 80 in HBQ eingefügt.
HBQ>>> Nachricht 79 in HBQ eingefügt.
HBQ>>> Nachricht 83 in HBQ eingefügt.
HBQ>>> Nachricht 82 in HBQ eingefügt.
HBQ>>> Nachricht 81 in HBQ eingefügt.
HBQ>>> Nachricht 85 in HBQ eingefügt.
HBQ>>> Nachricht 84 in HBQ eingefügt.
HBQ>>> Nachricht 87 in HBQ eingefügt.
HBQ>>> Nachricht 86 in HBQ eingefügt.
HBQ>>> Nachricht 90 in HBQ eingefügt.
HBQ>>> Nachricht 89 in HBQ eingefügt.
HBQ>>> Nachricht 88 in HBQ eingefügt.
HBQ>>> Nachricht 92 in HBQ eingefügt.
HBQ>>> Nachricht 91 in HBQ eingefügt.
dlq>>> Nachricht 10 an Client<6552.50.0> ausgeliefert.
dlq>>> Nachricht 10 an Client<6552.49.0> ausgeliefert.
dlq>>> Nachricht 11 an Client<6552.50.0> ausgeliefert.
HBQ>>> Nachricht 95 in HBQ eingefügt.
HBQ>>> Nachricht 94 in HBQ eingefügt.
HBQ>>> Nachricht 93 in HBQ eingefügt.
dlq>>> Nachricht 11 an Client<6552.49.0> ausgeliefert.
dlq>>> Nachricht 12 an Client<6552.50.0> ausgeliefert.
dlq>>> Nachricht 10 an Client<6552.53.0> ausgeliefert.
dlq>>> Nachricht 10 an Client<6552.52.0> ausgeliefert.
dlq>>> Nachricht 10 an Client<6552.51.0> ausgeliefert.
dlq>>> Nachricht 12 an Client<6552.49.0> ausgeliefert.
dlq>>> Nachricht 13 an Client<6552.50.0> ausgeliefert.
dlq>>> Nachricht 11 an Client<6552.53.0> ausgeliefert.
dlq>>> Nachricht 11 an Client<6552.52.0> ausgeliefert.
dlq>>> Nachricht 11 an Client<6552.51.0> ausgeliefert.
dlq>>> Nachricht 13 an Client<6552.49.0> ausgeliefert.
dlq>>> Nachricht 14 an Client<6552.50.0> ausgeliefert.
dlq>>> Nachricht 12 an Client<6552.53.0> ausgeliefert.
dlq>>> Nachricht 12 an Client<6552.52.0> ausgeliefert.
dlq>>> Nachricht 12 an Client<6552.51.0> ausgeliefert.
dlq>>> Nachricht 14 an Client<6552.49.0> ausgeliefert.
dlq>>> Nachricht 15 an Client<6552.50.0> ausgeliefert.
dlq>>> Nachricht 13 an Client<6552.53.0> ausgeliefert.
dlq>>> Nachricht 13 an Client<6552.52.0> ausgeliefert.
dlq>>> Nachricht 13 an Client<6552.51.0> ausgeliefert.
dlq>>> Nachricht 15 an Client<6552.49.0> ausgeliefert.
dlq>>> Nachricht 16 an Client<6552.50.0> ausgeliefert.
dlq>>> Nachricht 14 an Client<6552.53.0> ausgeliefert.
dlq>>> Nachricht 14 an Client<6552.52.0> ausgeliefert.
dlq>>> Nachricht 14 an Client<6552.51.0> ausgeliefert.
dlq>>> Nachricht 16 an Client<6552.49.0> ausgeliefert.
dlq>>> Nachricht 17 an Client<6552.50.0> ausgeliefert.
dlq>>> Nachricht 15 an Client<6552.53.0> ausgeliefert.
dlq>>> Nachricht 15 an Client<6552.52.0> ausgeliefert.
dlq>>> Nachricht 15 an Client<6552.51.0> ausgeliefert.
dlq>>> Nachricht 17 an Client<6552.49.0> ausgeliefert.
dlq>>> Nachricht 18 an Client<6552.50.0> ausgeliefert.
dlq>>> Nachricht 16 an Client<6552.53.0> ausgeliefert.
dlq>>> Nachricht 16 an Client<6552.52.0> ausgeliefert.
dlq>>> Nachricht 16 an Client<6552.51.0> ausgeliefert.
dlq>>> Nachricht 18 an Client<6552.49.0> ausgeliefert.
dlq>>> Nachricht 19 an Client<6552.50.0> ausgeliefert.
dlq>>> Nachricht 17 an Client<6552.53.0> ausgeliefert.
dlq>>> Nachricht 17 an Client<6552.52.0> ausgeliefert.
dlq>>> Nachricht 17 an Client<6552.51.0> ausgeliefert.
dlq>>> Nachricht 19 an Client<6552.49.0> ausgeliefert.
dlq>>> Nachricht 20 an Client<6552.50.0> ausgeliefert.
dlq>>> Nachricht 18 an Client<6552.53.0> ausgeliefert.
dlq>>> Nachricht 18 an Client<6552.52.0> ausgeliefert.
dlq>>> Nachricht 18 an Client<6552.51.0> ausgeliefert.
dlq>>> Nachricht 20 an Client<6552.49.0> ausgeliefert.
dlq>>> Nachricht 21 an Client<6552.50.0> ausgeliefert.
dlq>>> Nachricht 19 an Client<6552.53.0> ausgeliefert.
dlq>>> Nachricht 19 an Client<6552.52.0> ausgeliefert.
dlq>>> Nachricht 19 an Client<6552.51.0> ausgeliefert.
dlq>>> Nachricht 21 an Client<6552.49.0> ausgeliefert.
dlq>>> Nachricht 22 an Client<6552.50.0> ausgeliefert.
dlq>>> Nachricht 20 an Client<6552.53.0> ausgeliefert.
dlq>>> Nachricht 20 an Client<6552.52.0> ausgeliefert.
dlq>>> Nachricht 20 an Client<6552.51.0> ausgeliefert.
dlq>>> Nachricht 22 an Client<6552.49.0> ausgeliefert.
dlq>>> Nachricht 23 an Client<6552.50.0> ausgeliefert.
dlq>>> Nachricht 21 an Client<6552.53.0> ausgeliefert.
dlq>>> Nachricht 21 an Client<6552.52.0> ausgeliefert.
dlq>>> Nachricht 21 an Client<6552.51.0> ausgeliefert.
dlq>>> Nachricht 23 an Client<6552.49.0> ausgeliefert.
dlq>>> Nachricht 24 an Client<6552.50.0> ausgeliefert.
dlq>>> Nachricht 22 an Client<6552.53.0> ausgeliefert.
dlq>>> Nachricht 22 an Client<6552.52.0> ausgeliefert.
dlq>>> Nachricht 22 an Client<6552.51.0> ausgeliefert.
dlq>>> Nachricht 24 an Client<6552.49.0> ausgeliefert.
dlq>>> Nachricht 25 an Client<6552.50.0> ausgeliefert.
dlq>>> Nachricht 23 an Client<6552.53.0> ausgeliefert.
dlq>>> Nachricht 23 an Client<6552.52.0> ausgeliefert.
dlq>>> Nachricht 23 an Client<6552.51.0> ausgeliefert.
dlq>>> Nachricht 25 an Client<6552.49.0> ausgeliefert.
dlq>>> Nachricht 35 an Client<6552.50.0> ausgeliefert.
dlq>>> Nachricht 24 an Client<6552.53.0> ausgeliefert.
dlq>>> Nachricht 24 an Client<6552.52.0> ausgeliefert.
dlq>>> Nachricht 24 an Client<6552.51.0> ausgeliefert.
dlq>>> Nachricht 35 an Client<6552.49.0> ausgeliefert.
dlq>>> Nachricht 36 an Client<6552.50.0> ausgeliefert.
dlq>>> Nachricht 25 an Client<6552.53.0> ausgeliefert.
dlq>>> Nachricht 25 an Client<6552.52.0> ausgeliefert.
dlq>>> Nachricht 25 an Client<6552.51.0> ausgeliefert.
dlq>>> Nachricht 36 an Client<6552.49.0> ausgeliefert.
dlq>>> Nachricht 37 an Client<6552.50.0> ausgeliefert.
dlq>>> Nachricht 35 an Client<6552.53.0> ausgeliefert.
dlq>>> Nachricht 35 an Client<6552.52.0> ausgeliefert.
dlq>>> Nachricht 35 an Client<6552.51.0> ausgeliefert.
dlq>>> Nachricht 37 an Client<6552.49.0> ausgeliefert.
dlq>>> Nachricht 38 an Client<6552.50.0> ausgeliefert.
dlq>>> Nachricht 36 an Client<6552.53.0> ausgeliefert.
dlq>>> Nachricht 36 an Client<6552.52.0> ausgeliefert.
dlq>>> Nachricht 36 an Client<6552.51.0> ausgeliefert.
dlq>>> Nachricht 38 an Client<6552.49.0> ausgeliefert.
dlq>>> Nachricht 39 an Client<6552.50.0> ausgeliefert.
dlq>>> Nachricht 37 an Client<6552.53.0> ausgeliefert.
dlq>>> Nachricht 37 an Client<6552.52.0> ausgeliefert.
dlq>>> Nachricht 37 an Client<6552.51.0> ausgeliefert.
dlq>>> Nachricht 39 an Client<6552.49.0> ausgeliefert.
dlq>>> Nachricht 40 an Client<6552.50.0> ausgeliefert.
dlq>>> Nachricht 38 an Client<6552.53.0> ausgeliefert.
dlq>>> Nachricht 38 an Client<6552.52.0> ausgeliefert.
dlq>>> Nachricht 38 an Client<6552.51.0> ausgeliefert.
dlq>>> Nachricht 40 an Client<6552.49.0> ausgeliefert.
dlq>>> Nachricht 41 an Client<6552.50.0> ausgeliefert.
dlq>>> Nachricht 39 an Client<6552.53.0> ausgeliefert.
dlq>>> Nachricht 39 an Client<6552.52.0> ausgeliefert.
dlq>>> Nachricht 39 an Client<6552.51.0> ausgeliefert.
dlq>>> Nachricht 41 an Client<6552.49.0> ausgeliefert.
dlq>>> Nachricht 42 an Client<6552.50.0> ausgeliefert.
dlq>>> Nachricht 40 an Client<6552.53.0> ausgeliefert.
dlq>>> Nachricht 40 an Client<6552.52.0> ausgeliefert.
dlq>>> Nachricht 40 an Client<6552.51.0> ausgeliefert.
dlq>>> Nachricht 42 an Client<6552.49.0> ausgeliefert.
dlq>>> Nachricht 43 an Client<6552.50.0> ausgeliefert.
dlq>>> Nachricht 41 an Client<6552.53.0> ausgeliefert.
dlq>>> Nachricht 41 an Client<6552.52.0> ausgeliefert.
dlq>>> Nachricht 41 an Client<6552.51.0> ausgeliefert.
dlq>>> Nachricht 43 an Client<6552.49.0> ausgeliefert.
dlq>>> Nachricht 44 an Client<6552.50.0> ausgeliefert.
dlq>>> Nachricht 42 an Client<6552.53.0> ausgeliefert.
dlq>>> Nachricht 42 an Client<6552.52.0> ausgeliefert.
dlq>>> Nachricht 42 an Client<6552.51.0> ausgeliefert.
dlq>>> Nachricht 44 an Client<6552.49.0> ausgeliefert.
dlq>>> Nachricht 45 an Client<6552.50.0> ausgeliefert.
dlq>>> Nachricht 43 an Client<6552.53.0> ausgeliefert.
dlq>>> Nachricht 43 an Client<6552.52.0> ausgeliefert.
dlq>>> Nachricht 43 an Client<6552.51.0> ausgeliefert.
dlq>>> Nachricht 45 an Client<6552.49.0> ausgeliefert.
dlq>>> Nachricht 46 an Client<6552.50.0> ausgeliefert.
dlq>>> Nachricht 44 an Client<6552.53.0> ausgeliefert.
dlq>>> Nachricht 44 an Client<6552.52.0> ausgeliefert.
dlq>>> Nachricht 44 an Client<6552.51.0> ausgeliefert.
dlq>>> Nachricht 46 an Client<6552.49.0> ausgeliefert.
dlq>>> Nachricht 47 an Client<6552.50.0> ausgeliefert.
dlq>>> Nachricht 45 an Client<6552.53.0> ausgeliefert.
dlq>>> Nachricht 45 an Client<6552.52.0> ausgeliefert.
dlq>>> Nachricht 45 an Client<6552.51.0> ausgeliefert.
dlq>>> Nachricht 47 an Client<6552.49.0> ausgeliefert.
dlq>>> Nachricht 48 an Client<6552.50.0> ausgeliefert.
dlq>>> Nachricht 46 an Client<6552.53.0> ausgeliefert.
dlq>>> Nachricht 46 an Client<6552.52.0> ausgeliefert.
dlq>>> Nachricht 46 an Client<6552.51.0> ausgeliefert.
dlq>>> Nachricht 48 an Client<6552.49.0> ausgeliefert.
dlq>>> Nachricht 49 an Client<6552.50.0> ausgeliefert.
dlq>>> Nachricht 47 an Client<6552.53.0> ausgeliefert.
dlq>>> Nachricht 47 an Client<6552.52.0> ausgeliefert.
dlq>>> Nachricht 47 an Client<6552.51.0> ausgeliefert.
dlq>>> Nachricht 49 an Client<6552.49.0> ausgeliefert.
dlq>>> Nachricht 50 an Client<6552.50.0> ausgeliefert.
dlq>>> Nachricht 48 an Client<6552.53.0> ausgeliefert.
dlq>>> Nachricht 48 an Client<6552.52.0> ausgeliefert.
dlq>>> Nachricht 48 an Client<6552.51.0> ausgeliefert.
dlq>>> Nachricht 50 an Client<6552.49.0> ausgeliefert.
dlq>>> Nachricht 51 an Client<6552.50.0> ausgeliefert.
dlq>>> Nachricht 49 an Client<6552.53.0> ausgeliefert.
dlq>>> Nachricht 49 an Client<6552.52.0> ausgeliefert.
dlq>>> Nachricht 49 an Client<6552.51.0> ausgeliefert.
dlq>>> Nachricht 51 an Client<6552.49.0> ausgeliefert.
dlq>>> Nachricht 52 an Client<6552.50.0> ausgeliefert.
dlq>>> Nachricht 50 an Client<6552.53.0> ausgeliefert.
dlq>>> Nachricht 50 an Client<6552.52.0> ausgeliefert.
dlq>>> Nachricht 50 an Client<6552.51.0> ausgeliefert.
dlq>>> Nachricht 52 an Client<6552.49.0> ausgeliefert.
dlq>>> Nachricht 53 an Client<6552.50.0> ausgeliefert.
dlq>>> Nachricht 51 an Client<6552.53.0> ausgeliefert.
dlq>>> Nachricht 51 an Client<6552.52.0> ausgeliefert.
dlq>>> Nachricht 51 an Client<6552.51.0> ausgeliefert.
dlq>>> Nachricht 53 an Client<6552.49.0> ausgeliefert.
dlq>>> Nachricht 54 an Client<6552.50.0> ausgeliefert.
dlq>>> Nachricht 52 an Client<6552.53.0> ausgeliefert.
dlq>>> Nachricht 52 an Client<6552.52.0> ausgeliefert.
dlq>>> Nachricht 52 an Client<6552.51.0> ausgeliefert.
dlq>>> Nachricht 54 an Client<6552.49.0> ausgeliefert.
dlq>>> Nachricht 55 an Client<6552.50.0> ausgeliefert.
dlq>>> Nachricht 53 an Client<6552.53.0> ausgeliefert.
dlq>>> Nachricht 53 an Client<6552.52.0> ausgeliefert.
dlq>>> Nachricht 53 an Client<6552.51.0> ausgeliefert.
dlq>>> Nachricht 55 an Client<6552.49.0> ausgeliefert.
dlq>>> Nachricht 56 an Client<6552.50.0> ausgeliefert.
dlq>>> Nachricht 54 an Client<6552.53.0> ausgeliefert.
dlq>>> Nachricht 54 an Client<6552.52.0> ausgeliefert.
dlq>>> Nachricht 54 an Client<6552.51.0> ausgeliefert.
dlq>>> Nachricht 56 an Client<6552.49.0> ausgeliefert.
dlq>>> Nachricht 57 an Client<6552.50.0> ausgeliefert.
dlq>>> Nachricht 55 an Client<6552.53.0> ausgeliefert.
dlq>>> Nachricht 55 an Client<6552.52.0> ausgeliefert.
dlq>>> Nachricht 55 an Client<6552.51.0> ausgeliefert.
dlq>>> Nachricht 57 an Client<6552.49.0> ausgeliefert.
dlq>>> Nachricht 58 an Client<6552.50.0> ausgeliefert.
dlq>>> Nachricht 56 an Client<6552.53.0> ausgeliefert.
dlq>>> Nachricht 56 an Client<6552.52.0> ausgeliefert.
dlq>>> Nachricht 56 an Client<6552.51.0> ausgeliefert.
dlq>>> Nachricht 58 an Client<6552.49.0> ausgeliefert.
dlq>>> Nachricht 59 an Client<6552.50.0> ausgeliefert.
dlq>>> Nachricht 57 an Client<6552.53.0> ausgeliefert.
dlq>>> Nachricht 57 an Client<6552.52.0> ausgeliefert.
dlq>>> Nachricht 57 an Client<6552.51.0> ausgeliefert.
dlq>>> Nachricht 59 an Client<6552.49.0> ausgeliefert.
dlq>>> Nachricht 60 an Client<6552.50.0> ausgeliefert.
dlq>>> Nachricht 58 an Client<6552.53.0> ausgeliefert.
dlq>>> Nachricht 58 an Client<6552.52.0> ausgeliefert.
dlq>>> Nachricht 58 an Client<6552.51.0> ausgeliefert.
dlq>>> Nachricht 60 an Client<6552.49.0> ausgeliefert.
dlq>>> Nachricht 59 an Client<6552.53.0> ausgeliefert.
dlq>>> Nachricht 59 an Client<6552.52.0> ausgeliefert.
dlq>>> Nachricht 59 an Client<6552.51.0> ausgeliefert.
dlq>>> Nachricht 60 an Client<6552.53.0> ausgeliefert.
dlq>>> Nachricht 60 an Client<6552.52.0> ausgeliefert.
dlq>>> Nachricht 60 an Client<6552.51.0> ausgeliefert.
HBQ>>> Nachricht 110 in HBQ eingefügt.
HBQ>>> Nachricht 109 in HBQ eingefügt.
HBQ>>> Nachricht 108 in HBQ eingefügt.
HBQ>>> Nachricht 104 in HBQ eingefügt.
HBQ>>> Fehlernachricht fuer Nachrichten 61 bis 67 generiert.
dlq>>> Nachricht 67 in DLQ eingefügt.
dlq>>> Nachricht 10 aus DLQ gelöscht.
dlq>>> Nachricht 68 in DLQ eingefügt.
dlq>>> Nachricht 11 aus DLQ gelöscht.
dlq>>> Nachricht 69 in DLQ eingefügt.
dlq>>> Nachricht 12 aus DLQ gelöscht.
HBQ>>> Nachricht 103 in HBQ eingefügt.
HBQ>>> Downtime: 25.02 10:01:38,234| von HBQ und DLQ <0.45.0>; Anzahl Restnachrichten HBQ/DLQ:28/42 (42).
